2017-12-23 15:15:54,828 [10] FATAL ProcessLogger [(null)] - System Start 12/23/2017 15:15:54
2017-12-23 15:15:54,886 [10] FATAL ProcessLogger [(null)] - login12/23/2017 15:15:54
2017-12-23 15:15:58,471 [10] FATAL ProcessLogger [(null)] - System Start 12/23/2017 15:15:58
2017-12-23 15:16:17,915 [10] FATAL ProcessLogger [(null)] - 读取NewMethod12/23/2017 15:16:17
2017-12-23 15:16:49,428 [10] FATAL ProcessLogger [(null)] - ReadServer_tuijanhaoma open12/23/2017 15:16:49
2017-12-23 15:16:49,429 [10] FATAL ProcessLogger [(null)] - ReadServer_tuijanhaoma open 112/23/2017 15:16:49
2017-12-23 15:16:49,429 [10] FATAL ProcessLogger [(null)] - ReadServer_tuijanhaoma open 212/23/2017 15:16:49
2017-12-23 15:16:49,429 [10] FATAL ProcessLogger [(null)] - ReadServer_tuijanhaoma open 312/23/2017 15:16:49
2017-12-23 15:16:49,429 [10] FATAL ProcessLogger [(null)] - ReadServer_lishizhongjian 112/23/2017 15:16:49
2017-12-23 15:23:46,483 [10] FATAL ProcessLogger [(null)] - 读取NewMethod12/23/2017 15:23:46
2017-12-23 15:25:26,793 [10] FATAL ProcessLogger [(null)] - 读取NewMethod12/23/2017 15:25:26
2017-12-23 15:26:31,686 [9] FATAL ProcessLogger [(null)] - System Start 12/23/2017 15:26:31
2017-12-23 15:26:31,739 [9] FATAL ProcessLogger [(null)] - login12/23/2017 15:26:31
2017-12-23 15:26:36,213 [9] FATAL ProcessLogger [(null)] - System Start 12/23/2017 15:26:36
2017-12-23 15:26:41,694 [9] FATAL ProcessLogger [(null)] - 读取NewMethod12/23/2017 15:26:41
2017-12-23 16:19:20,030 [9] FATAL ProcessLogger [(null)] - System Start 12/23/2017 16:19:20
2017-12-23 16:19:20,087 [9] FATAL ProcessLogger [(null)] - login12/23/2017 16:19:20
2017-12-23 16:19:31,606 [9] FATAL ProcessLogger [(null)] - System Start 12/23/2017 16:19:31
2017-12-23 16:19:36,973 [9] FATAL ProcessLogger [(null)] - 读取NewMethod12/23/2017 16:19:36
2017-12-23 16:20:45,757 [9] FATAL ProcessLogger [(null)] - ReadServer_tuijanhaoma open12/23/2017 16:20:45
2017-12-23 16:20:45,801 [9] FATAL ProcessLogger [(null)] - ReadServer_tuijanhaoma open 112/23/2017 16:20:45
2017-12-23 16:20:45,801 [9] FATAL ProcessLogger [(null)] - ReadServer_tuijanhaoma open 212/23/2017 16:20:45
2017-12-23 16:20:45,803 [9] FATAL ProcessLogger [(null)] - ReadServer_tuijanhaoma open 312/23/2017 16:20:45
2017-12-23 16:20:45,803 [9] FATAL ProcessLogger [(null)] - ReadServer_lishizhongjian 112/23/2017 16:20:45
2017-12-23 16:25:15,606 [9] FATAL ProcessLogger [(null)] - 读取NewMethod12/23/2017 16:25:15
2017-12-23 16:30:43,761 [9] FATAL ProcessLogger [(null)] - ReadServer_tuijanhaoma open12/23/2017 16:30:43
2017-12-23 16:30:43,762 [9] FATAL ProcessLogger [(null)] - ReadServer_tuijanhaoma open 112/23/2017 16:30:43
2017-12-23 16:30:43,763 [9] FATAL ProcessLogger [(null)] - ReadServer_tuijanhaoma open 212/23/2017 16:30:43
2017-12-23 16:30:43,764 [9] FATAL ProcessLogger [(null)] - ReadServer_tuijanhaoma open 312/23/2017 16:30:43
2017-12-23 16:30:43,764 [9] FATAL ProcessLogger [(null)] - ReadServer_lishizhongjian 112/23/2017 16:30:43
2017-12-23 16:30:57,618 [9] FATAL ProcessLogger [(null)] - 读取NewMethod12/23/2017 16:30:57
2017-12-23 16:33:37,021 [9] FATAL ProcessLogger [(null)] - System Start 12/23/2017 16:33:37
2017-12-23 16:33:37,077 [9] FATAL ProcessLogger [(null)] - login12/23/2017 16:33:37
2017-12-23 16:33:40,474 [9] FATAL ProcessLogger [(null)] - System Start 12/23/2017 16:33:40
2017-12-23 16:33:44,963 [9] FATAL ProcessLogger [(null)] - 读取NewMethod12/23/2017 16:33:44
2017-12-23 16:34:50,535 [9] FATAL ProcessLogger [(null)] - ReadServer_tuijanhaoma open12/23/2017 16:34:50
2017-12-23 16:34:50,586 [9] FATAL ProcessLogger [(null)] - ReadServer_tuijanhaoma open 112/23/2017 16:34:50
2017-12-23 16:34:50,586 [9] FATAL ProcessLogger [(null)] - ReadServer_tuijanhaoma open 212/23/2017 16:34:50
2017-12-23 16:34:50,588 [9] FATAL ProcessLogger [(null)] - ReadServer_tuijanhaoma open 312/23/2017 16:34:50
2017-12-23 16:34:50,588 [9] FATAL ProcessLogger [(null)] - ReadServer_lishizhongjian 112/23/2017 16:34:50
2017-12-23 16:35:41,550 [9] FATAL ProcessLogger [(null)] - 读取NewMethod12/23/2017 16:35:41
2017-12-23 16:36:18,702 [9] FATAL ProcessLogger [(null)] - ReadServer_tuijanhaoma open12/23/2017 16:36:18
2017-12-23 16:36:18,703 [9] FATAL ProcessLogger [(null)] - ReadServer_tuijanhaoma open 112/23/2017 16:36:18
2017-12-23 16:36:18,703 [9] FATAL ProcessLogger [(null)] - ReadServer_tuijanhaoma open 212/23/2017 16:36:18
2017-12-23 16:36:18,703 [9] FATAL ProcessLogger [(null)] - ReadServer_tuijanhaoma open 312/23/2017 16:36:18
2017-12-23 16:36:18,703 [9] FATAL ProcessLogger [(null)] - ReadServer_lishizhongjian 112/23/2017 16:36:18
2017-12-23 16:38:47,179 [9] FATAL ProcessLogger [(null)] - 读取NewMethod12/23/2017 16:38:47
2017-12-23 16:39:25,860 [9] FATAL ProcessLogger [(null)] - ReadServer_tuijanhaoma open12/23/2017 16:39:25
2017-12-23 16:39:25,862 [9] FATAL ProcessLogger [(null)] - ReadServer_tuijanhaoma open 112/23/2017 16:39:25
2017-12-23 16:39:25,862 [9] FATAL ProcessLogger [(null)] - ReadServer_tuijanhaoma open 212/23/2017 16:39:25
2017-12-23 16:39:25,864 [9] FATAL ProcessLogger [(null)] - ReadServer_tuijanhaoma open 312/23/2017 16:39:25
2017-12-23 16:40:10,655 [9] FATAL ProcessLogger [(null)] - ReadServer_lishizhongjian 112/23/2017 16:40:10
2017-12-23 19:40:41,925 [9] FATAL ProcessLogger [(null)] - 读取NewMethod12/23/2017 19:40:41
2017-12-23 19:58:33,183 [9] FATAL ProcessLogger [(null)] - ReadServer_tuijanhaoma open12/23/2017 19:58:33
2017-12-23 19:58:33,183 [9] FATAL ProcessLogger [(null)] - ReadServer_tuijanhaoma open 112/23/2017 19:58:33
2017-12-23 19:58:33,183 [9] FATAL ProcessLogger [(null)] - ReadServer_tuijanhaoma open 212/23/2017 19:58:33
2017-12-23 19:58:33,184 [9] FATAL ProcessLogger [(null)] - ReadServer_tuijanhaoma open 312/23/2017 19:58:33
2017-12-23 19:58:58,923 [9] FATAL ProcessLogger [(null)] - ReadServer_lishizhongjian 112/23/2017 19:58:58
2017-12-23 20:01:31,248 [9] FATAL ProcessLogger [(null)] - 读取NewMethod12/23/2017 20:01:31
2017-12-23 20:02:16,232 [9] FATAL ProcessLogger [(null)] - ReadServer_tuijanhaoma open12/23/2017 20:02:16
2017-12-23 20:02:16,234 [9] FATAL ProcessLogger [(null)] - ReadServer_tuijanhaoma open 112/23/2017 20:02:16
2017-12-23 20:02:16,234 [9] FATAL ProcessLogger [(null)] - ReadServer_tuijanhaoma open 212/23/2017 20:02:16
2017-12-23 20:02:16,236 [9] FATAL ProcessLogger [(null)] - ReadServer_tuijanhaoma open 312/23/2017 20:02:16
2017-12-23 20:02:16,236 [9] FATAL ProcessLogger [(null)] - ReadServer_lishizhongjian 112/23/2017 20:02:16
2017-12-23 20:08:18,534 [9] FATAL ProcessLogger [(null)] - 读取NewMethod12/23/2017 20:08:18
2017-12-23 20:14:14,853 [9] FATAL ProcessLogger [(null)] - ReadServer_tuijanhaoma open12/23/2017 20:14:14
2017-12-23 20:14:14,854 [9] FATAL ProcessLogger [(null)] - ReadServer_tuijanhaoma open 112/23/2017 20:14:14
2017-12-23 20:14:14,854 [9] FATAL ProcessLogger [(null)] - ReadServer_tuijanhaoma open 212/23/2017 20:14:14
2017-12-23 20:14:14,854 [9] FATAL ProcessLogger [(null)] - ReadServer_tuijanhaoma open 312/23/2017 20:14:14
2017-12-23 20:14:14,855 [9] FATAL ProcessLogger [(null)] - ReadServer_lishizhongjian 112/23/2017 20:14:14
2017-12-23 20:16:45,347 [9] FATAL ProcessLogger [(null)] - 读取NewMethod12/23/2017 20:16:45
2017-12-23 20:17:16,443 [9] FATAL ProcessLogger [(null)] - ReadServer_tuijanhaoma open12/23/2017 20:17:16
2017-12-23 20:17:16,443 [9] FATAL ProcessLogger [(null)] - ReadServer_tuijanhaoma open 112/23/2017 20:17:16
2017-12-23 20:17:16,443 [9] FATAL ProcessLogger [(null)] - ReadServer_tuijanhaoma open 212/23/2017 20:17:16
2017-12-23 20:17:16,444 [9] FATAL ProcessLogger [(null)] - ReadServer_tuijanhaoma open 312/23/2017 20:17:16
2017-12-23 20:17:16,444 [9] FATAL ProcessLogger [(null)] - ReadServer_lishizhongjian 112/23/2017 20:17:16
2017-12-23 20:27:21,335 [9] FATAL ProcessLogger [(null)] - 读取NewMethod12/23/2017 20:27:21
2017-12-23 20:27:49,103 [9] FATAL ProcessLogger [(null)] - ReadServer_tuijanhaoma open12/23/2017 20:27:49
2017-12-23 20:27:49,104 [9] FATAL ProcessLogger [(null)] - ReadServer_tuijanhaoma open 112/23/2017 20:27:49
2017-12-23 20:27:49,104 [9] FATAL ProcessLogger [(null)] - ReadServer_tuijanhaoma open 212/23/2017 20:27:49
2017-12-23 20:27:49,105 [9] FATAL ProcessLogger [(null)] - ReadServer_tuijanhaoma open 312/23/2017 20:27:49
2017-12-23 20:27:49,105 [9] FATAL ProcessLogger [(null)] - ReadServer_lishizhongjian 112/23/2017 20:27:49
2017-12-23 20:35:56,790 [9] FATAL ProcessLogger [(null)] - 读取NewMethod12/23/2017 20:35:56
2017-12-23 20:36:25,287 [9] FATAL ProcessLogger [(null)] - ReadServer_tuijanhaoma open12/23/2017 20:36:25
2017-12-23 20:36:25,288 [9] FATAL ProcessLogger [(null)] - ReadServer_tuijanhaoma open 112/23/2017 20:36:25
2017-12-23 20:36:25,288 [9] FATAL ProcessLogger [(null)] - ReadServer_tuijanhaoma open 212/23/2017 20:36:25
2017-12-23 20:36:25,288 [9] FATAL ProcessLogger [(null)] - ReadServer_tuijanhaoma open 312/23/2017 20:36:25
2017-12-23 20:36:25,288 [9] FATAL ProcessLogger [(null)] - ReadServer_lishizhongjian 112/23/2017 20:36:25
2017-12-23 20:53:29,256 [9] FATAL ProcessLogger [(null)] - System Start 12/23/2017 20:53:29
2017-12-23 20:53:29,313 [9] FATAL ProcessLogger [(null)] - login12/23/2017 20:53:29
2017-12-23 20:53:33,149 [9] FATAL ProcessLogger [(null)] - System Start 12/23/2017 20:53:33
2017-12-23 20:53:37,266 [9] FATAL ProcessLogger [(null)] - 读取NewMethod12/23/2017 20:53:37
2017-12-23 20:54:05,857 [9] FATAL ProcessLogger [(null)] - ReadServer_tuijanhaoma open12/23/2017 20:54:05
2017-12-23 20:54:05,906 [9] FATAL ProcessLogger [(null)] - ReadServer_tuijanhaoma open 112/23/2017 20:54:05
2017-12-23 20:54:05,906 [9] FATAL ProcessLogger [(null)] - ReadServer_tuijanhaoma open 212/23/2017 20:54:05
2017-12-23 20:54:05,908 [9] FATAL ProcessLogger [(null)] - ReadServer_tuijanhaoma open 312/23/2017 20:54:05
2017-12-23 20:54:05,911 [9] FATAL ProcessLogger [(null)] - ReadServer_lishizhongjian 112/23/2017 20:54:05
2017-12-23 21:00:44,476 [9] FATAL ProcessLogger [(null)] - 读取NewMethod12/23/2017 21:00:44
2017-12-23 21:01:11,877 [9] FATAL ProcessLogger [(null)] - ReadServer_tuijanhaoma open12/23/2017 21:01:11
2017-12-23 21:01:11,878 [9] FATAL ProcessLogger [(null)] - ReadServer_tuijanhaoma open 112/23/2017 21:01:11
2017-12-23 21:01:11,878 [9] FATAL ProcessLogger [(null)] - ReadServer_tuijanhaoma open 212/23/2017 21:01:11
2017-12-23 21:01:11,879 [9] FATAL ProcessLogger [(null)] - ReadServer_tuijanhaoma open 312/23/2017 21:01:11
2017-12-23 21:01:11,879 [9] FATAL ProcessLogger [(null)] - ReadServer_lishizhongjian 112/23/2017 21:01:11
2017-12-23 21:05:27,989 [9] FATAL ProcessLogger [(null)] - System Start 12/23/2017 21:05:27
2017-12-23 21:05:28,043 [9] FATAL ProcessLogger [(null)] - login12/23/2017 21:05:28
2017-12-23 21:16:20,551 [9] FATAL ProcessLogger [(null)] - System Start 12/23/2017 21:16:20
2017-12-23 21:16:26,311 [9] FATAL ProcessLogger [(null)] - 读取NewMethod12/23/2017 21:16:26
2017-12-23 21:16:57,854 [9] FATAL ProcessLogger [(null)] - ReadServer_tuijanhaoma open12/23/2017 21:16:57
2017-12-23 21:16:57,896 [9] FATAL ProcessLogger [(null)] - ReadServer_tuijanhaoma open 112/23/2017 21:16:57
2017-12-23 21:16:57,897 [9] FATAL ProcessLogger [(null)] - ReadServer_tuijanhaoma open 212/23/2017 21:16:57
2017-12-23 21:16:57,898 [9] FATAL ProcessLogger [(null)] - ReadServer_tuijanhaoma open 312/23/2017 21:16:57
2017-12-23 21:16:57,901 [9] FATAL ProcessLogger [(null)] - ReadServer_lishizhongjian 112/23/2017 21:16:57
2017-12-23 21:17:52,318 [9] FATAL ProcessLogger [(null)] - 读取NewMethod12/23/2017 21:17:52
2017-12-23 21:18:26,508 [9] FATAL ProcessLogger [(null)] - ReadServer_tuijanhaoma open12/23/2017 21:18:26
2017-12-23 21:18:26,508 [9] FATAL ProcessLogger [(null)] - ReadServer_tuijanhaoma open 112/23/2017 21:18:26
2017-12-23 21:18:26,508 [9] FATAL ProcessLogger [(null)] - ReadServer_tuijanhaoma open 212/23/2017 21:18:26
2017-12-23 21:18:26,510 [9] FATAL ProcessLogger [(null)] - ReadServer_tuijanhaoma open 312/23/2017 21:18:26
2017-12-23 21:18:26,510 [9] FATAL ProcessLogger [(null)] - ReadServer_lishizhongjian 112/23/2017 21:18:26
2017-12-23 21:26:18,729 [9] FATAL ProcessLogger [(null)] - 读取NewMethod12/23/2017 21:26:18
2017-12-23 21:26:53,036 [9] FATAL ProcessLogger [(null)] - ReadServer_tuijanhaoma open12/23/2017 21:26:53
2017-12-23 21:26:53,037 [9] FATAL ProcessLogger [(null)] - ReadServer_tuijanhaoma open 112/23/2017 21:26:53
2017-12-23 21:26:53,037 [9] FATAL ProcessLogger [(null)] - ReadServer_tuijanhaoma open 212/23/2017 21:26:53
2017-12-23 21:26:53,037 [9] FATAL ProcessLogger [(null)] - ReadServer_tuijanhaoma open 312/23/2017 21:26:53
2017-12-23 21:26:53,037 [9] FATAL ProcessLogger [(null)] - ReadServer_lishizhongjian 112/23/2017 21:26:53
2017-12-23 21:27:15,911 [9] FATAL ProcessLogger [(null)] - 读取NewMethod12/23/2017 21:27:15
2017-12-23 21:28:05,688 [9] FATAL ProcessLogger [(null)] - ReadServer_tuijanhaoma open12/23/2017 21:28:05
2017-12-23 21:28:05,688 [9] FATAL ProcessLogger [(null)] - ReadServer_tuijanhaoma open 112/23/2017 21:28:05
2017-12-23 21:28:05,688 [9] FATAL ProcessLogger [(null)] - ReadServer_tuijanhaoma open 212/23/2017 21:28:05
2017-12-23 21:28:05,689 [9] FATAL ProcessLogger [(null)] - ReadServer_tuijanhaoma open 312/23/2017 21:28:05
2017-12-23 21:28:05,689 [9] FATAL ProcessLogger [(null)] - ReadServer_lishizhongjian 112/23/2017 21:28:05
2017-12-23 21:32:49,062 [9] FATAL ProcessLogger [(null)] - 读取NewMethod12/23/2017 21:32:49
2017-12-23 21:33:35,139 [9] FATAL ProcessLogger [(null)] - ReadServer_tuijanhaoma open12/23/2017 21:33:35
2017-12-23 21:33:35,140 [9] FATAL ProcessLogger [(null)] - ReadServer_tuijanhaoma open 112/23/2017 21:33:35
2017-12-23 21:33:35,140 [9] FATAL ProcessLogger [(null)] - ReadServer_tuijanhaoma open 212/23/2017 21:33:35
2017-12-23 21:33:35,141 [9] FATAL ProcessLogger [(null)] - ReadServer_tuijanhaoma open 312/23/2017 21:33:35
2017-12-23 21:33:35,141 [9] FATAL ProcessLogger [(null)] - ReadServer_lishizhongjian 112/23/2017 21:33:35
