2017-12-28 09:05:31,419 [10] FATAL ProcessLogger [(null)] - System Start 12/28/2017 9:05:31
2017-12-28 09:05:31,485 [10] FATAL ProcessLogger [(null)] - login12/28/2017 9:05:31
2017-12-28 09:05:35,171 [10] FATAL ProcessLogger [(null)] - System Start 12/28/2017 9:05:35
2017-12-28 09:05:38,059 [10] FATAL ProcessLogger [(null)] - 读取NewMethod12/28/2017 9:05:38
2017-12-28 09:05:38,066 [10] FATAL ProcessLogger [(null)] - 读取中 090112/28/2017 9:05:38
2017-12-28 09:05:38,198 [10] FATAL ProcessLogger [(null)] - 读取中 09010 12/28/2017 9:05:38
2017-12-28 09:05:38,286 [10] FATAL ProcessLogger [(null)] - 接入 前 091101 12/28/2017 9:05:38
2017-12-28 09:05:38,286 [10] FATAL ProcessLogger [(null)] - 接入 前 091102 12/28/2017 9:05:38
2017-12-28 09:05:43,609 [10] FATAL ProcessLogger [(null)] - AnalysisWebInfo2接入 8990212/28/2017 9:05:43
2017-12-28 09:05:43,610 [10] FATAL ProcessLogger [(null)] - 接入界面12/28/2017 9:05:43
2017-12-28 09:05:43,708 [10] FATAL ProcessLogger [(null)] - 接入界面 00212/28/2017 9:05:43
2017-12-28 09:05:43,710 [10] FATAL ProcessLogger [(null)] - AnalysisWebInfo2接入 8990212/28/2017 9:05:43
2017-12-28 09:05:43,710 [10] FATAL ProcessLogger [(null)] - 界面2  190112/28/2017 9:05:43
2017-12-28 09:05:46,998 [10] FATAL ProcessLogger [(null)] - AnalysisWebInfo2接入 8990212/28/2017 9:05:46
2017-12-28 09:05:46,998 [10] FATAL ProcessLogger [(null)] - 界面2  190112/28/2017 9:05:46
2017-12-28 09:05:47,000 [10] FATAL ProcessLogger [(null)] - AnalysisWebInfo2接入 8990212/28/2017 9:05:47
2017-12-28 09:05:47,027 [10] FATAL ProcessLogger [(null)] - AnalysisWebInfo2接入 8990212/28/2017 9:05:47
2017-12-28 09:05:55,533 [10] FATAL ProcessLogger [(null)] - AnalysisWebInfo2接入 8990212/28/2017 9:05:55
2017-12-28 09:05:55,534 [10] FATAL ProcessLogger [(null)] - 界面3  190212/28/2017 9:05:55
2017-12-28 09:05:55,534 [10] FATAL ProcessLogger [(null)] - 界面3  190312/28/2017 9:05:55
2017-12-28 09:05:55,762 [10] FATAL ProcessLogger [(null)] - 界面3  1904-166   12/28/2017 9:05:55
2017-12-28 09:05:55,762 [10] FATAL ProcessLogger [(null)] - 界面3  190432-166   12/28/2017 9:05:55
2017-12-28 09:05:55,762 [10] FATAL ProcessLogger [(null)] - 界面3  190321-166   12/28/2017 9:05:55
2017-12-28 09:05:55,784 [10] FATAL ProcessLogger [(null)] - 界面3  190432-166   12/28/2017 9:05:55
2017-12-28 09:05:55,784 [10] FATAL ProcessLogger [(null)] - 界面3  190321-166   12/28/2017 9:05:55
2017-12-28 09:05:55,784 [10] FATAL ProcessLogger [(null)] - 界面3  190432-166   12/28/2017 9:05:55
2017-12-28 09:05:55,784 [10] FATAL ProcessLogger [(null)] - 界面3  190321-166   12/28/2017 9:05:55
2017-12-28 09:05:55,785 [10] FATAL ProcessLogger [(null)] - 界面3  190432-166   12/28/2017 9:05:55
2017-12-28 09:05:55,785 [10] FATAL ProcessLogger [(null)] - 界面3  190321-166   12/28/2017 9:05:55
2017-12-28 09:05:55,786 [10] FATAL ProcessLogger [(null)] - 界面3  190432-166   12/28/2017 9:05:55
2017-12-28 09:05:55,786 [10] FATAL ProcessLogger [(null)] - 界面3  190321-166   12/28/2017 9:05:55
2017-12-28 09:05:55,786 [10] FATAL ProcessLogger [(null)] - 界面3  190432-166   12/28/2017 9:05:55
2017-12-28 09:05:55,786 [10] FATAL ProcessLogger [(null)] - 界面3  190321-166   12/28/2017 9:05:55
2017-12-28 09:05:55,985 [10] FATAL ProcessLogger [(null)] - 界面3  190432-166   12/28/2017 9:05:55
2017-12-28 09:05:55,985 [10] FATAL ProcessLogger [(null)] - 界面3  190321-166   12/28/2017 9:05:55
2017-12-28 09:05:55,987 [10] FATAL ProcessLogger [(null)] - 界面3  190432-166   12/28/2017 9:05:55
2017-12-28 09:05:55,987 [10] FATAL ProcessLogger [(null)] - 界面3  190321-166   12/28/2017 9:05:55
2017-12-28 09:05:55,989 [10] FATAL ProcessLogger [(null)] - 界面3  190432-166   12/28/2017 9:05:55
2017-12-28 09:05:55,989 [10] FATAL ProcessLogger [(null)] - 界面3  190321-166   12/28/2017 9:05:55
2017-12-28 09:05:55,992 [10] FATAL ProcessLogger [(null)] - 界面3  190432-166   12/28/2017 9:05:55
2017-12-28 09:05:55,992 [10] FATAL ProcessLogger [(null)] - 界面3  190321-166   12/28/2017 9:05:55
2017-12-28 09:05:55,994 [10] FATAL ProcessLogger [(null)] - 界面3  190432-166   12/28/2017 9:05:55
2017-12-28 09:05:56,182 [10] FATAL ProcessLogger [(null)] - 界面3  190321-166   12/28/2017 9:05:56
2017-12-28 09:05:56,185 [10] FATAL ProcessLogger [(null)] - 界面3  190432-166   12/28/2017 9:05:56
2017-12-28 09:05:56,185 [10] FATAL ProcessLogger [(null)] - 界面3  190321-166   12/28/2017 9:05:56
2017-12-28 09:05:56,187 [10] FATAL ProcessLogger [(null)] - 界面3  190432-166   12/28/2017 9:05:56
2017-12-28 09:05:56,187 [10] FATAL ProcessLogger [(null)] - 界面3  190321-166   12/28/2017 9:05:56
2017-12-28 09:05:56,189 [10] FATAL ProcessLogger [(null)] - 界面3  190432-166   12/28/2017 9:05:56
2017-12-28 09:05:56,189 [10] FATAL ProcessLogger [(null)] - 界面3  190321-166   12/28/2017 9:05:56
2017-12-28 09:05:56,192 [10] FATAL ProcessLogger [(null)] - 界面3  190432-166   12/28/2017 9:05:56
2017-12-28 09:05:56,192 [10] FATAL ProcessLogger [(null)] - 界面3  190321-166   12/28/2017 9:05:56
2017-12-28 09:05:56,194 [10] FATAL ProcessLogger [(null)] - 界面3  190432-166   12/28/2017 9:05:56
2017-12-28 09:05:56,382 [10] FATAL ProcessLogger [(null)] - 界面3  190321-166   12/28/2017 9:05:56
2017-12-28 09:05:56,383 [10] FATAL ProcessLogger [(null)] - 界面3  190432-166   12/28/2017 9:05:56
2017-12-28 09:05:56,383 [10] FATAL ProcessLogger [(null)] - 界面3  190321-166   12/28/2017 9:05:56
2017-12-28 09:05:56,384 [10] FATAL ProcessLogger [(null)] - 界面3  190432-166   12/28/2017 9:05:56
2017-12-28 09:05:56,385 [10] FATAL ProcessLogger [(null)] - 界面3  190321-166   12/28/2017 9:05:56
2017-12-28 09:05:56,386 [10] FATAL ProcessLogger [(null)] - 界面3  190432-166   12/28/2017 9:05:56
2017-12-28 09:05:56,386 [10] FATAL ProcessLogger [(null)] - 界面3  190321-166   12/28/2017 9:05:56
2017-12-28 09:05:56,387 [10] FATAL ProcessLogger [(null)] - 界面3  190432-166   12/28/2017 9:05:56
2017-12-28 09:05:56,387 [10] FATAL ProcessLogger [(null)] - 界面3  190321-166   12/28/2017 9:05:56
2017-12-28 09:05:56,588 [10] FATAL ProcessLogger [(null)] - 界面3  190432-166   12/28/2017 9:05:56
2017-12-28 09:05:56,588 [10] FATAL ProcessLogger [(null)] - 界面3  190321-166   12/28/2017 9:05:56
2017-12-28 09:05:56,590 [10] FATAL ProcessLogger [(null)] - 界面3  190432-166   12/28/2017 9:05:56
2017-12-28 09:05:56,590 [10] FATAL ProcessLogger [(null)] - 界面3  190321-166   12/28/2017 9:05:56
2017-12-28 09:05:56,591 [10] FATAL ProcessLogger [(null)] - 界面3  190432-166   12/28/2017 9:05:56
2017-12-28 09:05:56,591 [10] FATAL ProcessLogger [(null)] - 界面3  190321-166   12/28/2017 9:05:56
2017-12-28 09:05:56,592 [10] FATAL ProcessLogger [(null)] - 界面3  190432-166   12/28/2017 9:05:56
2017-12-28 09:05:56,593 [10] FATAL ProcessLogger [(null)] - 界面3  190321-166   12/28/2017 9:05:56
2017-12-28 09:05:56,594 [10] FATAL ProcessLogger [(null)] - 界面3  190432-166   12/28/2017 9:05:56
2017-12-28 09:05:56,787 [10] FATAL ProcessLogger [(null)] - 界面3  190321-166   12/28/2017 9:05:56
2017-12-28 09:05:56,788 [10] FATAL ProcessLogger [(null)] - 界面3  190432-166   12/28/2017 9:05:56
2017-12-28 09:05:56,788 [10] FATAL ProcessLogger [(null)] - 界面3  190321-166   12/28/2017 9:05:56
2017-12-28 09:05:56,790 [10] FATAL ProcessLogger [(null)] - 界面3  190432-166   12/28/2017 9:05:56
2017-12-28 09:05:56,790 [10] FATAL ProcessLogger [(null)] - 界面3  190321-166   12/28/2017 9:05:56
2017-12-28 09:05:56,791 [10] FATAL ProcessLogger [(null)] - 界面3  190432-166   12/28/2017 9:05:56
2017-12-28 09:05:56,791 [10] FATAL ProcessLogger [(null)] - 界面3  190321-166   12/28/2017 9:05:56
2017-12-28 09:05:56,792 [10] FATAL ProcessLogger [(null)] - 界面3  190432-166   12/28/2017 9:05:56
2017-12-28 09:05:56,792 [10] FATAL ProcessLogger [(null)] - 界面3  190321-166   12/28/2017 9:05:56
2017-12-28 09:05:56,794 [10] FATAL ProcessLogger [(null)] - 界面3  190432-166   12/28/2017 9:05:56
2017-12-28 09:05:56,987 [10] FATAL ProcessLogger [(null)] - 界面3  190321-166   12/28/2017 9:05:56
2017-12-28 09:05:56,989 [10] FATAL ProcessLogger [(null)] - 界面3  190432-166   12/28/2017 9:05:56
2017-12-28 09:05:56,991 [10] FATAL ProcessLogger [(null)] - 界面3  190321-166   12/28/2017 9:05:56
2017-12-28 09:05:57,006 [10] FATAL ProcessLogger [(null)] - 界面3  190432-166   12/28/2017 9:05:57
2017-12-28 09:05:57,006 [10] FATAL ProcessLogger [(null)] - 界面3  190321-166   12/28/2017 9:05:57
2017-12-28 09:05:57,008 [10] FATAL ProcessLogger [(null)] - 界面3  190432-166   12/28/2017 9:05:57
2017-12-28 09:05:57,008 [10] FATAL ProcessLogger [(null)] - 界面3  190321-166   12/28/2017 9:05:57
2017-12-28 09:05:57,011 [10] FATAL ProcessLogger [(null)] - 界面3  190432-166   12/28/2017 9:05:57
2017-12-28 09:05:57,011 [10] FATAL ProcessLogger [(null)] - 界面3  190321-166   12/28/2017 9:05:57
2017-12-28 09:05:57,188 [10] FATAL ProcessLogger [(null)] - 界面3  190432-166   12/28/2017 9:05:57
2017-12-28 09:05:57,188 [10] FATAL ProcessLogger [(null)] - 界面3  190321-166   12/28/2017 9:05:57
2017-12-28 09:05:57,189 [10] FATAL ProcessLogger [(null)] - 界面3  190432-166   12/28/2017 9:05:57
2017-12-28 09:05:57,189 [10] FATAL ProcessLogger [(null)] - 界面3  190321-166   12/28/2017 9:05:57
2017-12-28 09:05:57,190 [10] FATAL ProcessLogger [(null)] - 界面3  190432-166   12/28/2017 9:05:57
2017-12-28 09:05:57,190 [10] FATAL ProcessLogger [(null)] - 界面3  190321-166   12/28/2017 9:05:57
2017-12-28 09:05:57,191 [10] FATAL ProcessLogger [(null)] - 界面3  190432-166   12/28/2017 9:05:57
2017-12-28 09:05:57,191 [10] FATAL ProcessLogger [(null)] - 界面3  190321-166   12/28/2017 9:05:57
2017-12-28 09:05:57,192 [10] FATAL ProcessLogger [(null)] - 界面3  190432-166   12/28/2017 9:05:57
2017-12-28 09:05:57,192 [10] FATAL ProcessLogger [(null)] - 界面3  190321-166   12/28/2017 9:05:57
2017-12-28 09:05:57,389 [10] FATAL ProcessLogger [(null)] - 界面3  190432-166   12/28/2017 9:05:57
2017-12-28 09:05:57,390 [10] FATAL ProcessLogger [(null)] - 界面3  190321-166   12/28/2017 9:05:57
2017-12-28 09:05:57,392 [10] FATAL ProcessLogger [(null)] - 界面3  190432-166   12/28/2017 9:05:57
2017-12-28 09:05:57,392 [10] FATAL ProcessLogger [(null)] - 界面3  190321-166   12/28/2017 9:05:57
2017-12-28 09:05:57,395 [10] FATAL ProcessLogger [(null)] - 界面3  190432-166   12/28/2017 9:05:57
2017-12-28 09:05:57,395 [10] FATAL ProcessLogger [(null)] - 界面3  190321-166   12/28/2017 9:05:57
2017-12-28 09:05:57,398 [10] FATAL ProcessLogger [(null)] - 界面3  190432-166   12/28/2017 9:05:57
2017-12-28 09:05:57,399 [10] FATAL ProcessLogger [(null)] - 界面3  190321-166   12/28/2017 9:05:57
2017-12-28 09:05:57,401 [10] FATAL ProcessLogger [(null)] - 界面3  190432-166   12/28/2017 9:05:57
2017-12-28 09:05:57,600 [10] FATAL ProcessLogger [(null)] - 界面3  190321-166   12/28/2017 9:05:57
2017-12-28 09:05:57,602 [10] FATAL ProcessLogger [(null)] - 界面3  190432-166   12/28/2017 9:05:57
2017-12-28 09:05:57,602 [10] FATAL ProcessLogger [(null)] - 界面3  190321-166   12/28/2017 9:05:57
2017-12-28 09:05:57,605 [10] FATAL ProcessLogger [(null)] - 界面3  190432-166   12/28/2017 9:05:57
2017-12-28 09:05:57,605 [10] FATAL ProcessLogger [(null)] - 界面3  190321-166   12/28/2017 9:05:57
2017-12-28 09:05:57,607 [10] FATAL ProcessLogger [(null)] - 界面3  190432-166   12/28/2017 9:05:57
2017-12-28 09:05:57,607 [10] FATAL ProcessLogger [(null)] - 界面3  190321-166   12/28/2017 9:05:57
2017-12-28 09:05:57,609 [10] FATAL ProcessLogger [(null)] - 界面3  190432-166   12/28/2017 9:05:57
2017-12-28 09:05:57,609 [10] FATAL ProcessLogger [(null)] - 界面3  190321-166   12/28/2017 9:05:57
2017-12-28 09:05:57,803 [10] FATAL ProcessLogger [(null)] - 界面3  190432-166   12/28/2017 9:05:57
2017-12-28 09:05:57,803 [10] FATAL ProcessLogger [(null)] - 界面3  190321-166   12/28/2017 9:05:57
2017-12-28 09:05:57,805 [10] FATAL ProcessLogger [(null)] - 界面3  190432-166   12/28/2017 9:05:57
2017-12-28 09:05:57,805 [10] FATAL ProcessLogger [(null)] - 界面3  190321-166   12/28/2017 9:05:57
2017-12-28 09:05:57,808 [10] FATAL ProcessLogger [(null)] - 界面3  190432-166   12/28/2017 9:05:57
2017-12-28 09:05:57,808 [10] FATAL ProcessLogger [(null)] - 界面3  190321-166   12/28/2017 9:05:57
2017-12-28 09:05:57,810 [10] FATAL ProcessLogger [(null)] - 界面3  190432-166   12/28/2017 9:05:57
2017-12-28 09:05:57,810 [10] FATAL ProcessLogger [(null)] - 界面3  190321-166   12/28/2017 9:05:57
2017-12-28 09:05:57,812 [10] FATAL ProcessLogger [(null)] - 界面3  190432-166   12/28/2017 9:05:57
2017-12-28 09:05:57,813 [10] FATAL ProcessLogger [(null)] - 界面3  190321-166   12/28/2017 9:05:57
2017-12-28 09:05:58,002 [10] FATAL ProcessLogger [(null)] - 界面3  190432-166   12/28/2017 9:05:58
2017-12-28 09:05:58,002 [10] FATAL ProcessLogger [(null)] - 界面3  190321-166   12/28/2017 9:05:58
2017-12-28 09:05:58,005 [10] FATAL ProcessLogger [(null)] - 界面3  190432-166   12/28/2017 9:05:58
2017-12-28 09:05:58,005 [10] FATAL ProcessLogger [(null)] - 界面3  190321-166   12/28/2017 9:05:58
2017-12-28 09:05:58,007 [10] FATAL ProcessLogger [(null)] - 界面3  190432-166   12/28/2017 9:05:58
2017-12-28 09:05:58,007 [10] FATAL ProcessLogger [(null)] - 界面3  190321-166   12/28/2017 9:05:58
2017-12-28 09:05:58,009 [10] FATAL ProcessLogger [(null)] - 界面3  190432-166   12/28/2017 9:05:58
2017-12-28 09:05:58,009 [10] FATAL ProcessLogger [(null)] - 界面3  190321-166   12/28/2017 9:05:58
2017-12-28 09:05:58,011 [10] FATAL ProcessLogger [(null)] - 界面3  190432-166   12/28/2017 9:05:58
2017-12-28 09:05:58,200 [10] FATAL ProcessLogger [(null)] - 界面3  190321-166   12/28/2017 9:05:58
2017-12-28 09:05:58,202 [10] FATAL ProcessLogger [(null)] - 界面3  190432-166   12/28/2017 9:05:58
2017-12-28 09:05:58,202 [10] FATAL ProcessLogger [(null)] - 界面3  190321-166   12/28/2017 9:05:58
2017-12-28 09:05:58,204 [10] FATAL ProcessLogger [(null)] - 界面3  190432-166   12/28/2017 9:05:58
2017-12-28 09:05:58,205 [10] FATAL ProcessLogger [(null)] - 界面3  190321-166   12/28/2017 9:05:58
2017-12-28 09:05:58,207 [10] FATAL ProcessLogger [(null)] - 界面3  190432-166   12/28/2017 9:05:58
2017-12-28 09:05:58,207 [10] FATAL ProcessLogger [(null)] - 界面3  190321-166   12/28/2017 9:05:58
2017-12-28 09:05:58,209 [10] FATAL ProcessLogger [(null)] - 界面3  190432-166   12/28/2017 9:05:58
2017-12-28 09:05:58,209 [10] FATAL ProcessLogger [(null)] - 界面3  190321-166   12/28/2017 9:05:58
2017-12-28 09:05:58,412 [10] FATAL ProcessLogger [(null)] - 界面3  190432-166   12/28/2017 9:05:58
2017-12-28 09:05:58,412 [10] FATAL ProcessLogger [(null)] - 界面3  190321-166   12/28/2017 9:05:58
2017-12-28 09:05:58,414 [10] FATAL ProcessLogger [(null)] - 界面3  190432-166   12/28/2017 9:05:58
2017-12-28 09:05:58,415 [10] FATAL ProcessLogger [(null)] - 界面3  190321-166   12/28/2017 9:05:58
2017-12-28 09:05:58,417 [10] FATAL ProcessLogger [(null)] - 界面3  190432-166   12/28/2017 9:05:58
2017-12-28 09:05:58,417 [10] FATAL ProcessLogger [(null)] - 界面3  190321-166   12/28/2017 9:05:58
2017-12-28 09:05:58,419 [10] FATAL ProcessLogger [(null)] - 界面3  190432-166   12/28/2017 9:05:58
2017-12-28 09:05:58,419 [10] FATAL ProcessLogger [(null)] - 界面3  190321-166   12/28/2017 9:05:58
2017-12-28 09:05:58,421 [10] FATAL ProcessLogger [(null)] - 界面3  190432-166   12/28/2017 9:05:58
2017-12-28 09:05:58,421 [10] FATAL ProcessLogger [(null)] - 界面3  190321-166   12/28/2017 9:05:58
2017-12-28 09:05:58,612 [10] FATAL ProcessLogger [(null)] - 界面3  190432-166   12/28/2017 9:05:58
2017-12-28 09:05:58,612 [10] FATAL ProcessLogger [(null)] - 界面3  190321-166   12/28/2017 9:05:58
2017-12-28 09:05:58,615 [10] FATAL ProcessLogger [(null)] - 界面3  190432-166   12/28/2017 9:05:58
2017-12-28 09:05:58,615 [10] FATAL ProcessLogger [(null)] - 界面3  190321-166   12/28/2017 9:05:58
2017-12-28 09:05:58,617 [10] FATAL ProcessLogger [(null)] - 界面3  190432-166   12/28/2017 9:05:58
2017-12-28 09:05:58,617 [10] FATAL ProcessLogger [(null)] - 界面3  190321-166   12/28/2017 9:05:58
2017-12-28 09:05:58,620 [10] FATAL ProcessLogger [(null)] - 界面3  190432-166   12/28/2017 9:05:58
2017-12-28 09:05:58,620 [10] FATAL ProcessLogger [(null)] - 界面3  190321-166   12/28/2017 9:05:58
2017-12-28 09:05:58,622 [10] FATAL ProcessLogger [(null)] - 界面3  190432-166   12/28/2017 9:05:58
2017-12-28 09:05:58,810 [10] FATAL ProcessLogger [(null)] - 界面3  190321-166   12/28/2017 9:05:58
2017-12-28 09:05:58,811 [10] FATAL ProcessLogger [(null)] - 界面3  190432-166   12/28/2017 9:05:58
2017-12-28 09:05:58,811 [10] FATAL ProcessLogger [(null)] - 界面3  190321-166   12/28/2017 9:05:58
2017-12-28 09:05:58,811 [10] FATAL ProcessLogger [(null)] - 界面3  190432-166   12/28/2017 9:05:58
2017-12-28 09:05:58,811 [10] FATAL ProcessLogger [(null)] - 界面3  190321-166   12/28/2017 9:05:58
2017-12-28 09:05:58,812 [10] FATAL ProcessLogger [(null)] - 界面3  190432-166   12/28/2017 9:05:58
2017-12-28 09:05:58,812 [10] FATAL ProcessLogger [(null)] - 界面3  190321-166   12/28/2017 9:05:58
2017-12-28 09:05:58,813 [10] FATAL ProcessLogger [(null)] - 界面3  190432-166   12/28/2017 9:05:58
2017-12-28 09:05:58,813 [10] FATAL ProcessLogger [(null)] - 界面3  190321-166   12/28/2017 9:05:58
2017-12-28 09:05:58,813 [10] FATAL ProcessLogger [(null)] - 界面3  190432-166   12/28/2017 9:05:58
2017-12-28 09:05:59,010 [10] FATAL ProcessLogger [(null)] - 界面3  190321-166   12/28/2017 9:05:59
2017-12-28 09:05:59,012 [10] FATAL ProcessLogger [(null)] - 界面3  190432-166   12/28/2017 9:05:59
2017-12-28 09:05:59,012 [10] FATAL ProcessLogger [(null)] - 界面3  190321-166   12/28/2017 9:05:59
2017-12-28 09:05:59,015 [10] FATAL ProcessLogger [(null)] - 界面3  190432-166   12/28/2017 9:05:59
2017-12-28 09:05:59,015 [10] FATAL ProcessLogger [(null)] - 界面3  190321-166   12/28/2017 9:05:59
2017-12-28 09:05:59,017 [10] FATAL ProcessLogger [(null)] - 界面3  190432-166   12/28/2017 9:05:59
2017-12-28 09:05:59,017 [10] FATAL ProcessLogger [(null)] - 界面3  190321-166   12/28/2017 9:05:59
2017-12-28 09:05:59,020 [10] FATAL ProcessLogger [(null)] - 界面3  190432-166   12/28/2017 9:05:59
2017-12-28 09:05:59,020 [10] FATAL ProcessLogger [(null)] - 界面3  190321-166   12/28/2017 9:05:59
2017-12-28 09:05:59,212 [10] FATAL ProcessLogger [(null)] - 界面3  190432-166   12/28/2017 9:05:59
2017-12-28 09:05:59,212 [10] FATAL ProcessLogger [(null)] - 界面3  190321-166   12/28/2017 9:05:59
2017-12-28 09:05:59,213 [10] FATAL ProcessLogger [(null)] - 界面3  190432-166   12/28/2017 9:05:59
2017-12-28 09:05:59,214 [10] FATAL ProcessLogger [(null)] - 界面3  190321-166   12/28/2017 9:05:59
2017-12-28 09:05:59,215 [10] FATAL ProcessLogger [(null)] - 界面3  190432-166   12/28/2017 9:05:59
2017-12-28 09:05:59,215 [10] FATAL ProcessLogger [(null)] - 界面3  190321-166   12/28/2017 9:05:59
2017-12-28 09:05:59,217 [10] FATAL ProcessLogger [(null)] - 界面3  190432-166   12/28/2017 9:05:59
2017-12-28 09:05:59,217 [10] FATAL ProcessLogger [(null)] - 界面3  190321-166   12/28/2017 9:05:59
2017-12-28 09:05:59,219 [10] FATAL ProcessLogger [(null)] - 界面3  190432-166   12/28/2017 9:05:59
2017-12-28 09:05:59,410 [10] FATAL ProcessLogger [(null)] - 界面3  190321-166   12/28/2017 9:05:59
2017-12-28 09:05:59,412 [10] FATAL ProcessLogger [(null)] - 界面3  190432-166   12/28/2017 9:05:59
2017-12-28 09:05:59,412 [10] FATAL ProcessLogger [(null)] - 界面3  190321-166   12/28/2017 9:05:59
2017-12-28 09:05:59,415 [10] FATAL ProcessLogger [(null)] - 界面3  190432-166   12/28/2017 9:05:59
2017-12-28 09:05:59,415 [10] FATAL ProcessLogger [(null)] - 界面3  190321-166   12/28/2017 9:05:59
2017-12-28 09:05:59,419 [10] FATAL ProcessLogger [(null)] - 界面3  190432-166   12/28/2017 9:05:59
2017-12-28 09:05:59,419 [10] FATAL ProcessLogger [(null)] - 界面3  190321-166   12/28/2017 9:05:59
2017-12-28 09:05:59,422 [10] FATAL ProcessLogger [(null)] - 界面3  190432-166   12/28/2017 9:05:59
2017-12-28 09:05:59,422 [10] FATAL ProcessLogger [(null)] - 界面3  190321-166   12/28/2017 9:05:59
2017-12-28 09:05:59,425 [10] FATAL ProcessLogger [(null)] - 界面3  190432-166   12/28/2017 9:05:59
2017-12-28 09:05:59,610 [10] FATAL ProcessLogger [(null)] - 界面3  190321-166   12/28/2017 9:05:59
2017-12-28 09:05:59,613 [10] FATAL ProcessLogger [(null)] - 界面3  190432-166   12/28/2017 9:05:59
2017-12-28 09:05:59,613 [10] FATAL ProcessLogger [(null)] - 界面3  190321-166   12/28/2017 9:05:59
2017-12-28 09:05:59,615 [10] FATAL ProcessLogger [(null)] - 界面3  190432-166   12/28/2017 9:05:59
2017-12-28 09:05:59,615 [10] FATAL ProcessLogger [(null)] - 界面3  190321-166   12/28/2017 9:05:59
2017-12-28 09:05:59,617 [10] FATAL ProcessLogger [(null)] - 界面3  190432-166   12/28/2017 9:05:59
2017-12-28 09:05:59,617 [10] FATAL ProcessLogger [(null)] - 界面3  190321-166   12/28/2017 9:05:59
2017-12-28 09:05:59,620 [10] FATAL ProcessLogger [(null)] - 界面3  190432-166   12/28/2017 9:05:59
2017-12-28 09:05:59,620 [10] FATAL ProcessLogger [(null)] - 界面3  190321-166   12/28/2017 9:05:59
2017-12-28 09:05:59,812 [10] FATAL ProcessLogger [(null)] - 界面3  190432-166   12/28/2017 9:05:59
2017-12-28 09:05:59,812 [10] FATAL ProcessLogger [(null)] - 界面3  190321-166   12/28/2017 9:05:59
2017-12-28 09:05:59,814 [10] FATAL ProcessLogger [(null)] - 界面3  190432-166   12/28/2017 9:05:59
2017-12-28 09:05:59,815 [10] FATAL ProcessLogger [(null)] - 界面3  190321-166   12/28/2017 9:05:59
2017-12-28 09:05:59,817 [10] FATAL ProcessLogger [(null)] - 界面3  190432-166   12/28/2017 9:05:59
2017-12-28 09:05:59,817 [10] FATAL ProcessLogger [(null)] - 界面3  190321-166   12/28/2017 9:05:59
2017-12-28 09:05:59,819 [10] FATAL ProcessLogger [(null)] - 界面3  190432-166   12/28/2017 9:05:59
2017-12-28 09:05:59,819 [10] FATAL ProcessLogger [(null)] - 界面3  190321-166   12/28/2017 9:05:59
2017-12-28 09:05:59,821 [10] FATAL ProcessLogger [(null)] - 界面3  190432-166   12/28/2017 9:05:59
2017-12-28 09:06:00,011 [10] FATAL ProcessLogger [(null)] - 界面3  190321-166   12/28/2017 9:06:00
2017-12-28 09:06:00,013 [10] FATAL ProcessLogger [(null)] - 界面3  190432-166   12/28/2017 9:06:00
2017-12-28 09:06:00,013 [10] FATAL ProcessLogger [(null)] - 界面3  190321-166   12/28/2017 9:06:00
2017-12-28 09:06:00,016 [10] FATAL ProcessLogger [(null)] - 界面3  190432-166   12/28/2017 9:06:00
2017-12-28 09:06:00,016 [10] FATAL ProcessLogger [(null)] - 界面3  190321-166   12/28/2017 9:06:00
2017-12-28 09:06:00,018 [10] FATAL ProcessLogger [(null)] - 界面3  190432-166   12/28/2017 9:06:00
2017-12-28 09:06:00,018 [10] FATAL ProcessLogger [(null)] - 界面3  190321-166   12/28/2017 9:06:00
2017-12-28 09:06:00,020 [10] FATAL ProcessLogger [(null)] - 界面3  190432-166   12/28/2017 9:06:00
2017-12-28 09:06:00,020 [10] FATAL ProcessLogger [(null)] - 界面3  190321-166   12/28/2017 9:06:00
2017-12-28 09:06:00,023 [10] FATAL ProcessLogger [(null)] - 界面3  190432-166   12/28/2017 9:06:00
2017-12-28 09:06:00,211 [10] FATAL ProcessLogger [(null)] - 界面3  190321-166   12/28/2017 9:06:00
2017-12-28 09:06:00,213 [10] FATAL ProcessLogger [(null)] - 界面3  190432-166   12/28/2017 9:06:00
2017-12-28 09:06:00,213 [10] FATAL ProcessLogger [(null)] - 界面3  190321-166   12/28/2017 9:06:00
2017-12-28 09:06:00,216 [10] FATAL ProcessLogger [(null)] - 界面3  190432-166   12/28/2017 9:06:00
2017-12-28 09:06:00,216 [10] FATAL ProcessLogger [(null)] - 界面3  190321-166   12/28/2017 9:06:00
2017-12-28 09:06:00,218 [10] FATAL ProcessLogger [(null)] - 界面3  190432-166   12/28/2017 9:06:00
2017-12-28 09:06:00,218 [10] FATAL ProcessLogger [(null)] - 界面3  190321-166   12/28/2017 9:06:00
2017-12-28 09:06:00,220 [10] FATAL ProcessLogger [(null)] - 界面3  190432-166   12/28/2017 9:06:00
2017-12-28 09:06:00,220 [10] FATAL ProcessLogger [(null)] - 界面3  190321-166   12/28/2017 9:06:00
2017-12-28 09:06:00,413 [10] FATAL ProcessLogger [(null)] - 界面3  190432-166   12/28/2017 9:06:00
2017-12-28 09:06:00,413 [10] FATAL ProcessLogger [(null)] - 界面3  190321-166   12/28/2017 9:06:00
2017-12-28 09:06:00,416 [10] FATAL ProcessLogger [(null)] - 界面3  190432-166   12/28/2017 9:06:00
2017-12-28 09:06:00,416 [10] FATAL ProcessLogger [(null)] - 界面3  190321-166   12/28/2017 9:06:00
2017-12-28 09:06:00,418 [10] FATAL ProcessLogger [(null)] - 界面3  190432-166   12/28/2017 9:06:00
2017-12-28 09:06:00,418 [10] FATAL ProcessLogger [(null)] - 界面3  190321-166   12/28/2017 9:06:00
2017-12-28 09:06:00,420 [10] FATAL ProcessLogger [(null)] - 界面3  190432-166   12/28/2017 9:06:00
2017-12-28 09:06:00,420 [10] FATAL ProcessLogger [(null)] - 界面3  190321-166   12/28/2017 9:06:00
2017-12-28 09:06:00,423 [10] FATAL ProcessLogger [(null)] - 界面3  190432-166   12/28/2017 9:06:00
2017-12-28 09:06:00,423 [10] FATAL ProcessLogger [(null)] - 界面3  190321-166   12/28/2017 9:06:00
2017-12-28 09:06:00,612 [10] FATAL ProcessLogger [(null)] - 界面3  190432-166   12/28/2017 9:06:00
2017-12-28 09:06:00,612 [10] FATAL ProcessLogger [(null)] - 界面3  190321-166   12/28/2017 9:06:00
2017-12-28 09:06:00,613 [10] FATAL ProcessLogger [(null)] - 界面3  190432-166   12/28/2017 9:06:00
2017-12-28 09:06:00,613 [10] FATAL ProcessLogger [(null)] - 界面3  190321-166   12/28/2017 9:06:00
2017-12-28 09:06:00,614 [10] FATAL ProcessLogger [(null)] - 界面3  190432-166   12/28/2017 9:06:00
2017-12-28 09:06:00,614 [10] FATAL ProcessLogger [(null)] - 界面3  190321-166   12/28/2017 9:06:00
2017-12-28 09:06:00,615 [10] FATAL ProcessLogger [(null)] - 界面3  190432-166   12/28/2017 9:06:00
2017-12-28 09:06:00,615 [10] FATAL ProcessLogger [(null)] - 界面3  190321-166   12/28/2017 9:06:00
2017-12-28 09:06:00,616 [10] FATAL ProcessLogger [(null)] - 界面3  190432-166   12/28/2017 9:06:00
2017-12-28 09:06:00,811 [10] FATAL ProcessLogger [(null)] - 界面3  190321-166   12/28/2017 9:06:00
2017-12-28 09:06:00,812 [10] FATAL ProcessLogger [(null)] - 界面3  190432-166   12/28/2017 9:06:00
2017-12-28 09:06:00,813 [10] FATAL ProcessLogger [(null)] - 界面3  190321-166   12/28/2017 9:06:00
2017-12-28 09:06:00,814 [10] FATAL ProcessLogger [(null)] - 界面3  190432-166   12/28/2017 9:06:00
2017-12-28 09:06:00,814 [10] FATAL ProcessLogger [(null)] - 界面3  190321-166   12/28/2017 9:06:00
2017-12-28 09:06:00,815 [10] FATAL ProcessLogger [(null)] - 界面3  190432-166   12/28/2017 9:06:00
2017-12-28 09:06:00,815 [10] FATAL ProcessLogger [(null)] - 界面3  190321-166   12/28/2017 9:06:00
2017-12-28 09:06:00,817 [10] FATAL ProcessLogger [(null)] - 界面3  190432-166   12/28/2017 9:06:00
2017-12-28 09:06:00,817 [10] FATAL ProcessLogger [(null)] - 界面3  190321-166   12/28/2017 9:06:00
2017-12-28 09:06:01,013 [10] FATAL ProcessLogger [(null)] - 界面3  190432-166   12/28/2017 9:06:01
2017-12-28 09:06:01,013 [10] FATAL ProcessLogger [(null)] - 界面3  190321-166   12/28/2017 9:06:01
2017-12-28 09:06:01,016 [10] FATAL ProcessLogger [(null)] - 界面3  190432-166   12/28/2017 9:06:01
2017-12-28 09:06:01,016 [10] FATAL ProcessLogger [(null)] - 界面3  190321-166   12/28/2017 9:06:01
2017-12-28 09:06:01,018 [10] FATAL ProcessLogger [(null)] - 界面3  190432-166   12/28/2017 9:06:01
2017-12-28 09:06:01,018 [10] FATAL ProcessLogger [(null)] - 界面3  190321-166   12/28/2017 9:06:01
2017-12-28 09:06:01,020 [10] FATAL ProcessLogger [(null)] - 界面3  190432-166   12/28/2017 9:06:01
2017-12-28 09:06:01,020 [10] FATAL ProcessLogger [(null)] - 界面3  190321-166   12/28/2017 9:06:01
2017-12-28 09:06:01,023 [10] FATAL ProcessLogger [(null)] - 界面3  190432-166   12/28/2017 9:06:01
2017-12-28 09:06:01,023 [10] FATAL ProcessLogger [(null)] - 界面3  190321-166   12/28/2017 9:06:01
2017-12-28 09:06:01,213 [10] FATAL ProcessLogger [(null)] - 界面3  190432-166   12/28/2017 9:06:01
2017-12-28 09:06:01,213 [10] FATAL ProcessLogger [(null)] - 界面3  190321-166   12/28/2017 9:06:01
2017-12-28 09:06:01,215 [10] FATAL ProcessLogger [(null)] - 界面3  190432-166   12/28/2017 9:06:01
2017-12-28 09:06:01,216 [10] FATAL ProcessLogger [(null)] - 界面3  190321-166   12/28/2017 9:06:01
2017-12-28 09:06:01,218 [10] FATAL ProcessLogger [(null)] - 界面3  190432-166   12/28/2017 9:06:01
2017-12-28 09:06:01,218 [10] FATAL ProcessLogger [(null)] - 界面3  190321-166   12/28/2017 9:06:01
2017-12-28 09:06:01,220 [10] FATAL ProcessLogger [(null)] - 界面3  190432-166   12/28/2017 9:06:01
2017-12-28 09:06:01,220 [10] FATAL ProcessLogger [(null)] - 界面3  190321-166   12/28/2017 9:06:01
2017-12-28 09:06:01,223 [10] FATAL ProcessLogger [(null)] - 界面3  190432-166   12/28/2017 9:06:01
2017-12-28 09:06:01,411 [10] FATAL ProcessLogger [(null)] - 界面3  190321-166   12/28/2017 9:06:01
2017-12-28 09:06:01,412 [10] FATAL ProcessLogger [(null)] - 界面3  190432-166   12/28/2017 9:06:01
2017-12-28 09:06:01,412 [10] FATAL ProcessLogger [(null)] - 界面3  190321-166   12/28/2017 9:06:01
2017-12-28 09:06:01,413 [10] FATAL ProcessLogger [(null)] - 界面3  190432-166   12/28/2017 9:06:01
2017-12-28 09:06:01,413 [10] FATAL ProcessLogger [(null)] - 界面3  190321-166   12/28/2017 9:06:01
2017-12-28 09:06:01,414 [10] FATAL ProcessLogger [(null)] - 界面3  190432-166   12/28/2017 9:06:01
2017-12-28 09:06:01,414 [10] FATAL ProcessLogger [(null)] - 界面3  190321-166   12/28/2017 9:06:01
2017-12-28 09:06:01,415 [10] FATAL ProcessLogger [(null)] - 界面3  190432-166   12/28/2017 9:06:01
2017-12-28 09:06:01,415 [10] FATAL ProcessLogger [(null)] - 界面3  190321-166   12/28/2017 9:06:01
2017-12-28 09:06:01,613 [10] FATAL ProcessLogger [(null)] - 界面3  190432-166   12/28/2017 9:06:01
2017-12-28 09:06:01,613 [10] FATAL ProcessLogger [(null)] - 界面3  190321-166   12/28/2017 9:06:01
2017-12-28 09:06:01,616 [10] FATAL ProcessLogger [(null)] - 界面3  190432-166   12/28/2017 9:06:01
2017-12-28 09:06:01,616 [10] FATAL ProcessLogger [(null)] - 界面3  190321-166   12/28/2017 9:06:01
2017-12-28 09:06:01,618 [10] FATAL ProcessLogger [(null)] - 界面3  190432-166   12/28/2017 9:06:01
2017-12-28 09:06:01,618 [10] FATAL ProcessLogger [(null)] - 界面3  190321-166   12/28/2017 9:06:01
2017-12-28 09:06:01,620 [10] FATAL ProcessLogger [(null)] - 界面3  190432-166   12/28/2017 9:06:01
2017-12-28 09:06:01,620 [10] FATAL ProcessLogger [(null)] - 界面3  190321-166   12/28/2017 9:06:01
2017-12-28 09:06:01,622 [10] FATAL ProcessLogger [(null)] - 界面3  190432-166   12/28/2017 9:06:01
2017-12-28 09:06:01,623 [10] FATAL ProcessLogger [(null)] - 界面3  190321-166   12/28/2017 9:06:01
2017-12-28 09:06:01,813 [10] FATAL ProcessLogger [(null)] - 界面3  190432-166   12/28/2017 9:06:01
2017-12-28 09:06:01,813 [10] FATAL ProcessLogger [(null)] - 界面3  190321-166   12/28/2017 9:06:01
2017-12-28 09:06:01,815 [10] FATAL ProcessLogger [(null)] - 界面3  190432-166   12/28/2017 9:06:01
2017-12-28 09:06:01,815 [10] FATAL ProcessLogger [(null)] - 界面3  190321-166   12/28/2017 9:06:01
2017-12-28 09:06:01,817 [10] FATAL ProcessLogger [(null)] - 界面3  190432-166   12/28/2017 9:06:01
2017-12-28 09:06:01,817 [10] FATAL ProcessLogger [(null)] - 界面3  190321-166   12/28/2017 9:06:01
2017-12-28 09:06:01,819 [10] FATAL ProcessLogger [(null)] - 界面3  190432-166   12/28/2017 9:06:01
2017-12-28 09:06:01,819 [10] FATAL ProcessLogger [(null)] - 界面3  190321-166   12/28/2017 9:06:01
2017-12-28 09:06:01,821 [10] FATAL ProcessLogger [(null)] - 界面3  190432-166   12/28/2017 9:06:01
2017-12-28 09:06:02,011 [10] FATAL ProcessLogger [(null)] - 界面3  190321-166   12/28/2017 9:06:02
2017-12-28 09:06:02,013 [10] FATAL ProcessLogger [(null)] - 界面3  190432-166   12/28/2017 9:06:02
2017-12-28 09:06:02,013 [10] FATAL ProcessLogger [(null)] - 界面3  190321-166   12/28/2017 9:06:02
2017-12-28 09:06:02,016 [10] FATAL ProcessLogger [(null)] - 界面3  190432-166   12/28/2017 9:06:02
2017-12-28 09:06:02,016 [10] FATAL ProcessLogger [(null)] - 界面3  190321-166   12/28/2017 9:06:02
2017-12-28 09:06:02,018 [10] FATAL ProcessLogger [(null)] - 界面3  190432-166   12/28/2017 9:06:02
2017-12-28 09:06:02,018 [10] FATAL ProcessLogger [(null)] - 界面3  190321-166   12/28/2017 9:06:02
2017-12-28 09:06:02,020 [10] FATAL ProcessLogger [(null)] - 界面3  190432-166   12/28/2017 9:06:02
2017-12-28 09:06:02,020 [10] FATAL ProcessLogger [(null)] - 界面3  190321-166   12/28/2017 9:06:02
2017-12-28 09:06:02,023 [10] FATAL ProcessLogger [(null)] - 界面3  190432-166   12/28/2017 9:06:02
2017-12-28 09:06:02,211 [10] FATAL ProcessLogger [(null)] - 界面3  190321-166   12/28/2017 9:06:02
2017-12-28 09:06:02,213 [10] FATAL ProcessLogger [(null)] - 界面3  190432-166   12/28/2017 9:06:02
2017-12-28 09:06:02,213 [10] FATAL ProcessLogger [(null)] - 界面3  190321-166   12/28/2017 9:06:02
2017-12-28 09:06:02,215 [10] FATAL ProcessLogger [(null)] - 界面3  190432-166   12/28/2017 9:06:02
2017-12-28 09:06:02,215 [10] FATAL ProcessLogger [(null)] - 界面3  190321-166   12/28/2017 9:06:02
2017-12-28 09:06:02,217 [10] FATAL ProcessLogger [(null)] - 界面3  190432-166   12/28/2017 9:06:02
2017-12-28 09:06:02,217 [10] FATAL ProcessLogger [(null)] - 界面3  190321-166   12/28/2017 9:06:02
2017-12-28 09:06:02,219 [10] FATAL ProcessLogger [(null)] - 界面3  190432-166   12/28/2017 9:06:02
2017-12-28 09:06:02,219 [10] FATAL ProcessLogger [(null)] - 界面3  190321-166   12/28/2017 9:06:02
2017-12-28 09:06:02,413 [10] FATAL ProcessLogger [(null)] - 界面3  190432-166   12/28/2017 9:06:02
2017-12-28 09:06:02,414 [10] FATAL ProcessLogger [(null)] - 界面3  190321-166   12/28/2017 9:06:02
2017-12-28 09:06:02,416 [10] FATAL ProcessLogger [(null)] - 界面3  190432-166   12/28/2017 9:06:02
2017-12-28 09:06:02,416 [10] FATAL ProcessLogger [(null)] - 界面3  190321-166   12/28/2017 9:06:02
2017-12-28 09:06:02,418 [10] FATAL ProcessLogger [(null)] - 界面3  190432-166   12/28/2017 9:06:02
2017-12-28 09:06:02,419 [10] FATAL ProcessLogger [(null)] - 界面3  190321-166   12/28/2017 9:06:02
2017-12-28 09:06:02,421 [10] FATAL ProcessLogger [(null)] - 界面3  190432-166   12/28/2017 9:06:02
2017-12-28 09:06:02,421 [10] FATAL ProcessLogger [(null)] - 界面3  190321-166   12/28/2017 9:06:02
2017-12-28 09:06:02,423 [10] FATAL ProcessLogger [(null)] - 界面3  190432-166   12/28/2017 9:06:02
2017-12-28 09:06:02,611 [10] FATAL ProcessLogger [(null)] - 界面3  190321-166   12/28/2017 9:06:02
2017-12-28 09:06:02,613 [10] FATAL ProcessLogger [(null)] - 界面3  190432-166   12/28/2017 9:06:02
2017-12-28 09:06:02,613 [10] FATAL ProcessLogger [(null)] - 界面3  190321-166   12/28/2017 9:06:02
2017-12-28 09:06:02,615 [10] FATAL ProcessLogger [(null)] - 界面3  190432-166   12/28/2017 9:06:02
2017-12-28 09:06:02,615 [10] FATAL ProcessLogger [(null)] - 界面3  190321-166   12/28/2017 9:06:02
2017-12-28 09:06:02,617 [10] FATAL ProcessLogger [(null)] - 界面3  190432-166   12/28/2017 9:06:02
2017-12-28 09:06:02,617 [10] FATAL ProcessLogger [(null)] - 界面3  190321-166   12/28/2017 9:06:02
2017-12-28 09:06:02,619 [10] FATAL ProcessLogger [(null)] - 界面3  190432-166   12/28/2017 9:06:02
2017-12-28 09:06:02,619 [10] FATAL ProcessLogger [(null)] - 界面3  190321-166   12/28/2017 9:06:02
2017-12-28 09:06:02,623 [10] FATAL ProcessLogger [(null)] - 读取中奖信息  19230512/28/2017 9:06:02
2017-12-28 09:06:02,815 [10] FATAL ProcessLogger [(null)] - AnalysisWebInfo2接入 8990212/28/2017 9:06:02
2017-12-28 09:06:02,863 [10] FATAL ProcessLogger [(null)] - AnalysisWebInfo2接入 8990212/28/2017 9:06:02
2017-12-28 09:06:06,527 [10] FATAL ProcessLogger [(null)] - AnalysisWebInfo2接入 8990212/28/2017 9:06:06
2017-12-28 09:06:06,528 [10] FATAL ProcessLogger [(null)] - 获取中奖信息  190612/28/2017 9:06:06
2017-12-28 09:06:06,528 [10] FATAL ProcessLogger [(null)] - AnalysisWebInfo2接入 8990212/28/2017 9:06:06
2017-12-28 09:06:06,529 [10] FATAL ProcessLogger [(null)] - 获取中奖信息  190612/28/2017 9:06:06
2017-12-28 09:06:06,539 [10] FATAL ProcessLogger [(null)] - AnalysisWebInfo2接入 8990212/28/2017 9:06:06
2017-12-28 09:06:06,539 [10] FATAL ProcessLogger [(null)] - 获取中奖信息  190612/28/2017 9:06:06
2017-12-28 09:06:06,539 [10] FATAL ProcessLogger [(null)] - 获取中奖信息  190712/28/2017 9:06:06
2017-12-28 09:06:06,861 [10] FATAL ProcessLogger [(null)] - 获取中奖信息  191012/28/2017 9:06:06
2017-12-28 09:06:06,864 [10] FATAL ProcessLogger [(null)] - 获取中奖信息  191012/28/2017 9:06:06
2017-12-28 09:06:06,864 [10] FATAL ProcessLogger [(null)] - 获取中奖信息结束  190912/28/2017 9:06:06
2017-12-28 09:06:07,076 [10] FATAL ProcessLogger [(null)] - ReadServer_tuijanhaoma open12/28/2017 9:06:07
2017-12-28 09:06:07,172 [10] FATAL ProcessLogger [(null)] - ReadServer_tuijanhaoma open 112/28/2017 9:06:07
2017-12-28 09:06:07,172 [10] FATAL ProcessLogger [(null)] - ReadServer_tuijanhaoma open 212/28/2017 9:06:07
2017-12-28 09:06:07,174 [10] FATAL ProcessLogger [(null)] - ReadServer_tuijanhaoma open 312/28/2017 9:06:07
2017-12-28 09:06:07,174 [10] FATAL ProcessLogger [(null)] - ReadServer_lishizhongjian 112/28/2017 9:06:07
2017-12-28 09:06:07,202 [10] FATAL ProcessLogger [(null)] - ReadHistroy 991212/28/2017 9:06:07
2017-12-28 09:13:47,887 [9] FATAL ProcessLogger [(null)] - System Start 12/28/2017 9:13:47
2017-12-28 09:13:47,940 [9] FATAL ProcessLogger [(null)] - login12/28/2017 9:13:47
2017-12-28 09:13:51,247 [9] FATAL ProcessLogger [(null)] - System Start 12/28/2017 9:13:51
2017-12-28 09:13:54,232 [9] FATAL ProcessLogger [(null)] - 读取NewMethod12/28/2017 9:13:54
2017-12-28 09:13:54,241 [9] FATAL ProcessLogger [(null)] - 读取中 090112/28/2017 9:13:54
2017-12-28 09:13:54,403 [9] FATAL ProcessLogger [(null)] - 读取中 09010 12/28/2017 9:13:54
2017-12-28 09:13:54,448 [9] FATAL ProcessLogger [(null)] - 接入 前 091101 12/28/2017 9:13:54
2017-12-28 09:13:54,448 [9] FATAL ProcessLogger [(null)] - 接入 前 091102 12/28/2017 9:13:54
2017-12-28 09:13:58,165 [9] FATAL ProcessLogger [(null)] - AnalysisWebInfo2接入 8990212/28/2017 9:13:58
2017-12-28 09:13:58,166 [9] FATAL ProcessLogger [(null)] - 接入界面12/28/2017 9:13:58
2017-12-28 09:13:58,236 [9] FATAL ProcessLogger [(null)] - 接入界面 00212/28/2017 9:13:58
2017-12-28 09:13:58,237 [9] FATAL ProcessLogger [(null)] - AnalysisWebInfo2接入 8990212/28/2017 9:13:58
2017-12-28 09:13:58,238 [9] FATAL ProcessLogger [(null)] - 界面2  190112/28/2017 9:13:58
2017-12-28 09:14:00,737 [9] FATAL ProcessLogger [(null)] - AnalysisWebInfo2接入 8990212/28/2017 9:14:00
2017-12-28 09:14:00,737 [9] FATAL ProcessLogger [(null)] - 界面2  190112/28/2017 9:14:00
2017-12-28 09:14:00,739 [9] FATAL ProcessLogger [(null)] - AnalysisWebInfo2接入 8990212/28/2017 9:14:00
2017-12-28 09:14:00,847 [9] FATAL ProcessLogger [(null)] - AnalysisWebInfo2接入 8990212/28/2017 9:14:00
2017-12-28 09:14:09,807 [9] FATAL ProcessLogger [(null)] - AnalysisWebInfo2接入 8990212/28/2017 9:14:09
2017-12-28 09:14:09,807 [9] FATAL ProcessLogger [(null)] - 界面3  190212/28/2017 9:14:09
2017-12-28 09:14:09,807 [9] FATAL ProcessLogger [(null)] - 界面3  190312/28/2017 9:14:09
2017-12-28 09:14:09,954 [9] FATAL ProcessLogger [(null)] - 界面3  19001212/28/2017 9:14:09
2017-12-28 09:14:10,020 [9] FATAL ProcessLogger [(null)] - 界面3  1904-166   12/28/2017 9:14:10
2017-12-28 09:14:10,021 [9] FATAL ProcessLogger [(null)] - 界面3  190432-166   12/28/2017 9:14:10
2017-12-28 09:14:10,021 [9] FATAL ProcessLogger [(null)] - 界面3  190321-166   12/28/2017 9:14:10
2017-12-28 09:14:10,042 [9] FATAL ProcessLogger [(null)] - 界面3  190432-166   12/28/2017 9:14:10
2017-12-28 09:14:10,042 [9] FATAL ProcessLogger [(null)] - 界面3  190321-166   12/28/2017 9:14:10
2017-12-28 09:14:10,043 [9] FATAL ProcessLogger [(null)] - 界面3  190432-166   12/28/2017 9:14:10
2017-12-28 09:14:10,043 [9] FATAL ProcessLogger [(null)] - 界面3  190321-166   12/28/2017 9:14:10
2017-12-28 09:14:10,044 [9] FATAL ProcessLogger [(null)] - 界面3  190432-166   12/28/2017 9:14:10
2017-12-28 09:14:10,044 [9] FATAL ProcessLogger [(null)] - 界面3  190321-166   12/28/2017 9:14:10
2017-12-28 09:14:10,044 [9] FATAL ProcessLogger [(null)] - 界面3  190432-166   12/28/2017 9:14:10
2017-12-28 09:14:10,210 [9] FATAL ProcessLogger [(null)] - 界面3  190321-166   12/28/2017 9:14:10
2017-12-28 09:14:10,211 [9] FATAL ProcessLogger [(null)] - 界面3  190432-166   12/28/2017 9:14:10
2017-12-28 09:14:10,211 [9] FATAL ProcessLogger [(null)] - 界面3  190321-166   12/28/2017 9:14:10
2017-12-28 09:14:10,211 [9] FATAL ProcessLogger [(null)] - 界面3  190432-166   12/28/2017 9:14:10
2017-12-28 09:14:10,211 [9] FATAL ProcessLogger [(null)] - 界面3  190321-166   12/28/2017 9:14:10
2017-12-28 09:14:10,212 [9] FATAL ProcessLogger [(null)] - 界面3  190432-166   12/28/2017 9:14:10
2017-12-28 09:14:10,212 [9] FATAL ProcessLogger [(null)] - 界面3  190321-166   12/28/2017 9:14:10
2017-12-28 09:14:10,213 [9] FATAL ProcessLogger [(null)] - 界面3  190432-166   12/28/2017 9:14:10
2017-12-28 09:14:10,213 [9] FATAL ProcessLogger [(null)] - 界面3  190321-166   12/28/2017 9:14:10
2017-12-28 09:14:10,411 [9] FATAL ProcessLogger [(null)] - 界面3  190432-166   12/28/2017 9:14:10
2017-12-28 09:14:10,411 [9] FATAL ProcessLogger [(null)] - 界面3  190321-166   12/28/2017 9:14:10
2017-12-28 09:14:10,411 [9] FATAL ProcessLogger [(null)] - 界面3  190432-166   12/28/2017 9:14:10
2017-12-28 09:14:10,412 [9] FATAL ProcessLogger [(null)] - 界面3  190321-166   12/28/2017 9:14:10
2017-12-28 09:14:10,412 [9] FATAL ProcessLogger [(null)] - 界面3  190432-166   12/28/2017 9:14:10
2017-12-28 09:14:10,412 [9] FATAL ProcessLogger [(null)] - 界面3  190321-166   12/28/2017 9:14:10
2017-12-28 09:14:10,413 [9] FATAL ProcessLogger [(null)] - 界面3  190432-166   12/28/2017 9:14:10
2017-12-28 09:14:10,413 [9] FATAL ProcessLogger [(null)] - 界面3  190321-166   12/28/2017 9:14:10
2017-12-28 09:14:10,414 [9] FATAL ProcessLogger [(null)] - 界面3  190432-166   12/28/2017 9:14:10
2017-12-28 09:14:10,414 [9] FATAL ProcessLogger [(null)] - 界面3  190321-166   12/28/2017 9:14:10
2017-12-28 09:14:10,612 [9] FATAL ProcessLogger [(null)] - 界面3  190432-166   12/28/2017 9:14:10
2017-12-28 09:14:10,612 [9] FATAL ProcessLogger [(null)] - 界面3  190321-166   12/28/2017 9:14:10
2017-12-28 09:14:10,615 [9] FATAL ProcessLogger [(null)] - 界面3  190432-166   12/28/2017 9:14:10
2017-12-28 09:14:10,615 [9] FATAL ProcessLogger [(null)] - 界面3  190321-166   12/28/2017 9:14:10
2017-12-28 09:14:10,617 [9] FATAL ProcessLogger [(null)] - 界面3  190432-166   12/28/2017 9:14:10
2017-12-28 09:14:10,617 [9] FATAL ProcessLogger [(null)] - 界面3  190321-166   12/28/2017 9:14:10
2017-12-28 09:14:10,619 [9] FATAL ProcessLogger [(null)] - 界面3  190432-166   12/28/2017 9:14:10
2017-12-28 09:14:10,619 [9] FATAL ProcessLogger [(null)] - 界面3  190321-166   12/28/2017 9:14:10
2017-12-28 09:14:10,622 [9] FATAL ProcessLogger [(null)] - 界面3  190432-166   12/28/2017 9:14:10
2017-12-28 09:14:10,810 [9] FATAL ProcessLogger [(null)] - 界面3  190321-166   12/28/2017 9:14:10
2017-12-28 09:14:10,813 [9] FATAL ProcessLogger [(null)] - 界面3  190432-166   12/28/2017 9:14:10
2017-12-28 09:14:10,813 [9] FATAL ProcessLogger [(null)] - 界面3  190321-166   12/28/2017 9:14:10
2017-12-28 09:14:10,815 [9] FATAL ProcessLogger [(null)] - 界面3  190432-166   12/28/2017 9:14:10
2017-12-28 09:14:10,815 [9] FATAL ProcessLogger [(null)] - 界面3  190321-166   12/28/2017 9:14:10
2017-12-28 09:14:10,818 [9] FATAL ProcessLogger [(null)] - 界面3  190432-166   12/28/2017 9:14:10
2017-12-28 09:14:10,818 [9] FATAL ProcessLogger [(null)] - 界面3  190321-166   12/28/2017 9:14:10
2017-12-28 09:14:10,819 [9] FATAL ProcessLogger [(null)] - 界面3  190432-166   12/28/2017 9:14:10
2017-12-28 09:14:10,819 [9] FATAL ProcessLogger [(null)] - 界面3  190321-166   12/28/2017 9:14:10
2017-12-28 09:14:10,820 [9] FATAL ProcessLogger [(null)] - 界面3  190432-166   12/28/2017 9:14:10
2017-12-28 09:14:11,010 [9] FATAL ProcessLogger [(null)] - 界面3  190321-166   12/28/2017 9:14:11
2017-12-28 09:14:11,012 [9] FATAL ProcessLogger [(null)] - 界面3  190432-166   12/28/2017 9:14:11
2017-12-28 09:14:11,012 [9] FATAL ProcessLogger [(null)] - 界面3  190321-166   12/28/2017 9:14:11
2017-12-28 09:14:11,015 [9] FATAL ProcessLogger [(null)] - 界面3  190432-166   12/28/2017 9:14:11
2017-12-28 09:14:11,015 [9] FATAL ProcessLogger [(null)] - 界面3  190321-166   12/28/2017 9:14:11
2017-12-28 09:14:11,017 [9] FATAL ProcessLogger [(null)] - 界面3  190432-166   12/28/2017 9:14:11
2017-12-28 09:14:11,017 [9] FATAL ProcessLogger [(null)] - 界面3  190321-166   12/28/2017 9:14:11
2017-12-28 09:14:11,019 [9] FATAL ProcessLogger [(null)] - 界面3  190432-166   12/28/2017 9:14:11
2017-12-28 09:14:11,019 [9] FATAL ProcessLogger [(null)] - 界面3  190321-166   12/28/2017 9:14:11
2017-12-28 09:14:11,211 [9] FATAL ProcessLogger [(null)] - 界面3  190432-166   12/28/2017 9:14:11
2017-12-28 09:14:11,211 [9] FATAL ProcessLogger [(null)] - 界面3  190321-166   12/28/2017 9:14:11
2017-12-28 09:14:11,212 [9] FATAL ProcessLogger [(null)] - 界面3  190432-166   12/28/2017 9:14:11
2017-12-28 09:14:11,212 [9] FATAL ProcessLogger [(null)] - 界面3  190321-166   12/28/2017 9:14:11
2017-12-28 09:14:11,212 [9] FATAL ProcessLogger [(null)] - 界面3  190432-166   12/28/2017 9:14:11
2017-12-28 09:14:11,212 [9] FATAL ProcessLogger [(null)] - 界面3  190321-166   12/28/2017 9:14:11
2017-12-28 09:14:11,213 [9] FATAL ProcessLogger [(null)] - 界面3  190432-166   12/28/2017 9:14:11
2017-12-28 09:14:11,213 [9] FATAL ProcessLogger [(null)] - 界面3  190321-166   12/28/2017 9:14:11
2017-12-28 09:14:11,214 [9] FATAL ProcessLogger [(null)] - 界面3  190432-166   12/28/2017 9:14:11
2017-12-28 09:14:11,214 [9] FATAL ProcessLogger [(null)] - 界面3  190321-166   12/28/2017 9:14:11
2017-12-28 09:14:11,411 [9] FATAL ProcessLogger [(null)] - 界面3  190432-166   12/28/2017 9:14:11
2017-12-28 09:14:11,411 [9] FATAL ProcessLogger [(null)] - 界面3  190321-166   12/28/2017 9:14:11
2017-12-28 09:14:11,411 [9] FATAL ProcessLogger [(null)] - 界面3  190432-166   12/28/2017 9:14:11
2017-12-28 09:14:11,411 [9] FATAL ProcessLogger [(null)] - 界面3  190321-166   12/28/2017 9:14:11
2017-12-28 09:14:11,412 [9] FATAL ProcessLogger [(null)] - 界面3  190432-166   12/28/2017 9:14:11
2017-12-28 09:14:11,412 [9] FATAL ProcessLogger [(null)] - 界面3  190321-166   12/28/2017 9:14:11
2017-12-28 09:14:11,413 [9] FATAL ProcessLogger [(null)] - 界面3  190432-166   12/28/2017 9:14:11
2017-12-28 09:14:11,413 [9] FATAL ProcessLogger [(null)] - 界面3  190321-166   12/28/2017 9:14:11
2017-12-28 09:14:11,414 [9] FATAL ProcessLogger [(null)] - 界面3  190432-166   12/28/2017 9:14:11
2017-12-28 09:14:11,610 [9] FATAL ProcessLogger [(null)] - 界面3  190321-166   12/28/2017 9:14:11
2017-12-28 09:14:11,613 [9] FATAL ProcessLogger [(null)] - 界面3  190432-166   12/28/2017 9:14:11
2017-12-28 09:14:11,613 [9] FATAL ProcessLogger [(null)] - 界面3  190321-166   12/28/2017 9:14:11
2017-12-28 09:14:11,616 [9] FATAL ProcessLogger [(null)] - 界面3  190432-166   12/28/2017 9:14:11
2017-12-28 09:14:11,616 [9] FATAL ProcessLogger [(null)] - 界面3  190321-166   12/28/2017 9:14:11
2017-12-28 09:14:11,618 [9] FATAL ProcessLogger [(null)] - 界面3  190432-166   12/28/2017 9:14:11
2017-12-28 09:14:11,618 [9] FATAL ProcessLogger [(null)] - 界面3  190321-166   12/28/2017 9:14:11
2017-12-28 09:14:11,620 [9] FATAL ProcessLogger [(null)] - 界面3  190432-166   12/28/2017 9:14:11
2017-12-28 09:14:11,620 [9] FATAL ProcessLogger [(null)] - 界面3  190321-166   12/28/2017 9:14:11
2017-12-28 09:14:11,623 [9] FATAL ProcessLogger [(null)] - 界面3  190432-166   12/28/2017 9:14:11
2017-12-28 09:14:11,810 [9] FATAL ProcessLogger [(null)] - 界面3  190321-166   12/28/2017 9:14:11
2017-12-28 09:14:11,811 [9] FATAL ProcessLogger [(null)] - 界面3  190432-166   12/28/2017 9:14:11
2017-12-28 09:14:11,811 [9] FATAL ProcessLogger [(null)] - 界面3  190321-166   12/28/2017 9:14:11
2017-12-28 09:14:11,812 [9] FATAL ProcessLogger [(null)] - 界面3  190432-166   12/28/2017 9:14:11
2017-12-28 09:14:11,812 [9] FATAL ProcessLogger [(null)] - 界面3  190321-166   12/28/2017 9:14:11
2017-12-28 09:14:11,813 [9] FATAL ProcessLogger [(null)] - 界面3  190432-166   12/28/2017 9:14:11
2017-12-28 09:14:11,813 [9] FATAL ProcessLogger [(null)] - 界面3  190321-166   12/28/2017 9:14:11
2017-12-28 09:14:11,813 [9] FATAL ProcessLogger [(null)] - 界面3  190432-166   12/28/2017 9:14:11
2017-12-28 09:14:11,813 [9] FATAL ProcessLogger [(null)] - 界面3  190321-166   12/28/2017 9:14:11
2017-12-28 09:14:12,011 [9] FATAL ProcessLogger [(null)] - 界面3  190432-166   12/28/2017 9:14:12
2017-12-28 09:14:12,011 [9] FATAL ProcessLogger [(null)] - 界面3  190321-166   12/28/2017 9:14:12
2017-12-28 09:14:12,011 [9] FATAL ProcessLogger [(null)] - 界面3  190432-166   12/28/2017 9:14:12
2017-12-28 09:14:12,011 [9] FATAL ProcessLogger [(null)] - 界面3  190321-166   12/28/2017 9:14:12
2017-12-28 09:14:12,012 [9] FATAL ProcessLogger [(null)] - 界面3  190432-166   12/28/2017 9:14:12
2017-12-28 09:14:12,012 [9] FATAL ProcessLogger [(null)] - 界面3  190321-166   12/28/2017 9:14:12
2017-12-28 09:14:12,013 [9] FATAL ProcessLogger [(null)] - 界面3  190432-166   12/28/2017 9:14:12
2017-12-28 09:14:12,013 [9] FATAL ProcessLogger [(null)] - 界面3  190321-166   12/28/2017 9:14:12
2017-12-28 09:14:12,014 [9] FATAL ProcessLogger [(null)] - 界面3  190432-166   12/28/2017 9:14:12
2017-12-28 09:14:12,014 [9] FATAL ProcessLogger [(null)] - 界面3  190321-166   12/28/2017 9:14:12
2017-12-28 09:14:12,211 [9] FATAL ProcessLogger [(null)] - 界面3  190432-166   12/28/2017 9:14:12
2017-12-28 09:14:12,211 [9] FATAL ProcessLogger [(null)] - 界面3  190321-166   12/28/2017 9:14:12
2017-12-28 09:14:12,211 [9] FATAL ProcessLogger [(null)] - 界面3  190432-166   12/28/2017 9:14:12
2017-12-28 09:14:12,211 [9] FATAL ProcessLogger [(null)] - 界面3  190321-166   12/28/2017 9:14:12
2017-12-28 09:14:12,212 [9] FATAL ProcessLogger [(null)] - 界面3  190432-166   12/28/2017 9:14:12
2017-12-28 09:14:12,212 [9] FATAL ProcessLogger [(null)] - 界面3  190321-166   12/28/2017 9:14:12
2017-12-28 09:14:12,213 [9] FATAL ProcessLogger [(null)] - 界面3  190432-166   12/28/2017 9:14:12
2017-12-28 09:14:12,213 [9] FATAL ProcessLogger [(null)] - 界面3  190321-166   12/28/2017 9:14:12
2017-12-28 09:14:12,213 [9] FATAL ProcessLogger [(null)] - 界面3  190432-166   12/28/2017 9:14:12
2017-12-28 09:14:12,410 [9] FATAL ProcessLogger [(null)] - 界面3  190321-166   12/28/2017 9:14:12
2017-12-28 09:14:12,413 [9] FATAL ProcessLogger [(null)] - 界面3  190432-166   12/28/2017 9:14:12
2017-12-28 09:14:12,413 [9] FATAL ProcessLogger [(null)] - 界面3  190321-166   12/28/2017 9:14:12
2017-12-28 09:14:12,415 [9] FATAL ProcessLogger [(null)] - 界面3  190432-166   12/28/2017 9:14:12
2017-12-28 09:14:12,415 [9] FATAL ProcessLogger [(null)] - 界面3  190321-166   12/28/2017 9:14:12
2017-12-28 09:14:12,418 [9] FATAL ProcessLogger [(null)] - 界面3  190432-166   12/28/2017 9:14:12
2017-12-28 09:14:12,418 [9] FATAL ProcessLogger [(null)] - 界面3  190321-166   12/28/2017 9:14:12
2017-12-28 09:14:12,420 [9] FATAL ProcessLogger [(null)] - 界面3  190432-166   12/28/2017 9:14:12
2017-12-28 09:14:12,420 [9] FATAL ProcessLogger [(null)] - 界面3  190321-166   12/28/2017 9:14:12
2017-12-28 09:14:12,422 [9] FATAL ProcessLogger [(null)] - 界面3  190432-166   12/28/2017 9:14:12
2017-12-28 09:14:12,610 [9] FATAL ProcessLogger [(null)] - 界面3  190321-166   12/28/2017 9:14:12
2017-12-28 09:14:12,611 [9] FATAL ProcessLogger [(null)] - 界面3  190432-166   12/28/2017 9:14:12
2017-12-28 09:14:12,611 [9] FATAL ProcessLogger [(null)] - 界面3  190321-166   12/28/2017 9:14:12
2017-12-28 09:14:12,613 [9] FATAL ProcessLogger [(null)] - 界面3  190432-166   12/28/2017 9:14:12
2017-12-28 09:14:12,613 [9] FATAL ProcessLogger [(null)] - 界面3  190321-166   12/28/2017 9:14:12
2017-12-28 09:14:12,614 [9] FATAL ProcessLogger [(null)] - 界面3  190432-166   12/28/2017 9:14:12
2017-12-28 09:14:12,614 [9] FATAL ProcessLogger [(null)] - 界面3  190321-166   12/28/2017 9:14:12
2017-12-28 09:14:12,616 [9] FATAL ProcessLogger [(null)] - 界面3  190432-166   12/28/2017 9:14:12
2017-12-28 09:14:12,616 [9] FATAL ProcessLogger [(null)] - 界面3  190321-166   12/28/2017 9:14:12
2017-12-28 09:14:12,811 [9] FATAL ProcessLogger [(null)] - 界面3  190432-166   12/28/2017 9:14:12
2017-12-28 09:14:12,811 [9] FATAL ProcessLogger [(null)] - 界面3  190321-166   12/28/2017 9:14:12
2017-12-28 09:14:12,811 [9] FATAL ProcessLogger [(null)] - 界面3  190432-166   12/28/2017 9:14:12
2017-12-28 09:14:12,811 [9] FATAL ProcessLogger [(null)] - 界面3  190321-166   12/28/2017 9:14:12
2017-12-28 09:14:12,812 [9] FATAL ProcessLogger [(null)] - 界面3  190432-166   12/28/2017 9:14:12
2017-12-28 09:14:12,812 [9] FATAL ProcessLogger [(null)] - 界面3  190321-166   12/28/2017 9:14:12
2017-12-28 09:14:12,813 [9] FATAL ProcessLogger [(null)] - 界面3  190432-166   12/28/2017 9:14:12
2017-12-28 09:14:12,813 [9] FATAL ProcessLogger [(null)] - 界面3  190321-166   12/28/2017 9:14:12
2017-12-28 09:14:12,814 [9] FATAL ProcessLogger [(null)] - 界面3  190432-166   12/28/2017 9:14:12
2017-12-28 09:14:13,010 [9] FATAL ProcessLogger [(null)] - 界面3  190321-166   12/28/2017 9:14:13
2017-12-28 09:14:13,011 [9] FATAL ProcessLogger [(null)] - 界面3  190432-166   12/28/2017 9:14:13
2017-12-28 09:14:13,011 [9] FATAL ProcessLogger [(null)] - 界面3  190321-166   12/28/2017 9:14:13
2017-12-28 09:14:13,011 [9] FATAL ProcessLogger [(null)] - 界面3  190432-166   12/28/2017 9:14:13
2017-12-28 09:14:13,011 [9] FATAL ProcessLogger [(null)] - 界面3  190321-166   12/28/2017 9:14:13
2017-12-28 09:14:13,012 [9] FATAL ProcessLogger [(null)] - 界面3  190432-166   12/28/2017 9:14:13
2017-12-28 09:14:13,012 [9] FATAL ProcessLogger [(null)] - 界面3  190321-166   12/28/2017 9:14:13
2017-12-28 09:14:13,013 [9] FATAL ProcessLogger [(null)] - 界面3  190432-166   12/28/2017 9:14:13
2017-12-28 09:14:13,013 [9] FATAL ProcessLogger [(null)] - 界面3  190321-166   12/28/2017 9:14:13
2017-12-28 09:14:13,014 [9] FATAL ProcessLogger [(null)] - 界面3  190432-166   12/28/2017 9:14:13
2017-12-28 09:14:13,210 [9] FATAL ProcessLogger [(null)] - 界面3  190321-166   12/28/2017 9:14:13
2017-12-28 09:14:13,211 [9] FATAL ProcessLogger [(null)] - 界面3  190432-166   12/28/2017 9:14:13
2017-12-28 09:14:13,211 [9] FATAL ProcessLogger [(null)] - 界面3  190321-166   12/28/2017 9:14:13
2017-12-28 09:14:13,212 [9] FATAL ProcessLogger [(null)] - 界面3  190432-166   12/28/2017 9:14:13
2017-12-28 09:14:13,212 [9] FATAL ProcessLogger [(null)] - 界面3  190321-166   12/28/2017 9:14:13
2017-12-28 09:14:13,212 [9] FATAL ProcessLogger [(null)] - 界面3  190432-166   12/28/2017 9:14:13
2017-12-28 09:14:13,212 [9] FATAL ProcessLogger [(null)] - 界面3  190321-166   12/28/2017 9:14:13
2017-12-28 09:14:13,213 [9] FATAL ProcessLogger [(null)] - 界面3  190432-166   12/28/2017 9:14:13
2017-12-28 09:14:13,213 [9] FATAL ProcessLogger [(null)] - 界面3  190321-166   12/28/2017 9:14:13
2017-12-28 09:14:13,411 [9] FATAL ProcessLogger [(null)] - 界面3  190432-166   12/28/2017 9:14:13
2017-12-28 09:14:13,411 [9] FATAL ProcessLogger [(null)] - 界面3  190321-166   12/28/2017 9:14:13
2017-12-28 09:14:13,411 [9] FATAL ProcessLogger [(null)] - 界面3  190432-166   12/28/2017 9:14:13
2017-12-28 09:14:13,411 [9] FATAL ProcessLogger [(null)] - 界面3  190321-166   12/28/2017 9:14:13
2017-12-28 09:14:13,412 [9] FATAL ProcessLogger [(null)] - 界面3  190432-166   12/28/2017 9:14:13
2017-12-28 09:14:13,412 [9] FATAL ProcessLogger [(null)] - 界面3  190321-166   12/28/2017 9:14:13
2017-12-28 09:14:13,413 [9] FATAL ProcessLogger [(null)] - 界面3  190432-166   12/28/2017 9:14:13
2017-12-28 09:14:13,413 [9] FATAL ProcessLogger [(null)] - 界面3  190321-166   12/28/2017 9:14:13
2017-12-28 09:14:13,414 [9] FATAL ProcessLogger [(null)] - 界面3  190432-166   12/28/2017 9:14:13
2017-12-28 09:14:13,414 [9] FATAL ProcessLogger [(null)] - 界面3  190321-166   12/28/2017 9:14:13
2017-12-28 09:14:13,612 [9] FATAL ProcessLogger [(null)] - 界面3  190432-166   12/28/2017 9:14:13
2017-12-28 09:14:13,612 [9] FATAL ProcessLogger [(null)] - 界面3  190321-166   12/28/2017 9:14:13
2017-12-28 09:14:13,615 [9] FATAL ProcessLogger [(null)] - 界面3  190432-166   12/28/2017 9:14:13
2017-12-28 09:14:13,615 [9] FATAL ProcessLogger [(null)] - 界面3  190321-166   12/28/2017 9:14:13
2017-12-28 09:14:13,617 [9] FATAL ProcessLogger [(null)] - 界面3  190432-166   12/28/2017 9:14:13
2017-12-28 09:14:13,617 [9] FATAL ProcessLogger [(null)] - 界面3  190321-166   12/28/2017 9:14:13
2017-12-28 09:14:13,619 [9] FATAL ProcessLogger [(null)] - 界面3  190432-166   12/28/2017 9:14:13
2017-12-28 09:14:13,619 [9] FATAL ProcessLogger [(null)] - 界面3  190321-166   12/28/2017 9:14:13
2017-12-28 09:14:13,622 [9] FATAL ProcessLogger [(null)] - 界面3  190432-166   12/28/2017 9:14:13
2017-12-28 09:14:13,810 [9] FATAL ProcessLogger [(null)] - 界面3  190321-166   12/28/2017 9:14:13
2017-12-28 09:14:13,813 [9] FATAL ProcessLogger [(null)] - 界面3  190432-166   12/28/2017 9:14:13
2017-12-28 09:14:13,813 [9] FATAL ProcessLogger [(null)] - 界面3  190321-166   12/28/2017 9:14:13
2017-12-28 09:14:13,815 [9] FATAL ProcessLogger [(null)] - 界面3  190432-166   12/28/2017 9:14:13
2017-12-28 09:14:13,815 [9] FATAL ProcessLogger [(null)] - 界面3  190321-166   12/28/2017 9:14:13
2017-12-28 09:14:13,817 [9] FATAL ProcessLogger [(null)] - 界面3  190432-166   12/28/2017 9:14:13
2017-12-28 09:14:13,818 [9] FATAL ProcessLogger [(null)] - 界面3  190321-166   12/28/2017 9:14:13
2017-12-28 09:14:13,820 [9] FATAL ProcessLogger [(null)] - 界面3  190432-166   12/28/2017 9:14:13
2017-12-28 09:14:13,820 [9] FATAL ProcessLogger [(null)] - 界面3  190321-166   12/28/2017 9:14:13
2017-12-28 09:14:13,822 [9] FATAL ProcessLogger [(null)] - 界面3  190432-166   12/28/2017 9:14:13
2017-12-28 09:14:14,010 [9] FATAL ProcessLogger [(null)] - 界面3  190321-166   12/28/2017 9:14:14
2017-12-28 09:14:14,011 [9] FATAL ProcessLogger [(null)] - 界面3  190432-166   12/28/2017 9:14:14
2017-12-28 09:14:14,011 [9] FATAL ProcessLogger [(null)] - 界面3  190321-166   12/28/2017 9:14:14
2017-12-28 09:14:14,011 [9] FATAL ProcessLogger [(null)] - 界面3  190432-166   12/28/2017 9:14:14
2017-12-28 09:14:14,011 [9] FATAL ProcessLogger [(null)] - 界面3  190321-166   12/28/2017 9:14:14
2017-12-28 09:14:14,012 [9] FATAL ProcessLogger [(null)] - 界面3  190432-166   12/28/2017 9:14:14
2017-12-28 09:14:14,012 [9] FATAL ProcessLogger [(null)] - 界面3  190321-166   12/28/2017 9:14:14
2017-12-28 09:14:14,013 [9] FATAL ProcessLogger [(null)] - 界面3  190432-166   12/28/2017 9:14:14
2017-12-28 09:14:14,013 [9] FATAL ProcessLogger [(null)] - 界面3  190321-166   12/28/2017 9:14:14
2017-12-28 09:14:14,211 [9] FATAL ProcessLogger [(null)] - 界面3  190432-166   12/28/2017 9:14:14
2017-12-28 09:14:14,211 [9] FATAL ProcessLogger [(null)] - 界面3  190321-166   12/28/2017 9:14:14
2017-12-28 09:14:14,212 [9] FATAL ProcessLogger [(null)] - 界面3  190432-166   12/28/2017 9:14:14
2017-12-28 09:14:14,212 [9] FATAL ProcessLogger [(null)] - 界面3  190321-166   12/28/2017 9:14:14
2017-12-28 09:14:14,212 [9] FATAL ProcessLogger [(null)] - 界面3  190432-166   12/28/2017 9:14:14
2017-12-28 09:14:14,212 [9] FATAL ProcessLogger [(null)] - 界面3  190321-166   12/28/2017 9:14:14
2017-12-28 09:14:14,213 [9] FATAL ProcessLogger [(null)] - 界面3  190432-166   12/28/2017 9:14:14
2017-12-28 09:14:14,213 [9] FATAL ProcessLogger [(null)] - 界面3  190321-166   12/28/2017 9:14:14
2017-12-28 09:14:14,214 [9] FATAL ProcessLogger [(null)] - 界面3  190432-166   12/28/2017 9:14:14
2017-12-28 09:14:14,214 [9] FATAL ProcessLogger [(null)] - 界面3  190321-166   12/28/2017 9:14:14
2017-12-28 09:14:14,411 [9] FATAL ProcessLogger [(null)] - 界面3  190432-166   12/28/2017 9:14:14
2017-12-28 09:14:14,411 [9] FATAL ProcessLogger [(null)] - 界面3  190321-166   12/28/2017 9:14:14
2017-12-28 09:14:14,411 [9] FATAL ProcessLogger [(null)] - 界面3  190432-166   12/28/2017 9:14:14
2017-12-28 09:14:14,411 [9] FATAL ProcessLogger [(null)] - 界面3  190321-166   12/28/2017 9:14:14
2017-12-28 09:14:14,412 [9] FATAL ProcessLogger [(null)] - 界面3  190432-166   12/28/2017 9:14:14
2017-12-28 09:14:14,412 [9] FATAL ProcessLogger [(null)] - 界面3  190321-166   12/28/2017 9:14:14
2017-12-28 09:14:14,413 [9] FATAL ProcessLogger [(null)] - 界面3  190432-166   12/28/2017 9:14:14
2017-12-28 09:14:14,413 [9] FATAL ProcessLogger [(null)] - 界面3  190321-166   12/28/2017 9:14:14
2017-12-28 09:14:14,413 [9] FATAL ProcessLogger [(null)] - 界面3  190432-166   12/28/2017 9:14:14
2017-12-28 09:14:14,610 [9] FATAL ProcessLogger [(null)] - 界面3  190321-166   12/28/2017 9:14:14
2017-12-28 09:14:14,612 [9] FATAL ProcessLogger [(null)] - 界面3  190432-166   12/28/2017 9:14:14
2017-12-28 09:14:14,613 [9] FATAL ProcessLogger [(null)] - 界面3  190321-166   12/28/2017 9:14:14
2017-12-28 09:14:14,632 [9] FATAL ProcessLogger [(null)] - 界面3  190432-166   12/28/2017 9:14:14
2017-12-28 09:14:14,632 [9] FATAL ProcessLogger [(null)] - 界面3  190321-166   12/28/2017 9:14:14
2017-12-28 09:14:14,634 [9] FATAL ProcessLogger [(null)] - 界面3  190432-166   12/28/2017 9:14:14
2017-12-28 09:14:14,634 [9] FATAL ProcessLogger [(null)] - 界面3  190321-166   12/28/2017 9:14:14
2017-12-28 09:14:14,636 [9] FATAL ProcessLogger [(null)] - 界面3  190432-166   12/28/2017 9:14:14
2017-12-28 09:14:14,636 [9] FATAL ProcessLogger [(null)] - 界面3  190321-166   12/28/2017 9:14:14
2017-12-28 09:14:14,637 [9] FATAL ProcessLogger [(null)] - 界面3  190432-166   12/28/2017 9:14:14
2017-12-28 09:14:14,810 [9] FATAL ProcessLogger [(null)] - 界面3  190321-166   12/28/2017 9:14:14
2017-12-28 09:14:14,811 [9] FATAL ProcessLogger [(null)] - 界面3  190432-166   12/28/2017 9:14:14
2017-12-28 09:14:14,811 [9] FATAL ProcessLogger [(null)] - 界面3  190321-166   12/28/2017 9:14:14
2017-12-28 09:14:14,813 [9] FATAL ProcessLogger [(null)] - 界面3  190432-166   12/28/2017 9:14:14
2017-12-28 09:14:14,813 [9] FATAL ProcessLogger [(null)] - 界面3  190321-166   12/28/2017 9:14:14
2017-12-28 09:14:14,815 [9] FATAL ProcessLogger [(null)] - 界面3  190432-166   12/28/2017 9:14:14
2017-12-28 09:14:14,815 [9] FATAL ProcessLogger [(null)] - 界面3  190321-166   12/28/2017 9:14:14
2017-12-28 09:14:14,816 [9] FATAL ProcessLogger [(null)] - 界面3  190432-166   12/28/2017 9:14:14
2017-12-28 09:14:14,816 [9] FATAL ProcessLogger [(null)] - 界面3  190321-166   12/28/2017 9:14:14
2017-12-28 09:14:15,012 [9] FATAL ProcessLogger [(null)] - 界面3  190432-166   12/28/2017 9:14:15
2017-12-28 09:14:15,012 [9] FATAL ProcessLogger [(null)] - 界面3  190321-166   12/28/2017 9:14:15
2017-12-28 09:14:15,013 [9] FATAL ProcessLogger [(null)] - 界面3  190432-166   12/28/2017 9:14:15
2017-12-28 09:14:15,013 [9] FATAL ProcessLogger [(null)] - 界面3  190321-166   12/28/2017 9:14:15
2017-12-28 09:14:15,014 [9] FATAL ProcessLogger [(null)] - 界面3  190432-166   12/28/2017 9:14:15
2017-12-28 09:14:15,014 [9] FATAL ProcessLogger [(null)] - 界面3  190321-166   12/28/2017 9:14:15
2017-12-28 09:14:15,015 [9] FATAL ProcessLogger [(null)] - 界面3  190432-166   12/28/2017 9:14:15
2017-12-28 09:14:15,015 [9] FATAL ProcessLogger [(null)] - 界面3  190321-166   12/28/2017 9:14:15
2017-12-28 09:14:15,016 [9] FATAL ProcessLogger [(null)] - 界面3  190432-166   12/28/2017 9:14:15
2017-12-28 09:14:15,016 [9] FATAL ProcessLogger [(null)] - 界面3  190321-166   12/28/2017 9:14:15
2017-12-28 09:14:15,214 [9] FATAL ProcessLogger [(null)] - 界面3  190432-166   12/28/2017 9:14:15
2017-12-28 09:14:15,214 [9] FATAL ProcessLogger [(null)] - 界面3  190321-166   12/28/2017 9:14:15
2017-12-28 09:14:15,216 [9] FATAL ProcessLogger [(null)] - 界面3  190432-166   12/28/2017 9:14:15
2017-12-28 09:14:15,216 [9] FATAL ProcessLogger [(null)] - 界面3  190321-166   12/28/2017 9:14:15
2017-12-28 09:14:15,218 [9] FATAL ProcessLogger [(null)] - 界面3  190432-166   12/28/2017 9:14:15
2017-12-28 09:14:15,218 [9] FATAL ProcessLogger [(null)] - 界面3  190321-166   12/28/2017 9:14:15
2017-12-28 09:14:15,221 [9] FATAL ProcessLogger [(null)] - 界面3  190432-166   12/28/2017 9:14:15
2017-12-28 09:14:15,221 [9] FATAL ProcessLogger [(null)] - 界面3  190321-166   12/28/2017 9:14:15
2017-12-28 09:14:15,223 [9] FATAL ProcessLogger [(null)] - 界面3  190432-166   12/28/2017 9:14:15
2017-12-28 09:14:15,411 [9] FATAL ProcessLogger [(null)] - 界面3  190321-166   12/28/2017 9:14:15
2017-12-28 09:14:15,413 [9] FATAL ProcessLogger [(null)] - 界面3  190432-166   12/28/2017 9:14:15
2017-12-28 09:14:15,413 [9] FATAL ProcessLogger [(null)] - 界面3  190321-166   12/28/2017 9:14:15
2017-12-28 09:14:15,416 [9] FATAL ProcessLogger [(null)] - 界面3  190432-166   12/28/2017 9:14:15
2017-12-28 09:14:15,416 [9] FATAL ProcessLogger [(null)] - 界面3  190321-166   12/28/2017 9:14:15
2017-12-28 09:14:15,418 [9] FATAL ProcessLogger [(null)] - 界面3  190432-166   12/28/2017 9:14:15
2017-12-28 09:14:15,418 [9] FATAL ProcessLogger [(null)] - 界面3  190321-166   12/28/2017 9:14:15
2017-12-28 09:14:15,421 [9] FATAL ProcessLogger [(null)] - 界面3  190432-166   12/28/2017 9:14:15
2017-12-28 09:14:15,421 [9] FATAL ProcessLogger [(null)] - 界面3  190321-166   12/28/2017 9:14:15
2017-12-28 09:14:15,423 [9] FATAL ProcessLogger [(null)] - 界面3  190432-166   12/28/2017 9:14:15
2017-12-28 09:14:15,611 [9] FATAL ProcessLogger [(null)] - 界面3  190321-166   12/28/2017 9:14:15
2017-12-28 09:14:15,614 [9] FATAL ProcessLogger [(null)] - 界面3  190432-166   12/28/2017 9:14:15
2017-12-28 09:14:15,614 [9] FATAL ProcessLogger [(null)] - 界面3  190321-166   12/28/2017 9:14:15
2017-12-28 09:14:15,616 [9] FATAL ProcessLogger [(null)] - 界面3  190432-166   12/28/2017 9:14:15
2017-12-28 09:14:15,616 [9] FATAL ProcessLogger [(null)] - 界面3  190321-166   12/28/2017 9:14:15
2017-12-28 09:14:15,618 [9] FATAL ProcessLogger [(null)] - 界面3  190432-166   12/28/2017 9:14:15
2017-12-28 09:14:15,618 [9] FATAL ProcessLogger [(null)] - 界面3  190321-166   12/28/2017 9:14:15
2017-12-28 09:14:15,621 [9] FATAL ProcessLogger [(null)] - 界面3  190432-166   12/28/2017 9:14:15
2017-12-28 09:14:15,621 [9] FATAL ProcessLogger [(null)] - 界面3  190321-166   12/28/2017 9:14:15
2017-12-28 09:14:15,813 [9] FATAL ProcessLogger [(null)] - 界面3  190432-166   12/28/2017 9:14:15
2017-12-28 09:14:15,814 [9] FATAL ProcessLogger [(null)] - 界面3  190321-166   12/28/2017 9:14:15
2017-12-28 09:14:15,816 [9] FATAL ProcessLogger [(null)] - 界面3  190432-166   12/28/2017 9:14:15
2017-12-28 09:14:15,816 [9] FATAL ProcessLogger [(null)] - 界面3  190321-166   12/28/2017 9:14:15
2017-12-28 09:14:15,818 [9] FATAL ProcessLogger [(null)] - 界面3  190432-166   12/28/2017 9:14:15
2017-12-28 09:14:15,818 [9] FATAL ProcessLogger [(null)] - 界面3  190321-166   12/28/2017 9:14:15
2017-12-28 09:14:15,820 [9] FATAL ProcessLogger [(null)] - 界面3  190432-166   12/28/2017 9:14:15
2017-12-28 09:14:15,821 [9] FATAL ProcessLogger [(null)] - 界面3  190321-166   12/28/2017 9:14:15
2017-12-28 09:14:15,823 [9] FATAL ProcessLogger [(null)] - 界面3  190432-166   12/28/2017 9:14:15
2017-12-28 09:14:16,011 [9] FATAL ProcessLogger [(null)] - 界面3  190321-166   12/28/2017 9:14:16
2017-12-28 09:14:16,013 [9] FATAL ProcessLogger [(null)] - 界面3  190432-166   12/28/2017 9:14:16
2017-12-28 09:14:16,014 [9] FATAL ProcessLogger [(null)] - 界面3  190321-166   12/28/2017 9:14:16
2017-12-28 09:14:16,016 [9] FATAL ProcessLogger [(null)] - 界面3  190432-166   12/28/2017 9:14:16
2017-12-28 09:14:16,016 [9] FATAL ProcessLogger [(null)] - 界面3  190321-166   12/28/2017 9:14:16
2017-12-28 09:14:16,018 [9] FATAL ProcessLogger [(null)] - 界面3  190432-166   12/28/2017 9:14:16
2017-12-28 09:14:16,019 [9] FATAL ProcessLogger [(null)] - 界面3  190321-166   12/28/2017 9:14:16
2017-12-28 09:14:16,021 [9] FATAL ProcessLogger [(null)] - 界面3  190432-166   12/28/2017 9:14:16
2017-12-28 09:14:16,021 [9] FATAL ProcessLogger [(null)] - 界面3  190321-166   12/28/2017 9:14:16
2017-12-28 09:14:16,023 [9] FATAL ProcessLogger [(null)] - 界面3  190432-166   12/28/2017 9:14:16
2017-12-28 09:14:16,211 [9] FATAL ProcessLogger [(null)] - 界面3  190321-166   12/28/2017 9:14:16
2017-12-28 09:14:16,212 [9] FATAL ProcessLogger [(null)] - 界面3  190432-166   12/28/2017 9:14:16
2017-12-28 09:14:16,212 [9] FATAL ProcessLogger [(null)] - 界面3  190321-166   12/28/2017 9:14:16
2017-12-28 09:14:16,212 [9] FATAL ProcessLogger [(null)] - 界面3  190432-166   12/28/2017 9:14:16
2017-12-28 09:14:16,212 [9] FATAL ProcessLogger [(null)] - 界面3  190321-166   12/28/2017 9:14:16
2017-12-28 09:14:16,213 [9] FATAL ProcessLogger [(null)] - 界面3  190432-166   12/28/2017 9:14:16
2017-12-28 09:14:16,213 [9] FATAL ProcessLogger [(null)] - 界面3  190321-166   12/28/2017 9:14:16
2017-12-28 09:14:16,214 [9] FATAL ProcessLogger [(null)] - 界面3  190432-166   12/28/2017 9:14:16
2017-12-28 09:14:16,214 [9] FATAL ProcessLogger [(null)] - 界面3  190321-166   12/28/2017 9:14:16
2017-12-28 09:14:16,414 [9] FATAL ProcessLogger [(null)] - 界面3  190432-166   12/28/2017 9:14:16
2017-12-28 09:14:16,414 [9] FATAL ProcessLogger [(null)] - 界面3  190321-166   12/28/2017 9:14:16
2017-12-28 09:14:16,415 [9] FATAL ProcessLogger [(null)] - 界面3  190432-166   12/28/2017 9:14:16
2017-12-28 09:14:16,415 [9] FATAL ProcessLogger [(null)] - 界面3  190321-166   12/28/2017 9:14:16
2017-12-28 09:14:16,416 [9] FATAL ProcessLogger [(null)] - 界面3  190432-166   12/28/2017 9:14:16
2017-12-28 09:14:16,416 [9] FATAL ProcessLogger [(null)] - 界面3  190321-166   12/28/2017 9:14:16
2017-12-28 09:14:16,416 [9] FATAL ProcessLogger [(null)] - 界面3  190432-166   12/28/2017 9:14:16
2017-12-28 09:14:16,416 [9] FATAL ProcessLogger [(null)] - 界面3  190321-166   12/28/2017 9:14:16
2017-12-28 09:14:16,417 [9] FATAL ProcessLogger [(null)] - 界面3  190432-166   12/28/2017 9:14:16
2017-12-28 09:14:16,417 [9] FATAL ProcessLogger [(null)] - 界面3  190321-166   12/28/2017 9:14:16
2017-12-28 09:14:16,616 [9] FATAL ProcessLogger [(null)] - 界面3  190432-166   12/28/2017 9:14:16
2017-12-28 09:14:16,616 [9] FATAL ProcessLogger [(null)] - 界面3  190321-166   12/28/2017 9:14:16
2017-12-28 09:14:16,619 [9] FATAL ProcessLogger [(null)] - 界面3  190432-166   12/28/2017 9:14:16
2017-12-28 09:14:16,619 [9] FATAL ProcessLogger [(null)] - 界面3  190321-166   12/28/2017 9:14:16
2017-12-28 09:14:16,621 [9] FATAL ProcessLogger [(null)] - 界面3  190432-166   12/28/2017 9:14:16
2017-12-28 09:14:16,621 [9] FATAL ProcessLogger [(null)] - 界面3  190321-166   12/28/2017 9:14:16
2017-12-28 09:14:16,623 [9] FATAL ProcessLogger [(null)] - 界面3  190432-166   12/28/2017 9:14:16
2017-12-28 09:14:16,623 [9] FATAL ProcessLogger [(null)] - 界面3  190321-166   12/28/2017 9:14:16
2017-12-28 09:14:16,625 [9] FATAL ProcessLogger [(null)] - 界面3  190432-166   12/28/2017 9:14:16
2017-12-28 09:14:16,814 [9] FATAL ProcessLogger [(null)] - 界面3  190321-166   12/28/2017 9:14:16
2017-12-28 09:14:16,816 [9] FATAL ProcessLogger [(null)] - 界面3  190432-166   12/28/2017 9:14:16
2017-12-28 09:14:16,816 [9] FATAL ProcessLogger [(null)] - 界面3  190321-166   12/28/2017 9:14:16
2017-12-28 09:14:16,819 [9] FATAL ProcessLogger [(null)] - 界面3  190432-166   12/28/2017 9:14:16
2017-12-28 09:14:16,819 [9] FATAL ProcessLogger [(null)] - 界面3  190321-166   12/28/2017 9:14:16
2017-12-28 09:14:16,821 [9] FATAL ProcessLogger [(null)] - 界面3  190432-166   12/28/2017 9:14:16
2017-12-28 09:14:16,821 [9] FATAL ProcessLogger [(null)] - 界面3  190321-166   12/28/2017 9:14:16
2017-12-28 09:14:16,823 [9] FATAL ProcessLogger [(null)] - 界面3  190432-166   12/28/2017 9:14:16
2017-12-28 09:14:16,823 [9] FATAL ProcessLogger [(null)] - 界面3  190321-166   12/28/2017 9:14:16
2017-12-28 09:14:16,826 [9] FATAL ProcessLogger [(null)] - 读取中奖信息  19230512/28/2017 9:14:16
2017-12-28 09:14:17,019 [9] FATAL ProcessLogger [(null)] - AnalysisWebInfo2接入 8990212/28/2017 9:14:17
2017-12-28 09:14:17,032 [9] FATAL ProcessLogger [(null)] - AnalysisWebInfo2接入 8990212/28/2017 9:14:17
2017-12-28 09:14:22,569 [9] FATAL ProcessLogger [(null)] - AnalysisWebInfo2接入 8990212/28/2017 9:14:22
2017-12-28 09:14:22,569 [9] FATAL ProcessLogger [(null)] - 获取中奖信息  190612/28/2017 9:14:22
2017-12-28 09:14:22,570 [9] FATAL ProcessLogger [(null)] - AnalysisWebInfo2接入 8990212/28/2017 9:14:22
2017-12-28 09:14:22,571 [9] FATAL ProcessLogger [(null)] - 获取中奖信息  190612/28/2017 9:14:22
2017-12-28 09:14:22,581 [9] FATAL ProcessLogger [(null)] - AnalysisWebInfo2接入 8990212/28/2017 9:14:22
2017-12-28 09:14:22,581 [9] FATAL ProcessLogger [(null)] - 获取中奖信息  190612/28/2017 9:14:22
2017-12-28 09:14:22,582 [9] FATAL ProcessLogger [(null)] - 获取中奖信息  190712/28/2017 9:14:22
2017-12-28 09:14:22,967 [9] FATAL ProcessLogger [(null)] - 获取中奖信息  191012/28/2017 9:14:22
2017-12-28 09:14:22,975 [9] FATAL ProcessLogger [(null)] - 获取中奖信息  191012/28/2017 9:14:22
2017-12-28 09:14:22,975 [9] FATAL ProcessLogger [(null)] - 获取中奖信息结束  190912/28/2017 9:14:22
2017-12-28 09:14:23,187 [9] FATAL ProcessLogger [(null)] - ReadServer_tuijanhaoma open12/28/2017 9:14:23
2017-12-28 09:14:23,316 [9] FATAL ProcessLogger [(null)] - ReadServer_tuijanhaoma open 112/28/2017 9:14:23
2017-12-28 09:14:23,316 [9] FATAL ProcessLogger [(null)] - ReadServer_tuijanhaoma open 212/28/2017 9:14:23
2017-12-28 09:14:23,320 [9] FATAL ProcessLogger [(null)] - ReadServer_tuijanhaoma open 312/28/2017 9:14:23
2017-12-28 09:14:23,323 [9] FATAL ProcessLogger [(null)] - ReadServer_lishizhongjian 112/28/2017 9:14:23
2017-12-28 09:14:23,364 [9] FATAL ProcessLogger [(null)] - ReadHistroy 991212/28/2017 9:14:23
2017-12-28 09:15:25,057 [9] FATAL ProcessLogger [(null)] - System Start 12/28/2017 9:15:25
2017-12-28 09:15:25,124 [9] FATAL ProcessLogger [(null)] - login12/28/2017 9:15:25
2017-12-28 09:17:01,267 [9] FATAL ProcessLogger [(null)] - System Start 12/28/2017 9:17:01
2017-12-28 09:17:01,318 [9] FATAL ProcessLogger [(null)] - login12/28/2017 9:17:01
