2017-12-27 23:09:57,207 [9] FATAL ProcessLogger [(null)] - System Start 12/27/2017 23:09:57
2017-12-27 23:09:57,272 [9] FATAL ProcessLogger [(null)] - login12/27/2017 23:09:57
2017-12-27 23:10:00,941 [9] FATAL ProcessLogger [(null)] - System Start 12/27/2017 23:10:00
2017-12-27 23:10:04,356 [9] FATAL ProcessLogger [(null)] - 读取NewMethod12/27/2017 23:10:04
2017-12-27 23:10:04,365 [9] FATAL ProcessLogger [(null)] - 读取中 090112/27/2017 23:10:04
2017-12-27 23:10:04,403 [9] FATAL ProcessLogger [(null)] - 读取中 09010 12/27/2017 23:10:04
2017-12-27 23:10:04,469 [9] FATAL ProcessLogger [(null)] - 接入 前 091101 12/27/2017 23:10:04
2017-12-27 23:10:04,469 [9] FATAL ProcessLogger [(null)] - 接入 前 091102 12/27/2017 23:10:04
2017-12-27 23:10:04,708 [9] FATAL ProcessLogger [(null)] - AnalysisWebInfo2接入 8990212/27/2017 23:10:04
2017-12-27 23:10:04,708 [9] FATAL ProcessLogger [(null)] - 接入界面12/27/2017 23:10:04
2017-12-27 23:10:04,729 [9] FATAL ProcessLogger [(null)] - 接入界面 00212/27/2017 23:10:04
2017-12-27 23:10:53,473 [9] FATAL ProcessLogger [(null)] - System Start 12/27/2017 23:10:53
2017-12-27 23:10:53,534 [9] FATAL ProcessLogger [(null)] - login12/27/2017 23:10:53
2017-12-27 23:11:00,541 [9] FATAL ProcessLogger [(null)] - System Start 12/27/2017 23:11:00
2017-12-27 23:11:03,746 [9] FATAL ProcessLogger [(null)] - 读取NewMethod12/27/2017 23:11:03
2017-12-27 23:11:03,754 [9] FATAL ProcessLogger [(null)] - 读取中 090112/27/2017 23:11:03
2017-12-27 23:11:09,079 [9] FATAL ProcessLogger [(null)] - 读取中 09010 12/27/2017 23:11:09
2017-12-27 23:11:09,131 [9] FATAL ProcessLogger [(null)] - 接入 前 091101 12/27/2017 23:11:09
2017-12-27 23:11:09,131 [9] FATAL ProcessLogger [(null)] - 接入 前 091102 12/27/2017 23:11:09
2017-12-27 23:11:09,452 [9] FATAL ProcessLogger [(null)] - AnalysisWebInfo2接入 8990212/27/2017 23:11:09
2017-12-27 23:11:09,453 [9] FATAL ProcessLogger [(null)] - 接入界面12/27/2017 23:11:09
2017-12-27 23:11:09,475 [9] FATAL ProcessLogger [(null)] - 接入界面 00212/27/2017 23:11:09
2017-12-27 23:11:14,274 [9] FATAL ProcessLogger [(null)] - 读取NewMethod12/27/2017 23:11:14
2017-12-27 23:11:14,274 [9] FATAL ProcessLogger [(null)] - 读取中 090112/27/2017 23:11:14
2017-12-27 23:11:14,370 [9] FATAL ProcessLogger [(null)] - 读取中 09010 12/27/2017 23:11:14
2017-12-27 23:11:14,373 [9] FATAL ProcessLogger [(null)] - 接入 前 091101 12/27/2017 23:11:14
2017-12-27 23:11:14,373 [9] FATAL ProcessLogger [(null)] - 接入 前 091102 12/27/2017 23:11:14
2017-12-27 23:11:14,523 [9] FATAL ProcessLogger [(null)] - AnalysisWebInfo2接入 8990212/27/2017 23:11:14
2017-12-27 23:11:14,525 [9] FATAL ProcessLogger [(null)] - 接入界面12/27/2017 23:11:14
2017-12-27 23:11:14,525 [9] FATAL ProcessLogger [(null)] - 接入界面 00212/27/2017 23:11:14
2017-12-27 23:11:15,748 [9] FATAL ProcessLogger [(null)] - 读取NewMethod12/27/2017 23:11:15
2017-12-27 23:11:15,748 [9] FATAL ProcessLogger [(null)] - 读取中 090112/27/2017 23:11:15
2017-12-27 23:11:15,853 [9] FATAL ProcessLogger [(null)] - 读取中 09010 12/27/2017 23:11:15
2017-12-27 23:11:15,856 [9] FATAL ProcessLogger [(null)] - 接入 前 091101 12/27/2017 23:11:15
2017-12-27 23:11:15,856 [9] FATAL ProcessLogger [(null)] - 接入 前 091102 12/27/2017 23:11:15
2017-12-27 23:11:16,858 [9] FATAL ProcessLogger [(null)] - AnalysisWebInfo2接入 8990212/27/2017 23:11:16
2017-12-27 23:11:16,858 [9] FATAL ProcessLogger [(null)] - 接入界面12/27/2017 23:11:16
2017-12-27 23:11:16,919 [9] FATAL ProcessLogger [(null)] - 接入界面 00212/27/2017 23:11:16
2017-12-27 23:11:16,920 [9] FATAL ProcessLogger [(null)] - AnalysisWebInfo2接入 8990212/27/2017 23:11:16
2017-12-27 23:11:16,920 [9] FATAL ProcessLogger [(null)] - 界面2  190112/27/2017 23:11:16
2017-12-27 23:11:20,033 [9] FATAL ProcessLogger [(null)] - AnalysisWebInfo2接入 8990212/27/2017 23:11:20
2017-12-27 23:11:20,033 [9] FATAL ProcessLogger [(null)] - 界面2  190112/27/2017 23:11:20
2017-12-27 23:11:20,035 [9] FATAL ProcessLogger [(null)] - AnalysisWebInfo2接入 8990212/27/2017 23:11:20
2017-12-27 23:11:20,059 [9] FATAL ProcessLogger [(null)] - AnalysisWebInfo2接入 8990212/27/2017 23:11:20
2017-12-27 23:11:26,427 [9] FATAL ProcessLogger [(null)] - AnalysisWebInfo2接入 8990212/27/2017 23:11:26
2017-12-27 23:11:26,427 [9] FATAL ProcessLogger [(null)] - 界面3  190212/27/2017 23:11:26
2017-12-27 23:11:26,428 [9] FATAL ProcessLogger [(null)] - 界面3  190312/27/2017 23:11:26
2017-12-27 23:11:26,482 [9] FATAL ProcessLogger [(null)] - AnalysisWebInfo2接入 8990212/27/2017 23:11:26
2017-12-27 23:11:26,482 [9] FATAL ProcessLogger [(null)] - 界面3  190212/27/2017 23:11:26
2017-12-27 23:11:26,483 [9] FATAL ProcessLogger [(null)] - 界面3  190312/27/2017 23:11:26
2017-12-27 23:11:30,147 [9] FATAL ProcessLogger [(null)] - 界面3  1904-331   12/27/2017 23:11:30
2017-12-27 23:11:30,148 [9] FATAL ProcessLogger [(null)] - 界面3  190432-331   12/27/2017 23:11:30
2017-12-27 23:11:30,148 [9] FATAL ProcessLogger [(null)] - 界面3  190321-331   12/27/2017 23:11:30
2017-12-27 23:11:30,170 [9] FATAL ProcessLogger [(null)] - 界面3  190432-331   12/27/2017 23:11:30
2017-12-27 23:11:30,170 [9] FATAL ProcessLogger [(null)] - 界面3  190321-331   12/27/2017 23:11:30
2017-12-27 23:11:30,171 [9] FATAL ProcessLogger [(null)] - 界面3  190432-331   12/27/2017 23:11:30
2017-12-27 23:11:30,171 [9] FATAL ProcessLogger [(null)] - 界面3  190321-331   12/27/2017 23:11:30
2017-12-27 23:11:30,171 [9] FATAL ProcessLogger [(null)] - 界面3  190432-331   12/27/2017 23:11:30
2017-12-27 23:11:30,171 [9] FATAL ProcessLogger [(null)] - 界面3  190321-331   12/27/2017 23:11:30
2017-12-27 23:11:30,172 [9] FATAL ProcessLogger [(null)] - 界面3  190432-331   12/27/2017 23:11:30
2017-12-27 23:11:30,172 [9] FATAL ProcessLogger [(null)] - 界面3  190321-331   12/27/2017 23:11:30
2017-12-27 23:11:30,173 [9] FATAL ProcessLogger [(null)] - 界面3  190432-331   12/27/2017 23:11:30
2017-12-27 23:11:30,173 [9] FATAL ProcessLogger [(null)] - 界面3  190321-331   12/27/2017 23:11:30
2017-12-27 23:11:30,361 [9] FATAL ProcessLogger [(null)] - 界面3  190432-331   12/27/2017 23:11:30
2017-12-27 23:11:30,361 [9] FATAL ProcessLogger [(null)] - 界面3  190321-331   12/27/2017 23:11:30
2017-12-27 23:11:30,363 [9] FATAL ProcessLogger [(null)] - 界面3  190432-331   12/27/2017 23:11:30
2017-12-27 23:11:30,364 [9] FATAL ProcessLogger [(null)] - 界面3  190321-331   12/27/2017 23:11:30
2017-12-27 23:11:30,366 [9] FATAL ProcessLogger [(null)] - 界面3  190432-331   12/27/2017 23:11:30
2017-12-27 23:11:30,366 [9] FATAL ProcessLogger [(null)] - 界面3  190321-331   12/27/2017 23:11:30
2017-12-27 23:11:30,368 [9] FATAL ProcessLogger [(null)] - 界面3  190432-331   12/27/2017 23:11:30
2017-12-27 23:11:30,368 [9] FATAL ProcessLogger [(null)] - 界面3  190321-331   12/27/2017 23:11:30
2017-12-27 23:11:30,370 [9] FATAL ProcessLogger [(null)] - 界面3  190432-331   12/27/2017 23:11:30
2017-12-27 23:11:30,559 [9] FATAL ProcessLogger [(null)] - 界面3  190321-331   12/27/2017 23:11:30
2017-12-27 23:11:30,561 [9] FATAL ProcessLogger [(null)] - 界面3  190432-331   12/27/2017 23:11:30
2017-12-27 23:11:30,561 [9] FATAL ProcessLogger [(null)] - 界面3  190321-331   12/27/2017 23:11:30
2017-12-27 23:11:30,563 [9] FATAL ProcessLogger [(null)] - 界面3  190432-331   12/27/2017 23:11:30
2017-12-27 23:11:30,563 [9] FATAL ProcessLogger [(null)] - 界面3  190321-331   12/27/2017 23:11:30
2017-12-27 23:11:30,565 [9] FATAL ProcessLogger [(null)] - 界面3  190432-331   12/27/2017 23:11:30
2017-12-27 23:11:30,565 [9] FATAL ProcessLogger [(null)] - 界面3  190321-331   12/27/2017 23:11:30
2017-12-27 23:11:30,567 [9] FATAL ProcessLogger [(null)] - 界面3  190432-331   12/27/2017 23:11:30
2017-12-27 23:11:30,567 [9] FATAL ProcessLogger [(null)] - 界面3  190321-331   12/27/2017 23:11:30
2017-12-27 23:11:30,569 [9] FATAL ProcessLogger [(null)] - 界面3  190432-331   12/27/2017 23:11:30
2017-12-27 23:11:30,759 [9] FATAL ProcessLogger [(null)] - 界面3  190321-331   12/27/2017 23:11:30
2017-12-27 23:11:30,761 [9] FATAL ProcessLogger [(null)] - 界面3  190432-331   12/27/2017 23:11:30
2017-12-27 23:11:30,762 [9] FATAL ProcessLogger [(null)] - 界面3  190321-331   12/27/2017 23:11:30
2017-12-27 23:11:30,764 [9] FATAL ProcessLogger [(null)] - 界面3  190432-331   12/27/2017 23:11:30
2017-12-27 23:11:30,764 [9] FATAL ProcessLogger [(null)] - 界面3  190321-331   12/27/2017 23:11:30
2017-12-27 23:11:30,766 [9] FATAL ProcessLogger [(null)] - 界面3  190432-331   12/27/2017 23:11:30
2017-12-27 23:11:30,766 [9] FATAL ProcessLogger [(null)] - 界面3  190321-331   12/27/2017 23:11:30
2017-12-27 23:11:30,768 [9] FATAL ProcessLogger [(null)] - 界面3  190432-331   12/27/2017 23:11:30
2017-12-27 23:11:30,768 [9] FATAL ProcessLogger [(null)] - 界面3  190321-331   12/27/2017 23:11:30
2017-12-27 23:11:30,961 [9] FATAL ProcessLogger [(null)] - 界面3  190432-331   12/27/2017 23:11:30
2017-12-27 23:11:30,962 [9] FATAL ProcessLogger [(null)] - 界面3  190321-331   12/27/2017 23:11:30
2017-12-27 23:11:30,964 [9] FATAL ProcessLogger [(null)] - 界面3  190432-331   12/27/2017 23:11:30
2017-12-27 23:11:30,964 [9] FATAL ProcessLogger [(null)] - 界面3  190321-331   12/27/2017 23:11:30
2017-12-27 23:11:30,967 [9] FATAL ProcessLogger [(null)] - 界面3  190432-331   12/27/2017 23:11:30
2017-12-27 23:11:30,967 [9] FATAL ProcessLogger [(null)] - 界面3  190321-331   12/27/2017 23:11:30
2017-12-27 23:11:30,969 [9] FATAL ProcessLogger [(null)] - 界面3  190432-331   12/27/2017 23:11:30
2017-12-27 23:11:30,969 [9] FATAL ProcessLogger [(null)] - 界面3  190321-331   12/27/2017 23:11:30
2017-12-27 23:11:30,972 [9] FATAL ProcessLogger [(null)] - 界面3  190432-331   12/27/2017 23:11:30
2017-12-27 23:11:31,159 [9] FATAL ProcessLogger [(null)] - 界面3  190321-331   12/27/2017 23:11:31
2017-12-27 23:11:31,162 [9] FATAL ProcessLogger [(null)] - 界面3  190432-331   12/27/2017 23:11:31
2017-12-27 23:11:31,162 [9] FATAL ProcessLogger [(null)] - 界面3  190321-331   12/27/2017 23:11:31
2017-12-27 23:11:31,164 [9] FATAL ProcessLogger [(null)] - 界面3  190432-331   12/27/2017 23:11:31
2017-12-27 23:11:31,164 [9] FATAL ProcessLogger [(null)] - 界面3  190321-331   12/27/2017 23:11:31
2017-12-27 23:11:31,168 [9] FATAL ProcessLogger [(null)] - 界面3  190432-331   12/27/2017 23:11:31
2017-12-27 23:11:31,168 [9] FATAL ProcessLogger [(null)] - 界面3  190321-331   12/27/2017 23:11:31
2017-12-27 23:11:31,172 [9] FATAL ProcessLogger [(null)] - 界面3  190432-331   12/27/2017 23:11:31
2017-12-27 23:11:31,172 [9] FATAL ProcessLogger [(null)] - 界面3  190321-331   12/27/2017 23:11:31
2017-12-27 23:11:31,175 [9] FATAL ProcessLogger [(null)] - 界面3  190432-331   12/27/2017 23:11:31
2017-12-27 23:11:31,359 [9] FATAL ProcessLogger [(null)] - 界面3  190321-331   12/27/2017 23:11:31
2017-12-27 23:11:31,360 [9] FATAL ProcessLogger [(null)] - 界面3  190432-331   12/27/2017 23:11:31
2017-12-27 23:11:31,361 [9] FATAL ProcessLogger [(null)] - 界面3  190321-331   12/27/2017 23:11:31
2017-12-27 23:11:31,362 [9] FATAL ProcessLogger [(null)] - 界面3  190432-331   12/27/2017 23:11:31
2017-12-27 23:11:31,362 [9] FATAL ProcessLogger [(null)] - 界面3  190321-331   12/27/2017 23:11:31
2017-12-27 23:11:31,364 [9] FATAL ProcessLogger [(null)] - 界面3  190432-331   12/27/2017 23:11:31
2017-12-27 23:11:31,364 [9] FATAL ProcessLogger [(null)] - 界面3  190321-331   12/27/2017 23:11:31
2017-12-27 23:11:31,365 [9] FATAL ProcessLogger [(null)] - 界面3  190432-331   12/27/2017 23:11:31
2017-12-27 23:11:31,366 [9] FATAL ProcessLogger [(null)] - 界面3  190321-331   12/27/2017 23:11:31
2017-12-27 23:11:31,561 [9] FATAL ProcessLogger [(null)] - 界面3  190432-331   12/27/2017 23:11:31
2017-12-27 23:11:31,561 [9] FATAL ProcessLogger [(null)] - 界面3  190321-331   12/27/2017 23:11:31
2017-12-27 23:11:31,564 [9] FATAL ProcessLogger [(null)] - 界面3  190432-331   12/27/2017 23:11:31
2017-12-27 23:11:31,564 [9] FATAL ProcessLogger [(null)] - 界面3  190321-331   12/27/2017 23:11:31
2017-12-27 23:11:31,566 [9] FATAL ProcessLogger [(null)] - 界面3  190432-331   12/27/2017 23:11:31
2017-12-27 23:11:31,566 [9] FATAL ProcessLogger [(null)] - 界面3  190321-331   12/27/2017 23:11:31
2017-12-27 23:11:31,569 [9] FATAL ProcessLogger [(null)] - 界面3  190432-331   12/27/2017 23:11:31
2017-12-27 23:11:31,569 [9] FATAL ProcessLogger [(null)] - 界面3  190321-331   12/27/2017 23:11:31
2017-12-27 23:11:31,570 [9] FATAL ProcessLogger [(null)] - 界面3  190432-331   12/27/2017 23:11:31
2017-12-27 23:11:31,570 [9] FATAL ProcessLogger [(null)] - 界面3  190321-331   12/27/2017 23:11:31
2017-12-27 23:11:31,770 [9] FATAL ProcessLogger [(null)] - 界面3  190432-331   12/27/2017 23:11:31
2017-12-27 23:11:31,770 [9] FATAL ProcessLogger [(null)] - 界面3  190321-331   12/27/2017 23:11:31
2017-12-27 23:11:31,771 [9] FATAL ProcessLogger [(null)] - 界面3  190432-331   12/27/2017 23:11:31
2017-12-27 23:11:31,771 [9] FATAL ProcessLogger [(null)] - 界面3  190321-331   12/27/2017 23:11:31
2017-12-27 23:11:31,772 [9] FATAL ProcessLogger [(null)] - 界面3  190432-331   12/27/2017 23:11:31
2017-12-27 23:11:31,772 [9] FATAL ProcessLogger [(null)] - 界面3  190321-331   12/27/2017 23:11:31
2017-12-27 23:11:31,774 [9] FATAL ProcessLogger [(null)] - 界面3  190432-331   12/27/2017 23:11:31
2017-12-27 23:11:31,774 [9] FATAL ProcessLogger [(null)] - 界面3  190321-331   12/27/2017 23:11:31
2017-12-27 23:11:31,775 [9] FATAL ProcessLogger [(null)] - 界面3  190432-331   12/27/2017 23:11:31
2017-12-27 23:11:31,969 [9] FATAL ProcessLogger [(null)] - 界面3  190321-331   12/27/2017 23:11:31
2017-12-27 23:11:31,971 [9] FATAL ProcessLogger [(null)] - 界面3  190432-331   12/27/2017 23:11:31
2017-12-27 23:11:31,971 [9] FATAL ProcessLogger [(null)] - 界面3  190321-331   12/27/2017 23:11:31
2017-12-27 23:11:31,973 [9] FATAL ProcessLogger [(null)] - 界面3  190432-331   12/27/2017 23:11:31
2017-12-27 23:11:31,973 [9] FATAL ProcessLogger [(null)] - 界面3  190321-331   12/27/2017 23:11:31
2017-12-27 23:11:31,975 [9] FATAL ProcessLogger [(null)] - 界面3  190432-331   12/27/2017 23:11:31
2017-12-27 23:11:31,975 [9] FATAL ProcessLogger [(null)] - 界面3  190321-331   12/27/2017 23:11:31
2017-12-27 23:11:31,976 [9] FATAL ProcessLogger [(null)] - 界面3  190432-331   12/27/2017 23:11:31
2017-12-27 23:11:31,977 [9] FATAL ProcessLogger [(null)] - 界面3  190321-331   12/27/2017 23:11:31
2017-12-27 23:11:32,171 [9] FATAL ProcessLogger [(null)] - 界面3  190432-331   12/27/2017 23:11:32
2017-12-27 23:11:32,171 [9] FATAL ProcessLogger [(null)] - 界面3  190321-331   12/27/2017 23:11:32
2017-12-27 23:11:32,173 [9] FATAL ProcessLogger [(null)] - 界面3  190432-331   12/27/2017 23:11:32
2017-12-27 23:11:32,173 [9] FATAL ProcessLogger [(null)] - 界面3  190321-331   12/27/2017 23:11:32
2017-12-27 23:11:32,174 [9] FATAL ProcessLogger [(null)] - 界面3  190432-331   12/27/2017 23:11:32
2017-12-27 23:11:32,175 [9] FATAL ProcessLogger [(null)] - 界面3  190321-331   12/27/2017 23:11:32
2017-12-27 23:11:32,176 [9] FATAL ProcessLogger [(null)] - 界面3  190432-331   12/27/2017 23:11:32
2017-12-27 23:11:32,177 [9] FATAL ProcessLogger [(null)] - 界面3  190321-331   12/27/2017 23:11:32
2017-12-27 23:11:32,179 [9] FATAL ProcessLogger [(null)] - 界面3  190432-331   12/27/2017 23:11:32
2017-12-27 23:11:32,179 [9] FATAL ProcessLogger [(null)] - 界面3  190321-331   12/27/2017 23:11:32
2017-12-27 23:11:32,371 [9] FATAL ProcessLogger [(null)] - 界面3  190432-331   12/27/2017 23:11:32
2017-12-27 23:11:32,371 [9] FATAL ProcessLogger [(null)] - 界面3  190321-331   12/27/2017 23:11:32
2017-12-27 23:11:32,374 [9] FATAL ProcessLogger [(null)] - 界面3  190432-331   12/27/2017 23:11:32
2017-12-27 23:11:32,374 [9] FATAL ProcessLogger [(null)] - 界面3  190321-331   12/27/2017 23:11:32
2017-12-27 23:11:32,376 [9] FATAL ProcessLogger [(null)] - 界面3  190432-331   12/27/2017 23:11:32
2017-12-27 23:11:32,376 [9] FATAL ProcessLogger [(null)] - 界面3  190321-331   12/27/2017 23:11:32
2017-12-27 23:11:32,378 [9] FATAL ProcessLogger [(null)] - 界面3  190432-331   12/27/2017 23:11:32
2017-12-27 23:11:32,379 [9] FATAL ProcessLogger [(null)] - 界面3  190321-331   12/27/2017 23:11:32
2017-12-27 23:11:32,381 [9] FATAL ProcessLogger [(null)] - 界面3  190432-331   12/27/2017 23:11:32
2017-12-27 23:11:32,569 [9] FATAL ProcessLogger [(null)] - 界面3  190321-331   12/27/2017 23:11:32
2017-12-27 23:11:32,570 [9] FATAL ProcessLogger [(null)] - 界面3  190432-331   12/27/2017 23:11:32
2017-12-27 23:11:32,570 [9] FATAL ProcessLogger [(null)] - 界面3  190321-331   12/27/2017 23:11:32
2017-12-27 23:11:32,571 [9] FATAL ProcessLogger [(null)] - 界面3  190432-331   12/27/2017 23:11:32
2017-12-27 23:11:32,571 [9] FATAL ProcessLogger [(null)] - 界面3  190321-331   12/27/2017 23:11:32
2017-12-27 23:11:32,573 [9] FATAL ProcessLogger [(null)] - 界面3  190432-331   12/27/2017 23:11:32
2017-12-27 23:11:32,573 [9] FATAL ProcessLogger [(null)] - 界面3  190321-331   12/27/2017 23:11:32
2017-12-27 23:11:32,574 [9] FATAL ProcessLogger [(null)] - 界面3  190432-331   12/27/2017 23:11:32
2017-12-27 23:11:32,574 [9] FATAL ProcessLogger [(null)] - 界面3  190321-331   12/27/2017 23:11:32
2017-12-27 23:11:32,771 [9] FATAL ProcessLogger [(null)] - 界面3  190432-331   12/27/2017 23:11:32
2017-12-27 23:11:32,772 [9] FATAL ProcessLogger [(null)] - 界面3  190321-331   12/27/2017 23:11:32
2017-12-27 23:11:32,774 [9] FATAL ProcessLogger [(null)] - 界面3  190432-331   12/27/2017 23:11:32
2017-12-27 23:11:32,774 [9] FATAL ProcessLogger [(null)] - 界面3  190321-331   12/27/2017 23:11:32
2017-12-27 23:11:32,776 [9] FATAL ProcessLogger [(null)] - 界面3  190432-331   12/27/2017 23:11:32
2017-12-27 23:11:32,776 [9] FATAL ProcessLogger [(null)] - 界面3  190321-331   12/27/2017 23:11:32
2017-12-27 23:11:32,778 [9] FATAL ProcessLogger [(null)] - 界面3  190432-331   12/27/2017 23:11:32
2017-12-27 23:11:32,779 [9] FATAL ProcessLogger [(null)] - 界面3  190321-331   12/27/2017 23:11:32
2017-12-27 23:11:32,781 [9] FATAL ProcessLogger [(null)] - 界面3  190432-331   12/27/2017 23:11:32
2017-12-27 23:11:32,781 [9] FATAL ProcessLogger [(null)] - 界面3  190321-331   12/27/2017 23:11:32
2017-12-27 23:11:32,971 [9] FATAL ProcessLogger [(null)] - 界面3  190432-331   12/27/2017 23:11:32
2017-12-27 23:11:32,971 [9] FATAL ProcessLogger [(null)] - 界面3  190321-331   12/27/2017 23:11:32
2017-12-27 23:11:32,974 [9] FATAL ProcessLogger [(null)] - 界面3  190432-331   12/27/2017 23:11:32
2017-12-27 23:11:32,974 [9] FATAL ProcessLogger [(null)] - 界面3  190321-331   12/27/2017 23:11:32
2017-12-27 23:11:32,977 [9] FATAL ProcessLogger [(null)] - 界面3  190432-331   12/27/2017 23:11:32
2017-12-27 23:11:32,977 [9] FATAL ProcessLogger [(null)] - 界面3  190321-331   12/27/2017 23:11:32
2017-12-27 23:11:32,980 [9] FATAL ProcessLogger [(null)] - 界面3  190432-331   12/27/2017 23:11:32
2017-12-27 23:11:32,980 [9] FATAL ProcessLogger [(null)] - 界面3  190321-331   12/27/2017 23:11:32
2017-12-27 23:11:32,982 [9] FATAL ProcessLogger [(null)] - 界面3  190432-331   12/27/2017 23:11:32
2017-12-27 23:11:33,169 [9] FATAL ProcessLogger [(null)] - 界面3  190321-331   12/27/2017 23:11:33
2017-12-27 23:11:33,171 [9] FATAL ProcessLogger [(null)] - 界面3  190432-331   12/27/2017 23:11:33
2017-12-27 23:11:33,172 [9] FATAL ProcessLogger [(null)] - 界面3  190321-331   12/27/2017 23:11:33
2017-12-27 23:11:33,174 [9] FATAL ProcessLogger [(null)] - 界面3  190432-331   12/27/2017 23:11:33
2017-12-27 23:11:33,174 [9] FATAL ProcessLogger [(null)] - 界面3  190321-331   12/27/2017 23:11:33
2017-12-27 23:11:33,176 [9] FATAL ProcessLogger [(null)] - 界面3  190432-331   12/27/2017 23:11:33
2017-12-27 23:11:33,176 [9] FATAL ProcessLogger [(null)] - 界面3  190321-331   12/27/2017 23:11:33
2017-12-27 23:11:33,178 [9] FATAL ProcessLogger [(null)] - 界面3  190432-331   12/27/2017 23:11:33
2017-12-27 23:11:33,178 [9] FATAL ProcessLogger [(null)] - 界面3  190321-331   12/27/2017 23:11:33
2017-12-27 23:11:33,181 [9] FATAL ProcessLogger [(null)] - 界面3  190432-331   12/27/2017 23:11:33
2017-12-27 23:11:33,369 [9] FATAL ProcessLogger [(null)] - 界面3  190321-331   12/27/2017 23:11:33
2017-12-27 23:11:33,370 [9] FATAL ProcessLogger [(null)] - 界面3  190432-331   12/27/2017 23:11:33
2017-12-27 23:11:33,370 [9] FATAL ProcessLogger [(null)] - 界面3  190321-331   12/27/2017 23:11:33
2017-12-27 23:11:33,370 [9] FATAL ProcessLogger [(null)] - 界面3  190432-331   12/27/2017 23:11:33
2017-12-27 23:11:33,370 [9] FATAL ProcessLogger [(null)] - 界面3  190321-331   12/27/2017 23:11:33
2017-12-27 23:11:33,371 [9] FATAL ProcessLogger [(null)] - 界面3  190432-331   12/27/2017 23:11:33
2017-12-27 23:11:33,371 [9] FATAL ProcessLogger [(null)] - 界面3  190321-331   12/27/2017 23:11:33
2017-12-27 23:11:33,372 [9] FATAL ProcessLogger [(null)] - 界面3  190432-331   12/27/2017 23:11:33
2017-12-27 23:11:33,372 [9] FATAL ProcessLogger [(null)] - 界面3  190321-331   12/27/2017 23:11:33
2017-12-27 23:11:33,573 [9] FATAL ProcessLogger [(null)] - 界面3  190432-331   12/27/2017 23:11:33
2017-12-27 23:11:33,574 [9] FATAL ProcessLogger [(null)] - 界面3  190321-331   12/27/2017 23:11:33
2017-12-27 23:11:33,584 [9] FATAL ProcessLogger [(null)] - 界面3  190432-331   12/27/2017 23:11:33
2017-12-27 23:11:33,584 [9] FATAL ProcessLogger [(null)] - 界面3  190321-331   12/27/2017 23:11:33
2017-12-27 23:11:33,587 [9] FATAL ProcessLogger [(null)] - 界面3  190432-331   12/27/2017 23:11:33
2017-12-27 23:11:33,587 [9] FATAL ProcessLogger [(null)] - 界面3  190321-331   12/27/2017 23:11:33
2017-12-27 23:11:33,589 [9] FATAL ProcessLogger [(null)] - 界面3  190432-331   12/27/2017 23:11:33
2017-12-27 23:11:33,589 [9] FATAL ProcessLogger [(null)] - 界面3  190321-331   12/27/2017 23:11:33
2017-12-27 23:11:33,591 [9] FATAL ProcessLogger [(null)] - 界面3  190432-331   12/27/2017 23:11:33
2017-12-27 23:11:33,769 [9] FATAL ProcessLogger [(null)] - 界面3  190321-331   12/27/2017 23:11:33
2017-12-27 23:11:33,770 [9] FATAL ProcessLogger [(null)] - 界面3  190432-331   12/27/2017 23:11:33
2017-12-27 23:11:33,770 [9] FATAL ProcessLogger [(null)] - 界面3  190321-331   12/27/2017 23:11:33
2017-12-27 23:11:33,771 [9] FATAL ProcessLogger [(null)] - 界面3  190432-331   12/27/2017 23:11:33
2017-12-27 23:11:33,771 [9] FATAL ProcessLogger [(null)] - 界面3  190321-331   12/27/2017 23:11:33
2017-12-27 23:11:33,772 [9] FATAL ProcessLogger [(null)] - 界面3  190432-331   12/27/2017 23:11:33
2017-12-27 23:11:33,772 [9] FATAL ProcessLogger [(null)] - 界面3  190321-331   12/27/2017 23:11:33
2017-12-27 23:11:33,773 [9] FATAL ProcessLogger [(null)] - 界面3  190432-331   12/27/2017 23:11:33
2017-12-27 23:11:33,773 [9] FATAL ProcessLogger [(null)] - 界面3  190321-331   12/27/2017 23:11:33
2017-12-27 23:11:33,774 [9] FATAL ProcessLogger [(null)] - 界面3  190432-331   12/27/2017 23:11:33
2017-12-27 23:11:33,969 [9] FATAL ProcessLogger [(null)] - 界面3  190321-331   12/27/2017 23:11:33
2017-12-27 23:11:33,971 [9] FATAL ProcessLogger [(null)] - 界面3  190432-331   12/27/2017 23:11:33
2017-12-27 23:11:33,971 [9] FATAL ProcessLogger [(null)] - 界面3  190321-331   12/27/2017 23:11:33
2017-12-27 23:11:33,974 [9] FATAL ProcessLogger [(null)] - 界面3  190432-331   12/27/2017 23:11:33
2017-12-27 23:11:33,974 [9] FATAL ProcessLogger [(null)] - 界面3  190321-331   12/27/2017 23:11:33
2017-12-27 23:11:33,976 [9] FATAL ProcessLogger [(null)] - 界面3  190432-331   12/27/2017 23:11:33
2017-12-27 23:11:33,976 [9] FATAL ProcessLogger [(null)] - 界面3  190321-331   12/27/2017 23:11:33
2017-12-27 23:11:33,978 [9] FATAL ProcessLogger [(null)] - 界面3  190432-331   12/27/2017 23:11:33
2017-12-27 23:11:33,978 [9] FATAL ProcessLogger [(null)] - 界面3  190321-331   12/27/2017 23:11:33
2017-12-27 23:11:34,170 [9] FATAL ProcessLogger [(null)] - 界面3  190432-331   12/27/2017 23:11:34
2017-12-27 23:11:34,170 [9] FATAL ProcessLogger [(null)] - 界面3  190321-331   12/27/2017 23:11:34
2017-12-27 23:11:34,171 [9] FATAL ProcessLogger [(null)] - 界面3  190432-331   12/27/2017 23:11:34
2017-12-27 23:11:34,171 [9] FATAL ProcessLogger [(null)] - 界面3  190321-331   12/27/2017 23:11:34
2017-12-27 23:11:34,172 [9] FATAL ProcessLogger [(null)] - 界面3  190432-331   12/27/2017 23:11:34
2017-12-27 23:11:34,172 [9] FATAL ProcessLogger [(null)] - 界面3  190321-331   12/27/2017 23:11:34
2017-12-27 23:11:34,173 [9] FATAL ProcessLogger [(null)] - 界面3  190432-331   12/27/2017 23:11:34
2017-12-27 23:11:34,173 [9] FATAL ProcessLogger [(null)] - 界面3  190321-331   12/27/2017 23:11:34
2017-12-27 23:11:34,174 [9] FATAL ProcessLogger [(null)] - 界面3  190432-331   12/27/2017 23:11:34
2017-12-27 23:11:34,369 [9] FATAL ProcessLogger [(null)] - 界面3  190321-331   12/27/2017 23:11:34
2017-12-27 23:11:34,371 [9] FATAL ProcessLogger [(null)] - 界面3  190432-331   12/27/2017 23:11:34
2017-12-27 23:11:34,372 [9] FATAL ProcessLogger [(null)] - 界面3  190321-331   12/27/2017 23:11:34
2017-12-27 23:11:34,374 [9] FATAL ProcessLogger [(null)] - 界面3  190432-331   12/27/2017 23:11:34
2017-12-27 23:11:34,374 [9] FATAL ProcessLogger [(null)] - 界面3  190321-331   12/27/2017 23:11:34
2017-12-27 23:11:34,376 [9] FATAL ProcessLogger [(null)] - 界面3  190432-331   12/27/2017 23:11:34
2017-12-27 23:11:34,376 [9] FATAL ProcessLogger [(null)] - 界面3  190321-331   12/27/2017 23:11:34
2017-12-27 23:11:34,378 [9] FATAL ProcessLogger [(null)] - 界面3  190432-331   12/27/2017 23:11:34
2017-12-27 23:11:34,378 [9] FATAL ProcessLogger [(null)] - 界面3  190321-331   12/27/2017 23:11:34
2017-12-27 23:11:34,380 [9] FATAL ProcessLogger [(null)] - 界面3  190432-331   12/27/2017 23:11:34
2017-12-27 23:11:34,569 [9] FATAL ProcessLogger [(null)] - 界面3  190321-331   12/27/2017 23:11:34
2017-12-27 23:11:34,570 [9] FATAL ProcessLogger [(null)] - 界面3  190432-331   12/27/2017 23:11:34
2017-12-27 23:11:34,570 [9] FATAL ProcessLogger [(null)] - 界面3  190321-331   12/27/2017 23:11:34
2017-12-27 23:11:34,571 [9] FATAL ProcessLogger [(null)] - 界面3  190432-331   12/27/2017 23:11:34
2017-12-27 23:11:34,571 [9] FATAL ProcessLogger [(null)] - 界面3  190321-331   12/27/2017 23:11:34
2017-12-27 23:11:34,571 [9] FATAL ProcessLogger [(null)] - 界面3  190432-331   12/27/2017 23:11:34
2017-12-27 23:11:34,571 [9] FATAL ProcessLogger [(null)] - 界面3  190321-331   12/27/2017 23:11:34
2017-12-27 23:11:34,572 [9] FATAL ProcessLogger [(null)] - 界面3  190432-331   12/27/2017 23:11:34
2017-12-27 23:11:34,572 [9] FATAL ProcessLogger [(null)] - 界面3  190321-331   12/27/2017 23:11:34
2017-12-27 23:11:34,771 [9] FATAL ProcessLogger [(null)] - 界面3  190432-331   12/27/2017 23:11:34
2017-12-27 23:11:34,771 [9] FATAL ProcessLogger [(null)] - 界面3  190321-331   12/27/2017 23:11:34
2017-12-27 23:11:34,772 [9] FATAL ProcessLogger [(null)] - 界面3  190432-331   12/27/2017 23:11:34
2017-12-27 23:11:34,773 [9] FATAL ProcessLogger [(null)] - 界面3  190321-331   12/27/2017 23:11:34
2017-12-27 23:11:34,774 [9] FATAL ProcessLogger [(null)] - 界面3  190432-331   12/27/2017 23:11:34
2017-12-27 23:11:34,774 [9] FATAL ProcessLogger [(null)] - 界面3  190321-331   12/27/2017 23:11:34
2017-12-27 23:11:34,776 [9] FATAL ProcessLogger [(null)] - 界面3  190432-331   12/27/2017 23:11:34
2017-12-27 23:11:34,776 [9] FATAL ProcessLogger [(null)] - 界面3  190321-331   12/27/2017 23:11:34
2017-12-27 23:11:34,778 [9] FATAL ProcessLogger [(null)] - 界面3  190432-331   12/27/2017 23:11:34
2017-12-27 23:11:34,778 [9] FATAL ProcessLogger [(null)] - 界面3  190321-331   12/27/2017 23:11:34
2017-12-27 23:11:34,980 [9] FATAL ProcessLogger [(null)] - 界面3  190432-331   12/27/2017 23:11:34
2017-12-27 23:11:34,980 [9] FATAL ProcessLogger [(null)] - 界面3  190321-331   12/27/2017 23:11:34
2017-12-27 23:11:34,982 [9] FATAL ProcessLogger [(null)] - 界面3  190432-331   12/27/2017 23:11:34
2017-12-27 23:11:34,982 [9] FATAL ProcessLogger [(null)] - 界面3  190321-331   12/27/2017 23:11:34
2017-12-27 23:11:34,984 [9] FATAL ProcessLogger [(null)] - 界面3  190432-331   12/27/2017 23:11:34
2017-12-27 23:11:34,984 [9] FATAL ProcessLogger [(null)] - 界面3  190321-331   12/27/2017 23:11:34
2017-12-27 23:11:34,986 [9] FATAL ProcessLogger [(null)] - 界面3  190432-331   12/27/2017 23:11:34
2017-12-27 23:11:34,986 [9] FATAL ProcessLogger [(null)] - 界面3  190321-331   12/27/2017 23:11:34
2017-12-27 23:11:34,988 [9] FATAL ProcessLogger [(null)] - 界面3  190432-331   12/27/2017 23:11:34
2017-12-27 23:11:35,178 [9] FATAL ProcessLogger [(null)] - 界面3  190321-331   12/27/2017 23:11:35
2017-12-27 23:11:35,181 [9] FATAL ProcessLogger [(null)] - 界面3  190432-331   12/27/2017 23:11:35
2017-12-27 23:11:35,181 [9] FATAL ProcessLogger [(null)] - 界面3  190321-331   12/27/2017 23:11:35
2017-12-27 23:11:35,184 [9] FATAL ProcessLogger [(null)] - 界面3  190432-331   12/27/2017 23:11:35
2017-12-27 23:11:35,184 [9] FATAL ProcessLogger [(null)] - 界面3  190321-331   12/27/2017 23:11:35
2017-12-27 23:11:35,186 [9] FATAL ProcessLogger [(null)] - 界面3  190432-331   12/27/2017 23:11:35
2017-12-27 23:11:35,186 [9] FATAL ProcessLogger [(null)] - 界面3  190321-331   12/27/2017 23:11:35
2017-12-27 23:11:35,188 [9] FATAL ProcessLogger [(null)] - 界面3  190432-331   12/27/2017 23:11:35
2017-12-27 23:11:35,188 [9] FATAL ProcessLogger [(null)] - 界面3  190321-331   12/27/2017 23:11:35
2017-12-27 23:11:35,381 [9] FATAL ProcessLogger [(null)] - 界面3  190432-331   12/27/2017 23:11:35
2017-12-27 23:11:35,381 [9] FATAL ProcessLogger [(null)] - 界面3  190321-331   12/27/2017 23:11:35
2017-12-27 23:11:35,382 [9] FATAL ProcessLogger [(null)] - 界面3  190432-331   12/27/2017 23:11:35
2017-12-27 23:11:35,383 [9] FATAL ProcessLogger [(null)] - 界面3  190321-331   12/27/2017 23:11:35
2017-12-27 23:11:35,384 [9] FATAL ProcessLogger [(null)] - 界面3  190432-331   12/27/2017 23:11:35
2017-12-27 23:11:35,384 [9] FATAL ProcessLogger [(null)] - 界面3  190321-331   12/27/2017 23:11:35
2017-12-27 23:11:35,385 [9] FATAL ProcessLogger [(null)] - 界面3  190432-331   12/27/2017 23:11:35
2017-12-27 23:11:35,385 [9] FATAL ProcessLogger [(null)] - 界面3  190321-331   12/27/2017 23:11:35
2017-12-27 23:11:35,387 [9] FATAL ProcessLogger [(null)] - 界面3  190432-331   12/27/2017 23:11:35
2017-12-27 23:11:35,387 [9] FATAL ProcessLogger [(null)] - 界面3  190321-331   12/27/2017 23:11:35
2017-12-27 23:11:35,581 [9] FATAL ProcessLogger [(null)] - 界面3  190432-331   12/27/2017 23:11:35
2017-12-27 23:11:35,581 [9] FATAL ProcessLogger [(null)] - 界面3  190321-331   12/27/2017 23:11:35
2017-12-27 23:11:35,581 [9] FATAL ProcessLogger [(null)] - 界面3  190432-331   12/27/2017 23:11:35
2017-12-27 23:11:35,581 [9] FATAL ProcessLogger [(null)] - 界面3  190321-331   12/27/2017 23:11:35
2017-12-27 23:11:35,582 [9] FATAL ProcessLogger [(null)] - 界面3  190432-331   12/27/2017 23:11:35
2017-12-27 23:11:35,582 [9] FATAL ProcessLogger [(null)] - 界面3  190321-331   12/27/2017 23:11:35
2017-12-27 23:11:35,583 [9] FATAL ProcessLogger [(null)] - 界面3  190432-331   12/27/2017 23:11:35
2017-12-27 23:11:35,583 [9] FATAL ProcessLogger [(null)] - 界面3  190321-331   12/27/2017 23:11:35
2017-12-27 23:11:35,583 [9] FATAL ProcessLogger [(null)] - 界面3  190432-331   12/27/2017 23:11:35
2017-12-27 23:11:35,780 [9] FATAL ProcessLogger [(null)] - 界面3  190321-331   12/27/2017 23:11:35
2017-12-27 23:11:35,782 [9] FATAL ProcessLogger [(null)] - 界面3  190432-331   12/27/2017 23:11:35
2017-12-27 23:11:35,782 [9] FATAL ProcessLogger [(null)] - 界面3  190321-331   12/27/2017 23:11:35
2017-12-27 23:11:35,784 [9] FATAL ProcessLogger [(null)] - 界面3  190432-331   12/27/2017 23:11:35
2017-12-27 23:11:35,784 [9] FATAL ProcessLogger [(null)] - 界面3  190321-331   12/27/2017 23:11:35
2017-12-27 23:11:35,786 [9] FATAL ProcessLogger [(null)] - 界面3  190432-331   12/27/2017 23:11:35
2017-12-27 23:11:35,786 [9] FATAL ProcessLogger [(null)] - 界面3  190321-331   12/27/2017 23:11:35
2017-12-27 23:11:35,788 [9] FATAL ProcessLogger [(null)] - 界面3  190432-331   12/27/2017 23:11:35
2017-12-27 23:11:35,788 [9] FATAL ProcessLogger [(null)] - 界面3  190321-331   12/27/2017 23:11:35
2017-12-27 23:11:35,981 [9] FATAL ProcessLogger [(null)] - 界面3  190432-331   12/27/2017 23:11:35
2017-12-27 23:11:35,982 [9] FATAL ProcessLogger [(null)] - 界面3  190321-331   12/27/2017 23:11:35
2017-12-27 23:11:35,983 [9] FATAL ProcessLogger [(null)] - 界面3  190432-331   12/27/2017 23:11:35
2017-12-27 23:11:35,983 [9] FATAL ProcessLogger [(null)] - 界面3  190321-331   12/27/2017 23:11:35
2017-12-27 23:11:35,985 [9] FATAL ProcessLogger [(null)] - 界面3  190432-331   12/27/2017 23:11:35
2017-12-27 23:11:35,985 [9] FATAL ProcessLogger [(null)] - 界面3  190321-331   12/27/2017 23:11:35
2017-12-27 23:11:35,986 [9] FATAL ProcessLogger [(null)] - 界面3  190432-331   12/27/2017 23:11:35
2017-12-27 23:11:35,987 [9] FATAL ProcessLogger [(null)] - 界面3  190321-331   12/27/2017 23:11:35
2017-12-27 23:11:35,988 [9] FATAL ProcessLogger [(null)] - 界面3  190432-331   12/27/2017 23:11:35
2017-12-27 23:11:35,988 [9] FATAL ProcessLogger [(null)] - 界面3  190321-331   12/27/2017 23:11:35
2017-12-27 23:11:36,181 [9] FATAL ProcessLogger [(null)] - 界面3  190432-331   12/27/2017 23:11:36
2017-12-27 23:11:36,181 [9] FATAL ProcessLogger [(null)] - 界面3  190321-331   12/27/2017 23:11:36
2017-12-27 23:11:36,182 [9] FATAL ProcessLogger [(null)] - 界面3  190432-331   12/27/2017 23:11:36
2017-12-27 23:11:36,182 [9] FATAL ProcessLogger [(null)] - 界面3  190321-331   12/27/2017 23:11:36
2017-12-27 23:11:36,183 [9] FATAL ProcessLogger [(null)] - 界面3  190432-331   12/27/2017 23:11:36
2017-12-27 23:11:36,183 [9] FATAL ProcessLogger [(null)] - 界面3  190321-331   12/27/2017 23:11:36
2017-12-27 23:11:36,184 [9] FATAL ProcessLogger [(null)] - 界面3  190432-331   12/27/2017 23:11:36
2017-12-27 23:11:36,184 [9] FATAL ProcessLogger [(null)] - 界面3  190321-331   12/27/2017 23:11:36
2017-12-27 23:11:36,185 [9] FATAL ProcessLogger [(null)] - 界面3  190432-331   12/27/2017 23:11:36
2017-12-27 23:11:36,380 [9] FATAL ProcessLogger [(null)] - 界面3  190321-331   12/27/2017 23:11:36
2017-12-27 23:11:36,382 [9] FATAL ProcessLogger [(null)] - 界面3  190432-331   12/27/2017 23:11:36
2017-12-27 23:11:36,382 [9] FATAL ProcessLogger [(null)] - 界面3  190321-331   12/27/2017 23:11:36
2017-12-27 23:11:36,384 [9] FATAL ProcessLogger [(null)] - 界面3  190432-331   12/27/2017 23:11:36
2017-12-27 23:11:36,385 [9] FATAL ProcessLogger [(null)] - 界面3  190321-331   12/27/2017 23:11:36
2017-12-27 23:11:36,387 [9] FATAL ProcessLogger [(null)] - 界面3  190432-331   12/27/2017 23:11:36
2017-12-27 23:11:36,387 [9] FATAL ProcessLogger [(null)] - 界面3  190321-331   12/27/2017 23:11:36
2017-12-27 23:11:36,389 [9] FATAL ProcessLogger [(null)] - 界面3  190432-331   12/27/2017 23:11:36
2017-12-27 23:11:36,389 [9] FATAL ProcessLogger [(null)] - 界面3  190321-331   12/27/2017 23:11:36
2017-12-27 23:11:36,391 [9] FATAL ProcessLogger [(null)] - 界面3  190432-331   12/27/2017 23:11:36
2017-12-27 23:11:36,591 [9] FATAL ProcessLogger [(null)] - 界面3  190321-331   12/27/2017 23:11:36
2017-12-27 23:11:36,593 [9] FATAL ProcessLogger [(null)] - 界面3  190432-331   12/27/2017 23:11:36
2017-12-27 23:11:36,594 [9] FATAL ProcessLogger [(null)] - 界面3  190321-331   12/27/2017 23:11:36
2017-12-27 23:11:36,596 [9] FATAL ProcessLogger [(null)] - 界面3  190432-331   12/27/2017 23:11:36
2017-12-27 23:11:36,596 [9] FATAL ProcessLogger [(null)] - 界面3  190321-331   12/27/2017 23:11:36
2017-12-27 23:11:36,598 [9] FATAL ProcessLogger [(null)] - 界面3  190432-331   12/27/2017 23:11:36
2017-12-27 23:11:36,598 [9] FATAL ProcessLogger [(null)] - 界面3  190321-331   12/27/2017 23:11:36
2017-12-27 23:11:36,600 [9] FATAL ProcessLogger [(null)] - 界面3  190432-331   12/27/2017 23:11:36
2017-12-27 23:11:36,600 [9] FATAL ProcessLogger [(null)] - 界面3  190321-331   12/27/2017 23:11:36
2017-12-27 23:11:36,793 [9] FATAL ProcessLogger [(null)] - 界面3  190432-331   12/27/2017 23:11:36
2017-12-27 23:11:36,793 [9] FATAL ProcessLogger [(null)] - 界面3  190321-331   12/27/2017 23:11:36
2017-12-27 23:11:36,796 [9] FATAL ProcessLogger [(null)] - 界面3  190432-331   12/27/2017 23:11:36
2017-12-27 23:11:36,796 [9] FATAL ProcessLogger [(null)] - 界面3  190321-331   12/27/2017 23:11:36
2017-12-27 23:11:36,798 [9] FATAL ProcessLogger [(null)] - 界面3  190432-331   12/27/2017 23:11:36
2017-12-27 23:11:36,798 [9] FATAL ProcessLogger [(null)] - 界面3  190321-331   12/27/2017 23:11:36
2017-12-27 23:11:36,800 [9] FATAL ProcessLogger [(null)] - 界面3  190432-331   12/27/2017 23:11:36
2017-12-27 23:11:36,800 [9] FATAL ProcessLogger [(null)] - 界面3  190321-331   12/27/2017 23:11:36
2017-12-27 23:11:36,803 [9] FATAL ProcessLogger [(null)] - 界面3  190432-331   12/27/2017 23:11:36
2017-12-27 23:11:36,991 [9] FATAL ProcessLogger [(null)] - 界面3  190321-331   12/27/2017 23:11:36
2017-12-27 23:11:36,993 [9] FATAL ProcessLogger [(null)] - 界面3  190432-331   12/27/2017 23:11:36
2017-12-27 23:11:36,993 [9] FATAL ProcessLogger [(null)] - 界面3  190321-331   12/27/2017 23:11:36
2017-12-27 23:11:36,995 [9] FATAL ProcessLogger [(null)] - 界面3  190432-331   12/27/2017 23:11:36
2017-12-27 23:11:36,995 [9] FATAL ProcessLogger [(null)] - 界面3  190321-331   12/27/2017 23:11:36
2017-12-27 23:11:36,997 [9] FATAL ProcessLogger [(null)] - 界面3  190432-331   12/27/2017 23:11:36
2017-12-27 23:11:36,997 [9] FATAL ProcessLogger [(null)] - 界面3  190321-331   12/27/2017 23:11:36
2017-12-27 23:11:36,999 [9] FATAL ProcessLogger [(null)] - 界面3  190432-331   12/27/2017 23:11:36
2017-12-27 23:11:36,999 [9] FATAL ProcessLogger [(null)] - 界面3  190321-331   12/27/2017 23:11:36
2017-12-27 23:11:37,000 [9] FATAL ProcessLogger [(null)] - 界面3  190432-331   12/27/2017 23:11:37
2017-12-27 23:11:37,191 [9] FATAL ProcessLogger [(null)] - 界面3  190321-331   12/27/2017 23:11:37
2017-12-27 23:11:37,192 [9] FATAL ProcessLogger [(null)] - 界面3  190432-331   12/27/2017 23:11:37
2017-12-27 23:11:37,192 [9] FATAL ProcessLogger [(null)] - 界面3  190321-331   12/27/2017 23:11:37
2017-12-27 23:11:37,192 [9] FATAL ProcessLogger [(null)] - 界面3  190432-331   12/27/2017 23:11:37
2017-12-27 23:11:37,192 [9] FATAL ProcessLogger [(null)] - 界面3  190321-331   12/27/2017 23:11:37
2017-12-27 23:11:37,193 [9] FATAL ProcessLogger [(null)] - 界面3  190432-331   12/27/2017 23:11:37
2017-12-27 23:11:37,193 [9] FATAL ProcessLogger [(null)] - 界面3  190321-331   12/27/2017 23:11:37
2017-12-27 23:11:37,194 [9] FATAL ProcessLogger [(null)] - 界面3  190432-331   12/27/2017 23:11:37
2017-12-27 23:11:37,194 [9] FATAL ProcessLogger [(null)] - 界面3  190321-331   12/27/2017 23:11:37
2017-12-27 23:11:37,393 [9] FATAL ProcessLogger [(null)] - 界面3  190432-331   12/27/2017 23:11:37
2017-12-27 23:11:37,393 [9] FATAL ProcessLogger [(null)] - 界面3  190321-331   12/27/2017 23:11:37
2017-12-27 23:11:37,396 [9] FATAL ProcessLogger [(null)] - 界面3  190432-331   12/27/2017 23:11:37
2017-12-27 23:11:37,396 [9] FATAL ProcessLogger [(null)] - 界面3  190321-331   12/27/2017 23:11:37
2017-12-27 23:11:37,398 [9] FATAL ProcessLogger [(null)] - 界面3  190432-331   12/27/2017 23:11:37
2017-12-27 23:11:37,399 [9] FATAL ProcessLogger [(null)] - 界面3  190321-331   12/27/2017 23:11:37
2017-12-27 23:11:37,401 [9] FATAL ProcessLogger [(null)] - 界面3  190432-331   12/27/2017 23:11:37
2017-12-27 23:11:37,401 [9] FATAL ProcessLogger [(null)] - 界面3  190321-331   12/27/2017 23:11:37
2017-12-27 23:11:37,403 [9] FATAL ProcessLogger [(null)] - 界面3  190432-331   12/27/2017 23:11:37
2017-12-27 23:11:37,591 [9] FATAL ProcessLogger [(null)] - 界面3  190321-331   12/27/2017 23:11:37
2017-12-27 23:11:37,593 [9] FATAL ProcessLogger [(null)] - 界面3  190432-331   12/27/2017 23:11:37
2017-12-27 23:11:37,593 [9] FATAL ProcessLogger [(null)] - 界面3  190321-331   12/27/2017 23:11:37
2017-12-27 23:11:37,596 [9] FATAL ProcessLogger [(null)] - 界面3  190432-331   12/27/2017 23:11:37
2017-12-27 23:11:37,596 [9] FATAL ProcessLogger [(null)] - 界面3  190321-331   12/27/2017 23:11:37
2017-12-27 23:11:37,598 [9] FATAL ProcessLogger [(null)] - 界面3  190432-331   12/27/2017 23:11:37
2017-12-27 23:11:37,598 [9] FATAL ProcessLogger [(null)] - 界面3  190321-331   12/27/2017 23:11:37
2017-12-27 23:11:37,600 [9] FATAL ProcessLogger [(null)] - 界面3  190432-331   12/27/2017 23:11:37
2017-12-27 23:11:37,600 [9] FATAL ProcessLogger [(null)] - 界面3  190321-331   12/27/2017 23:11:37
2017-12-27 23:11:37,602 [9] FATAL ProcessLogger [(null)] - 界面3  190432-331   12/27/2017 23:11:37
2017-12-27 23:11:37,791 [9] FATAL ProcessLogger [(null)] - 界面3  190321-331   12/27/2017 23:11:37
2017-12-27 23:11:37,791 [9] FATAL ProcessLogger [(null)] - 界面3  190432-331   12/27/2017 23:11:37
2017-12-27 23:11:37,791 [9] FATAL ProcessLogger [(null)] - 界面3  190321-331   12/27/2017 23:11:37
2017-12-27 23:11:37,792 [9] FATAL ProcessLogger [(null)] - 界面3  190432-331   12/27/2017 23:11:37
2017-12-27 23:11:37,792 [9] FATAL ProcessLogger [(null)] - 界面3  190321-331   12/27/2017 23:11:37
2017-12-27 23:11:37,793 [9] FATAL ProcessLogger [(null)] - 界面3  190432-331   12/27/2017 23:11:37
2017-12-27 23:11:37,793 [9] FATAL ProcessLogger [(null)] - 界面3  190321-331   12/27/2017 23:11:37
2017-12-27 23:11:37,794 [9] FATAL ProcessLogger [(null)] - 界面3  190432-331   12/27/2017 23:11:37
2017-12-27 23:11:37,794 [9] FATAL ProcessLogger [(null)] - 界面3  190321-331   12/27/2017 23:11:37
2017-12-27 23:11:37,993 [9] FATAL ProcessLogger [(null)] - 界面3  190432-331   12/27/2017 23:11:37
2017-12-27 23:11:37,993 [9] FATAL ProcessLogger [(null)] - 界面3  190321-331   12/27/2017 23:11:37
2017-12-27 23:11:37,996 [9] FATAL ProcessLogger [(null)] - 界面3  190432-331   12/27/2017 23:11:37
2017-12-27 23:11:37,996 [9] FATAL ProcessLogger [(null)] - 界面3  190321-331   12/27/2017 23:11:37
2017-12-27 23:11:37,998 [9] FATAL ProcessLogger [(null)] - 界面3  190432-331   12/27/2017 23:11:37
2017-12-27 23:11:37,999 [9] FATAL ProcessLogger [(null)] - 界面3  190321-331   12/27/2017 23:11:37
2017-12-27 23:11:38,001 [9] FATAL ProcessLogger [(null)] - 界面3  190432-331   12/27/2017 23:11:38
2017-12-27 23:11:38,001 [9] FATAL ProcessLogger [(null)] - 界面3  190321-331   12/27/2017 23:11:38
2017-12-27 23:11:38,004 [9] FATAL ProcessLogger [(null)] - 界面3  190432-331   12/27/2017 23:11:38
2017-12-27 23:11:38,004 [9] FATAL ProcessLogger [(null)] - 界面3  190321-331   12/27/2017 23:11:38
2017-12-27 23:11:38,191 [9] FATAL ProcessLogger [(null)] - 界面3  190432-331   12/27/2017 23:11:38
2017-12-27 23:11:38,192 [9] FATAL ProcessLogger [(null)] - 界面3  190321-331   12/27/2017 23:11:38
2017-12-27 23:11:38,192 [9] FATAL ProcessLogger [(null)] - 界面3  190432-331   12/27/2017 23:11:38
2017-12-27 23:11:38,192 [9] FATAL ProcessLogger [(null)] - 界面3  190321-331   12/27/2017 23:11:38
2017-12-27 23:11:38,193 [9] FATAL ProcessLogger [(null)] - 界面3  190432-331   12/27/2017 23:11:38
2017-12-27 23:11:38,193 [9] FATAL ProcessLogger [(null)] - 界面3  190321-331   12/27/2017 23:11:38
2017-12-27 23:11:38,194 [9] FATAL ProcessLogger [(null)] - 界面3  190432-331   12/27/2017 23:11:38
2017-12-27 23:11:38,194 [9] FATAL ProcessLogger [(null)] - 界面3  190321-331   12/27/2017 23:11:38
2017-12-27 23:11:38,194 [9] FATAL ProcessLogger [(null)] - 界面3  190432-331   12/27/2017 23:11:38
2017-12-27 23:11:38,391 [9] FATAL ProcessLogger [(null)] - 界面3  190321-331   12/27/2017 23:11:38
2017-12-27 23:11:38,392 [9] FATAL ProcessLogger [(null)] - 界面3  190432-331   12/27/2017 23:11:38
2017-12-27 23:11:38,392 [9] FATAL ProcessLogger [(null)] - 界面3  190321-331   12/27/2017 23:11:38
2017-12-27 23:11:38,394 [9] FATAL ProcessLogger [(null)] - 界面3  190432-331   12/27/2017 23:11:38
2017-12-27 23:11:38,394 [9] FATAL ProcessLogger [(null)] - 界面3  190321-331   12/27/2017 23:11:38
2017-12-27 23:11:38,395 [9] FATAL ProcessLogger [(null)] - 界面3  190432-331   12/27/2017 23:11:38
2017-12-27 23:11:38,395 [9] FATAL ProcessLogger [(null)] - 界面3  190321-331   12/27/2017 23:11:38
2017-12-27 23:11:38,396 [9] FATAL ProcessLogger [(null)] - 界面3  190432-331   12/27/2017 23:11:38
2017-12-27 23:11:38,396 [9] FATAL ProcessLogger [(null)] - 界面3  190321-331   12/27/2017 23:11:38
2017-12-27 23:11:38,592 [9] FATAL ProcessLogger [(null)] - 界面3  190432-331   12/27/2017 23:11:38
2017-12-27 23:11:38,592 [9] FATAL ProcessLogger [(null)] - 界面3  190321-331   12/27/2017 23:11:38
2017-12-27 23:11:38,592 [9] FATAL ProcessLogger [(null)] - 界面3  190432-331   12/27/2017 23:11:38
2017-12-27 23:11:38,593 [9] FATAL ProcessLogger [(null)] - 界面3  190321-331   12/27/2017 23:11:38
2017-12-27 23:11:38,593 [9] FATAL ProcessLogger [(null)] - 界面3  190432-331   12/27/2017 23:11:38
2017-12-27 23:11:38,593 [9] FATAL ProcessLogger [(null)] - 界面3  190321-331   12/27/2017 23:11:38
2017-12-27 23:11:38,594 [9] FATAL ProcessLogger [(null)] - 界面3  190432-331   12/27/2017 23:11:38
2017-12-27 23:11:38,594 [9] FATAL ProcessLogger [(null)] - 界面3  190321-331   12/27/2017 23:11:38
2017-12-27 23:11:38,595 [9] FATAL ProcessLogger [(null)] - 界面3  190432-331   12/27/2017 23:11:38
2017-12-27 23:11:38,595 [9] FATAL ProcessLogger [(null)] - 界面3  190321-331   12/27/2017 23:11:38
2017-12-27 23:11:38,791 [9] FATAL ProcessLogger [(null)] - 界面3  190432-331   12/27/2017 23:11:38
2017-12-27 23:11:38,791 [9] FATAL ProcessLogger [(null)] - 界面3  190321-331   12/27/2017 23:11:38
2017-12-27 23:11:38,792 [9] FATAL ProcessLogger [(null)] - 界面3  190432-331   12/27/2017 23:11:38
2017-12-27 23:11:38,792 [9] FATAL ProcessLogger [(null)] - 界面3  190321-331   12/27/2017 23:11:38
2017-12-27 23:11:38,793 [9] FATAL ProcessLogger [(null)] - 界面3  190432-331   12/27/2017 23:11:38
2017-12-27 23:11:38,793 [9] FATAL ProcessLogger [(null)] - 界面3  190321-331   12/27/2017 23:11:38
2017-12-27 23:11:38,793 [9] FATAL ProcessLogger [(null)] - 界面3  190432-331   12/27/2017 23:11:38
2017-12-27 23:11:38,793 [9] FATAL ProcessLogger [(null)] - 界面3  190321-331   12/27/2017 23:11:38
2017-12-27 23:11:38,794 [9] FATAL ProcessLogger [(null)] - 界面3  190432-331   12/27/2017 23:11:38
2017-12-27 23:11:38,991 [9] FATAL ProcessLogger [(null)] - 界面3  190321-331   12/27/2017 23:11:38
2017-12-27 23:11:38,993 [9] FATAL ProcessLogger [(null)] - 界面3  190432-331   12/27/2017 23:11:38
2017-12-27 23:11:38,993 [9] FATAL ProcessLogger [(null)] - 界面3  190321-331   12/27/2017 23:11:38
2017-12-27 23:11:38,995 [9] FATAL ProcessLogger [(null)] - 界面3  190432-331   12/27/2017 23:11:38
2017-12-27 23:11:38,995 [9] FATAL ProcessLogger [(null)] - 界面3  190321-331   12/27/2017 23:11:38
2017-12-27 23:11:38,996 [9] FATAL ProcessLogger [(null)] - 界面3  190432-331   12/27/2017 23:11:38
2017-12-27 23:11:38,997 [9] FATAL ProcessLogger [(null)] - 界面3  190321-331   12/27/2017 23:11:38
2017-12-27 23:11:39,000 [9] FATAL ProcessLogger [(null)] - 界面3  190432-331   12/27/2017 23:11:39
2017-12-27 23:11:39,000 [9] FATAL ProcessLogger [(null)] - 界面3  190321-331   12/27/2017 23:11:39
2017-12-27 23:11:39,193 [9] FATAL ProcessLogger [(null)] - 界面3  190432-331   12/27/2017 23:11:39
2017-12-27 23:11:39,194 [9] FATAL ProcessLogger [(null)] - 界面3  190321-331   12/27/2017 23:11:39
2017-12-27 23:11:39,196 [9] FATAL ProcessLogger [(null)] - 界面3  190432-331   12/27/2017 23:11:39
2017-12-27 23:11:39,196 [9] FATAL ProcessLogger [(null)] - 界面3  190321-331   12/27/2017 23:11:39
2017-12-27 23:11:39,199 [9] FATAL ProcessLogger [(null)] - 界面3  190432-331   12/27/2017 23:11:39
2017-12-27 23:11:39,199 [9] FATAL ProcessLogger [(null)] - 界面3  190321-331   12/27/2017 23:11:39
2017-12-27 23:11:39,202 [9] FATAL ProcessLogger [(null)] - 界面3  190432-331   12/27/2017 23:11:39
2017-12-27 23:11:39,202 [9] FATAL ProcessLogger [(null)] - 界面3  190321-331   12/27/2017 23:11:39
2017-12-27 23:11:39,205 [9] FATAL ProcessLogger [(null)] - 界面3  190432-331   12/27/2017 23:11:39
2017-12-27 23:11:39,205 [9] FATAL ProcessLogger [(null)] - 界面3  190321-331   12/27/2017 23:11:39
2017-12-27 23:11:39,393 [9] FATAL ProcessLogger [(null)] - 界面3  190432-331   12/27/2017 23:11:39
2017-12-27 23:11:39,393 [9] FATAL ProcessLogger [(null)] - 界面3  190321-331   12/27/2017 23:11:39
2017-12-27 23:11:39,395 [9] FATAL ProcessLogger [(null)] - 界面3  190432-331   12/27/2017 23:11:39
2017-12-27 23:11:39,396 [9] FATAL ProcessLogger [(null)] - 界面3  190321-331   12/27/2017 23:11:39
2017-12-27 23:11:39,398 [9] FATAL ProcessLogger [(null)] - 界面3  190432-331   12/27/2017 23:11:39
2017-12-27 23:11:39,398 [9] FATAL ProcessLogger [(null)] - 界面3  190321-331   12/27/2017 23:11:39
2017-12-27 23:11:39,400 [9] FATAL ProcessLogger [(null)] - 界面3  190432-331   12/27/2017 23:11:39
2017-12-27 23:11:39,400 [9] FATAL ProcessLogger [(null)] - 界面3  190321-331   12/27/2017 23:11:39
2017-12-27 23:11:39,401 [9] FATAL ProcessLogger [(null)] - 界面3  190432-331   12/27/2017 23:11:39
2017-12-27 23:11:39,591 [9] FATAL ProcessLogger [(null)] - 界面3  190321-331   12/27/2017 23:11:39
2017-12-27 23:11:39,595 [9] FATAL ProcessLogger [(null)] - 界面3  190432-331   12/27/2017 23:11:39
2017-12-27 23:11:39,595 [9] FATAL ProcessLogger [(null)] - 界面3  190321-331   12/27/2017 23:11:39
2017-12-27 23:11:39,599 [9] FATAL ProcessLogger [(null)] - 界面3  190432-331   12/27/2017 23:11:39
2017-12-27 23:11:39,599 [9] FATAL ProcessLogger [(null)] - 界面3  190321-331   12/27/2017 23:11:39
2017-12-27 23:11:39,603 [9] FATAL ProcessLogger [(null)] - 界面3  190432-331   12/27/2017 23:11:39
2017-12-27 23:11:39,603 [9] FATAL ProcessLogger [(null)] - 界面3  190321-331   12/27/2017 23:11:39
2017-12-27 23:11:39,606 [9] FATAL ProcessLogger [(null)] - 界面3  190432-331   12/27/2017 23:11:39
2017-12-27 23:11:39,606 [9] FATAL ProcessLogger [(null)] - 界面3  190321-331   12/27/2017 23:11:39
2017-12-27 23:11:39,609 [9] FATAL ProcessLogger [(null)] - 界面3  190432-331   12/27/2017 23:11:39
2017-12-27 23:11:39,791 [9] FATAL ProcessLogger [(null)] - 界面3  190321-331   12/27/2017 23:11:39
2017-12-27 23:11:39,792 [9] FATAL ProcessLogger [(null)] - 界面3  190432-331   12/27/2017 23:11:39
2017-12-27 23:11:39,792 [9] FATAL ProcessLogger [(null)] - 界面3  190321-331   12/27/2017 23:11:39
2017-12-27 23:11:39,792 [9] FATAL ProcessLogger [(null)] - 界面3  190432-331   12/27/2017 23:11:39
2017-12-27 23:11:39,792 [9] FATAL ProcessLogger [(null)] - 界面3  190321-331   12/27/2017 23:11:39
2017-12-27 23:11:39,793 [9] FATAL ProcessLogger [(null)] - 界面3  190432-331   12/27/2017 23:11:39
2017-12-27 23:11:39,793 [9] FATAL ProcessLogger [(null)] - 界面3  190321-331   12/27/2017 23:11:39
2017-12-27 23:11:39,794 [9] FATAL ProcessLogger [(null)] - 界面3  190432-331   12/27/2017 23:11:39
2017-12-27 23:11:39,794 [9] FATAL ProcessLogger [(null)] - 界面3  190321-331   12/27/2017 23:11:39
2017-12-27 23:11:39,992 [9] FATAL ProcessLogger [(null)] - 界面3  190432-331   12/27/2017 23:11:39
2017-12-27 23:11:39,992 [9] FATAL ProcessLogger [(null)] - 界面3  190321-331   12/27/2017 23:11:39
2017-12-27 23:11:39,994 [9] FATAL ProcessLogger [(null)] - 界面3  190432-331   12/27/2017 23:11:39
2017-12-27 23:11:39,994 [9] FATAL ProcessLogger [(null)] - 界面3  190321-331   12/27/2017 23:11:39
2017-12-27 23:11:39,995 [9] FATAL ProcessLogger [(null)] - 界面3  190432-331   12/27/2017 23:11:39
2017-12-27 23:11:39,995 [9] FATAL ProcessLogger [(null)] - 界面3  190321-331   12/27/2017 23:11:39
2017-12-27 23:11:39,996 [9] FATAL ProcessLogger [(null)] - 界面3  190432-331   12/27/2017 23:11:39
2017-12-27 23:11:39,997 [9] FATAL ProcessLogger [(null)] - 界面3  190321-331   12/27/2017 23:11:39
2017-12-27 23:11:39,998 [9] FATAL ProcessLogger [(null)] - 界面3  190432-331   12/27/2017 23:11:39
2017-12-27 23:11:40,191 [9] FATAL ProcessLogger [(null)] - 界面3  190321-331   12/27/2017 23:11:40
2017-12-27 23:11:40,192 [9] FATAL ProcessLogger [(null)] - 界面3  190432-331   12/27/2017 23:11:40
2017-12-27 23:11:40,192 [9] FATAL ProcessLogger [(null)] - 界面3  190321-331   12/27/2017 23:11:40
2017-12-27 23:11:40,193 [9] FATAL ProcessLogger [(null)] - 界面3  190432-331   12/27/2017 23:11:40
2017-12-27 23:11:40,193 [9] FATAL ProcessLogger [(null)] - 界面3  190321-331   12/27/2017 23:11:40
2017-12-27 23:11:40,194 [9] FATAL ProcessLogger [(null)] - 界面3  190432-331   12/27/2017 23:11:40
2017-12-27 23:11:40,194 [9] FATAL ProcessLogger [(null)] - 界面3  190321-331   12/27/2017 23:11:40
2017-12-27 23:11:40,195 [9] FATAL ProcessLogger [(null)] - 界面3  190432-331   12/27/2017 23:11:40
2017-12-27 23:11:40,195 [9] FATAL ProcessLogger [(null)] - 界面3  190321-331   12/27/2017 23:11:40
2017-12-27 23:11:40,196 [9] FATAL ProcessLogger [(null)] - 界面3  190432-331   12/27/2017 23:11:40
2017-12-27 23:11:40,391 [9] FATAL ProcessLogger [(null)] - 界面3  190321-331   12/27/2017 23:11:40
2017-12-27 23:11:40,393 [9] FATAL ProcessLogger [(null)] - 界面3  190432-331   12/27/2017 23:11:40
2017-12-27 23:11:40,393 [9] FATAL ProcessLogger [(null)] - 界面3  190321-331   12/27/2017 23:11:40
2017-12-27 23:11:40,394 [9] FATAL ProcessLogger [(null)] - 界面3  190432-331   12/27/2017 23:11:40
2017-12-27 23:11:40,394 [9] FATAL ProcessLogger [(null)] - 界面3  190321-331   12/27/2017 23:11:40
2017-12-27 23:11:40,396 [9] FATAL ProcessLogger [(null)] - 界面3  190432-331   12/27/2017 23:11:40
2017-12-27 23:11:40,396 [9] FATAL ProcessLogger [(null)] - 界面3  190321-331   12/27/2017 23:11:40
2017-12-27 23:11:40,398 [9] FATAL ProcessLogger [(null)] - 界面3  190432-331   12/27/2017 23:11:40
2017-12-27 23:11:40,398 [9] FATAL ProcessLogger [(null)] - 界面3  190321-331   12/27/2017 23:11:40
2017-12-27 23:11:40,594 [9] FATAL ProcessLogger [(null)] - 界面3  190432-331   12/27/2017 23:11:40
2017-12-27 23:11:40,594 [9] FATAL ProcessLogger [(null)] - 界面3  190321-331   12/27/2017 23:11:40
2017-12-27 23:11:40,597 [9] FATAL ProcessLogger [(null)] - 界面3  190432-331   12/27/2017 23:11:40
2017-12-27 23:11:40,597 [9] FATAL ProcessLogger [(null)] - 界面3  190321-331   12/27/2017 23:11:40
2017-12-27 23:11:40,599 [9] FATAL ProcessLogger [(null)] - 界面3  190432-331   12/27/2017 23:11:40
2017-12-27 23:11:40,599 [9] FATAL ProcessLogger [(null)] - 界面3  190321-331   12/27/2017 23:11:40
2017-12-27 23:11:40,602 [9] FATAL ProcessLogger [(null)] - 界面3  190432-331   12/27/2017 23:11:40
2017-12-27 23:11:40,602 [9] FATAL ProcessLogger [(null)] - 界面3  190321-331   12/27/2017 23:11:40
2017-12-27 23:11:40,604 [9] FATAL ProcessLogger [(null)] - 界面3  190432-331   12/27/2017 23:11:40
2017-12-27 23:11:40,791 [9] FATAL ProcessLogger [(null)] - 界面3  190321-331   12/27/2017 23:11:40
2017-12-27 23:11:40,791 [9] FATAL ProcessLogger [(null)] - 界面3  190432-331   12/27/2017 23:11:40
2017-12-27 23:11:40,791 [9] FATAL ProcessLogger [(null)] - 界面3  190321-331   12/27/2017 23:11:40
2017-12-27 23:11:40,792 [9] FATAL ProcessLogger [(null)] - 界面3  190432-331   12/27/2017 23:11:40
2017-12-27 23:11:40,792 [9] FATAL ProcessLogger [(null)] - 界面3  190321-331   12/27/2017 23:11:40
2017-12-27 23:11:40,793 [9] FATAL ProcessLogger [(null)] - 界面3  190432-331   12/27/2017 23:11:40
2017-12-27 23:11:40,793 [9] FATAL ProcessLogger [(null)] - 界面3  190321-331   12/27/2017 23:11:40
2017-12-27 23:11:40,794 [9] FATAL ProcessLogger [(null)] - 界面3  190432-331   12/27/2017 23:11:40
2017-12-27 23:11:40,794 [9] FATAL ProcessLogger [(null)] - 界面3  190321-331   12/27/2017 23:11:40
2017-12-27 23:11:40,794 [9] FATAL ProcessLogger [(null)] - 界面3  190432-331   12/27/2017 23:11:40
2017-12-27 23:11:40,993 [9] FATAL ProcessLogger [(null)] - 界面3  190321-331   12/27/2017 23:11:40
2017-12-27 23:11:41,224 [9] FATAL ProcessLogger [(null)] - 界面3  190432-331   12/27/2017 23:11:41
2017-12-27 23:11:41,224 [9] FATAL ProcessLogger [(null)] - 界面3  190321-331   12/27/2017 23:11:41
2017-12-27 23:11:41,224 [9] FATAL ProcessLogger [(null)] - 界面3  190432-331   12/27/2017 23:11:41
2017-12-27 23:11:41,224 [9] FATAL ProcessLogger [(null)] - 界面3  190321-331   12/27/2017 23:11:41
2017-12-27 23:11:41,225 [9] FATAL ProcessLogger [(null)] - 界面3  190432-331   12/27/2017 23:11:41
2017-12-27 23:11:41,225 [9] FATAL ProcessLogger [(null)] - 界面3  190321-331   12/27/2017 23:11:41
2017-12-27 23:11:41,226 [9] FATAL ProcessLogger [(null)] - 界面3  190432-331   12/27/2017 23:11:41
2017-12-27 23:11:41,226 [9] FATAL ProcessLogger [(null)] - 界面3  190321-331   12/27/2017 23:11:41
2017-12-27 23:11:41,226 [9] FATAL ProcessLogger [(null)] - 界面3  190432-331   12/27/2017 23:11:41
2017-12-27 23:11:41,226 [9] FATAL ProcessLogger [(null)] - 界面3  190321-331   12/27/2017 23:11:41
2017-12-27 23:11:41,394 [9] FATAL ProcessLogger [(null)] - 界面3  190432-331   12/27/2017 23:11:41
2017-12-27 23:11:41,394 [9] FATAL ProcessLogger [(null)] - 界面3  190321-331   12/27/2017 23:11:41
2017-12-27 23:11:41,397 [9] FATAL ProcessLogger [(null)] - 界面3  190432-331   12/27/2017 23:11:41
2017-12-27 23:11:41,397 [9] FATAL ProcessLogger [(null)] - 界面3  190321-331   12/27/2017 23:11:41
2017-12-27 23:11:41,399 [9] FATAL ProcessLogger [(null)] - 界面3  190432-331   12/27/2017 23:11:41
2017-12-27 23:11:41,399 [9] FATAL ProcessLogger [(null)] - 界面3  190321-331   12/27/2017 23:11:41
2017-12-27 23:11:41,402 [9] FATAL ProcessLogger [(null)] - 界面3  190432-331   12/27/2017 23:11:41
2017-12-27 23:11:41,402 [9] FATAL ProcessLogger [(null)] - 界面3  190321-331   12/27/2017 23:11:41
2017-12-27 23:11:41,405 [9] FATAL ProcessLogger [(null)] - 界面3  190432-331   12/27/2017 23:11:41
2017-12-27 23:11:41,592 [9] FATAL ProcessLogger [(null)] - 界面3  190321-331   12/27/2017 23:11:41
2017-12-27 23:11:41,594 [9] FATAL ProcessLogger [(null)] - 界面3  190432-331   12/27/2017 23:11:41
2017-12-27 23:11:41,595 [9] FATAL ProcessLogger [(null)] - 界面3  190321-331   12/27/2017 23:11:41
2017-12-27 23:11:41,597 [9] FATAL ProcessLogger [(null)] - 界面3  190432-331   12/27/2017 23:11:41
2017-12-27 23:11:41,597 [9] FATAL ProcessLogger [(null)] - 界面3  190321-331   12/27/2017 23:11:41
2017-12-27 23:11:41,599 [9] FATAL ProcessLogger [(null)] - 界面3  190432-331   12/27/2017 23:11:41
2017-12-27 23:11:41,599 [9] FATAL ProcessLogger [(null)] - 界面3  190321-331   12/27/2017 23:11:41
2017-12-27 23:11:41,601 [9] FATAL ProcessLogger [(null)] - 界面3  190432-331   12/27/2017 23:11:41
2017-12-27 23:11:41,601 [9] FATAL ProcessLogger [(null)] - 界面3  190321-331   12/27/2017 23:11:41
2017-12-27 23:11:41,604 [9] FATAL ProcessLogger [(null)] - 界面3  190432-331   12/27/2017 23:11:41
2017-12-27 23:11:41,792 [9] FATAL ProcessLogger [(null)] - 界面3  190321-331   12/27/2017 23:11:41
2017-12-27 23:11:41,794 [9] FATAL ProcessLogger [(null)] - 界面3  190432-331   12/27/2017 23:11:41
2017-12-27 23:11:41,794 [9] FATAL ProcessLogger [(null)] - 界面3  190321-331   12/27/2017 23:11:41
2017-12-27 23:11:41,797 [9] FATAL ProcessLogger [(null)] - 界面3  190432-331   12/27/2017 23:11:41
2017-12-27 23:11:41,797 [9] FATAL ProcessLogger [(null)] - 界面3  190321-331   12/27/2017 23:11:41
2017-12-27 23:11:41,799 [9] FATAL ProcessLogger [(null)] - 界面3  190432-331   12/27/2017 23:11:41
2017-12-27 23:11:41,799 [9] FATAL ProcessLogger [(null)] - 界面3  190321-331   12/27/2017 23:11:41
2017-12-27 23:11:41,802 [9] FATAL ProcessLogger [(null)] - 界面3  190432-331   12/27/2017 23:11:41
2017-12-27 23:11:41,802 [9] FATAL ProcessLogger [(null)] - 界面3  190321-331   12/27/2017 23:11:41
2017-12-27 23:11:41,994 [9] FATAL ProcessLogger [(null)] - 界面3  190432-331   12/27/2017 23:11:41
2017-12-27 23:11:41,994 [9] FATAL ProcessLogger [(null)] - 界面3  190321-331   12/27/2017 23:11:41
2017-12-27 23:11:41,996 [9] FATAL ProcessLogger [(null)] - 界面3  190432-331   12/27/2017 23:11:41
2017-12-27 23:11:41,997 [9] FATAL ProcessLogger [(null)] - 界面3  190321-331   12/27/2017 23:11:41
2017-12-27 23:11:42,000 [9] FATAL ProcessLogger [(null)] - 界面3  190432-331   12/27/2017 23:11:41
2017-12-27 23:11:42,000 [9] FATAL ProcessLogger [(null)] - 界面3  190321-331   12/27/2017 23:11:42
2017-12-27 23:11:42,002 [9] FATAL ProcessLogger [(null)] - 界面3  190432-331   12/27/2017 23:11:42
2017-12-27 23:11:42,002 [9] FATAL ProcessLogger [(null)] - 界面3  190321-331   12/27/2017 23:11:42
2017-12-27 23:11:42,004 [9] FATAL ProcessLogger [(null)] - 界面3  190432-331   12/27/2017 23:11:42
2017-12-27 23:11:42,193 [9] FATAL ProcessLogger [(null)] - 界面3  190321-331   12/27/2017 23:11:42
2017-12-27 23:11:42,194 [9] FATAL ProcessLogger [(null)] - 界面3  190432-331   12/27/2017 23:11:42
2017-12-27 23:11:42,194 [9] FATAL ProcessLogger [(null)] - 界面3  190321-331   12/27/2017 23:11:42
2017-12-27 23:11:42,195 [9] FATAL ProcessLogger [(null)] - 界面3  190432-331   12/27/2017 23:11:42
2017-12-27 23:11:42,195 [9] FATAL ProcessLogger [(null)] - 界面3  190321-331   12/27/2017 23:11:42
2017-12-27 23:11:42,196 [9] FATAL ProcessLogger [(null)] - 界面3  190432-331   12/27/2017 23:11:42
2017-12-27 23:11:42,196 [9] FATAL ProcessLogger [(null)] - 界面3  190321-331   12/27/2017 23:11:42
2017-12-27 23:11:42,197 [9] FATAL ProcessLogger [(null)] - 界面3  190432-331   12/27/2017 23:11:42
2017-12-27 23:11:42,197 [9] FATAL ProcessLogger [(null)] - 界面3  190321-331   12/27/2017 23:11:42
2017-12-27 23:11:42,198 [9] FATAL ProcessLogger [(null)] - 界面3  190432-331   12/27/2017 23:11:42
2017-12-27 23:11:42,393 [9] FATAL ProcessLogger [(null)] - 界面3  190321-331   12/27/2017 23:11:42
2017-12-27 23:11:42,396 [9] FATAL ProcessLogger [(null)] - 界面3  190432-331   12/27/2017 23:11:42
2017-12-27 23:11:42,396 [9] FATAL ProcessLogger [(null)] - 界面3  190321-331   12/27/2017 23:11:42
2017-12-27 23:11:42,398 [9] FATAL ProcessLogger [(null)] - 界面3  190432-331   12/27/2017 23:11:42
2017-12-27 23:11:42,398 [9] FATAL ProcessLogger [(null)] - 界面3  190321-331   12/27/2017 23:11:42
2017-12-27 23:11:42,400 [9] FATAL ProcessLogger [(null)] - 界面3  190432-331   12/27/2017 23:11:42
2017-12-27 23:11:42,400 [9] FATAL ProcessLogger [(null)] - 界面3  190321-331   12/27/2017 23:11:42
2017-12-27 23:11:42,401 [9] FATAL ProcessLogger [(null)] - 界面3  190432-331   12/27/2017 23:11:42
2017-12-27 23:11:42,402 [9] FATAL ProcessLogger [(null)] - 界面3  190321-331   12/27/2017 23:11:42
2017-12-27 23:11:42,595 [9] FATAL ProcessLogger [(null)] - 界面3  190432-331   12/27/2017 23:11:42
2017-12-27 23:11:42,595 [9] FATAL ProcessLogger [(null)] - 界面3  190321-331   12/27/2017 23:11:42
2017-12-27 23:11:42,597 [9] FATAL ProcessLogger [(null)] - 界面3  190432-331   12/27/2017 23:11:42
2017-12-27 23:11:42,598 [9] FATAL ProcessLogger [(null)] - 界面3  190321-331   12/27/2017 23:11:42
2017-12-27 23:11:42,600 [9] FATAL ProcessLogger [(null)] - 界面3  190432-331   12/27/2017 23:11:42
2017-12-27 23:11:42,600 [9] FATAL ProcessLogger [(null)] - 界面3  190321-331   12/27/2017 23:11:42
2017-12-27 23:11:42,602 [9] FATAL ProcessLogger [(null)] - 界面3  190432-331   12/27/2017 23:11:42
2017-12-27 23:11:42,602 [9] FATAL ProcessLogger [(null)] - 界面3  190321-331   12/27/2017 23:11:42
2017-12-27 23:11:42,604 [9] FATAL ProcessLogger [(null)] - 界面3  190432-331   12/27/2017 23:11:42
2017-12-27 23:11:42,604 [9] FATAL ProcessLogger [(null)] - 界面3  190321-331   12/27/2017 23:11:42
2017-12-27 23:11:42,794 [9] FATAL ProcessLogger [(null)] - 界面3  190432-331   12/27/2017 23:11:42
2017-12-27 23:11:42,794 [9] FATAL ProcessLogger [(null)] - 界面3  190321-331   12/27/2017 23:11:42
2017-12-27 23:11:42,795 [9] FATAL ProcessLogger [(null)] - 界面3  190432-331   12/27/2017 23:11:42
2017-12-27 23:11:42,795 [9] FATAL ProcessLogger [(null)] - 界面3  190321-331   12/27/2017 23:11:42
2017-12-27 23:11:42,796 [9] FATAL ProcessLogger [(null)] - 界面3  190432-331   12/27/2017 23:11:42
2017-12-27 23:11:42,796 [9] FATAL ProcessLogger [(null)] - 界面3  190321-331   12/27/2017 23:11:42
2017-12-27 23:11:42,797 [9] FATAL ProcessLogger [(null)] - 界面3  190432-331   12/27/2017 23:11:42
2017-12-27 23:11:42,797 [9] FATAL ProcessLogger [(null)] - 界面3  190321-331   12/27/2017 23:11:42
2017-12-27 23:11:42,798 [9] FATAL ProcessLogger [(null)] - 界面3  190432-331   12/27/2017 23:11:42
2017-12-27 23:11:42,993 [9] FATAL ProcessLogger [(null)] - 界面3  190321-331   12/27/2017 23:11:42
2017-12-27 23:11:42,994 [9] FATAL ProcessLogger [(null)] - 界面3  190432-331   12/27/2017 23:11:42
2017-12-27 23:11:42,994 [9] FATAL ProcessLogger [(null)] - 界面3  190321-331   12/27/2017 23:11:42
2017-12-27 23:11:42,995 [9] FATAL ProcessLogger [(null)] - 界面3  190432-331   12/27/2017 23:11:42
2017-12-27 23:11:42,995 [9] FATAL ProcessLogger [(null)] - 界面3  190321-331   12/27/2017 23:11:42
2017-12-27 23:11:42,995 [9] FATAL ProcessLogger [(null)] - 界面3  190432-331   12/27/2017 23:11:42
2017-12-27 23:11:42,995 [9] FATAL ProcessLogger [(null)] - 界面3  190321-331   12/27/2017 23:11:42
2017-12-27 23:11:42,997 [9] FATAL ProcessLogger [(null)] - 界面3  190432-331   12/27/2017 23:11:42
2017-12-27 23:11:42,997 [9] FATAL ProcessLogger [(null)] - 界面3  190321-331   12/27/2017 23:11:42
2017-12-27 23:11:43,193 [9] FATAL ProcessLogger [(null)] - 界面3  190432-331   12/27/2017 23:11:43
2017-12-27 23:11:43,194 [9] FATAL ProcessLogger [(null)] - 界面3  190321-331   12/27/2017 23:11:43
2017-12-27 23:11:43,194 [9] FATAL ProcessLogger [(null)] - 界面3  190432-331   12/27/2017 23:11:43
2017-12-27 23:11:43,194 [9] FATAL ProcessLogger [(null)] - 界面3  190321-331   12/27/2017 23:11:43
2017-12-27 23:11:43,195 [9] FATAL ProcessLogger [(null)] - 界面3  190432-331   12/27/2017 23:11:43
2017-12-27 23:11:43,195 [9] FATAL ProcessLogger [(null)] - 界面3  190321-331   12/27/2017 23:11:43
2017-12-27 23:11:43,196 [9] FATAL ProcessLogger [(null)] - 界面3  190432-331   12/27/2017 23:11:43
2017-12-27 23:11:43,196 [9] FATAL ProcessLogger [(null)] - 界面3  190321-331   12/27/2017 23:11:43
2017-12-27 23:11:43,196 [9] FATAL ProcessLogger [(null)] - 界面3  190432-331   12/27/2017 23:11:43
2017-12-27 23:11:43,196 [9] FATAL ProcessLogger [(null)] - 界面3  190321-331   12/27/2017 23:11:43
2017-12-27 23:11:43,394 [9] FATAL ProcessLogger [(null)] - 界面3  190432-331   12/27/2017 23:11:43
2017-12-27 23:11:43,394 [9] FATAL ProcessLogger [(null)] - 界面3  190321-331   12/27/2017 23:11:43
2017-12-27 23:11:43,395 [9] FATAL ProcessLogger [(null)] - 界面3  190432-331   12/27/2017 23:11:43
2017-12-27 23:11:43,395 [9] FATAL ProcessLogger [(null)] - 界面3  190321-331   12/27/2017 23:11:43
2017-12-27 23:11:43,396 [9] FATAL ProcessLogger [(null)] - 界面3  190432-331   12/27/2017 23:11:43
2017-12-27 23:11:43,396 [9] FATAL ProcessLogger [(null)] - 界面3  190321-331   12/27/2017 23:11:43
2017-12-27 23:11:43,397 [9] FATAL ProcessLogger [(null)] - 界面3  190432-331   12/27/2017 23:11:43
2017-12-27 23:11:43,397 [9] FATAL ProcessLogger [(null)] - 界面3  190321-331   12/27/2017 23:11:43
2017-12-27 23:11:43,398 [9] FATAL ProcessLogger [(null)] - 界面3  190432-331   12/27/2017 23:11:43
2017-12-27 23:11:43,593 [9] FATAL ProcessLogger [(null)] - 界面3  190321-331   12/27/2017 23:11:43
2017-12-27 23:11:43,594 [9] FATAL ProcessLogger [(null)] - 界面3  190432-331   12/27/2017 23:11:43
2017-12-27 23:11:43,595 [9] FATAL ProcessLogger [(null)] - 界面3  190321-331   12/27/2017 23:11:43
2017-12-27 23:11:43,597 [9] FATAL ProcessLogger [(null)] - 界面3  190432-331   12/27/2017 23:11:43
2017-12-27 23:11:43,597 [9] FATAL ProcessLogger [(null)] - 界面3  190321-331   12/27/2017 23:11:43
2017-12-27 23:11:43,598 [9] FATAL ProcessLogger [(null)] - 界面3  190432-331   12/27/2017 23:11:43
2017-12-27 23:11:43,598 [9] FATAL ProcessLogger [(null)] - 界面3  190321-331   12/27/2017 23:11:43
2017-12-27 23:11:43,599 [9] FATAL ProcessLogger [(null)] - 界面3  190432-331   12/27/2017 23:11:43
2017-12-27 23:11:43,599 [9] FATAL ProcessLogger [(null)] - 界面3  190321-331   12/27/2017 23:11:43
2017-12-27 23:11:43,796 [9] FATAL ProcessLogger [(null)] - 界面3  190432-331   12/27/2017 23:11:43
2017-12-27 23:11:43,796 [9] FATAL ProcessLogger [(null)] - 界面3  190321-331   12/27/2017 23:11:43
2017-12-27 23:11:43,798 [9] FATAL ProcessLogger [(null)] - 界面3  190432-331   12/27/2017 23:11:43
2017-12-27 23:11:43,798 [9] FATAL ProcessLogger [(null)] - 界面3  190321-331   12/27/2017 23:11:43
2017-12-27 23:11:43,800 [9] FATAL ProcessLogger [(null)] - 界面3  190432-331   12/27/2017 23:11:43
2017-12-27 23:11:43,800 [9] FATAL ProcessLogger [(null)] - 界面3  190321-331   12/27/2017 23:11:43
2017-12-27 23:11:43,803 [9] FATAL ProcessLogger [(null)] - 界面3  190432-331   12/27/2017 23:11:43
2017-12-27 23:11:43,803 [9] FATAL ProcessLogger [(null)] - 界面3  190321-331   12/27/2017 23:11:43
2017-12-27 23:11:43,805 [9] FATAL ProcessLogger [(null)] - 界面3  190432-331   12/27/2017 23:11:43
2017-12-27 23:11:43,805 [9] FATAL ProcessLogger [(null)] - 界面3  190321-331   12/27/2017 23:11:43
2017-12-27 23:11:43,994 [9] FATAL ProcessLogger [(null)] - 界面3  190432-331   12/27/2017 23:11:43
2017-12-27 23:11:43,994 [9] FATAL ProcessLogger [(null)] - 界面3  190321-331   12/27/2017 23:11:43
2017-12-27 23:11:43,995 [9] FATAL ProcessLogger [(null)] - 界面3  190432-331   12/27/2017 23:11:43
2017-12-27 23:11:43,995 [9] FATAL ProcessLogger [(null)] - 界面3  190321-331   12/27/2017 23:11:43
2017-12-27 23:11:43,996 [9] FATAL ProcessLogger [(null)] - 界面3  190432-331   12/27/2017 23:11:43
2017-12-27 23:11:43,996 [9] FATAL ProcessLogger [(null)] - 界面3  190321-331   12/27/2017 23:11:43
2017-12-27 23:11:43,997 [9] FATAL ProcessLogger [(null)] - 界面3  190432-331   12/27/2017 23:11:43
2017-12-27 23:11:43,997 [9] FATAL ProcessLogger [(null)] - 界面3  190321-331   12/27/2017 23:11:43
2017-12-27 23:11:43,998 [9] FATAL ProcessLogger [(null)] - 界面3  190432-331   12/27/2017 23:11:43
2017-12-27 23:11:44,193 [9] FATAL ProcessLogger [(null)] - 界面3  190321-331   12/27/2017 23:11:44
2017-12-27 23:11:44,195 [9] FATAL ProcessLogger [(null)] - 界面3  190432-331   12/27/2017 23:11:44
2017-12-27 23:11:44,195 [9] FATAL ProcessLogger [(null)] - 界面3  190321-331   12/27/2017 23:11:44
2017-12-27 23:11:44,197 [9] FATAL ProcessLogger [(null)] - 界面3  190432-331   12/27/2017 23:11:44
2017-12-27 23:11:44,198 [9] FATAL ProcessLogger [(null)] - 界面3  190321-331   12/27/2017 23:11:44
2017-12-27 23:11:44,199 [9] FATAL ProcessLogger [(null)] - 界面3  190432-331   12/27/2017 23:11:44
2017-12-27 23:11:44,199 [9] FATAL ProcessLogger [(null)] - 界面3  190321-331   12/27/2017 23:11:44
2017-12-27 23:11:44,200 [9] FATAL ProcessLogger [(null)] - 界面3  190432-331   12/27/2017 23:11:44
2017-12-27 23:11:44,200 [9] FATAL ProcessLogger [(null)] - 界面3  190321-331   12/27/2017 23:11:44
2017-12-27 23:11:44,201 [9] FATAL ProcessLogger [(null)] - 读取中奖信息  19230512/27/2017 23:11:44
2017-12-27 23:11:44,686 [9] FATAL ProcessLogger [(null)] - AnalysisWebInfo2接入 8990212/27/2017 23:11:44
2017-12-27 23:11:44,687 [9] FATAL ProcessLogger [(null)] - 获取中奖信息  190612/27/2017 23:11:44
2017-12-27 23:12:53,151 [10] FATAL ProcessLogger [(null)] - System Start 12/27/2017 23:12:53
2017-12-27 23:12:53,206 [10] FATAL ProcessLogger [(null)] - login12/27/2017 23:12:53
2017-12-27 23:12:57,185 [10] FATAL ProcessLogger [(null)] - System Start 12/27/2017 23:12:57
2017-12-27 23:13:01,846 [10] FATAL ProcessLogger [(null)] - 读取NewMethod12/27/2017 23:13:01
2017-12-27 23:13:01,857 [10] FATAL ProcessLogger [(null)] - 读取中 090112/27/2017 23:13:01
2017-12-27 23:13:01,990 [10] FATAL ProcessLogger [(null)] - 读取中 09010 12/27/2017 23:13:01
2017-12-27 23:13:02,030 [10] FATAL ProcessLogger [(null)] - 接入 前 091101 12/27/2017 23:13:02
2017-12-27 23:13:02,030 [10] FATAL ProcessLogger [(null)] - 接入 前 091102 12/27/2017 23:13:02
2017-12-27 23:13:02,262 [10] FATAL ProcessLogger [(null)] - AnalysisWebInfo2接入 8990212/27/2017 23:13:02
2017-12-27 23:13:02,263 [10] FATAL ProcessLogger [(null)] - 接入界面12/27/2017 23:13:02
2017-12-27 23:13:02,284 [10] FATAL ProcessLogger [(null)] - 接入界面 00212/27/2017 23:13:02
2017-12-27 23:13:05,248 [10] FATAL ProcessLogger [(null)] - 读取NewMethod12/27/2017 23:13:05
2017-12-27 23:13:05,248 [10] FATAL ProcessLogger [(null)] - 读取中 090112/27/2017 23:13:05
2017-12-27 23:13:05,390 [10] FATAL ProcessLogger [(null)] - 读取中 09010 12/27/2017 23:13:05
2017-12-27 23:13:05,393 [10] FATAL ProcessLogger [(null)] - 接入 前 091101 12/27/2017 23:13:05
2017-12-27 23:13:05,393 [10] FATAL ProcessLogger [(null)] - 接入 前 091102 12/27/2017 23:13:05
2017-12-27 23:13:05,543 [10] FATAL ProcessLogger [(null)] - AnalysisWebInfo2接入 8990212/27/2017 23:13:05
2017-12-27 23:13:05,544 [10] FATAL ProcessLogger [(null)] - 接入界面12/27/2017 23:13:05
2017-12-27 23:13:05,544 [10] FATAL ProcessLogger [(null)] - 接入界面 00212/27/2017 23:13:05
2017-12-27 23:13:06,389 [10] FATAL ProcessLogger [(null)] - 读取NewMethod12/27/2017 23:13:06
2017-12-27 23:13:06,389 [10] FATAL ProcessLogger [(null)] - 读取中 090112/27/2017 23:13:06
2017-12-27 23:13:06,510 [10] FATAL ProcessLogger [(null)] - 读取中 09010 12/27/2017 23:13:06
2017-12-27 23:13:06,514 [10] FATAL ProcessLogger [(null)] - 接入 前 091101 12/27/2017 23:13:06
2017-12-27 23:13:06,515 [10] FATAL ProcessLogger [(null)] - 接入 前 091102 12/27/2017 23:13:06
2017-12-27 23:13:06,670 [10] FATAL ProcessLogger [(null)] - AnalysisWebInfo2接入 8990212/27/2017 23:13:06
2017-12-27 23:13:06,671 [10] FATAL ProcessLogger [(null)] - 接入界面12/27/2017 23:13:06
2017-12-27 23:13:06,671 [10] FATAL ProcessLogger [(null)] - 接入界面 00212/27/2017 23:13:06
2017-12-27 23:13:07,172 [10] FATAL ProcessLogger [(null)] - 读取NewMethod12/27/2017 23:13:07
2017-12-27 23:13:07,172 [10] FATAL ProcessLogger [(null)] - 读取中 090112/27/2017 23:13:07
2017-12-27 23:13:07,287 [10] FATAL ProcessLogger [(null)] - 读取中 09010 12/27/2017 23:13:07
2017-12-27 23:13:07,290 [10] FATAL ProcessLogger [(null)] - 接入 前 091101 12/27/2017 23:13:07
2017-12-27 23:13:07,290 [10] FATAL ProcessLogger [(null)] - 接入 前 091102 12/27/2017 23:13:07
2017-12-27 23:13:07,445 [10] FATAL ProcessLogger [(null)] - AnalysisWebInfo2接入 8990212/27/2017 23:13:07
2017-12-27 23:13:07,446 [10] FATAL ProcessLogger [(null)] - 接入界面12/27/2017 23:13:07
2017-12-27 23:13:07,446 [10] FATAL ProcessLogger [(null)] - 接入界面 00212/27/2017 23:13:07
2017-12-27 23:13:07,958 [10] FATAL ProcessLogger [(null)] - 读取NewMethod12/27/2017 23:13:07
2017-12-27 23:13:07,958 [10] FATAL ProcessLogger [(null)] - 读取中 090112/27/2017 23:13:07
2017-12-27 23:13:08,071 [10] FATAL ProcessLogger [(null)] - 读取中 09010 12/27/2017 23:13:08
2017-12-27 23:13:08,074 [10] FATAL ProcessLogger [(null)] - 接入 前 091101 12/27/2017 23:13:08
2017-12-27 23:13:08,075 [10] FATAL ProcessLogger [(null)] - 接入 前 091102 12/27/2017 23:13:08
2017-12-27 23:13:08,218 [10] FATAL ProcessLogger [(null)] - AnalysisWebInfo2接入 8990212/27/2017 23:13:08
2017-12-27 23:13:08,218 [10] FATAL ProcessLogger [(null)] - 接入界面12/27/2017 23:13:08
2017-12-27 23:13:08,219 [10] FATAL ProcessLogger [(null)] - 接入界面 00212/27/2017 23:13:08
2017-12-27 23:13:08,686 [10] FATAL ProcessLogger [(null)] - 读取NewMethod12/27/2017 23:13:08
2017-12-27 23:13:08,687 [10] FATAL ProcessLogger [(null)] - 读取中 090112/27/2017 23:13:08
2017-12-27 23:13:08,810 [10] FATAL ProcessLogger [(null)] - 读取中 09010 12/27/2017 23:13:08
2017-12-27 23:13:08,813 [10] FATAL ProcessLogger [(null)] - 接入 前 091101 12/27/2017 23:13:08
2017-12-27 23:13:08,813 [10] FATAL ProcessLogger [(null)] - 接入 前 091102 12/27/2017 23:13:08
2017-12-27 23:13:09,010 [10] FATAL ProcessLogger [(null)] - AnalysisWebInfo2接入 8990212/27/2017 23:13:09
2017-12-27 23:13:09,011 [10] FATAL ProcessLogger [(null)] - 接入界面12/27/2017 23:13:09
2017-12-27 23:13:09,012 [10] FATAL ProcessLogger [(null)] - 接入界面 00212/27/2017 23:13:09
2017-12-27 23:13:09,487 [10] FATAL ProcessLogger [(null)] - 读取NewMethod12/27/2017 23:13:09
2017-12-27 23:13:09,487 [10] FATAL ProcessLogger [(null)] - 读取中 090112/27/2017 23:13:09
2017-12-27 23:13:09,619 [10] FATAL ProcessLogger [(null)] - 读取中 09010 12/27/2017 23:13:09
2017-12-27 23:13:09,622 [10] FATAL ProcessLogger [(null)] - 接入 前 091101 12/27/2017 23:13:09
2017-12-27 23:13:09,622 [10] FATAL ProcessLogger [(null)] - 接入 前 091102 12/27/2017 23:13:09
2017-12-27 23:13:09,786 [10] FATAL ProcessLogger [(null)] - AnalysisWebInfo2接入 8990212/27/2017 23:13:09
2017-12-27 23:13:09,786 [10] FATAL ProcessLogger [(null)] - 接入界面12/27/2017 23:13:09
2017-12-27 23:13:09,787 [10] FATAL ProcessLogger [(null)] - 接入界面 00212/27/2017 23:13:09
2017-12-27 23:13:10,206 [10] FATAL ProcessLogger [(null)] - 读取NewMethod12/27/2017 23:13:10
2017-12-27 23:13:10,207 [10] FATAL ProcessLogger [(null)] - 读取中 090112/27/2017 23:13:10
2017-12-27 23:13:10,320 [10] FATAL ProcessLogger [(null)] - 读取中 09010 12/27/2017 23:13:10
2017-12-27 23:13:10,323 [10] FATAL ProcessLogger [(null)] - 接入 前 091101 12/27/2017 23:13:10
2017-12-27 23:13:10,323 [10] FATAL ProcessLogger [(null)] - 接入 前 091102 12/27/2017 23:13:10
2017-12-27 23:13:10,461 [10] FATAL ProcessLogger [(null)] - AnalysisWebInfo2接入 8990212/27/2017 23:13:10
2017-12-27 23:13:10,461 [10] FATAL ProcessLogger [(null)] - 接入界面12/27/2017 23:13:10
2017-12-27 23:13:10,462 [10] FATAL ProcessLogger [(null)] - 接入界面 00212/27/2017 23:13:10
2017-12-27 23:13:10,778 [10] FATAL ProcessLogger [(null)] - 读取NewMethod12/27/2017 23:13:10
2017-12-27 23:13:10,779 [10] FATAL ProcessLogger [(null)] - 读取中 090112/27/2017 23:13:10
2017-12-27 23:13:10,880 [10] FATAL ProcessLogger [(null)] - 读取中 09010 12/27/2017 23:13:10
2017-12-27 23:13:10,883 [10] FATAL ProcessLogger [(null)] - 接入 前 091101 12/27/2017 23:13:10
2017-12-27 23:13:10,883 [10] FATAL ProcessLogger [(null)] - 接入 前 091102 12/27/2017 23:13:10
2017-12-27 23:13:11,049 [10] FATAL ProcessLogger [(null)] - AnalysisWebInfo2接入 8990212/27/2017 23:13:11
2017-12-27 23:13:11,050 [10] FATAL ProcessLogger [(null)] - 接入界面12/27/2017 23:13:11
2017-12-27 23:13:11,051 [10] FATAL ProcessLogger [(null)] - 接入界面 00212/27/2017 23:13:11
2017-12-27 23:13:11,544 [10] FATAL ProcessLogger [(null)] - 读取NewMethod12/27/2017 23:13:11
2017-12-27 23:13:11,545 [10] FATAL ProcessLogger [(null)] - 读取中 090112/27/2017 23:13:11
2017-12-27 23:13:11,672 [10] FATAL ProcessLogger [(null)] - 读取中 09010 12/27/2017 23:13:11
2017-12-27 23:13:11,678 [10] FATAL ProcessLogger [(null)] - 接入 前 091101 12/27/2017 23:13:11
2017-12-27 23:13:11,679 [10] FATAL ProcessLogger [(null)] - 接入 前 091102 12/27/2017 23:13:11
2017-12-27 23:13:11,819 [10] FATAL ProcessLogger [(null)] - AnalysisWebInfo2接入 8990212/27/2017 23:13:11
2017-12-27 23:13:11,819 [10] FATAL ProcessLogger [(null)] - 接入界面12/27/2017 23:13:11
2017-12-27 23:13:11,820 [10] FATAL ProcessLogger [(null)] - 接入界面 00212/27/2017 23:13:11
2017-12-27 23:13:12,094 [10] FATAL ProcessLogger [(null)] - 读取NewMethod12/27/2017 23:13:12
2017-12-27 23:13:12,096 [10] FATAL ProcessLogger [(null)] - 读取中 090112/27/2017 23:13:12
2017-12-27 23:13:12,203 [10] FATAL ProcessLogger [(null)] - 读取中 09010 12/27/2017 23:13:12
2017-12-27 23:13:12,206 [10] FATAL ProcessLogger [(null)] - 接入 前 091101 12/27/2017 23:13:12
2017-12-27 23:13:12,206 [10] FATAL ProcessLogger [(null)] - 接入 前 091102 12/27/2017 23:13:12
2017-12-27 23:13:12,332 [10] FATAL ProcessLogger [(null)] - AnalysisWebInfo2接入 8990212/27/2017 23:13:12
2017-12-27 23:13:12,333 [10] FATAL ProcessLogger [(null)] - 接入界面12/27/2017 23:13:12
2017-12-27 23:13:12,334 [10] FATAL ProcessLogger [(null)] - 接入界面 00212/27/2017 23:13:12
2017-12-27 23:13:12,799 [10] FATAL ProcessLogger [(null)] - 读取NewMethod12/27/2017 23:13:12
2017-12-27 23:13:12,799 [10] FATAL ProcessLogger [(null)] - 读取中 090112/27/2017 23:13:12
2017-12-27 23:13:12,905 [10] FATAL ProcessLogger [(null)] - 读取中 09010 12/27/2017 23:13:12
2017-12-27 23:13:12,908 [10] FATAL ProcessLogger [(null)] - 接入 前 091101 12/27/2017 23:13:12
2017-12-27 23:13:12,908 [10] FATAL ProcessLogger [(null)] - 接入 前 091102 12/27/2017 23:13:12
2017-12-27 23:13:13,052 [10] FATAL ProcessLogger [(null)] - AnalysisWebInfo2接入 8990212/27/2017 23:13:13
2017-12-27 23:13:13,053 [10] FATAL ProcessLogger [(null)] - 接入界面12/27/2017 23:13:13
2017-12-27 23:13:13,055 [10] FATAL ProcessLogger [(null)] - 接入界面 00212/27/2017 23:13:13
2017-12-27 23:13:13,708 [10] FATAL ProcessLogger [(null)] - 读取NewMethod12/27/2017 23:13:13
2017-12-27 23:13:13,709 [10] FATAL ProcessLogger [(null)] - 读取中 090112/27/2017 23:13:13
2017-12-27 23:13:13,823 [10] FATAL ProcessLogger [(null)] - 读取中 09010 12/27/2017 23:13:13
2017-12-27 23:13:13,825 [10] FATAL ProcessLogger [(null)] - 接入 前 091101 12/27/2017 23:13:13
2017-12-27 23:13:13,826 [10] FATAL ProcessLogger [(null)] - 接入 前 091102 12/27/2017 23:13:13
2017-12-27 23:13:14,007 [10] FATAL ProcessLogger [(null)] - AnalysisWebInfo2接入 8990212/27/2017 23:13:14
2017-12-27 23:13:14,007 [10] FATAL ProcessLogger [(null)] - 接入界面12/27/2017 23:13:14
2017-12-27 23:13:14,008 [10] FATAL ProcessLogger [(null)] - 接入界面 00212/27/2017 23:13:14
2017-12-27 23:13:14,220 [10] FATAL ProcessLogger [(null)] - 读取NewMethod12/27/2017 23:13:14
2017-12-27 23:13:14,221 [10] FATAL ProcessLogger [(null)] - 读取中 090112/27/2017 23:13:14
2017-12-27 23:13:14,323 [10] FATAL ProcessLogger [(null)] - 读取中 09010 12/27/2017 23:13:14
2017-12-27 23:13:14,326 [10] FATAL ProcessLogger [(null)] - 接入 前 091101 12/27/2017 23:13:14
2017-12-27 23:13:14,326 [10] FATAL ProcessLogger [(null)] - 接入 前 091102 12/27/2017 23:13:14
2017-12-27 23:13:14,473 [10] FATAL ProcessLogger [(null)] - AnalysisWebInfo2接入 8990212/27/2017 23:13:14
2017-12-27 23:13:14,474 [10] FATAL ProcessLogger [(null)] - 接入界面12/27/2017 23:13:14
2017-12-27 23:13:14,475 [10] FATAL ProcessLogger [(null)] - 接入界面 00212/27/2017 23:13:14
2017-12-27 23:13:14,741 [10] FATAL ProcessLogger [(null)] - 读取NewMethod12/27/2017 23:13:14
2017-12-27 23:13:14,742 [10] FATAL ProcessLogger [(null)] - 读取中 090112/27/2017 23:13:14
2017-12-27 23:13:14,845 [10] FATAL ProcessLogger [(null)] - 读取中 09010 12/27/2017 23:13:14
2017-12-27 23:13:14,849 [10] FATAL ProcessLogger [(null)] - 接入 前 091101 12/27/2017 23:13:14
2017-12-27 23:13:14,849 [10] FATAL ProcessLogger [(null)] - 接入 前 091102 12/27/2017 23:13:14
2017-12-27 23:13:15,054 [10] FATAL ProcessLogger [(null)] - AnalysisWebInfo2接入 8990212/27/2017 23:13:15
2017-12-27 23:13:15,056 [10] FATAL ProcessLogger [(null)] - 接入界面12/27/2017 23:13:15
2017-12-27 23:13:15,057 [10] FATAL ProcessLogger [(null)] - 接入界面 00212/27/2017 23:13:15
2017-12-27 23:13:15,219 [10] FATAL ProcessLogger [(null)] - 读取NewMethod12/27/2017 23:13:15
2017-12-27 23:13:15,222 [10] FATAL ProcessLogger [(null)] - 读取中 090112/27/2017 23:13:15
2017-12-27 23:13:15,350 [10] FATAL ProcessLogger [(null)] - 读取中 09010 12/27/2017 23:13:15
2017-12-27 23:13:15,353 [10] FATAL ProcessLogger [(null)] - 接入 前 091101 12/27/2017 23:13:15
2017-12-27 23:13:15,353 [10] FATAL ProcessLogger [(null)] - 接入 前 091102 12/27/2017 23:13:15
2017-12-27 23:13:15,736 [10] FATAL ProcessLogger [(null)] - 读取NewMethod12/27/2017 23:13:15
2017-12-27 23:13:15,737 [10] FATAL ProcessLogger [(null)] - 读取中 090112/27/2017 23:13:15
2017-12-27 23:13:15,844 [10] FATAL ProcessLogger [(null)] - 读取中 09010 12/27/2017 23:13:15
2017-12-27 23:13:15,847 [10] FATAL ProcessLogger [(null)] - 接入 前 091101 12/27/2017 23:13:15
2017-12-27 23:13:15,847 [10] FATAL ProcessLogger [(null)] - 接入 前 091102 12/27/2017 23:13:15
2017-12-27 23:13:17,889 [10] FATAL ProcessLogger [(null)] - AnalysisWebInfo2接入 8990212/27/2017 23:13:17
2017-12-27 23:13:17,890 [10] FATAL ProcessLogger [(null)] - 接入界面12/27/2017 23:13:17
2017-12-27 23:13:17,944 [10] FATAL ProcessLogger [(null)] - 接入界面 00212/27/2017 23:13:17
2017-12-27 23:13:17,946 [10] FATAL ProcessLogger [(null)] - AnalysisWebInfo2接入 8990212/27/2017 23:13:17
2017-12-27 23:13:17,946 [10] FATAL ProcessLogger [(null)] - 界面2  190112/27/2017 23:13:17
2017-12-27 23:13:18,581 [10] FATAL ProcessLogger [(null)] - AnalysisWebInfo2接入 8990212/27/2017 23:13:18
2017-12-27 23:13:18,582 [10] FATAL ProcessLogger [(null)] - 接入界面12/27/2017 23:13:18
2017-12-27 23:13:18,602 [10] FATAL ProcessLogger [(null)] - 接入界面 00212/27/2017 23:13:18
2017-12-27 23:13:18,604 [10] FATAL ProcessLogger [(null)] - AnalysisWebInfo2接入 8990212/27/2017 23:13:18
2017-12-27 23:13:18,604 [10] FATAL ProcessLogger [(null)] - 界面2  190112/27/2017 23:13:18
2017-12-27 23:13:22,443 [10] FATAL ProcessLogger [(null)] - AnalysisWebInfo2接入 8990212/27/2017 23:13:22
2017-12-27 23:13:22,443 [10] FATAL ProcessLogger [(null)] - 界面2  190112/27/2017 23:13:22
2017-12-27 23:13:22,445 [10] FATAL ProcessLogger [(null)] - AnalysisWebInfo2接入 8990212/27/2017 23:13:22
2017-12-27 23:13:22,906 [10] FATAL ProcessLogger [(null)] - AnalysisWebInfo2接入 8990212/27/2017 23:13:22
2017-12-27 23:13:28,061 [10] FATAL ProcessLogger [(null)] - AnalysisWebInfo2接入 8990212/27/2017 23:13:28
2017-12-27 23:13:28,061 [10] FATAL ProcessLogger [(null)] - 界面2  190112/27/2017 23:13:28
2017-12-27 23:13:28,063 [10] FATAL ProcessLogger [(null)] - AnalysisWebInfo2接入 8990212/27/2017 23:13:28
2017-12-27 23:13:28,074 [10] FATAL ProcessLogger [(null)] - AnalysisWebInfo2接入 8990212/27/2017 23:13:28
2017-12-27 23:13:33,139 [10] FATAL ProcessLogger [(null)] - AnalysisWebInfo2接入 8990212/27/2017 23:13:33
2017-12-27 23:13:33,140 [10] FATAL ProcessLogger [(null)] - 界面3  190212/27/2017 23:13:33
2017-12-27 23:13:33,140 [10] FATAL ProcessLogger [(null)] - 界面3  190312/27/2017 23:13:33
