2017-12-21 19:28:30,705 [10] FATAL ProcessLogger [(null)] - System Start 12/21/2017 19:28:30
2017-12-21 19:28:30,771 [10] FATAL ProcessLogger [(null)] - login12/21/2017 19:28:30
2017-12-21 19:28:37,346 [10] FATAL ProcessLogger [(null)] - System Start 12/21/2017 19:28:37
2017-12-21 19:33:20,069 [10] FATAL ProcessLogger [(null)] - 读取NewMethod12/21/2017 19:33:20
2017-12-21 19:33:40,234 [10] FATAL ProcessLogger [(null)] - ReadServer_tuijanhaoma open12/21/2017 19:33:40
2017-12-21 19:33:40,235 [10] FATAL ProcessLogger [(null)] - ReadServer_tuijanhaoma open 112/21/2017 19:33:40
2017-12-21 19:33:40,236 [10] FATAL ProcessLogger [(null)] - ReadServer_tuijanhaoma open 212/21/2017 19:33:40
2017-12-21 19:33:40,237 [10] FATAL ProcessLogger [(null)] - ReadServer_tuijanhaoma open 312/21/2017 19:33:40
2017-12-21 19:33:40,515 [10] FATAL ProcessLogger [(null)] - ReadServer_lishizhongjian 112/21/2017 19:33:40
2017-12-21 19:42:59,979 [9] FATAL ProcessLogger [(null)] - System Start 12/21/2017 19:42:59
2017-12-21 19:43:00,039 [9] FATAL ProcessLogger [(null)] - login12/21/2017 19:43:00
2017-12-21 19:47:48,151 [10] FATAL ProcessLogger [(null)] - System Start 12/21/2017 19:47:48
2017-12-21 19:47:48,211 [10] FATAL ProcessLogger [(null)] - login12/21/2017 19:47:48
2017-12-21 20:07:30,300 [8] FATAL ProcessLogger [(null)] - System Start 12/21/2017 20:07:30
2017-12-21 20:07:30,355 [8] FATAL ProcessLogger [(null)] - login12/21/2017 20:07:30
2017-12-21 20:07:35,844 [8] FATAL ProcessLogger [(null)] - System Start 12/21/2017 20:07:35
2017-12-21 20:07:40,802 [8] FATAL ProcessLogger [(null)] - 读取NewMethod12/21/2017 20:07:40
2017-12-21 20:08:04,405 [8] FATAL ProcessLogger [(null)] - ReadServer_tuijanhaoma open12/21/2017 20:08:04
2017-12-21 20:08:04,494 [8] FATAL ProcessLogger [(null)] - ReadServer_tuijanhaoma open 112/21/2017 20:08:04
2017-12-21 20:08:04,494 [8] FATAL ProcessLogger [(null)] - ReadServer_tuijanhaoma open 212/21/2017 20:08:04
2017-12-21 20:08:04,497 [8] FATAL ProcessLogger [(null)] - ReadServer_tuijanhaoma open 312/21/2017 20:08:04
2017-12-21 20:08:04,504 [8] FATAL ProcessLogger [(null)] - ReadServer_lishizhongjian 112/21/2017 20:08:04
2017-12-21 20:22:19,154 [10] FATAL ProcessLogger [(null)] - System Start 12/21/2017 20:22:19
2017-12-21 20:22:19,207 [10] FATAL ProcessLogger [(null)] - login12/21/2017 20:22:19
2017-12-21 20:30:00,383 [9] FATAL ProcessLogger [(null)] - System Start 12/21/2017 20:30:00
2017-12-21 20:30:00,446 [9] FATAL ProcessLogger [(null)] - login12/21/2017 20:30:00
2017-12-21 20:34:36,438 [9] FATAL ProcessLogger [(null)] - System Start 12/21/2017 20:34:36
2017-12-21 20:34:41,336 [9] FATAL ProcessLogger [(null)] - 读取NewMethod12/21/2017 20:34:41
2017-12-21 20:35:03,556 [9] FATAL ProcessLogger [(null)] - ReadServer_tuijanhaoma open12/21/2017 20:35:03
2017-12-21 20:35:03,628 [9] FATAL ProcessLogger [(null)] - ReadServer_tuijanhaoma open 112/21/2017 20:35:03
2017-12-21 20:35:03,628 [9] FATAL ProcessLogger [(null)] - ReadServer_tuijanhaoma open 212/21/2017 20:35:03
2017-12-21 20:35:03,630 [9] FATAL ProcessLogger [(null)] - ReadServer_tuijanhaoma open 312/21/2017 20:35:03
2017-12-21 20:35:03,633 [9] FATAL ProcessLogger [(null)] - ReadServer_lishizhongjian 112/21/2017 20:35:03
2017-12-21 20:39:22,688 [9] FATAL ProcessLogger [(null)] - System Start 12/21/2017 20:39:22
2017-12-21 20:39:22,740 [9] FATAL ProcessLogger [(null)] - login12/21/2017 20:39:22
2017-12-21 20:40:17,285 [10] FATAL ProcessLogger [(null)] - System Start 12/21/2017 20:40:17
2017-12-21 20:40:17,338 [10] FATAL ProcessLogger [(null)] - login12/21/2017 20:40:17
2017-12-21 20:58:09,952 [9] FATAL ProcessLogger [(null)] - System Start 12/21/2017 20:58:09
2017-12-21 20:58:10,008 [9] FATAL ProcessLogger [(null)] - login12/21/2017 20:58:10
2017-12-21 20:58:14,604 [9] FATAL ProcessLogger [(null)] - System Start 12/21/2017 20:58:14
2017-12-21 20:58:20,520 [9] FATAL ProcessLogger [(null)] - 读取NewMethod12/21/2017 20:58:20
2017-12-21 20:58:30,962 [9] FATAL ProcessLogger [(null)] - ReadServer_tuijanhaoma open12/21/2017 20:58:30
2017-12-21 20:58:31,009 [9] FATAL ProcessLogger [(null)] - ReadServer_tuijanhaoma open 112/21/2017 20:58:31
2017-12-21 20:58:31,009 [9] FATAL ProcessLogger [(null)] - ReadServer_tuijanhaoma open 212/21/2017 20:58:31
2017-12-21 20:58:31,011 [9] FATAL ProcessLogger [(null)] - ReadServer_tuijanhaoma open 312/21/2017 20:58:31
2017-12-21 20:58:31,014 [9] FATAL ProcessLogger [(null)] - ReadServer_lishizhongjian 112/21/2017 20:58:31
2017-12-21 21:02:20,774 [1] FATAL ProcessLogger [(null)] - System Start 12/21/2017 21:02:20
2017-12-21 21:02:20,857 [1] FATAL ProcessLogger [(null)] - login12/21/2017 21:02:20
2017-12-21 21:02:27,878 [1] FATAL ProcessLogger [(null)] - System Start 12/21/2017 21:02:27
2017-12-21 21:02:35,645 [1] FATAL ProcessLogger [(null)] - 读取NewMethod12/21/2017 21:02:35
2017-12-21 21:03:01,772 [1] FATAL ProcessLogger [(null)] - ReadServer_tuijanhaoma open12/21/2017 21:03:01
2017-12-21 21:03:01,816 [1] FATAL ProcessLogger [(null)] - ReadServer_tuijanhaoma open 112/21/2017 21:03:01
2017-12-21 21:03:01,816 [1] FATAL ProcessLogger [(null)] - ReadServer_tuijanhaoma open 212/21/2017 21:03:01
2017-12-21 21:03:01,819 [1] FATAL ProcessLogger [(null)] - ReadServer_tuijanhaoma open 312/21/2017 21:03:01
2017-12-21 21:03:01,823 [1] FATAL ProcessLogger [(null)] - ReadServer_lishizhongjian 112/21/2017 21:03:01
2017-12-21 21:11:06,177 [1] FATAL ProcessLogger [(null)] - 读取NewMethod12/21/2017 21:11:06
2017-12-21 21:11:33,154 [1] FATAL ProcessLogger [(null)] - ReadServer_tuijanhaoma open12/21/2017 21:11:33
2017-12-21 21:11:33,155 [1] FATAL ProcessLogger [(null)] - ReadServer_tuijanhaoma open 112/21/2017 21:11:33
2017-12-21 21:11:33,155 [1] FATAL ProcessLogger [(null)] - ReadServer_tuijanhaoma open 212/21/2017 21:11:33
2017-12-21 21:11:33,156 [1] FATAL ProcessLogger [(null)] - ReadServer_tuijanhaoma open 312/21/2017 21:11:33
2017-12-21 21:11:33,156 [1] FATAL ProcessLogger [(null)] - ReadServer_lishizhongjian 112/21/2017 21:11:33
2017-12-21 21:11:58,049 [1] FATAL ProcessLogger [(null)] - 读取NewMethod12/21/2017 21:11:58
2017-12-21 22:38:15,968 [9] FATAL ProcessLogger [(null)] - System Start 12/21/2017 22:38:15
2017-12-21 22:38:16,025 [9] FATAL ProcessLogger [(null)] - login12/21/2017 22:38:16
2017-12-21 22:38:20,255 [9] FATAL ProcessLogger [(null)] - System Start 12/21/2017 22:38:20
2017-12-21 22:38:24,332 [9] FATAL ProcessLogger [(null)] - 读取NewMethod12/21/2017 22:38:24
2017-12-21 22:38:33,520 [9] FATAL ProcessLogger [(null)] - ReadServer_tuijanhaoma open12/21/2017 22:38:33
2017-12-21 22:38:33,576 [9] FATAL ProcessLogger [(null)] - ReadServer_tuijanhaoma open 112/21/2017 22:38:33
2017-12-21 22:38:33,576 [9] FATAL ProcessLogger [(null)] - ReadServer_tuijanhaoma open 212/21/2017 22:38:33
2017-12-21 22:38:33,578 [9] FATAL ProcessLogger [(null)] - ReadServer_tuijanhaoma open 312/21/2017 22:38:33
2017-12-21 22:38:33,581 [9] FATAL ProcessLogger [(null)] - ReadServer_lishizhongjian 112/21/2017 22:38:33
2017-12-21 22:43:08,208 [9] FATAL ProcessLogger [(null)] - System Start 12/21/2017 22:43:08
2017-12-21 22:43:08,265 [9] FATAL ProcessLogger [(null)] - login12/21/2017 22:43:08
2017-12-21 22:43:39,329 [9] FATAL ProcessLogger [(null)] - System Start 12/21/2017 22:43:39
2017-12-21 22:43:44,005 [9] FATAL ProcessLogger [(null)] - 读取NewMethod12/21/2017 22:43:44
2017-12-21 22:43:53,796 [9] FATAL ProcessLogger [(null)] - ReadServer_tuijanhaoma open12/21/2017 22:43:53
2017-12-21 22:43:53,840 [9] FATAL ProcessLogger [(null)] - ReadServer_tuijanhaoma open 112/21/2017 22:43:53
2017-12-21 22:43:53,841 [9] FATAL ProcessLogger [(null)] - ReadServer_tuijanhaoma open 212/21/2017 22:43:53
2017-12-21 22:43:53,842 [9] FATAL ProcessLogger [(null)] - ReadServer_tuijanhaoma open 312/21/2017 22:43:53
2017-12-21 22:43:53,845 [9] FATAL ProcessLogger [(null)] - ReadServer_lishizhongjian 112/21/2017 22:43:53
2017-12-21 22:45:30,091 [9] FATAL ProcessLogger [(null)] - System Start 12/21/2017 22:45:30
2017-12-21 22:45:30,206 [9] FATAL ProcessLogger [(null)] - login12/21/2017 22:45:30
2017-12-21 22:45:41,894 [9] FATAL ProcessLogger [(null)] - System Start 12/21/2017 22:45:41
2017-12-21 22:45:45,594 [9] FATAL ProcessLogger [(null)] - 读取NewMethod12/21/2017 22:45:45
2017-12-21 22:45:56,048 [9] FATAL ProcessLogger [(null)] - ReadServer_tuijanhaoma open12/21/2017 22:45:56
2017-12-21 22:45:56,138 [9] FATAL ProcessLogger [(null)] - ReadServer_tuijanhaoma open 112/21/2017 22:45:56
2017-12-21 22:45:56,139 [9] FATAL ProcessLogger [(null)] - ReadServer_tuijanhaoma open 212/21/2017 22:45:56
2017-12-21 22:45:56,141 [9] FATAL ProcessLogger [(null)] - ReadServer_tuijanhaoma open 312/21/2017 22:45:56
2017-12-21 22:45:56,146 [9] FATAL ProcessLogger [(null)] - ReadServer_lishizhongjian 112/21/2017 22:45:56
2017-12-21 22:53:07,819 [8] FATAL ProcessLogger [(null)] - System Start 12/21/2017 22:53:07
2017-12-21 22:53:07,897 [8] FATAL ProcessLogger [(null)] - login12/21/2017 22:53:07
2017-12-21 22:53:15,763 [8] FATAL ProcessLogger [(null)] - System Start 12/21/2017 22:53:15
2017-12-21 22:53:20,632 [8] FATAL ProcessLogger [(null)] - 读取NewMethod12/21/2017 22:53:20
2017-12-21 22:53:35,395 [8] FATAL ProcessLogger [(null)] - ReadServer_tuijanhaoma open12/21/2017 22:53:35
2017-12-21 22:53:35,444 [8] FATAL ProcessLogger [(null)] - ReadServer_tuijanhaoma open 112/21/2017 22:53:35
2017-12-21 22:53:35,445 [8] FATAL ProcessLogger [(null)] - ReadServer_tuijanhaoma open 212/21/2017 22:53:35
2017-12-21 22:53:35,446 [8] FATAL ProcessLogger [(null)] - ReadServer_tuijanhaoma open 312/21/2017 22:53:35
2017-12-21 22:53:35,450 [8] FATAL ProcessLogger [(null)] - ReadServer_lishizhongjian 112/21/2017 22:53:35
2017-12-21 22:54:09,272 [8] FATAL ProcessLogger [(null)] - 读取NewMethod12/21/2017 22:54:09
2017-12-21 22:54:32,099 [8] FATAL ProcessLogger [(null)] - ReadServer_tuijanhaoma open12/21/2017 22:54:32
2017-12-21 22:54:32,101 [8] FATAL ProcessLogger [(null)] - ReadServer_tuijanhaoma open 112/21/2017 22:54:32
2017-12-21 22:54:32,101 [8] FATAL ProcessLogger [(null)] - ReadServer_tuijanhaoma open 212/21/2017 22:54:32
2017-12-21 22:54:32,102 [8] FATAL ProcessLogger [(null)] - ReadServer_tuijanhaoma open 312/21/2017 22:54:32
2017-12-21 22:54:32,102 [8] FATAL ProcessLogger [(null)] - ReadServer_lishizhongjian 112/21/2017 22:54:32
2017-12-21 22:56:09,073 [9] FATAL ProcessLogger [(null)] - System Start 12/21/2017 22:56:09
2017-12-21 22:56:09,132 [9] FATAL ProcessLogger [(null)] - login12/21/2017 22:56:09
2017-12-21 22:56:35,028 [9] FATAL ProcessLogger [(null)] - System Start 12/21/2017 22:56:35
2017-12-21 22:56:41,909 [9] FATAL ProcessLogger [(null)] - 读取NewMethod12/21/2017 22:56:41
2017-12-21 22:57:04,309 [9] FATAL ProcessLogger [(null)] - ReadServer_tuijanhaoma open12/21/2017 22:57:04
2017-12-21 22:57:04,386 [9] FATAL ProcessLogger [(null)] - ReadServer_tuijanhaoma open 112/21/2017 22:57:04
2017-12-21 22:57:04,386 [9] FATAL ProcessLogger [(null)] - ReadServer_tuijanhaoma open 212/21/2017 22:57:04
2017-12-21 22:57:04,388 [9] FATAL ProcessLogger [(null)] - ReadServer_tuijanhaoma open 312/21/2017 22:57:04
2017-12-21 22:57:04,391 [9] FATAL ProcessLogger [(null)] - ReadServer_lishizhongjian 112/21/2017 22:57:04
2017-12-21 22:58:34,728 [9] FATAL ProcessLogger [(null)] - System Start 12/21/2017 22:58:34
2017-12-21 22:58:34,802 [9] FATAL ProcessLogger [(null)] - login12/21/2017 22:58:34
2017-12-21 22:59:04,976 [9] FATAL ProcessLogger [(null)] - System Start 12/21/2017 22:59:04
2017-12-21 23:04:15,488 [9] FATAL ProcessLogger [(null)] - System Start 12/21/2017 23:04:15
2017-12-21 23:04:15,548 [9] FATAL ProcessLogger [(null)] - login12/21/2017 23:04:15
2017-12-21 23:04:34,114 [9] FATAL ProcessLogger [(null)] - System Start 12/21/2017 23:04:34
2017-12-21 23:04:39,712 [9] FATAL ProcessLogger [(null)] - 读取NewMethod12/21/2017 23:04:39
2017-12-21 23:05:03,732 [9] FATAL ProcessLogger [(null)] - ReadServer_tuijanhaoma open12/21/2017 23:05:03
2017-12-21 23:05:03,784 [9] FATAL ProcessLogger [(null)] - ReadServer_tuijanhaoma open 112/21/2017 23:05:03
2017-12-21 23:05:03,785 [9] FATAL ProcessLogger [(null)] - ReadServer_tuijanhaoma open 212/21/2017 23:05:03
2017-12-21 23:05:03,788 [9] FATAL ProcessLogger [(null)] - ReadServer_tuijanhaoma open 312/21/2017 23:05:03
2017-12-21 23:05:03,792 [9] FATAL ProcessLogger [(null)] - ReadServer_lishizhongjian 112/21/2017 23:05:03
2017-12-21 23:15:08,125 [8] FATAL ProcessLogger [(null)] - System Start 12/21/2017 23:15:08
2017-12-21 23:15:08,196 [8] FATAL ProcessLogger [(null)] - login12/21/2017 23:15:08
2017-12-21 23:15:47,707 [8] FATAL ProcessLogger [(null)] - System Start 12/21/2017 23:15:47
2017-12-21 23:15:51,721 [8] FATAL ProcessLogger [(null)] - 读取NewMethod12/21/2017 23:15:51
2017-12-21 23:16:01,749 [8] FATAL ProcessLogger [(null)] - ReadServer_tuijanhaoma open12/21/2017 23:16:01
2017-12-21 23:16:01,813 [8] FATAL ProcessLogger [(null)] - ReadServer_tuijanhaoma open 112/21/2017 23:16:01
2017-12-21 23:16:01,814 [8] FATAL ProcessLogger [(null)] - ReadServer_tuijanhaoma open 212/21/2017 23:16:01
2017-12-21 23:16:01,816 [8] FATAL ProcessLogger [(null)] - ReadServer_tuijanhaoma open 312/21/2017 23:16:01
2017-12-21 23:16:01,821 [8] FATAL ProcessLogger [(null)] - ReadServer_lishizhongjian 112/21/2017 23:16:01
2017-12-21 23:21:00,887 [8] FATAL ProcessLogger [(null)] - 读取NewMethod12/21/2017 23:21:00
2017-12-21 23:21:12,326 [8] FATAL ProcessLogger [(null)] - ReadServer_tuijanhaoma open12/21/2017 23:21:12
2017-12-21 23:21:12,327 [8] FATAL ProcessLogger [(null)] - ReadServer_tuijanhaoma open 112/21/2017 23:21:12
2017-12-21 23:21:12,327 [8] FATAL ProcessLogger [(null)] - ReadServer_tuijanhaoma open 212/21/2017 23:21:12
2017-12-21 23:21:12,328 [8] FATAL ProcessLogger [(null)] - ReadServer_tuijanhaoma open 312/21/2017 23:21:12
2017-12-21 23:21:12,328 [8] FATAL ProcessLogger [(null)] - ReadServer_lishizhongjian 112/21/2017 23:21:12
2017-12-21 23:24:09,627 [8] FATAL ProcessLogger [(null)] - 读取NewMethod12/21/2017 23:24:09
2017-12-21 23:24:19,274 [8] FATAL ProcessLogger [(null)] - ReadServer_tuijanhaoma open12/21/2017 23:24:19
2017-12-21 23:24:19,274 [8] FATAL ProcessLogger [(null)] - ReadServer_tuijanhaoma open 112/21/2017 23:24:19
2017-12-21 23:24:19,274 [8] FATAL ProcessLogger [(null)] - ReadServer_tuijanhaoma open 212/21/2017 23:24:19
2017-12-21 23:24:19,275 [8] FATAL ProcessLogger [(null)] - ReadServer_tuijanhaoma open 312/21/2017 23:24:19
2017-12-21 23:24:19,275 [8] FATAL ProcessLogger [(null)] - ReadServer_lishizhongjian 112/21/2017 23:24:19
2017-12-21 23:28:25,356 [8] FATAL ProcessLogger [(null)] - 读取NewMethod12/21/2017 23:28:25
2017-12-21 23:28:34,207 [8] FATAL ProcessLogger [(null)] - ReadServer_tuijanhaoma open12/21/2017 23:28:34
2017-12-21 23:28:34,208 [8] FATAL ProcessLogger [(null)] - ReadServer_tuijanhaoma open 112/21/2017 23:28:34
2017-12-21 23:28:34,208 [8] FATAL ProcessLogger [(null)] - ReadServer_tuijanhaoma open 212/21/2017 23:28:34
2017-12-21 23:28:34,209 [8] FATAL ProcessLogger [(null)] - ReadServer_tuijanhaoma open 312/21/2017 23:28:34
2017-12-21 23:28:34,209 [8] FATAL ProcessLogger [(null)] - ReadServer_lishizhongjian 112/21/2017 23:28:34
2017-12-21 23:37:52,840 [9] FATAL ProcessLogger [(null)] - System Start 12/21/2017 23:37:52
2017-12-21 23:37:52,910 [9] FATAL ProcessLogger [(null)] - login12/21/2017 23:37:52
2017-12-21 23:39:04,837 [9] FATAL ProcessLogger [(null)] - System Start 12/21/2017 23:39:04
2017-12-21 23:39:09,565 [9] FATAL ProcessLogger [(null)] - 读取NewMethod12/21/2017 23:39:09
2017-12-21 23:39:33,037 [9] FATAL ProcessLogger [(null)] - ReadServer_tuijanhaoma open12/21/2017 23:39:33
2017-12-21 23:39:33,090 [9] FATAL ProcessLogger [(null)] - ReadServer_tuijanhaoma open 112/21/2017 23:39:33
2017-12-21 23:39:33,091 [9] FATAL ProcessLogger [(null)] - ReadServer_tuijanhaoma open 212/21/2017 23:39:33
2017-12-21 23:39:33,092 [9] FATAL ProcessLogger [(null)] - ReadServer_tuijanhaoma open 312/21/2017 23:39:33
2017-12-21 23:39:33,096 [9] FATAL ProcessLogger [(null)] - ReadServer_lishizhongjian 112/21/2017 23:39:33
2017-12-21 23:40:51,071 [9] FATAL ProcessLogger [(null)] - System Start 12/21/2017 23:40:51
2017-12-21 23:40:51,129 [9] FATAL ProcessLogger [(null)] - login12/21/2017 23:40:51
2017-12-21 23:41:10,895 [9] FATAL ProcessLogger [(null)] - System Start 12/21/2017 23:41:10
2017-12-21 23:41:15,396 [9] FATAL ProcessLogger [(null)] - 读取NewMethod12/21/2017 23:41:15
2017-12-21 23:41:27,302 [9] FATAL ProcessLogger [(null)] - ReadServer_tuijanhaoma open12/21/2017 23:41:27
2017-12-21 23:41:27,392 [9] FATAL ProcessLogger [(null)] - ReadServer_tuijanhaoma open 112/21/2017 23:41:27
2017-12-21 23:41:27,392 [9] FATAL ProcessLogger [(null)] - ReadServer_tuijanhaoma open 212/21/2017 23:41:27
2017-12-21 23:41:27,394 [9] FATAL ProcessLogger [(null)] - ReadServer_tuijanhaoma open 312/21/2017 23:41:27
2017-12-21 23:41:27,399 [9] FATAL ProcessLogger [(null)] - ReadServer_lishizhongjian 112/21/2017 23:41:27
