2017-12-24 10:31:56,099 [10] FATAL ProcessLogger [(null)] - System Start 12/24/2017 10:31:56
2017-12-24 10:31:56,154 [10] FATAL ProcessLogger [(null)] - login12/24/2017 10:31:56
2017-12-24 10:32:01,818 [10] FATAL ProcessLogger [(null)] - System Start 12/24/2017 10:32:01
2017-12-24 10:32:08,797 [10] FATAL ProcessLogger [(null)] - 读取NewMethod12/24/2017 10:32:08
2017-12-24 10:32:48,801 [10] FATAL ProcessLogger [(null)] - ReadServer_tuijanhaoma open12/24/2017 10:32:48
2017-12-24 10:32:48,858 [10] FATAL ProcessLogger [(null)] - ReadServer_tuijanhaoma open 112/24/2017 10:32:48
2017-12-24 10:32:48,859 [10] FATAL ProcessLogger [(null)] - ReadServer_tuijanhaoma open 212/24/2017 10:32:48
2017-12-24 10:32:48,860 [10] FATAL ProcessLogger [(null)] - ReadServer_tuijanhaoma open 312/24/2017 10:32:48
2017-12-24 10:32:48,860 [10] FATAL ProcessLogger [(null)] - ReadServer_lishizhongjian 112/24/2017 10:32:48
2017-12-24 10:33:59,554 [10] FATAL ProcessLogger [(null)] - System Start 12/24/2017 10:33:59
2017-12-24 10:33:59,605 [10] FATAL ProcessLogger [(null)] - login12/24/2017 10:33:59
2017-12-24 10:34:21,621 [9] FATAL ProcessLogger [(null)] - System Start 12/24/2017 10:34:21
2017-12-24 10:34:21,690 [9] FATAL ProcessLogger [(null)] - login12/24/2017 10:34:21
2017-12-24 10:34:25,627 [9] FATAL ProcessLogger [(null)] - System Start 12/24/2017 10:34:25
2017-12-24 10:34:30,176 [9] FATAL ProcessLogger [(null)] - 读取NewMethod12/24/2017 10:34:30
2017-12-24 10:35:10,466 [9] FATAL ProcessLogger [(null)] - ReadServer_tuijanhaoma open12/24/2017 10:35:10
2017-12-24 10:35:10,518 [9] FATAL ProcessLogger [(null)] - ReadServer_tuijanhaoma open 112/24/2017 10:35:10
2017-12-24 10:35:10,518 [9] FATAL ProcessLogger [(null)] - ReadServer_tuijanhaoma open 212/24/2017 10:35:10
2017-12-24 10:35:10,521 [9] FATAL ProcessLogger [(null)] - ReadServer_tuijanhaoma open 312/24/2017 10:35:10
2017-12-24 10:35:10,521 [9] FATAL ProcessLogger [(null)] - ReadServer_lishizhongjian 112/24/2017 10:35:10
2017-12-24 10:37:38,998 [9] FATAL ProcessLogger [(null)] - 读取NewMethod12/24/2017 10:37:38
2017-12-24 10:38:24,483 [9] FATAL ProcessLogger [(null)] - ReadServer_tuijanhaoma open12/24/2017 10:38:24
2017-12-24 10:38:24,484 [9] FATAL ProcessLogger [(null)] - ReadServer_tuijanhaoma open 112/24/2017 10:38:24
2017-12-24 10:38:24,484 [9] FATAL ProcessLogger [(null)] - ReadServer_tuijanhaoma open 212/24/2017 10:38:24
2017-12-24 10:38:24,484 [9] FATAL ProcessLogger [(null)] - ReadServer_tuijanhaoma open 312/24/2017 10:38:24
2017-12-24 10:38:24,485 [9] FATAL ProcessLogger [(null)] - ReadServer_lishizhongjian 112/24/2017 10:38:24
2017-12-24 10:38:31,440 [9] FATAL ProcessLogger [(null)] - System Start 12/24/2017 10:38:31
2017-12-24 10:38:31,497 [9] FATAL ProcessLogger [(null)] - login12/24/2017 10:38:31
2017-12-24 10:38:35,506 [9] FATAL ProcessLogger [(null)] - System Start 12/24/2017 10:38:35
2017-12-24 10:40:52,786 [9] FATAL ProcessLogger [(null)] - 读取NewMethod12/24/2017 10:40:52
2017-12-24 10:41:42,530 [9] FATAL ProcessLogger [(null)] - ReadServer_tuijanhaoma open12/24/2017 10:41:42
2017-12-24 10:41:42,583 [9] FATAL ProcessLogger [(null)] - ReadServer_tuijanhaoma open 112/24/2017 10:41:42
2017-12-24 10:41:42,583 [9] FATAL ProcessLogger [(null)] - ReadServer_tuijanhaoma open 212/24/2017 10:41:42
2017-12-24 10:41:42,585 [9] FATAL ProcessLogger [(null)] - ReadServer_tuijanhaoma open 312/24/2017 10:41:42
2017-12-24 10:41:42,588 [9] FATAL ProcessLogger [(null)] - ReadServer_lishizhongjian 112/24/2017 10:41:42
2017-12-24 10:45:18,781 [9] FATAL ProcessLogger [(null)] - 读取NewMethod12/24/2017 10:45:18
2017-12-24 10:46:02,946 [9] FATAL ProcessLogger [(null)] - ReadServer_tuijanhaoma open12/24/2017 10:46:02
2017-12-24 10:46:02,948 [9] FATAL ProcessLogger [(null)] - ReadServer_tuijanhaoma open 112/24/2017 10:46:02
2017-12-24 10:46:02,949 [9] FATAL ProcessLogger [(null)] - ReadServer_tuijanhaoma open 212/24/2017 10:46:02
2017-12-24 10:46:02,951 [9] FATAL ProcessLogger [(null)] - ReadServer_tuijanhaoma open 312/24/2017 10:46:02
2017-12-24 10:46:02,951 [9] FATAL ProcessLogger [(null)] - ReadServer_lishizhongjian 112/24/2017 10:46:02
2017-12-24 10:47:40,854 [9] FATAL ProcessLogger [(null)] - System Start 12/24/2017 10:47:40
2017-12-24 10:47:40,909 [9] FATAL ProcessLogger [(null)] - login12/24/2017 10:47:40
2017-12-24 10:47:47,931 [9] FATAL ProcessLogger [(null)] - System Start 12/24/2017 10:47:47
2017-12-24 10:47:57,004 [9] FATAL ProcessLogger [(null)] - 读取NewMethod12/24/2017 10:47:57
2017-12-24 10:48:42,346 [9] FATAL ProcessLogger [(null)] - ReadServer_tuijanhaoma open12/24/2017 10:48:42
2017-12-24 10:48:42,400 [9] FATAL ProcessLogger [(null)] - ReadServer_tuijanhaoma open 112/24/2017 10:48:42
2017-12-24 10:48:42,401 [9] FATAL ProcessLogger [(null)] - ReadServer_tuijanhaoma open 212/24/2017 10:48:42
2017-12-24 10:48:42,403 [9] FATAL ProcessLogger [(null)] - ReadServer_tuijanhaoma open 312/24/2017 10:48:42
2017-12-24 10:48:42,406 [9] FATAL ProcessLogger [(null)] - ReadServer_lishizhongjian 112/24/2017 10:48:42
2017-12-24 10:53:00,603 [9] FATAL ProcessLogger [(null)] - System Start 12/24/2017 10:53:00
2017-12-24 10:53:00,674 [9] FATAL ProcessLogger [(null)] - login12/24/2017 10:53:00
2017-12-24 10:53:04,696 [9] FATAL ProcessLogger [(null)] - System Start 12/24/2017 10:53:04
2017-12-24 10:53:09,635 [9] FATAL ProcessLogger [(null)] - 读取NewMethod12/24/2017 10:53:09
2017-12-24 10:53:59,030 [9] FATAL ProcessLogger [(null)] - ReadServer_tuijanhaoma open12/24/2017 10:53:59
2017-12-24 10:53:59,098 [9] FATAL ProcessLogger [(null)] - ReadServer_tuijanhaoma open 112/24/2017 10:53:59
2017-12-24 10:53:59,098 [9] FATAL ProcessLogger [(null)] - ReadServer_tuijanhaoma open 212/24/2017 10:53:59
2017-12-24 10:53:59,101 [9] FATAL ProcessLogger [(null)] - ReadServer_tuijanhaoma open 312/24/2017 10:53:59
2017-12-24 10:53:59,106 [9] FATAL ProcessLogger [(null)] - ReadServer_lishizhongjian 112/24/2017 10:53:59
2017-12-24 10:54:39,770 [9] FATAL ProcessLogger [(null)] - System Start 12/24/2017 10:54:39
2017-12-24 10:54:39,852 [9] FATAL ProcessLogger [(null)] - login12/24/2017 10:54:39
2017-12-24 10:54:43,266 [9] FATAL ProcessLogger [(null)] - System Start 12/24/2017 10:54:43
2017-12-24 10:54:47,938 [9] FATAL ProcessLogger [(null)] - 读取NewMethod12/24/2017 10:54:47
2017-12-24 10:55:31,986 [9] FATAL ProcessLogger [(null)] - ReadServer_tuijanhaoma open12/24/2017 10:55:31
2017-12-24 10:55:32,037 [9] FATAL ProcessLogger [(null)] - ReadServer_tuijanhaoma open 112/24/2017 10:55:32
2017-12-24 10:55:32,037 [9] FATAL ProcessLogger [(null)] - ReadServer_tuijanhaoma open 212/24/2017 10:55:32
2017-12-24 10:55:32,040 [9] FATAL ProcessLogger [(null)] - ReadServer_tuijanhaoma open 312/24/2017 10:55:32
2017-12-24 10:55:32,044 [9] FATAL ProcessLogger [(null)] - ReadServer_lishizhongjian 112/24/2017 10:55:32
2017-12-24 11:04:50,399 [8] FATAL ProcessLogger [(null)] - System Start 12/24/2017 11:04:50
2017-12-24 11:04:50,457 [8] FATAL ProcessLogger [(null)] - login12/24/2017 11:04:50
2017-12-24 11:04:55,028 [8] FATAL ProcessLogger [(null)] - System Start 12/24/2017 11:04:55
2017-12-24 11:04:59,734 [8] FATAL ProcessLogger [(null)] - 读取NewMethod12/24/2017 11:04:59
2017-12-24 11:05:47,004 [8] FATAL ProcessLogger [(null)] - ReadServer_tuijanhaoma open12/24/2017 11:05:47
2017-12-24 11:05:47,054 [8] FATAL ProcessLogger [(null)] - ReadServer_tuijanhaoma open 112/24/2017 11:05:47
2017-12-24 11:05:47,055 [8] FATAL ProcessLogger [(null)] - ReadServer_tuijanhaoma open 212/24/2017 11:05:47
2017-12-24 11:05:47,056 [8] FATAL ProcessLogger [(null)] - ReadServer_tuijanhaoma open 312/24/2017 11:05:47
2017-12-24 11:05:47,060 [8] FATAL ProcessLogger [(null)] - ReadServer_lishizhongjian 112/24/2017 11:05:47
2017-12-24 11:06:21,709 [8] FATAL ProcessLogger [(null)] - 读取NewMethod12/24/2017 11:06:21
2017-12-24 11:07:18,809 [8] FATAL ProcessLogger [(null)] - ReadServer_tuijanhaoma open12/24/2017 11:07:18
2017-12-24 11:07:18,811 [8] FATAL ProcessLogger [(null)] - ReadServer_tuijanhaoma open 112/24/2017 11:07:18
2017-12-24 11:07:18,811 [8] FATAL ProcessLogger [(null)] - ReadServer_tuijanhaoma open 212/24/2017 11:07:18
2017-12-24 11:07:18,812 [8] FATAL ProcessLogger [(null)] - ReadServer_tuijanhaoma open 312/24/2017 11:07:18
2017-12-24 11:07:18,813 [8] FATAL ProcessLogger [(null)] - ReadServer_lishizhongjian 112/24/2017 11:07:18
2017-12-24 11:07:55,671 [8] FATAL ProcessLogger [(null)] - 读取NewMethod12/24/2017 11:07:55
2017-12-24 11:08:40,751 [8] FATAL ProcessLogger [(null)] - ReadServer_tuijanhaoma open12/24/2017 11:08:40
2017-12-24 11:08:40,753 [8] FATAL ProcessLogger [(null)] - ReadServer_tuijanhaoma open 112/24/2017 11:08:40
2017-12-24 11:08:40,753 [8] FATAL ProcessLogger [(null)] - ReadServer_tuijanhaoma open 212/24/2017 11:08:40
2017-12-24 11:08:40,754 [8] FATAL ProcessLogger [(null)] - ReadServer_tuijanhaoma open 312/24/2017 11:08:40
2017-12-24 11:08:40,754 [8] FATAL ProcessLogger [(null)] - ReadServer_lishizhongjian 112/24/2017 11:08:40
2017-12-24 11:09:46,705 [9] FATAL ProcessLogger [(null)] - System Start 12/24/2017 11:09:46
2017-12-24 11:09:46,760 [9] FATAL ProcessLogger [(null)] - login12/24/2017 11:09:46
2017-12-24 11:09:50,777 [9] FATAL ProcessLogger [(null)] - System Start 12/24/2017 11:09:50
2017-12-24 11:09:59,199 [9] FATAL ProcessLogger [(null)] - 读取NewMethod12/24/2017 11:09:59
2017-12-24 11:10:38,941 [9] FATAL ProcessLogger [(null)] - ReadServer_tuijanhaoma open12/24/2017 11:10:38
2017-12-24 11:10:38,942 [9] FATAL ProcessLogger [(null)] - ReadServer_tuijanhaoma open 112/24/2017 11:10:38
2017-12-24 11:10:38,943 [9] FATAL ProcessLogger [(null)] - ReadServer_tuijanhaoma open 212/24/2017 11:10:38
2017-12-24 11:10:38,944 [9] FATAL ProcessLogger [(null)] - ReadServer_tuijanhaoma open 312/24/2017 11:10:38
2017-12-24 11:10:38,945 [9] FATAL ProcessLogger [(null)] - ReadServer_lishizhongjian 112/24/2017 11:10:38
2017-12-24 12:27:24,952 [9] FATAL ProcessLogger [(null)] - System Start 12/24/2017 12:27:24
2017-12-24 12:27:25,006 [9] FATAL ProcessLogger [(null)] - login12/24/2017 12:27:25
2017-12-24 12:27:32,747 [9] FATAL ProcessLogger [(null)] - System Start 12/24/2017 12:27:32
2017-12-24 12:27:38,530 [9] FATAL ProcessLogger [(null)] - 读取NewMethod12/24/2017 12:27:38
2017-12-24 12:28:39,251 [9] FATAL ProcessLogger [(null)] - ReadServer_tuijanhaoma open12/24/2017 12:28:39
2017-12-24 12:28:39,314 [9] FATAL ProcessLogger [(null)] - ReadServer_tuijanhaoma open 112/24/2017 12:28:39
2017-12-24 12:28:39,314 [9] FATAL ProcessLogger [(null)] - ReadServer_tuijanhaoma open 212/24/2017 12:28:39
2017-12-24 12:28:39,317 [9] FATAL ProcessLogger [(null)] - ReadServer_tuijanhaoma open 312/24/2017 12:28:39
2017-12-24 12:28:39,320 [9] FATAL ProcessLogger [(null)] - ReadServer_lishizhongjian 112/24/2017 12:28:39
2017-12-24 13:51:03,534 [9] FATAL ProcessLogger [(null)] - 读取NewMethod12/24/2017 13:51:03
2017-12-24 13:52:57,399 [9] FATAL ProcessLogger [(null)] - ReadServer_tuijanhaoma open12/24/2017 13:52:57
2017-12-24 13:52:57,400 [9] FATAL ProcessLogger [(null)] - ReadServer_tuijanhaoma open 112/24/2017 13:52:57
2017-12-24 13:52:57,401 [9] FATAL ProcessLogger [(null)] - ReadServer_tuijanhaoma open 212/24/2017 13:52:57
2017-12-24 13:52:57,402 [9] FATAL ProcessLogger [(null)] - ReadServer_tuijanhaoma open 312/24/2017 13:52:57
2017-12-24 13:52:57,402 [9] FATAL ProcessLogger [(null)] - ReadServer_lishizhongjian 112/24/2017 13:52:57
2017-12-24 13:59:35,313 [9] FATAL ProcessLogger [(null)] - System Start 12/24/2017 13:59:35
2017-12-24 13:59:35,367 [9] FATAL ProcessLogger [(null)] - login12/24/2017 13:59:35
2017-12-24 13:59:58,925 [10] FATAL ProcessLogger [(null)] - System Start 12/24/2017 13:59:58
2017-12-24 13:59:58,984 [10] FATAL ProcessLogger [(null)] - login12/24/2017 13:59:58
2017-12-24 14:00:35,602 [9] FATAL ProcessLogger [(null)] - System Start 12/24/2017 14:00:35
2017-12-24 14:00:35,656 [9] FATAL ProcessLogger [(null)] - login12/24/2017 14:00:35
2017-12-24 14:00:43,362 [9] FATAL ProcessLogger [(null)] - System Start 12/24/2017 14:00:43
2017-12-24 14:00:54,352 [9] FATAL ProcessLogger [(null)] - 读取NewMethod12/24/2017 14:00:54
2017-12-24 14:01:44,387 [9] FATAL ProcessLogger [(null)] - ReadServer_tuijanhaoma open12/24/2017 14:01:44
2017-12-24 14:01:44,387 [9] FATAL ProcessLogger [(null)] - ReadServer_tuijanhaoma open 112/24/2017 14:01:44
2017-12-24 14:01:44,387 [9] FATAL ProcessLogger [(null)] - ReadServer_tuijanhaoma open 212/24/2017 14:01:44
2017-12-24 14:01:44,388 [9] FATAL ProcessLogger [(null)] - ReadServer_tuijanhaoma open 312/24/2017 14:01:44
2017-12-24 14:01:44,389 [9] FATAL ProcessLogger [(null)] - ReadServer_lishizhongjian 112/24/2017 14:01:44
2017-12-24 14:18:31,099 [9] FATAL ProcessLogger [(null)] - System Start 12/24/2017 14:18:31
2017-12-24 14:18:31,152 [9] FATAL ProcessLogger [(null)] - login12/24/2017 14:18:31
2017-12-24 14:18:34,816 [9] FATAL ProcessLogger [(null)] - System Start 12/24/2017 14:18:34
2017-12-24 14:18:39,517 [9] FATAL ProcessLogger [(null)] - 读取NewMethod12/24/2017 14:18:39
2017-12-24 14:19:24,183 [9] FATAL ProcessLogger [(null)] - ReadServer_tuijanhaoma open12/24/2017 14:19:24
2017-12-24 14:19:24,228 [9] FATAL ProcessLogger [(null)] - ReadServer_tuijanhaoma open 112/24/2017 14:19:24
2017-12-24 14:19:24,228 [9] FATAL ProcessLogger [(null)] - ReadServer_tuijanhaoma open 212/24/2017 14:19:24
2017-12-24 14:19:24,230 [9] FATAL ProcessLogger [(null)] - ReadServer_tuijanhaoma open 312/24/2017 14:19:24
2017-12-24 14:19:24,233 [9] FATAL ProcessLogger [(null)] - ReadServer_lishizhongjian 112/24/2017 14:19:24
2017-12-24 14:22:12,544 [10] FATAL ProcessLogger [(null)] - System Start 12/24/2017 14:22:12
2017-12-24 14:22:12,601 [10] FATAL ProcessLogger [(null)] - login12/24/2017 14:22:12
2017-12-24 14:22:16,125 [10] FATAL ProcessLogger [(null)] - System Start 12/24/2017 14:22:16
2017-12-24 14:22:21,141 [10] FATAL ProcessLogger [(null)] - 读取NewMethod12/24/2017 14:22:21
2017-12-24 14:23:06,066 [10] FATAL ProcessLogger [(null)] - ReadServer_tuijanhaoma open12/24/2017 14:23:06
2017-12-24 14:23:06,110 [10] FATAL ProcessLogger [(null)] - ReadServer_tuijanhaoma open 112/24/2017 14:23:06
2017-12-24 14:23:06,111 [10] FATAL ProcessLogger [(null)] - ReadServer_tuijanhaoma open 212/24/2017 14:23:06
2017-12-24 14:23:06,113 [10] FATAL ProcessLogger [(null)] - ReadServer_tuijanhaoma open 312/24/2017 14:23:06
2017-12-24 14:23:06,116 [10] FATAL ProcessLogger [(null)] - ReadServer_lishizhongjian 112/24/2017 14:23:06
2017-12-24 14:24:27,674 [10] FATAL ProcessLogger [(null)] - System Start 12/24/2017 14:24:27
2017-12-24 14:24:27,764 [10] FATAL ProcessLogger [(null)] - login12/24/2017 14:24:27
2017-12-24 14:25:17,059 [9] FATAL ProcessLogger [(null)] - System Start 12/24/2017 14:25:17
2017-12-24 14:25:17,110 [9] FATAL ProcessLogger [(null)] - login12/24/2017 14:25:17
2017-12-24 15:35:30,530 [10] FATAL ProcessLogger [(null)] - System Start 12/24/2017 15:35:30
2017-12-24 15:35:30,604 [10] FATAL ProcessLogger [(null)] - login12/24/2017 15:35:30
2017-12-24 15:39:18,042 [9] FATAL ProcessLogger [(null)] - System Start 12/24/2017 15:39:18
2017-12-24 15:39:18,097 [9] FATAL ProcessLogger [(null)] - login12/24/2017 15:39:18
2017-12-24 16:01:39,792 [8] FATAL ProcessLogger [(null)] - System Start 12/24/2017 16:01:39
2017-12-24 16:01:39,858 [8] FATAL ProcessLogger [(null)] - login12/24/2017 16:01:39
2017-12-24 16:01:46,517 [8] FATAL ProcessLogger [(null)] - System Start 12/24/2017 16:01:46
2017-12-24 16:01:57,744 [8] FATAL ProcessLogger [(null)] - 读取NewMethod12/24/2017 16:01:57
2017-12-24 16:02:45,963 [8] FATAL ProcessLogger [(null)] - ReadServer_tuijanhaoma open12/24/2017 16:02:45
2017-12-24 16:02:45,963 [8] FATAL ProcessLogger [(null)] - ReadServer_tuijanhaoma open 112/24/2017 16:02:45
2017-12-24 16:02:45,963 [8] FATAL ProcessLogger [(null)] - ReadServer_tuijanhaoma open 212/24/2017 16:02:45
2017-12-24 16:02:45,964 [8] FATAL ProcessLogger [(null)] - ReadServer_tuijanhaoma open 312/24/2017 16:02:45
2017-12-24 16:02:45,964 [8] FATAL ProcessLogger [(null)] - ReadServer_lishizhongjian 112/24/2017 16:02:45
2017-12-24 16:10:00,110 [9] FATAL ProcessLogger [(null)] - System Start 12/24/2017 16:10:00
2017-12-24 16:10:00,163 [9] FATAL ProcessLogger [(null)] - login12/24/2017 16:10:00
