2018-04-11 19:56:46,690 [9] FATAL ProcessLogger [(null)] - System Start 04/11/2018 19:56:46
2018-04-11 19:56:46,741 [9] FATAL ProcessLogger [(null)] - login04/11/2018 19:56:46
2018-04-11 19:56:55,906 [9] FATAL ProcessLogger [(null)] - System Start 04/11/2018 19:56:55
2018-04-11 19:57:02,652 [9] FATAL ProcessLogger [(null)] - 读取NewMethod04/11/2018 19:57:02
2018-04-11 19:57:02,665 [9] FATAL ProcessLogger [(null)] - 读取中 090104/11/2018 19:57:02
2018-04-11 19:57:02,696 [9] FATAL ProcessLogger [(null)] - 读取中 09010 04/11/2018 19:57:02
2018-04-11 19:57:02,758 [9] FATAL ProcessLogger [(null)] - 接入 前 091101 04/11/2018 19:57:02
2018-04-11 19:57:02,759 [9] FATAL ProcessLogger [(null)] - 接入 前 091102 04/11/2018 19:57:02
2018-04-11 19:57:08,939 [9] FATAL ProcessLogger [(null)] - AnalysisWebInfo2接入 8990204/11/2018 19:57:08
2018-04-11 19:57:08,939 [9] FATAL ProcessLogger [(null)] - 接入界面04/11/2018 19:57:08
2018-04-11 19:57:09,038 [9] FATAL ProcessLogger [(null)] - 接入界面 00204/11/2018 19:57:09
2018-04-11 19:57:09,040 [9] FATAL ProcessLogger [(null)] - AnalysisWebInfo2接入 8990204/11/2018 19:57:09
2018-04-11 19:57:09,040 [9] FATAL ProcessLogger [(null)] - 界面2  190104/11/2018 19:57:09
2018-04-11 19:57:12,402 [9] FATAL ProcessLogger [(null)] - AnalysisWebInfo2接入 8990204/11/2018 19:57:12
2018-04-11 19:57:12,402 [9] FATAL ProcessLogger [(null)] - 界面2  190104/11/2018 19:57:12
2018-04-11 19:57:21,963 [9] FATAL ProcessLogger [(null)] - AnalysisWebInfo2接入 8990204/11/2018 19:57:21
2018-04-11 19:57:21,963 [9] FATAL ProcessLogger [(null)] - 界面3  190204/11/2018 19:57:21
2018-04-11 19:57:21,964 [9] FATAL ProcessLogger [(null)] - 界面3  190304/11/2018 19:57:21
2018-04-11 19:57:23,751 [9] FATAL ProcessLogger [(null)] - 界面3  19001204/11/2018 19:57:23
2018-04-11 19:57:23,829 [9] FATAL ProcessLogger [(null)] - 界面3  1904-166   04/11/2018 19:57:23
2018-04-11 19:57:23,830 [9] FATAL ProcessLogger [(null)] - 界面3  190432-166   04/11/2018 19:57:23
2018-04-11 19:57:23,830 [9] FATAL ProcessLogger [(null)] - 界面3  190321-166   04/11/2018 19:57:23
2018-04-11 19:57:23,850 [9] FATAL ProcessLogger [(null)] - 界面3  190432-166   04/11/2018 19:57:23
2018-04-11 19:57:23,850 [9] FATAL ProcessLogger [(null)] - 界面3  190321-166   04/11/2018 19:57:23
2018-04-11 19:57:23,851 [9] FATAL ProcessLogger [(null)] - 界面3  190432-166   04/11/2018 19:57:23
2018-04-11 19:57:23,851 [9] FATAL ProcessLogger [(null)] - 界面3  190321-166   04/11/2018 19:57:23
2018-04-11 19:57:23,851 [9] FATAL ProcessLogger [(null)] - 界面3  190432-166   04/11/2018 19:57:23
2018-04-11 19:57:23,851 [9] FATAL ProcessLogger [(null)] - 界面3  190321-166   04/11/2018 19:57:23
2018-04-11 19:57:23,852 [9] FATAL ProcessLogger [(null)] - 界面3  190432-166   04/11/2018 19:57:23
2018-04-11 19:57:23,958 [9] FATAL ProcessLogger [(null)] - 界面3  190321-166   04/11/2018 19:57:23
2018-04-11 19:57:23,961 [9] FATAL ProcessLogger [(null)] - 界面3  190432-166   04/11/2018 19:57:23
2018-04-11 19:57:23,961 [9] FATAL ProcessLogger [(null)] - 界面3  190321-166   04/11/2018 19:57:23
2018-04-11 19:57:23,963 [9] FATAL ProcessLogger [(null)] - 界面3  190432-166   04/11/2018 19:57:23
2018-04-11 19:57:23,963 [9] FATAL ProcessLogger [(null)] - 界面3  190321-166   04/11/2018 19:57:23
2018-04-11 19:57:23,965 [9] FATAL ProcessLogger [(null)] - 界面3  190432-166   04/11/2018 19:57:23
2018-04-11 19:57:23,966 [9] FATAL ProcessLogger [(null)] - 界面3  190321-166   04/11/2018 19:57:23
2018-04-11 19:57:23,968 [9] FATAL ProcessLogger [(null)] - 界面3  190432-166   04/11/2018 19:57:23
2018-04-11 19:57:23,968 [9] FATAL ProcessLogger [(null)] - 界面3  190321-166   04/11/2018 19:57:23
2018-04-11 19:57:24,160 [9] FATAL ProcessLogger [(null)] - 界面3  190432-166   04/11/2018 19:57:24
2018-04-11 19:57:24,160 [9] FATAL ProcessLogger [(null)] - 界面3  190321-166   04/11/2018 19:57:24
2018-04-11 19:57:24,163 [9] FATAL ProcessLogger [(null)] - 界面3  190432-166   04/11/2018 19:57:24
2018-04-11 19:57:24,163 [9] FATAL ProcessLogger [(null)] - 界面3  190321-166   04/11/2018 19:57:24
2018-04-11 19:57:24,165 [9] FATAL ProcessLogger [(null)] - 界面3  190432-166   04/11/2018 19:57:24
2018-04-11 19:57:24,165 [9] FATAL ProcessLogger [(null)] - 界面3  190321-166   04/11/2018 19:57:24
2018-04-11 19:57:24,167 [9] FATAL ProcessLogger [(null)] - 界面3  190432-166   04/11/2018 19:57:24
2018-04-11 19:57:24,167 [9] FATAL ProcessLogger [(null)] - 界面3  190321-166   04/11/2018 19:57:24
2018-04-11 19:57:24,169 [9] FATAL ProcessLogger [(null)] - 界面3  190432-166   04/11/2018 19:57:24
2018-04-11 19:57:24,170 [9] FATAL ProcessLogger [(null)] - 界面3  190321-166   04/11/2018 19:57:24
2018-04-11 19:57:24,360 [9] FATAL ProcessLogger [(null)] - 界面3  190432-166   04/11/2018 19:57:24
2018-04-11 19:57:24,360 [9] FATAL ProcessLogger [(null)] - 界面3  190321-166   04/11/2018 19:57:24
2018-04-11 19:57:24,362 [9] FATAL ProcessLogger [(null)] - 界面3  190432-166   04/11/2018 19:57:24
2018-04-11 19:57:24,362 [9] FATAL ProcessLogger [(null)] - 界面3  190321-166   04/11/2018 19:57:24
2018-04-11 19:57:24,365 [9] FATAL ProcessLogger [(null)] - 界面3  190432-166   04/11/2018 19:57:24
2018-04-11 19:57:24,365 [9] FATAL ProcessLogger [(null)] - 界面3  190321-166   04/11/2018 19:57:24
2018-04-11 19:57:24,367 [9] FATAL ProcessLogger [(null)] - 界面3  190432-166   04/11/2018 19:57:24
2018-04-11 19:57:24,367 [9] FATAL ProcessLogger [(null)] - 界面3  190321-166   04/11/2018 19:57:24
2018-04-11 19:57:24,370 [9] FATAL ProcessLogger [(null)] - 界面3  190432-166   04/11/2018 19:57:24
2018-04-11 19:57:24,558 [9] FATAL ProcessLogger [(null)] - 界面3  190321-166   04/11/2018 19:57:24
2018-04-11 19:57:24,560 [9] FATAL ProcessLogger [(null)] - 界面3  190432-166   04/11/2018 19:57:24
2018-04-11 19:57:24,560 [9] FATAL ProcessLogger [(null)] - 界面3  190321-166   04/11/2018 19:57:24
2018-04-11 19:57:24,563 [9] FATAL ProcessLogger [(null)] - 界面3  190432-166   04/11/2018 19:57:24
2018-04-11 19:57:24,563 [9] FATAL ProcessLogger [(null)] - 界面3  190321-166   04/11/2018 19:57:24
2018-04-11 19:57:24,565 [9] FATAL ProcessLogger [(null)] - 界面3  190432-166   04/11/2018 19:57:24
2018-04-11 19:57:24,565 [9] FATAL ProcessLogger [(null)] - 界面3  190321-166   04/11/2018 19:57:24
2018-04-11 19:57:24,568 [9] FATAL ProcessLogger [(null)] - 界面3  190432-166   04/11/2018 19:57:24
2018-04-11 19:57:24,568 [9] FATAL ProcessLogger [(null)] - 界面3  190321-166   04/11/2018 19:57:24
2018-04-11 19:57:24,760 [9] FATAL ProcessLogger [(null)] - 界面3  190432-166   04/11/2018 19:57:24
2018-04-11 19:57:24,760 [9] FATAL ProcessLogger [(null)] - 界面3  190321-166   04/11/2018 19:57:24
2018-04-11 19:57:24,763 [9] FATAL ProcessLogger [(null)] - 界面3  190432-166   04/11/2018 19:57:24
2018-04-11 19:57:24,763 [9] FATAL ProcessLogger [(null)] - 界面3  190321-166   04/11/2018 19:57:24
2018-04-11 19:57:24,765 [9] FATAL ProcessLogger [(null)] - 界面3  190432-166   04/11/2018 19:57:24
2018-04-11 19:57:24,765 [9] FATAL ProcessLogger [(null)] - 界面3  190321-166   04/11/2018 19:57:24
2018-04-11 19:57:24,769 [9] FATAL ProcessLogger [(null)] - 界面3  190432-166   04/11/2018 19:57:24
2018-04-11 19:57:24,769 [9] FATAL ProcessLogger [(null)] - 界面3  190321-166   04/11/2018 19:57:24
2018-04-11 19:57:24,771 [9] FATAL ProcessLogger [(null)] - 界面3  190432-166   04/11/2018 19:57:24
2018-04-11 19:57:24,771 [9] FATAL ProcessLogger [(null)] - 界面3  190321-166   04/11/2018 19:57:24
2018-04-11 19:57:24,960 [9] FATAL ProcessLogger [(null)] - 界面3  190432-166   04/11/2018 19:57:24
2018-04-11 19:57:24,960 [9] FATAL ProcessLogger [(null)] - 界面3  190321-166   04/11/2018 19:57:24
2018-04-11 19:57:24,962 [9] FATAL ProcessLogger [(null)] - 界面3  190432-166   04/11/2018 19:57:24
2018-04-11 19:57:24,962 [9] FATAL ProcessLogger [(null)] - 界面3  190321-166   04/11/2018 19:57:24
2018-04-11 19:57:24,964 [9] FATAL ProcessLogger [(null)] - 界面3  190432-166   04/11/2018 19:57:24
2018-04-11 19:57:24,964 [9] FATAL ProcessLogger [(null)] - 界面3  190321-166   04/11/2018 19:57:24
2018-04-11 19:57:24,966 [9] FATAL ProcessLogger [(null)] - 界面3  190432-166   04/11/2018 19:57:24
2018-04-11 19:57:24,966 [9] FATAL ProcessLogger [(null)] - 界面3  190321-166   04/11/2018 19:57:24
2018-04-11 19:57:24,968 [9] FATAL ProcessLogger [(null)] - 界面3  190432-166   04/11/2018 19:57:24
2018-04-11 19:57:25,158 [9] FATAL ProcessLogger [(null)] - 界面3  190321-166   04/11/2018 19:57:25
2018-04-11 19:57:25,160 [9] FATAL ProcessLogger [(null)] - 界面3  190432-166   04/11/2018 19:57:25
2018-04-11 19:57:25,161 [9] FATAL ProcessLogger [(null)] - 界面3  190321-166   04/11/2018 19:57:25
2018-04-11 19:57:25,163 [9] FATAL ProcessLogger [(null)] - 界面3  190432-166   04/11/2018 19:57:25
2018-04-11 19:57:25,163 [9] FATAL ProcessLogger [(null)] - 界面3  190321-166   04/11/2018 19:57:25
2018-04-11 19:57:25,165 [9] FATAL ProcessLogger [(null)] - 界面3  190432-166   04/11/2018 19:57:25
2018-04-11 19:57:25,165 [9] FATAL ProcessLogger [(null)] - 界面3  190321-166   04/11/2018 19:57:25
2018-04-11 19:57:25,168 [9] FATAL ProcessLogger [(null)] - 界面3  190432-166   04/11/2018 19:57:25
2018-04-11 19:57:25,168 [9] FATAL ProcessLogger [(null)] - 界面3  190321-166   04/11/2018 19:57:25
2018-04-11 19:57:25,170 [9] FATAL ProcessLogger [(null)] - 界面3  190432-166   04/11/2018 19:57:25
2018-04-11 19:57:25,358 [9] FATAL ProcessLogger [(null)] - 界面3  190321-166   04/11/2018 19:57:25
2018-04-11 19:57:25,361 [9] FATAL ProcessLogger [(null)] - 界面3  190432-166   04/11/2018 19:57:25
2018-04-11 19:57:25,362 [9] FATAL ProcessLogger [(null)] - 界面3  190321-166   04/11/2018 19:57:25
2018-04-11 19:57:25,364 [9] FATAL ProcessLogger [(null)] - 界面3  190432-166   04/11/2018 19:57:25
2018-04-11 19:57:25,364 [9] FATAL ProcessLogger [(null)] - 界面3  190321-166   04/11/2018 19:57:25
2018-04-11 19:57:25,366 [9] FATAL ProcessLogger [(null)] - 界面3  190432-166   04/11/2018 19:57:25
2018-04-11 19:57:25,366 [9] FATAL ProcessLogger [(null)] - 界面3  190321-166   04/11/2018 19:57:25
2018-04-11 19:57:25,368 [9] FATAL ProcessLogger [(null)] - 界面3  190432-166   04/11/2018 19:57:25
2018-04-11 19:57:25,368 [9] FATAL ProcessLogger [(null)] - 界面3  190321-166   04/11/2018 19:57:25
2018-04-11 19:57:25,560 [9] FATAL ProcessLogger [(null)] - 界面3  190432-166   04/11/2018 19:57:25
2018-04-11 19:57:25,560 [9] FATAL ProcessLogger [(null)] - 界面3  190321-166   04/11/2018 19:57:25
2018-04-11 19:57:25,563 [9] FATAL ProcessLogger [(null)] - 界面3  190432-166   04/11/2018 19:57:25
2018-04-11 19:57:25,563 [9] FATAL ProcessLogger [(null)] - 界面3  190321-166   04/11/2018 19:57:25
2018-04-11 19:57:25,565 [9] FATAL ProcessLogger [(null)] - 界面3  190432-166   04/11/2018 19:57:25
2018-04-11 19:57:25,565 [9] FATAL ProcessLogger [(null)] - 界面3  190321-166   04/11/2018 19:57:25
2018-04-11 19:57:25,567 [9] FATAL ProcessLogger [(null)] - 界面3  190432-166   04/11/2018 19:57:25
2018-04-11 19:57:25,567 [9] FATAL ProcessLogger [(null)] - 界面3  190321-166   04/11/2018 19:57:25
2018-04-11 19:57:25,570 [9] FATAL ProcessLogger [(null)] - 界面3  190432-166   04/11/2018 19:57:25
2018-04-11 19:57:25,758 [9] FATAL ProcessLogger [(null)] - 界面3  190321-166   04/11/2018 19:57:25
2018-04-11 19:57:25,759 [9] FATAL ProcessLogger [(null)] - 界面3  190432-166   04/11/2018 19:57:25
2018-04-11 19:57:25,759 [9] FATAL ProcessLogger [(null)] - 界面3  190321-166   04/11/2018 19:57:25
2018-04-11 19:57:25,759 [9] FATAL ProcessLogger [(null)] - 界面3  190432-166   04/11/2018 19:57:25
2018-04-11 19:57:25,759 [9] FATAL ProcessLogger [(null)] - 界面3  190321-166   04/11/2018 19:57:25
2018-04-11 19:57:25,760 [9] FATAL ProcessLogger [(null)] - 界面3  190432-166   04/11/2018 19:57:25
2018-04-11 19:57:25,760 [9] FATAL ProcessLogger [(null)] - 界面3  190321-166   04/11/2018 19:57:25
2018-04-11 19:57:25,761 [9] FATAL ProcessLogger [(null)] - 界面3  190432-166   04/11/2018 19:57:25
2018-04-11 19:57:25,761 [9] FATAL ProcessLogger [(null)] - 界面3  190321-166   04/11/2018 19:57:25
2018-04-11 19:57:25,761 [9] FATAL ProcessLogger [(null)] - 界面3  190432-166   04/11/2018 19:57:25
2018-04-11 19:57:25,958 [9] FATAL ProcessLogger [(null)] - 界面3  190321-166   04/11/2018 19:57:25
2018-04-11 19:57:25,960 [9] FATAL ProcessLogger [(null)] - 界面3  190432-166   04/11/2018 19:57:25
2018-04-11 19:57:25,961 [9] FATAL ProcessLogger [(null)] - 界面3  190321-166   04/11/2018 19:57:25
2018-04-11 19:57:25,963 [9] FATAL ProcessLogger [(null)] - 界面3  190432-166   04/11/2018 19:57:25
2018-04-11 19:57:25,963 [9] FATAL ProcessLogger [(null)] - 界面3  190321-166   04/11/2018 19:57:25
2018-04-11 19:57:25,965 [9] FATAL ProcessLogger [(null)] - 界面3  190432-166   04/11/2018 19:57:25
2018-04-11 19:57:25,965 [9] FATAL ProcessLogger [(null)] - 界面3  190321-166   04/11/2018 19:57:25
2018-04-11 19:57:25,967 [9] FATAL ProcessLogger [(null)] - 界面3  190432-166   04/11/2018 19:57:25
2018-04-11 19:57:25,967 [9] FATAL ProcessLogger [(null)] - 界面3  190321-166   04/11/2018 19:57:25
2018-04-11 19:57:26,160 [9] FATAL ProcessLogger [(null)] - 界面3  190432-166   04/11/2018 19:57:26
2018-04-11 19:57:26,160 [9] FATAL ProcessLogger [(null)] - 界面3  190321-166   04/11/2018 19:57:26
2018-04-11 19:57:26,163 [9] FATAL ProcessLogger [(null)] - 界面3  190432-166   04/11/2018 19:57:26
2018-04-11 19:57:26,163 [9] FATAL ProcessLogger [(null)] - 界面3  190321-166   04/11/2018 19:57:26
2018-04-11 19:57:26,165 [9] FATAL ProcessLogger [(null)] - 界面3  190432-166   04/11/2018 19:57:26
2018-04-11 19:57:26,165 [9] FATAL ProcessLogger [(null)] - 界面3  190321-166   04/11/2018 19:57:26
2018-04-11 19:57:26,167 [9] FATAL ProcessLogger [(null)] - 界面3  190432-166   04/11/2018 19:57:26
2018-04-11 19:57:26,167 [9] FATAL ProcessLogger [(null)] - 界面3  190321-166   04/11/2018 19:57:26
2018-04-11 19:57:26,170 [9] FATAL ProcessLogger [(null)] - 界面3  190432-166   04/11/2018 19:57:26
2018-04-11 19:57:26,358 [9] FATAL ProcessLogger [(null)] - 界面3  190321-166   04/11/2018 19:57:26
2018-04-11 19:57:26,360 [9] FATAL ProcessLogger [(null)] - 界面3  190432-166   04/11/2018 19:57:26
2018-04-11 19:57:26,360 [9] FATAL ProcessLogger [(null)] - 界面3  190321-166   04/11/2018 19:57:26
2018-04-11 19:57:26,363 [9] FATAL ProcessLogger [(null)] - 界面3  190432-166   04/11/2018 19:57:26
2018-04-11 19:57:26,363 [9] FATAL ProcessLogger [(null)] - 界面3  190321-166   04/11/2018 19:57:26
2018-04-11 19:57:26,365 [9] FATAL ProcessLogger [(null)] - 界面3  190432-166   04/11/2018 19:57:26
2018-04-11 19:57:26,365 [9] FATAL ProcessLogger [(null)] - 界面3  190321-166   04/11/2018 19:57:26
2018-04-11 19:57:26,368 [9] FATAL ProcessLogger [(null)] - 界面3  190432-166   04/11/2018 19:57:26
2018-04-11 19:57:26,368 [9] FATAL ProcessLogger [(null)] - 界面3  190321-166   04/11/2018 19:57:26
2018-04-11 19:57:26,370 [9] FATAL ProcessLogger [(null)] - 界面3  190432-166   04/11/2018 19:57:26
2018-04-11 19:57:26,558 [9] FATAL ProcessLogger [(null)] - 界面3  190321-166   04/11/2018 19:57:26
2018-04-11 19:57:26,560 [9] FATAL ProcessLogger [(null)] - 界面3  190432-166   04/11/2018 19:57:26
2018-04-11 19:57:26,560 [9] FATAL ProcessLogger [(null)] - 界面3  190321-166   04/11/2018 19:57:26
2018-04-11 19:57:26,563 [9] FATAL ProcessLogger [(null)] - 界面3  190432-166   04/11/2018 19:57:26
2018-04-11 19:57:26,563 [9] FATAL ProcessLogger [(null)] - 界面3  190321-166   04/11/2018 19:57:26
2018-04-11 19:57:26,565 [9] FATAL ProcessLogger [(null)] - 界面3  190432-166   04/11/2018 19:57:26
2018-04-11 19:57:26,565 [9] FATAL ProcessLogger [(null)] - 界面3  190321-166   04/11/2018 19:57:26
2018-04-11 19:57:26,568 [9] FATAL ProcessLogger [(null)] - 界面3  190432-166   04/11/2018 19:57:26
2018-04-11 19:57:26,568 [9] FATAL ProcessLogger [(null)] - 界面3  190321-166   04/11/2018 19:57:26
2018-04-11 19:57:26,760 [9] FATAL ProcessLogger [(null)] - 界面3  190432-166   04/11/2018 19:57:26
2018-04-11 19:57:26,760 [9] FATAL ProcessLogger [(null)] - 界面3  190321-166   04/11/2018 19:57:26
2018-04-11 19:57:26,763 [9] FATAL ProcessLogger [(null)] - 界面3  190432-166   04/11/2018 19:57:26
2018-04-11 19:57:26,763 [9] FATAL ProcessLogger [(null)] - 界面3  190321-166   04/11/2018 19:57:26
2018-04-11 19:57:26,765 [9] FATAL ProcessLogger [(null)] - 界面3  190432-166   04/11/2018 19:57:26
2018-04-11 19:57:26,765 [9] FATAL ProcessLogger [(null)] - 界面3  190321-166   04/11/2018 19:57:26
2018-04-11 19:57:26,767 [9] FATAL ProcessLogger [(null)] - 界面3  190432-166   04/11/2018 19:57:26
2018-04-11 19:57:26,768 [9] FATAL ProcessLogger [(null)] - 界面3  190321-166   04/11/2018 19:57:26
2018-04-11 19:57:26,770 [9] FATAL ProcessLogger [(null)] - 界面3  190432-166   04/11/2018 19:57:26
2018-04-11 19:57:26,770 [9] FATAL ProcessLogger [(null)] - 界面3  190321-166   04/11/2018 19:57:26
2018-04-11 19:57:26,960 [9] FATAL ProcessLogger [(null)] - 界面3  190432-166   04/11/2018 19:57:26
2018-04-11 19:57:26,960 [9] FATAL ProcessLogger [(null)] - 界面3  190321-166   04/11/2018 19:57:26
2018-04-11 19:57:26,963 [9] FATAL ProcessLogger [(null)] - 界面3  190432-166   04/11/2018 19:57:26
2018-04-11 19:57:26,963 [9] FATAL ProcessLogger [(null)] - 界面3  190321-166   04/11/2018 19:57:26
2018-04-11 19:57:26,965 [9] FATAL ProcessLogger [(null)] - 界面3  190432-166   04/11/2018 19:57:26
2018-04-11 19:57:26,965 [9] FATAL ProcessLogger [(null)] - 界面3  190321-166   04/11/2018 19:57:26
2018-04-11 19:57:26,966 [9] FATAL ProcessLogger [(null)] - 界面3  190432-166   04/11/2018 19:57:26
2018-04-11 19:57:26,966 [9] FATAL ProcessLogger [(null)] - 界面3  190321-166   04/11/2018 19:57:26
2018-04-11 19:57:26,967 [9] FATAL ProcessLogger [(null)] - 界面3  190432-166   04/11/2018 19:57:26
2018-04-11 19:57:27,158 [9] FATAL ProcessLogger [(null)] - 界面3  190321-166   04/11/2018 19:57:27
2018-04-11 19:57:27,161 [9] FATAL ProcessLogger [(null)] - 界面3  190432-166   04/11/2018 19:57:27
2018-04-11 19:57:27,161 [9] FATAL ProcessLogger [(null)] - 界面3  190321-166   04/11/2018 19:57:27
2018-04-11 19:57:27,163 [9] FATAL ProcessLogger [(null)] - 界面3  190432-166   04/11/2018 19:57:27
2018-04-11 19:57:27,164 [9] FATAL ProcessLogger [(null)] - 界面3  190321-166   04/11/2018 19:57:27
2018-04-11 19:57:27,166 [9] FATAL ProcessLogger [(null)] - 界面3  190432-166   04/11/2018 19:57:27
2018-04-11 19:57:27,166 [9] FATAL ProcessLogger [(null)] - 界面3  190321-166   04/11/2018 19:57:27
2018-04-11 19:57:27,169 [9] FATAL ProcessLogger [(null)] - 界面3  190432-166   04/11/2018 19:57:27
2018-04-11 19:57:27,169 [9] FATAL ProcessLogger [(null)] - 界面3  190321-166   04/11/2018 19:57:27
2018-04-11 19:57:27,361 [9] FATAL ProcessLogger [(null)] - 界面3  190432-166   04/11/2018 19:57:27
2018-04-11 19:57:27,361 [9] FATAL ProcessLogger [(null)] - 界面3  190321-166   04/11/2018 19:57:27
2018-04-11 19:57:27,364 [9] FATAL ProcessLogger [(null)] - 界面3  190432-166   04/11/2018 19:57:27
2018-04-11 19:57:27,364 [9] FATAL ProcessLogger [(null)] - 界面3  190321-166   04/11/2018 19:57:27
2018-04-11 19:57:27,366 [9] FATAL ProcessLogger [(null)] - 界面3  190432-166   04/11/2018 19:57:27
2018-04-11 19:57:27,366 [9] FATAL ProcessLogger [(null)] - 界面3  190321-166   04/11/2018 19:57:27
2018-04-11 19:57:27,368 [9] FATAL ProcessLogger [(null)] - 界面3  190432-166   04/11/2018 19:57:27
2018-04-11 19:57:27,368 [9] FATAL ProcessLogger [(null)] - 界面3  190321-166   04/11/2018 19:57:27
2018-04-11 19:57:27,370 [9] FATAL ProcessLogger [(null)] - 界面3  190432-166   04/11/2018 19:57:27
2018-04-11 19:57:27,370 [9] FATAL ProcessLogger [(null)] - 界面3  190321-166   04/11/2018 19:57:27
2018-04-11 19:57:27,560 [9] FATAL ProcessLogger [(null)] - 界面3  190432-166   04/11/2018 19:57:27
2018-04-11 19:57:27,560 [9] FATAL ProcessLogger [(null)] - 界面3  190321-166   04/11/2018 19:57:27
2018-04-11 19:57:27,563 [9] FATAL ProcessLogger [(null)] - 界面3  190432-166   04/11/2018 19:57:27
2018-04-11 19:57:27,563 [9] FATAL ProcessLogger [(null)] - 界面3  190321-166   04/11/2018 19:57:27
2018-04-11 19:57:27,566 [9] FATAL ProcessLogger [(null)] - 界面3  190432-166   04/11/2018 19:57:27
2018-04-11 19:57:27,566 [9] FATAL ProcessLogger [(null)] - 界面3  190321-166   04/11/2018 19:57:27
2018-04-11 19:57:27,568 [9] FATAL ProcessLogger [(null)] - 界面3  190432-166   04/11/2018 19:57:27
2018-04-11 19:57:27,568 [9] FATAL ProcessLogger [(null)] - 界面3  190321-166   04/11/2018 19:57:27
2018-04-11 19:57:27,570 [9] FATAL ProcessLogger [(null)] - 界面3  190432-166   04/11/2018 19:57:27
2018-04-11 19:57:27,758 [9] FATAL ProcessLogger [(null)] - 界面3  190321-166   04/11/2018 19:57:27
2018-04-11 19:57:27,759 [9] FATAL ProcessLogger [(null)] - 界面3  190432-166   04/11/2018 19:57:27
2018-04-11 19:57:27,759 [9] FATAL ProcessLogger [(null)] - 界面3  190321-166   04/11/2018 19:57:27
2018-04-11 19:57:27,760 [9] FATAL ProcessLogger [(null)] - 界面3  190432-166   04/11/2018 19:57:27
2018-04-11 19:57:27,760 [9] FATAL ProcessLogger [(null)] - 界面3  190321-166   04/11/2018 19:57:27
2018-04-11 19:57:27,761 [9] FATAL ProcessLogger [(null)] - 界面3  190432-166   04/11/2018 19:57:27
2018-04-11 19:57:27,761 [9] FATAL ProcessLogger [(null)] - 界面3  190321-166   04/11/2018 19:57:27
2018-04-11 19:57:27,762 [9] FATAL ProcessLogger [(null)] - 界面3  190432-166   04/11/2018 19:57:27
2018-04-11 19:57:27,762 [9] FATAL ProcessLogger [(null)] - 界面3  190321-166   04/11/2018 19:57:27
2018-04-11 19:57:27,960 [9] FATAL ProcessLogger [(null)] - 界面3  190432-166   04/11/2018 19:57:27
2018-04-11 19:57:27,960 [9] FATAL ProcessLogger [(null)] - 界面3  190321-166   04/11/2018 19:57:27
2018-04-11 19:57:27,963 [9] FATAL ProcessLogger [(null)] - 界面3  190432-166   04/11/2018 19:57:27
2018-04-11 19:57:27,963 [9] FATAL ProcessLogger [(null)] - 界面3  190321-166   04/11/2018 19:57:27
2018-04-11 19:57:27,965 [9] FATAL ProcessLogger [(null)] - 界面3  190432-166   04/11/2018 19:57:27
2018-04-11 19:57:27,965 [9] FATAL ProcessLogger [(null)] - 界面3  190321-166   04/11/2018 19:57:27
2018-04-11 19:57:27,968 [9] FATAL ProcessLogger [(null)] - 界面3  190432-166   04/11/2018 19:57:27
2018-04-11 19:57:27,968 [9] FATAL ProcessLogger [(null)] - 界面3  190321-166   04/11/2018 19:57:27
2018-04-11 19:57:27,970 [9] FATAL ProcessLogger [(null)] - 界面3  190432-166   04/11/2018 19:57:27
2018-04-11 19:57:27,970 [9] FATAL ProcessLogger [(null)] - 界面3  190321-166   04/11/2018 19:57:27
2018-04-11 19:57:28,161 [9] FATAL ProcessLogger [(null)] - 界面3  190432-166   04/11/2018 19:57:28
2018-04-11 19:57:28,161 [9] FATAL ProcessLogger [(null)] - 界面3  190321-166   04/11/2018 19:57:28
2018-04-11 19:57:28,164 [9] FATAL ProcessLogger [(null)] - 界面3  190432-166   04/11/2018 19:57:28
2018-04-11 19:57:28,164 [9] FATAL ProcessLogger [(null)] - 界面3  190321-166   04/11/2018 19:57:28
2018-04-11 19:57:28,166 [9] FATAL ProcessLogger [(null)] - 界面3  190432-166   04/11/2018 19:57:28
2018-04-11 19:57:28,166 [9] FATAL ProcessLogger [(null)] - 界面3  190321-166   04/11/2018 19:57:28
2018-04-11 19:57:28,168 [9] FATAL ProcessLogger [(null)] - 界面3  190432-166   04/11/2018 19:57:28
2018-04-11 19:57:28,169 [9] FATAL ProcessLogger [(null)] - 界面3  190321-166   04/11/2018 19:57:28
2018-04-11 19:57:28,171 [9] FATAL ProcessLogger [(null)] - 界面3  190432-166   04/11/2018 19:57:28
2018-04-11 19:57:28,359 [9] FATAL ProcessLogger [(null)] - 界面3  190321-166   04/11/2018 19:57:28
2018-04-11 19:57:28,360 [9] FATAL ProcessLogger [(null)] - 界面3  190432-166   04/11/2018 19:57:28
2018-04-11 19:57:28,360 [9] FATAL ProcessLogger [(null)] - 界面3  190321-166   04/11/2018 19:57:28
2018-04-11 19:57:28,360 [9] FATAL ProcessLogger [(null)] - 界面3  190432-166   04/11/2018 19:57:28
2018-04-11 19:57:28,360 [9] FATAL ProcessLogger [(null)] - 界面3  190321-166   04/11/2018 19:57:28
2018-04-11 19:57:28,361 [9] FATAL ProcessLogger [(null)] - 界面3  190432-166   04/11/2018 19:57:28
2018-04-11 19:57:28,361 [9] FATAL ProcessLogger [(null)] - 界面3  190321-166   04/11/2018 19:57:28
2018-04-11 19:57:28,362 [9] FATAL ProcessLogger [(null)] - 界面3  190432-166   04/11/2018 19:57:28
2018-04-11 19:57:28,362 [9] FATAL ProcessLogger [(null)] - 界面3  190321-166   04/11/2018 19:57:28
2018-04-11 19:57:28,362 [9] FATAL ProcessLogger [(null)] - 界面3  190432-166   04/11/2018 19:57:28
2018-04-11 19:57:28,559 [9] FATAL ProcessLogger [(null)] - 界面3  190321-166   04/11/2018 19:57:28
2018-04-11 19:57:28,561 [9] FATAL ProcessLogger [(null)] - 界面3  190432-166   04/11/2018 19:57:28
2018-04-11 19:57:28,561 [9] FATAL ProcessLogger [(null)] - 界面3  190321-166   04/11/2018 19:57:28
2018-04-11 19:57:28,564 [9] FATAL ProcessLogger [(null)] - 界面3  190432-166   04/11/2018 19:57:28
2018-04-11 19:57:28,564 [9] FATAL ProcessLogger [(null)] - 界面3  190321-166   04/11/2018 19:57:28
2018-04-11 19:57:28,566 [9] FATAL ProcessLogger [(null)] - 界面3  190432-166   04/11/2018 19:57:28
2018-04-11 19:57:28,566 [9] FATAL ProcessLogger [(null)] - 界面3  190321-166   04/11/2018 19:57:28
2018-04-11 19:57:28,568 [9] FATAL ProcessLogger [(null)] - 界面3  190432-166   04/11/2018 19:57:28
2018-04-11 19:57:28,569 [9] FATAL ProcessLogger [(null)] - 界面3  190321-166   04/11/2018 19:57:28
2018-04-11 19:57:28,770 [9] FATAL ProcessLogger [(null)] - 界面3  190432-166   04/11/2018 19:57:28
2018-04-11 19:57:28,770 [9] FATAL ProcessLogger [(null)] - 界面3  190321-166   04/11/2018 19:57:28
2018-04-11 19:57:28,771 [9] FATAL ProcessLogger [(null)] - 界面3  190432-166   04/11/2018 19:57:28
2018-04-11 19:57:28,771 [9] FATAL ProcessLogger [(null)] - 界面3  190321-166   04/11/2018 19:57:28
2018-04-11 19:57:28,772 [9] FATAL ProcessLogger [(null)] - 界面3  190432-166   04/11/2018 19:57:28
2018-04-11 19:57:28,772 [9] FATAL ProcessLogger [(null)] - 界面3  190321-166   04/11/2018 19:57:28
2018-04-11 19:57:28,772 [9] FATAL ProcessLogger [(null)] - 界面3  190432-166   04/11/2018 19:57:28
2018-04-11 19:57:28,772 [9] FATAL ProcessLogger [(null)] - 界面3  190321-166   04/11/2018 19:57:28
2018-04-11 19:57:28,773 [9] FATAL ProcessLogger [(null)] - 界面3  190432-166   04/11/2018 19:57:28
2018-04-11 19:57:28,969 [9] FATAL ProcessLogger [(null)] - 界面3  190321-166   04/11/2018 19:57:28
2018-04-11 19:57:28,971 [9] FATAL ProcessLogger [(null)] - 界面3  190432-166   04/11/2018 19:57:28
2018-04-11 19:57:28,971 [9] FATAL ProcessLogger [(null)] - 界面3  190321-166   04/11/2018 19:57:28
2018-04-11 19:57:28,974 [9] FATAL ProcessLogger [(null)] - 界面3  190432-166   04/11/2018 19:57:28
2018-04-11 19:57:28,974 [9] FATAL ProcessLogger [(null)] - 界面3  190321-166   04/11/2018 19:57:28
2018-04-11 19:57:28,976 [9] FATAL ProcessLogger [(null)] - 界面3  190432-166   04/11/2018 19:57:28
2018-04-11 19:57:28,976 [9] FATAL ProcessLogger [(null)] - 界面3  190321-166   04/11/2018 19:57:28
2018-04-11 19:57:28,978 [9] FATAL ProcessLogger [(null)] - 界面3  190432-166   04/11/2018 19:57:28
2018-04-11 19:57:28,978 [9] FATAL ProcessLogger [(null)] - 界面3  190321-166   04/11/2018 19:57:28
2018-04-11 19:57:28,980 [9] FATAL ProcessLogger [(null)] - 界面3  190432-166   04/11/2018 19:57:28
2018-04-11 19:57:29,169 [9] FATAL ProcessLogger [(null)] - 界面3  190321-166   04/11/2018 19:57:29
2018-04-11 19:57:29,171 [9] FATAL ProcessLogger [(null)] - 界面3  190432-166   04/11/2018 19:57:29
2018-04-11 19:57:29,171 [9] FATAL ProcessLogger [(null)] - 界面3  190321-166   04/11/2018 19:57:29
2018-04-11 19:57:29,173 [9] FATAL ProcessLogger [(null)] - 界面3  190432-166   04/11/2018 19:57:29
2018-04-11 19:57:29,173 [9] FATAL ProcessLogger [(null)] - 界面3  190321-166   04/11/2018 19:57:29
2018-04-11 19:57:29,175 [9] FATAL ProcessLogger [(null)] - 界面3  190432-166   04/11/2018 19:57:29
2018-04-11 19:57:29,175 [9] FATAL ProcessLogger [(null)] - 界面3  190321-166   04/11/2018 19:57:29
2018-04-11 19:57:29,177 [9] FATAL ProcessLogger [(null)] - 界面3  190432-166   04/11/2018 19:57:29
2018-04-11 19:57:29,178 [9] FATAL ProcessLogger [(null)] - 界面3  190321-166   04/11/2018 19:57:29
2018-04-11 19:57:29,371 [9] FATAL ProcessLogger [(null)] - 界面3  190432-166   04/11/2018 19:57:29
2018-04-11 19:57:29,371 [9] FATAL ProcessLogger [(null)] - 界面3  190321-166   04/11/2018 19:57:29
2018-04-11 19:57:29,374 [9] FATAL ProcessLogger [(null)] - 界面3  190432-166   04/11/2018 19:57:29
2018-04-11 19:57:29,374 [9] FATAL ProcessLogger [(null)] - 界面3  190321-166   04/11/2018 19:57:29
2018-04-11 19:57:29,376 [9] FATAL ProcessLogger [(null)] - 界面3  190432-166   04/11/2018 19:57:29
2018-04-11 19:57:29,376 [9] FATAL ProcessLogger [(null)] - 界面3  190321-166   04/11/2018 19:57:29
2018-04-11 19:57:29,379 [9] FATAL ProcessLogger [(null)] - 界面3  190432-166   04/11/2018 19:57:29
2018-04-11 19:57:29,379 [9] FATAL ProcessLogger [(null)] - 界面3  190321-166   04/11/2018 19:57:29
2018-04-11 19:57:29,381 [9] FATAL ProcessLogger [(null)] - 界面3  190432-166   04/11/2018 19:57:29
2018-04-11 19:57:29,569 [9] FATAL ProcessLogger [(null)] - 界面3  190321-166   04/11/2018 19:57:29
2018-04-11 19:57:29,572 [9] FATAL ProcessLogger [(null)] - 界面3  190432-166   04/11/2018 19:57:29
2018-04-11 19:57:29,572 [9] FATAL ProcessLogger [(null)] - 界面3  190321-166   04/11/2018 19:57:29
2018-04-11 19:57:29,575 [9] FATAL ProcessLogger [(null)] - 界面3  190432-166   04/11/2018 19:57:29
2018-04-11 19:57:29,575 [9] FATAL ProcessLogger [(null)] - 界面3  190321-166   04/11/2018 19:57:29
2018-04-11 19:57:29,579 [9] FATAL ProcessLogger [(null)] - 界面3  190432-166   04/11/2018 19:57:29
2018-04-11 19:57:29,579 [9] FATAL ProcessLogger [(null)] - 界面3  190321-166   04/11/2018 19:57:29
2018-04-11 19:57:29,581 [9] FATAL ProcessLogger [(null)] - 界面3  190432-166   04/11/2018 19:57:29
2018-04-11 19:57:29,581 [9] FATAL ProcessLogger [(null)] - 界面3  190321-166   04/11/2018 19:57:29
2018-04-11 19:57:29,583 [9] FATAL ProcessLogger [(null)] - 界面3  190432-166   04/11/2018 19:57:29
2018-04-11 19:57:29,769 [9] FATAL ProcessLogger [(null)] - 界面3  190321-166   04/11/2018 19:57:29
2018-04-11 19:57:29,771 [9] FATAL ProcessLogger [(null)] - 界面3  190432-166   04/11/2018 19:57:29
2018-04-11 19:57:29,771 [9] FATAL ProcessLogger [(null)] - 界面3  190321-166   04/11/2018 19:57:29
2018-04-11 19:57:29,774 [9] FATAL ProcessLogger [(null)] - 界面3  190432-166   04/11/2018 19:57:29
2018-04-11 19:57:29,774 [9] FATAL ProcessLogger [(null)] - 界面3  190321-166   04/11/2018 19:57:29
2018-04-11 19:57:29,777 [9] FATAL ProcessLogger [(null)] - 界面3  190432-166   04/11/2018 19:57:29
2018-04-11 19:57:29,777 [9] FATAL ProcessLogger [(null)] - 界面3  190321-166   04/11/2018 19:57:29
2018-04-11 19:57:29,779 [9] FATAL ProcessLogger [(null)] - 界面3  190432-166   04/11/2018 19:57:29
2018-04-11 19:57:29,779 [9] FATAL ProcessLogger [(null)] - 界面3  190321-166   04/11/2018 19:57:29
2018-04-11 19:57:29,969 [9] FATAL ProcessLogger [(null)] - 界面3  190432-166   04/11/2018 19:57:29
2018-04-11 19:57:29,970 [9] FATAL ProcessLogger [(null)] - 界面3  190321-166   04/11/2018 19:57:29
2018-04-11 19:57:29,970 [9] FATAL ProcessLogger [(null)] - 界面3  190432-166   04/11/2018 19:57:29
2018-04-11 19:57:29,970 [9] FATAL ProcessLogger [(null)] - 界面3  190321-166   04/11/2018 19:57:29
2018-04-11 19:57:29,971 [9] FATAL ProcessLogger [(null)] - 界面3  190432-166   04/11/2018 19:57:29
2018-04-11 19:57:29,971 [9] FATAL ProcessLogger [(null)] - 界面3  190321-166   04/11/2018 19:57:29
2018-04-11 19:57:29,972 [9] FATAL ProcessLogger [(null)] - 界面3  190432-166   04/11/2018 19:57:29
2018-04-11 19:57:29,972 [9] FATAL ProcessLogger [(null)] - 界面3  190321-166   04/11/2018 19:57:29
2018-04-11 19:57:29,972 [9] FATAL ProcessLogger [(null)] - 界面3  190432-166   04/11/2018 19:57:29
2018-04-11 19:57:29,972 [9] FATAL ProcessLogger [(null)] - 界面3  190321-166   04/11/2018 19:57:29
2018-04-11 19:57:30,172 [9] FATAL ProcessLogger [(null)] - 界面3  190432-166   04/11/2018 19:57:30
2018-04-11 19:57:30,172 [9] FATAL ProcessLogger [(null)] - 界面3  190321-166   04/11/2018 19:57:30
2018-04-11 19:57:30,176 [9] FATAL ProcessLogger [(null)] - 界面3  190432-166   04/11/2018 19:57:30
2018-04-11 19:57:30,176 [9] FATAL ProcessLogger [(null)] - 界面3  190321-166   04/11/2018 19:57:30
2018-04-11 19:57:30,178 [9] FATAL ProcessLogger [(null)] - 界面3  190432-166   04/11/2018 19:57:30
2018-04-11 19:57:30,178 [9] FATAL ProcessLogger [(null)] - 界面3  190321-166   04/11/2018 19:57:30
2018-04-11 19:57:30,182 [9] FATAL ProcessLogger [(null)] - 界面3  190432-166   04/11/2018 19:57:30
2018-04-11 19:57:30,182 [9] FATAL ProcessLogger [(null)] - 界面3  190321-166   04/11/2018 19:57:30
2018-04-11 19:57:30,186 [9] FATAL ProcessLogger [(null)] - 界面3  190432-166   04/11/2018 19:57:30
2018-04-11 19:57:30,369 [9] FATAL ProcessLogger [(null)] - 界面3  190321-166   04/11/2018 19:57:30
2018-04-11 19:57:30,371 [9] FATAL ProcessLogger [(null)] - 界面3  190432-166   04/11/2018 19:57:30
2018-04-11 19:57:30,371 [9] FATAL ProcessLogger [(null)] - 界面3  190321-166   04/11/2018 19:57:30
2018-04-11 19:57:30,374 [9] FATAL ProcessLogger [(null)] - 界面3  190432-166   04/11/2018 19:57:30
2018-04-11 19:57:30,374 [9] FATAL ProcessLogger [(null)] - 界面3  190321-166   04/11/2018 19:57:30
2018-04-11 19:57:30,377 [9] FATAL ProcessLogger [(null)] - 界面3  190432-166   04/11/2018 19:57:30
2018-04-11 19:57:30,377 [9] FATAL ProcessLogger [(null)] - 界面3  190321-166   04/11/2018 19:57:30
2018-04-11 19:57:30,379 [9] FATAL ProcessLogger [(null)] - 界面3  190432-166   04/11/2018 19:57:30
2018-04-11 19:57:30,380 [9] FATAL ProcessLogger [(null)] - 界面3  190321-166   04/11/2018 19:57:30
2018-04-11 19:57:30,571 [9] FATAL ProcessLogger [(null)] - 界面3  190432-166   04/11/2018 19:57:30
2018-04-11 19:57:30,572 [9] FATAL ProcessLogger [(null)] - 界面3  190321-166   04/11/2018 19:57:30
2018-04-11 19:57:30,574 [9] FATAL ProcessLogger [(null)] - 界面3  190432-166   04/11/2018 19:57:30
2018-04-11 19:57:30,574 [9] FATAL ProcessLogger [(null)] - 界面3  190321-166   04/11/2018 19:57:30
2018-04-11 19:57:30,577 [9] FATAL ProcessLogger [(null)] - 界面3  190432-166   04/11/2018 19:57:30
2018-04-11 19:57:30,577 [9] FATAL ProcessLogger [(null)] - 界面3  190321-166   04/11/2018 19:57:30
2018-04-11 19:57:30,580 [9] FATAL ProcessLogger [(null)] - 界面3  190432-166   04/11/2018 19:57:30
2018-04-11 19:57:30,580 [9] FATAL ProcessLogger [(null)] - 界面3  190321-166   04/11/2018 19:57:30
2018-04-11 19:57:30,582 [9] FATAL ProcessLogger [(null)] - 界面3  190432-166   04/11/2018 19:57:30
2018-04-11 19:57:30,582 [9] FATAL ProcessLogger [(null)] - 界面3  190321-166   04/11/2018 19:57:30
2018-04-11 19:57:30,770 [9] FATAL ProcessLogger [(null)] - 界面3  190432-166   04/11/2018 19:57:30
2018-04-11 19:57:30,770 [9] FATAL ProcessLogger [(null)] - 界面3  190321-166   04/11/2018 19:57:30
2018-04-11 19:57:30,774 [9] FATAL ProcessLogger [(null)] - AnalysisWebInfo2接入 8990204/11/2018 19:57:30
2018-04-11 19:57:30,824 [9] FATAL ProcessLogger [(null)] - AnalysisWebInfo2接入 8990204/11/2018 19:57:30
2018-04-11 19:57:31,123 [9] FATAL ProcessLogger [(null)] - 读取中 090104/11/2018 19:57:31
2018-04-11 19:57:31,126 [9] FATAL ProcessLogger [(null)] - 读取中 09010 04/11/2018 19:57:31
2018-04-11 19:57:31,129 [9] FATAL ProcessLogger [(null)] - 接入 前 091101 04/11/2018 19:57:31
2018-04-11 19:57:31,129 [9] FATAL ProcessLogger [(null)] - 接入 前 091102 04/11/2018 19:57:31
2018-04-11 19:57:41,090 [9] FATAL ProcessLogger [(null)] - AnalysisWebInfo2接入 8990204/11/2018 19:57:41
2018-04-11 19:57:41,090 [9] FATAL ProcessLogger [(null)] - 接入界面04/11/2018 19:57:41
2018-04-11 19:57:41,119 [9] FATAL ProcessLogger [(null)] - 接入界面 00204/11/2018 19:57:41
2018-04-11 19:57:41,120 [9] FATAL ProcessLogger [(null)] - AnalysisWebInfo2接入 8990204/11/2018 19:57:41
2018-04-11 19:57:41,121 [9] FATAL ProcessLogger [(null)] - 界面2  190104/11/2018 19:57:41
2018-04-11 19:57:46,153 [9] FATAL ProcessLogger [(null)] - AnalysisWebInfo2接入 8990204/11/2018 19:57:46
2018-04-11 19:57:46,153 [9] FATAL ProcessLogger [(null)] - 界面2  190104/11/2018 19:57:46
2018-04-11 19:57:46,154 [9] FATAL ProcessLogger [(null)] - AnalysisWebInfo2接入 8990204/11/2018 19:57:46
2018-04-11 19:57:46,156 [9] FATAL ProcessLogger [(null)] - AnalysisWebInfo2接入 8990204/11/2018 19:57:46
2018-04-11 19:57:53,106 [9] FATAL ProcessLogger [(null)] - AnalysisWebInfo2接入 8990204/11/2018 19:57:53
2018-04-11 19:57:53,106 [9] FATAL ProcessLogger [(null)] - 界面3  190204/11/2018 19:57:53
2018-04-11 19:57:53,107 [9] FATAL ProcessLogger [(null)] - 界面3  190304/11/2018 19:57:53
2018-04-11 19:57:55,013 [9] FATAL ProcessLogger [(null)] - 界面3  19001204/11/2018 19:57:55
2018-04-11 19:57:55,035 [9] FATAL ProcessLogger [(null)] - 界面3  1904-166   04/11/2018 19:57:55
2018-04-11 19:57:55,036 [9] FATAL ProcessLogger [(null)] - 界面3  190432-166   04/11/2018 19:57:55
2018-04-11 19:57:55,036 [9] FATAL ProcessLogger [(null)] - 界面3  190321-166   04/11/2018 19:57:55
2018-04-11 19:57:55,037 [9] FATAL ProcessLogger [(null)] - 界面3  190432-166   04/11/2018 19:57:55
2018-04-11 19:57:55,037 [9] FATAL ProcessLogger [(null)] - 界面3  190321-166   04/11/2018 19:57:55
2018-04-11 19:57:55,038 [9] FATAL ProcessLogger [(null)] - 界面3  190432-166   04/11/2018 19:57:55
2018-04-11 19:57:55,038 [9] FATAL ProcessLogger [(null)] - 界面3  190321-166   04/11/2018 19:57:55
2018-04-11 19:57:55,039 [9] FATAL ProcessLogger [(null)] - 界面3  190432-166   04/11/2018 19:57:55
2018-04-11 19:57:55,039 [9] FATAL ProcessLogger [(null)] - 界面3  190321-166   04/11/2018 19:57:55
2018-04-11 19:57:55,039 [9] FATAL ProcessLogger [(null)] - 界面3  190432-166   04/11/2018 19:57:55
2018-04-11 19:57:55,220 [9] FATAL ProcessLogger [(null)] - 界面3  190321-166   04/11/2018 19:57:55
2018-04-11 19:57:55,221 [9] FATAL ProcessLogger [(null)] - 界面3  190432-166   04/11/2018 19:57:55
2018-04-11 19:57:55,221 [9] FATAL ProcessLogger [(null)] - 界面3  190321-166   04/11/2018 19:57:55
2018-04-11 19:57:55,222 [9] FATAL ProcessLogger [(null)] - 界面3  190432-166   04/11/2018 19:57:55
2018-04-11 19:57:55,222 [9] FATAL ProcessLogger [(null)] - 界面3  190321-166   04/11/2018 19:57:55
2018-04-11 19:57:55,223 [9] FATAL ProcessLogger [(null)] - 界面3  190432-166   04/11/2018 19:57:55
2018-04-11 19:57:55,223 [9] FATAL ProcessLogger [(null)] - 界面3  190321-166   04/11/2018 19:57:55
2018-04-11 19:57:55,224 [9] FATAL ProcessLogger [(null)] - 界面3  190432-166   04/11/2018 19:57:55
2018-04-11 19:57:55,224 [9] FATAL ProcessLogger [(null)] - 界面3  190321-166   04/11/2018 19:57:55
2018-04-11 19:57:55,421 [9] FATAL ProcessLogger [(null)] - 界面3  190432-166   04/11/2018 19:57:55
2018-04-11 19:57:55,421 [9] FATAL ProcessLogger [(null)] - 界面3  190321-166   04/11/2018 19:57:55
2018-04-11 19:57:55,422 [9] FATAL ProcessLogger [(null)] - 界面3  190432-166   04/11/2018 19:57:55
2018-04-11 19:57:55,422 [9] FATAL ProcessLogger [(null)] - 界面3  190321-166   04/11/2018 19:57:55
2018-04-11 19:57:55,423 [9] FATAL ProcessLogger [(null)] - 界面3  190432-166   04/11/2018 19:57:55
2018-04-11 19:57:55,423 [9] FATAL ProcessLogger [(null)] - 界面3  190321-166   04/11/2018 19:57:55
2018-04-11 19:57:55,425 [9] FATAL ProcessLogger [(null)] - 界面3  190432-166   04/11/2018 19:57:55
2018-04-11 19:57:55,425 [9] FATAL ProcessLogger [(null)] - 界面3  190321-166   04/11/2018 19:57:55
2018-04-11 19:57:55,426 [9] FATAL ProcessLogger [(null)] - 界面3  190432-166   04/11/2018 19:57:55
2018-04-11 19:57:55,426 [9] FATAL ProcessLogger [(null)] - 界面3  190321-166   04/11/2018 19:57:55
2018-04-11 19:57:55,620 [9] FATAL ProcessLogger [(null)] - 界面3  190432-166   04/11/2018 19:57:55
2018-04-11 19:57:55,620 [9] FATAL ProcessLogger [(null)] - 界面3  190321-166   04/11/2018 19:57:55
2018-04-11 19:57:55,621 [9] FATAL ProcessLogger [(null)] - 界面3  190432-166   04/11/2018 19:57:55
2018-04-11 19:57:55,621 [9] FATAL ProcessLogger [(null)] - 界面3  190321-166   04/11/2018 19:57:55
2018-04-11 19:57:55,623 [9] FATAL ProcessLogger [(null)] - 界面3  190432-166   04/11/2018 19:57:55
2018-04-11 19:57:55,623 [9] FATAL ProcessLogger [(null)] - 界面3  190321-166   04/11/2018 19:57:55
2018-04-11 19:57:55,623 [9] FATAL ProcessLogger [(null)] - 界面3  190432-166   04/11/2018 19:57:55
2018-04-11 19:57:55,624 [9] FATAL ProcessLogger [(null)] - 界面3  190321-166   04/11/2018 19:57:55
2018-04-11 19:57:55,624 [9] FATAL ProcessLogger [(null)] - 界面3  190432-166   04/11/2018 19:57:55
2018-04-11 19:57:55,820 [9] FATAL ProcessLogger [(null)] - 界面3  190321-166   04/11/2018 19:57:55
2018-04-11 19:57:55,820 [9] FATAL ProcessLogger [(null)] - 界面3  190432-166   04/11/2018 19:57:55
2018-04-11 19:57:55,820 [9] FATAL ProcessLogger [(null)] - 界面3  190321-166   04/11/2018 19:57:55
2018-04-11 19:57:55,821 [9] FATAL ProcessLogger [(null)] - 界面3  190432-166   04/11/2018 19:57:55
2018-04-11 19:57:55,821 [9] FATAL ProcessLogger [(null)] - 界面3  190321-166   04/11/2018 19:57:55
2018-04-11 19:57:55,822 [9] FATAL ProcessLogger [(null)] - 界面3  190432-166   04/11/2018 19:57:55
2018-04-11 19:57:55,822 [9] FATAL ProcessLogger [(null)] - 界面3  190321-166   04/11/2018 19:57:55
2018-04-11 19:57:55,823 [9] FATAL ProcessLogger [(null)] - 界面3  190432-166   04/11/2018 19:57:55
2018-04-11 19:57:55,823 [9] FATAL ProcessLogger [(null)] - 界面3  190321-166   04/11/2018 19:57:55
2018-04-11 19:57:56,020 [9] FATAL ProcessLogger [(null)] - 界面3  190432-166   04/11/2018 19:57:56
2018-04-11 19:57:56,020 [9] FATAL ProcessLogger [(null)] - 界面3  190321-166   04/11/2018 19:57:56
2018-04-11 19:57:56,021 [9] FATAL ProcessLogger [(null)] - 界面3  190432-166   04/11/2018 19:57:56
2018-04-11 19:57:56,021 [9] FATAL ProcessLogger [(null)] - 界面3  190321-166   04/11/2018 19:57:56
2018-04-11 19:57:56,022 [9] FATAL ProcessLogger [(null)] - 界面3  190432-166   04/11/2018 19:57:56
2018-04-11 19:57:56,022 [9] FATAL ProcessLogger [(null)] - 界面3  190321-166   04/11/2018 19:57:56
2018-04-11 19:57:56,022 [9] FATAL ProcessLogger [(null)] - 界面3  190432-166   04/11/2018 19:57:56
2018-04-11 19:57:56,022 [9] FATAL ProcessLogger [(null)] - 界面3  190321-166   04/11/2018 19:57:56
2018-04-11 19:57:56,023 [9] FATAL ProcessLogger [(null)] - 界面3  190432-166   04/11/2018 19:57:56
2018-04-11 19:57:56,023 [9] FATAL ProcessLogger [(null)] - 界面3  190321-166   04/11/2018 19:57:56
2018-04-11 19:57:56,220 [9] FATAL ProcessLogger [(null)] - 界面3  190432-166   04/11/2018 19:57:56
2018-04-11 19:57:56,221 [9] FATAL ProcessLogger [(null)] - 界面3  190321-166   04/11/2018 19:57:56
2018-04-11 19:57:56,221 [9] FATAL ProcessLogger [(null)] - 界面3  190432-166   04/11/2018 19:57:56
2018-04-11 19:57:56,221 [9] FATAL ProcessLogger [(null)] - 界面3  190321-166   04/11/2018 19:57:56
2018-04-11 19:57:56,222 [9] FATAL ProcessLogger [(null)] - 界面3  190432-166   04/11/2018 19:57:56
2018-04-11 19:57:56,222 [9] FATAL ProcessLogger [(null)] - 界面3  190321-166   04/11/2018 19:57:56
2018-04-11 19:57:56,223 [9] FATAL ProcessLogger [(null)] - 界面3  190432-166   04/11/2018 19:57:56
2018-04-11 19:57:56,223 [9] FATAL ProcessLogger [(null)] - 界面3  190321-166   04/11/2018 19:57:56
2018-04-11 19:57:56,223 [9] FATAL ProcessLogger [(null)] - 界面3  190432-166   04/11/2018 19:57:56
2018-04-11 19:57:56,420 [9] FATAL ProcessLogger [(null)] - 界面3  190321-166   04/11/2018 19:57:56
2018-04-11 19:57:56,421 [9] FATAL ProcessLogger [(null)] - 界面3  190432-166   04/11/2018 19:57:56
2018-04-11 19:57:56,421 [9] FATAL ProcessLogger [(null)] - 界面3  190321-166   04/11/2018 19:57:56
2018-04-11 19:57:56,422 [9] FATAL ProcessLogger [(null)] - 界面3  190432-166   04/11/2018 19:57:56
2018-04-11 19:57:56,422 [9] FATAL ProcessLogger [(null)] - 界面3  190321-166   04/11/2018 19:57:56
2018-04-11 19:57:56,423 [9] FATAL ProcessLogger [(null)] - 界面3  190432-166   04/11/2018 19:57:56
2018-04-11 19:57:56,423 [9] FATAL ProcessLogger [(null)] - 界面3  190321-166   04/11/2018 19:57:56
2018-04-11 19:57:56,425 [9] FATAL ProcessLogger [(null)] - 界面3  190432-166   04/11/2018 19:57:56
2018-04-11 19:57:56,425 [9] FATAL ProcessLogger [(null)] - 界面3  190321-166   04/11/2018 19:57:56
2018-04-11 19:57:56,426 [9] FATAL ProcessLogger [(null)] - 界面3  190432-166   04/11/2018 19:57:56
2018-04-11 19:57:56,620 [9] FATAL ProcessLogger [(null)] - 界面3  190321-166   04/11/2018 19:57:56
2018-04-11 19:57:56,621 [9] FATAL ProcessLogger [(null)] - 界面3  190432-166   04/11/2018 19:57:56
2018-04-11 19:57:56,621 [9] FATAL ProcessLogger [(null)] - 界面3  190321-166   04/11/2018 19:57:56
2018-04-11 19:57:56,622 [9] FATAL ProcessLogger [(null)] - 界面3  190432-166   04/11/2018 19:57:56
2018-04-11 19:57:56,622 [9] FATAL ProcessLogger [(null)] - 界面3  190321-166   04/11/2018 19:57:56
2018-04-11 19:57:56,623 [9] FATAL ProcessLogger [(null)] - 界面3  190432-166   04/11/2018 19:57:56
2018-04-11 19:57:56,623 [9] FATAL ProcessLogger [(null)] - 界面3  190321-166   04/11/2018 19:57:56
2018-04-11 19:57:56,624 [9] FATAL ProcessLogger [(null)] - 界面3  190432-166   04/11/2018 19:57:56
2018-04-11 19:57:56,624 [9] FATAL ProcessLogger [(null)] - 界面3  190321-166   04/11/2018 19:57:56
2018-04-11 19:57:56,821 [9] FATAL ProcessLogger [(null)] - 界面3  190432-166   04/11/2018 19:57:56
2018-04-11 19:57:56,821 [9] FATAL ProcessLogger [(null)] - 界面3  190321-166   04/11/2018 19:57:56
2018-04-11 19:57:56,823 [9] FATAL ProcessLogger [(null)] - 界面3  190432-166   04/11/2018 19:57:56
2018-04-11 19:57:56,823 [9] FATAL ProcessLogger [(null)] - 界面3  190321-166   04/11/2018 19:57:56
2018-04-11 19:57:56,824 [9] FATAL ProcessLogger [(null)] - 界面3  190432-166   04/11/2018 19:57:56
2018-04-11 19:57:56,824 [9] FATAL ProcessLogger [(null)] - 界面3  190321-166   04/11/2018 19:57:56
2018-04-11 19:57:56,825 [9] FATAL ProcessLogger [(null)] - 界面3  190432-166   04/11/2018 19:57:56
2018-04-11 19:57:56,825 [9] FATAL ProcessLogger [(null)] - 界面3  190321-166   04/11/2018 19:57:56
2018-04-11 19:57:56,827 [9] FATAL ProcessLogger [(null)] - 界面3  190432-166   04/11/2018 19:57:56
2018-04-11 19:57:57,020 [9] FATAL ProcessLogger [(null)] - 界面3  190321-166   04/11/2018 19:57:57
2018-04-11 19:57:57,020 [9] FATAL ProcessLogger [(null)] - 界面3  190432-166   04/11/2018 19:57:57
2018-04-11 19:57:57,021 [9] FATAL ProcessLogger [(null)] - 界面3  190321-166   04/11/2018 19:57:57
2018-04-11 19:57:57,021 [9] FATAL ProcessLogger [(null)] - 界面3  190432-166   04/11/2018 19:57:57
2018-04-11 19:57:57,021 [9] FATAL ProcessLogger [(null)] - 界面3  190321-166   04/11/2018 19:57:57
2018-04-11 19:57:57,022 [9] FATAL ProcessLogger [(null)] - 界面3  190432-166   04/11/2018 19:57:57
2018-04-11 19:57:57,022 [9] FATAL ProcessLogger [(null)] - 界面3  190321-166   04/11/2018 19:57:57
2018-04-11 19:57:57,023 [9] FATAL ProcessLogger [(null)] - 界面3  190432-166   04/11/2018 19:57:57
2018-04-11 19:57:57,023 [9] FATAL ProcessLogger [(null)] - 界面3  190321-166   04/11/2018 19:57:57
2018-04-11 19:57:57,023 [9] FATAL ProcessLogger [(null)] - 界面3  190432-166   04/11/2018 19:57:57
2018-04-11 19:57:57,220 [9] FATAL ProcessLogger [(null)] - 界面3  190321-166   04/11/2018 19:57:57
2018-04-11 19:57:57,220 [9] FATAL ProcessLogger [(null)] - 界面3  190432-166   04/11/2018 19:57:57
2018-04-11 19:57:57,220 [9] FATAL ProcessLogger [(null)] - 界面3  190321-166   04/11/2018 19:57:57
2018-04-11 19:57:57,221 [9] FATAL ProcessLogger [(null)] - 界面3  190432-166   04/11/2018 19:57:57
2018-04-11 19:57:57,221 [9] FATAL ProcessLogger [(null)] - 界面3  190321-166   04/11/2018 19:57:57
2018-04-11 19:57:57,222 [9] FATAL ProcessLogger [(null)] - 界面3  190432-166   04/11/2018 19:57:57
2018-04-11 19:57:57,222 [9] FATAL ProcessLogger [(null)] - 界面3  190321-166   04/11/2018 19:57:57
2018-04-11 19:57:57,223 [9] FATAL ProcessLogger [(null)] - 界面3  190432-166   04/11/2018 19:57:57
2018-04-11 19:57:57,223 [9] FATAL ProcessLogger [(null)] - 界面3  190321-166   04/11/2018 19:57:57
2018-04-11 19:57:57,428 [9] FATAL ProcessLogger [(null)] - 界面3  190432-166   04/11/2018 19:57:57
2018-04-11 19:57:57,428 [9] FATAL ProcessLogger [(null)] - 界面3  190321-166   04/11/2018 19:57:57
2018-04-11 19:57:57,431 [9] FATAL ProcessLogger [(null)] - 界面3  190432-166   04/11/2018 19:57:57
2018-04-11 19:57:57,431 [9] FATAL ProcessLogger [(null)] - 界面3  190321-166   04/11/2018 19:57:57
2018-04-11 19:57:57,433 [9] FATAL ProcessLogger [(null)] - 界面3  190432-166   04/11/2018 19:57:57
2018-04-11 19:57:57,433 [9] FATAL ProcessLogger [(null)] - 界面3  190321-166   04/11/2018 19:57:57
2018-04-11 19:57:57,434 [9] FATAL ProcessLogger [(null)] - 界面3  190432-166   04/11/2018 19:57:57
2018-04-11 19:57:57,434 [9] FATAL ProcessLogger [(null)] - 界面3  190321-166   04/11/2018 19:57:57
2018-04-11 19:57:57,435 [9] FATAL ProcessLogger [(null)] - 界面3  190432-166   04/11/2018 19:57:57
2018-04-11 19:57:57,620 [9] FATAL ProcessLogger [(null)] - 界面3  190321-166   04/11/2018 19:57:57
2018-04-11 19:57:57,621 [9] FATAL ProcessLogger [(null)] - 界面3  190432-166   04/11/2018 19:57:57
2018-04-11 19:57:57,621 [9] FATAL ProcessLogger [(null)] - 界面3  190321-166   04/11/2018 19:57:57
2018-04-11 19:57:57,622 [9] FATAL ProcessLogger [(null)] - 界面3  190432-166   04/11/2018 19:57:57
2018-04-11 19:57:57,622 [9] FATAL ProcessLogger [(null)] - 界面3  190321-166   04/11/2018 19:57:57
2018-04-11 19:57:57,623 [9] FATAL ProcessLogger [(null)] - 界面3  190432-166   04/11/2018 19:57:57
2018-04-11 19:57:57,623 [9] FATAL ProcessLogger [(null)] - 界面3  190321-166   04/11/2018 19:57:57
2018-04-11 19:57:57,624 [9] FATAL ProcessLogger [(null)] - 界面3  190432-166   04/11/2018 19:57:57
2018-04-11 19:57:57,624 [9] FATAL ProcessLogger [(null)] - 界面3  190321-166   04/11/2018 19:57:57
2018-04-11 19:57:57,626 [9] FATAL ProcessLogger [(null)] - 界面3  190432-166   04/11/2018 19:57:57
2018-04-11 19:57:57,820 [9] FATAL ProcessLogger [(null)] - 界面3  190321-166   04/11/2018 19:57:57
2018-04-11 19:57:57,820 [9] FATAL ProcessLogger [(null)] - 界面3  190432-166   04/11/2018 19:57:57
2018-04-11 19:57:57,821 [9] FATAL ProcessLogger [(null)] - 界面3  190321-166   04/11/2018 19:57:57
2018-04-11 19:57:57,822 [9] FATAL ProcessLogger [(null)] - 界面3  190432-166   04/11/2018 19:57:57
2018-04-11 19:57:57,822 [9] FATAL ProcessLogger [(null)] - 界面3  190321-166   04/11/2018 19:57:57
2018-04-11 19:57:57,823 [9] FATAL ProcessLogger [(null)] - 界面3  190432-166   04/11/2018 19:57:57
2018-04-11 19:57:57,823 [9] FATAL ProcessLogger [(null)] - 界面3  190321-166   04/11/2018 19:57:57
2018-04-11 19:57:57,825 [9] FATAL ProcessLogger [(null)] - 界面3  190432-166   04/11/2018 19:57:57
2018-04-11 19:57:57,825 [9] FATAL ProcessLogger [(null)] - 界面3  190321-166   04/11/2018 19:57:57
2018-04-11 19:57:58,020 [9] FATAL ProcessLogger [(null)] - 界面3  190432-166   04/11/2018 19:57:58
2018-04-11 19:57:58,020 [9] FATAL ProcessLogger [(null)] - 界面3  190321-166   04/11/2018 19:57:58
2018-04-11 19:57:58,021 [9] FATAL ProcessLogger [(null)] - 界面3  190432-166   04/11/2018 19:57:58
2018-04-11 19:57:58,021 [9] FATAL ProcessLogger [(null)] - 界面3  190321-166   04/11/2018 19:57:58
2018-04-11 19:57:58,022 [9] FATAL ProcessLogger [(null)] - 界面3  190432-166   04/11/2018 19:57:58
2018-04-11 19:57:58,022 [9] FATAL ProcessLogger [(null)] - 界面3  190321-166   04/11/2018 19:57:58
2018-04-11 19:57:58,022 [9] FATAL ProcessLogger [(null)] - 界面3  190432-166   04/11/2018 19:57:58
2018-04-11 19:57:58,022 [9] FATAL ProcessLogger [(null)] - 界面3  190321-166   04/11/2018 19:57:58
2018-04-11 19:57:58,023 [9] FATAL ProcessLogger [(null)] - 界面3  190432-166   04/11/2018 19:57:58
2018-04-11 19:57:58,023 [9] FATAL ProcessLogger [(null)] - 界面3  190321-166   04/11/2018 19:57:58
2018-04-11 19:57:58,221 [9] FATAL ProcessLogger [(null)] - 界面3  190432-166   04/11/2018 19:57:58
2018-04-11 19:57:58,221 [9] FATAL ProcessLogger [(null)] - 界面3  190321-166   04/11/2018 19:57:58
2018-04-11 19:57:58,221 [9] FATAL ProcessLogger [(null)] - 界面3  190432-166   04/11/2018 19:57:58
2018-04-11 19:57:58,221 [9] FATAL ProcessLogger [(null)] - 界面3  190321-166   04/11/2018 19:57:58
2018-04-11 19:57:58,222 [9] FATAL ProcessLogger [(null)] - 界面3  190432-166   04/11/2018 19:57:58
2018-04-11 19:57:58,222 [9] FATAL ProcessLogger [(null)] - 界面3  190321-166   04/11/2018 19:57:58
2018-04-11 19:57:58,223 [9] FATAL ProcessLogger [(null)] - 界面3  190432-166   04/11/2018 19:57:58
2018-04-11 19:57:58,223 [9] FATAL ProcessLogger [(null)] - 界面3  190321-166   04/11/2018 19:57:58
2018-04-11 19:57:58,223 [9] FATAL ProcessLogger [(null)] - 界面3  190432-166   04/11/2018 19:57:58
2018-04-11 19:57:58,420 [9] FATAL ProcessLogger [(null)] - 界面3  190321-166   04/11/2018 19:57:58
2018-04-11 19:57:58,421 [9] FATAL ProcessLogger [(null)] - 界面3  190432-166   04/11/2018 19:57:58
2018-04-11 19:57:58,421 [9] FATAL ProcessLogger [(null)] - 界面3  190321-166   04/11/2018 19:57:58
2018-04-11 19:57:58,421 [9] FATAL ProcessLogger [(null)] - 界面3  190432-166   04/11/2018 19:57:58
2018-04-11 19:57:58,421 [9] FATAL ProcessLogger [(null)] - 界面3  190321-166   04/11/2018 19:57:58
2018-04-11 19:57:58,422 [9] FATAL ProcessLogger [(null)] - 界面3  190432-166   04/11/2018 19:57:58
2018-04-11 19:57:58,422 [9] FATAL ProcessLogger [(null)] - 界面3  190321-166   04/11/2018 19:57:58
2018-04-11 19:57:58,423 [9] FATAL ProcessLogger [(null)] - 界面3  190432-166   04/11/2018 19:57:58
2018-04-11 19:57:58,423 [9] FATAL ProcessLogger [(null)] - 界面3  190321-166   04/11/2018 19:57:58
2018-04-11 19:57:58,622 [9] FATAL ProcessLogger [(null)] - 界面3  190432-166   04/11/2018 19:57:58
2018-04-11 19:57:58,622 [9] FATAL ProcessLogger [(null)] - 界面3  190321-166   04/11/2018 19:57:58
2018-04-11 19:57:58,624 [9] FATAL ProcessLogger [(null)] - 界面3  190432-166   04/11/2018 19:57:58
2018-04-11 19:57:58,625 [9] FATAL ProcessLogger [(null)] - 界面3  190321-166   04/11/2018 19:57:58
2018-04-11 19:57:58,627 [9] FATAL ProcessLogger [(null)] - 界面3  190432-166   04/11/2018 19:57:58
2018-04-11 19:57:58,627 [9] FATAL ProcessLogger [(null)] - 界面3  190321-166   04/11/2018 19:57:58
2018-04-11 19:57:58,630 [9] FATAL ProcessLogger [(null)] - 界面3  190432-166   04/11/2018 19:57:58
2018-04-11 19:57:58,630 [9] FATAL ProcessLogger [(null)] - 界面3  190321-166   04/11/2018 19:57:58
2018-04-11 19:57:58,632 [9] FATAL ProcessLogger [(null)] - 界面3  190432-166   04/11/2018 19:57:58
2018-04-11 19:57:58,632 [9] FATAL ProcessLogger [(null)] - 界面3  190321-166   04/11/2018 19:57:58
2018-04-11 19:57:58,820 [9] FATAL ProcessLogger [(null)] - 界面3  190432-166   04/11/2018 19:57:58
2018-04-11 19:57:58,820 [9] FATAL ProcessLogger [(null)] - 界面3  190321-166   04/11/2018 19:57:58
2018-04-11 19:57:58,821 [9] FATAL ProcessLogger [(null)] - 界面3  190432-166   04/11/2018 19:57:58
2018-04-11 19:57:58,821 [9] FATAL ProcessLogger [(null)] - 界面3  190321-166   04/11/2018 19:57:58
2018-04-11 19:57:58,822 [9] FATAL ProcessLogger [(null)] - 界面3  190432-166   04/11/2018 19:57:58
2018-04-11 19:57:58,822 [9] FATAL ProcessLogger [(null)] - 界面3  190321-166   04/11/2018 19:57:58
2018-04-11 19:57:58,823 [9] FATAL ProcessLogger [(null)] - 界面3  190432-166   04/11/2018 19:57:58
2018-04-11 19:57:58,823 [9] FATAL ProcessLogger [(null)] - 界面3  190321-166   04/11/2018 19:57:58
2018-04-11 19:57:58,823 [9] FATAL ProcessLogger [(null)] - 界面3  190432-166   04/11/2018 19:57:58
2018-04-11 19:57:59,020 [9] FATAL ProcessLogger [(null)] - 界面3  190321-166   04/11/2018 19:57:59
2018-04-11 19:57:59,022 [9] FATAL ProcessLogger [(null)] - 界面3  190432-166   04/11/2018 19:57:59
2018-04-11 19:57:59,022 [9] FATAL ProcessLogger [(null)] - 界面3  190321-166   04/11/2018 19:57:59
2018-04-11 19:57:59,023 [9] FATAL ProcessLogger [(null)] - 界面3  190432-166   04/11/2018 19:57:59
2018-04-11 19:57:59,024 [9] FATAL ProcessLogger [(null)] - 界面3  190321-166   04/11/2018 19:57:59
2018-04-11 19:57:59,025 [9] FATAL ProcessLogger [(null)] - 界面3  190432-166   04/11/2018 19:57:59
2018-04-11 19:57:59,025 [9] FATAL ProcessLogger [(null)] - 界面3  190321-166   04/11/2018 19:57:59
2018-04-11 19:57:59,027 [9] FATAL ProcessLogger [(null)] - 界面3  190432-166   04/11/2018 19:57:59
2018-04-11 19:57:59,027 [9] FATAL ProcessLogger [(null)] - 界面3  190321-166   04/11/2018 19:57:59
2018-04-11 19:57:59,221 [9] FATAL ProcessLogger [(null)] - 界面3  190432-166   04/11/2018 19:57:59
2018-04-11 19:57:59,221 [9] FATAL ProcessLogger [(null)] - 界面3  190321-166   04/11/2018 19:57:59
2018-04-11 19:57:59,222 [9] FATAL ProcessLogger [(null)] - 界面3  190432-166   04/11/2018 19:57:59
2018-04-11 19:57:59,222 [9] FATAL ProcessLogger [(null)] - 界面3  190321-166   04/11/2018 19:57:59
2018-04-11 19:57:59,223 [9] FATAL ProcessLogger [(null)] - 界面3  190432-166   04/11/2018 19:57:59
2018-04-11 19:57:59,223 [9] FATAL ProcessLogger [(null)] - 界面3  190321-166   04/11/2018 19:57:59
2018-04-11 19:57:59,225 [9] FATAL ProcessLogger [(null)] - 界面3  190432-166   04/11/2018 19:57:59
2018-04-11 19:57:59,225 [9] FATAL ProcessLogger [(null)] - 界面3  190321-166   04/11/2018 19:57:59
2018-04-11 19:57:59,226 [9] FATAL ProcessLogger [(null)] - 界面3  190432-166   04/11/2018 19:57:59
2018-04-11 19:57:59,226 [9] FATAL ProcessLogger [(null)] - 界面3  190321-166   04/11/2018 19:57:59
2018-04-11 19:57:59,420 [9] FATAL ProcessLogger [(null)] - 界面3  190432-166   04/11/2018 19:57:59
2018-04-11 19:57:59,420 [9] FATAL ProcessLogger [(null)] - 界面3  190321-166   04/11/2018 19:57:59
2018-04-11 19:57:59,421 [9] FATAL ProcessLogger [(null)] - 界面3  190432-166   04/11/2018 19:57:59
2018-04-11 19:57:59,421 [9] FATAL ProcessLogger [(null)] - 界面3  190321-166   04/11/2018 19:57:59
2018-04-11 19:57:59,422 [9] FATAL ProcessLogger [(null)] - 界面3  190432-166   04/11/2018 19:57:59
2018-04-11 19:57:59,422 [9] FATAL ProcessLogger [(null)] - 界面3  190321-166   04/11/2018 19:57:59
2018-04-11 19:57:59,423 [9] FATAL ProcessLogger [(null)] - 界面3  190432-166   04/11/2018 19:57:59
2018-04-11 19:57:59,423 [9] FATAL ProcessLogger [(null)] - 界面3  190321-166   04/11/2018 19:57:59
2018-04-11 19:57:59,423 [9] FATAL ProcessLogger [(null)] - 界面3  190432-166   04/11/2018 19:57:59
2018-04-11 19:57:59,620 [9] FATAL ProcessLogger [(null)] - 界面3  190321-166   04/11/2018 19:57:59
2018-04-11 19:57:59,621 [9] FATAL ProcessLogger [(null)] - 界面3  190432-166   04/11/2018 19:57:59
2018-04-11 19:57:59,621 [9] FATAL ProcessLogger [(null)] - 界面3  190321-166   04/11/2018 19:57:59
2018-04-11 19:57:59,622 [9] FATAL ProcessLogger [(null)] - 界面3  190432-166   04/11/2018 19:57:59
2018-04-11 19:57:59,622 [9] FATAL ProcessLogger [(null)] - 界面3  190321-166   04/11/2018 19:57:59
2018-04-11 19:57:59,623 [9] FATAL ProcessLogger [(null)] - 界面3  190432-166   04/11/2018 19:57:59
2018-04-11 19:57:59,623 [9] FATAL ProcessLogger [(null)] - 界面3  190321-166   04/11/2018 19:57:59
2018-04-11 19:57:59,624 [9] FATAL ProcessLogger [(null)] - 界面3  190432-166   04/11/2018 19:57:59
2018-04-11 19:57:59,624 [9] FATAL ProcessLogger [(null)] - 界面3  190321-166   04/11/2018 19:57:59
2018-04-11 19:57:59,625 [9] FATAL ProcessLogger [(null)] - 界面3  190432-166   04/11/2018 19:57:59
2018-04-11 19:57:59,820 [9] FATAL ProcessLogger [(null)] - 界面3  190321-166   04/11/2018 19:57:59
2018-04-11 19:57:59,820 [9] FATAL ProcessLogger [(null)] - 界面3  190432-166   04/11/2018 19:57:59
2018-04-11 19:57:59,820 [9] FATAL ProcessLogger [(null)] - 界面3  190321-166   04/11/2018 19:57:59
2018-04-11 19:57:59,821 [9] FATAL ProcessLogger [(null)] - 界面3  190432-166   04/11/2018 19:57:59
2018-04-11 19:57:59,821 [9] FATAL ProcessLogger [(null)] - 界面3  190321-166   04/11/2018 19:57:59
2018-04-11 19:57:59,822 [9] FATAL ProcessLogger [(null)] - 界面3  190432-166   04/11/2018 19:57:59
2018-04-11 19:57:59,822 [9] FATAL ProcessLogger [(null)] - 界面3  190321-166   04/11/2018 19:57:59
2018-04-11 19:57:59,822 [9] FATAL ProcessLogger [(null)] - 界面3  190432-166   04/11/2018 19:57:59
2018-04-11 19:57:59,822 [9] FATAL ProcessLogger [(null)] - 界面3  190321-166   04/11/2018 19:57:59
2018-04-11 19:58:00,020 [9] FATAL ProcessLogger [(null)] - 界面3  190432-166   04/11/2018 19:58:00
2018-04-11 19:58:00,020 [9] FATAL ProcessLogger [(null)] - 界面3  190321-166   04/11/2018 19:58:00
2018-04-11 19:58:00,021 [9] FATAL ProcessLogger [(null)] - 界面3  190432-166   04/11/2018 19:58:00
2018-04-11 19:58:00,021 [9] FATAL ProcessLogger [(null)] - 界面3  190321-166   04/11/2018 19:58:00
2018-04-11 19:58:00,022 [9] FATAL ProcessLogger [(null)] - 界面3  190432-166   04/11/2018 19:58:00
2018-04-11 19:58:00,022 [9] FATAL ProcessLogger [(null)] - 界面3  190321-166   04/11/2018 19:58:00
2018-04-11 19:58:00,023 [9] FATAL ProcessLogger [(null)] - 界面3  190432-166   04/11/2018 19:58:00
2018-04-11 19:58:00,023 [9] FATAL ProcessLogger [(null)] - 界面3  190321-166   04/11/2018 19:58:00
2018-04-11 19:58:00,024 [9] FATAL ProcessLogger [(null)] - 界面3  190432-166   04/11/2018 19:58:00
2018-04-11 19:58:00,220 [9] FATAL ProcessLogger [(null)] - 界面3  190321-166   04/11/2018 19:58:00
2018-04-11 19:58:00,222 [9] FATAL ProcessLogger [(null)] - 界面3  190432-166   04/11/2018 19:58:00
2018-04-11 19:58:00,223 [9] FATAL ProcessLogger [(null)] - 界面3  190321-166   04/11/2018 19:58:00
2018-04-11 19:58:00,226 [9] FATAL ProcessLogger [(null)] - 界面3  190432-166   04/11/2018 19:58:00
2018-04-11 19:58:00,227 [9] FATAL ProcessLogger [(null)] - 界面3  190321-166   04/11/2018 19:58:00
2018-04-11 19:58:00,230 [9] FATAL ProcessLogger [(null)] - 界面3  190432-166   04/11/2018 19:58:00
2018-04-11 19:58:00,230 [9] FATAL ProcessLogger [(null)] - 界面3  190321-166   04/11/2018 19:58:00
2018-04-11 19:58:00,232 [9] FATAL ProcessLogger [(null)] - 界面3  190432-166   04/11/2018 19:58:00
2018-04-11 19:58:00,232 [9] FATAL ProcessLogger [(null)] - 界面3  190321-166   04/11/2018 19:58:00
2018-04-11 19:58:00,235 [9] FATAL ProcessLogger [(null)] - 界面3  190432-166   04/11/2018 19:58:00
2018-04-11 19:58:00,420 [9] FATAL ProcessLogger [(null)] - 界面3  190321-166   04/11/2018 19:58:00
2018-04-11 19:58:00,421 [9] FATAL ProcessLogger [(null)] - 界面3  190432-166   04/11/2018 19:58:00
2018-04-11 19:58:00,421 [9] FATAL ProcessLogger [(null)] - 界面3  190321-166   04/11/2018 19:58:00
2018-04-11 19:58:00,421 [9] FATAL ProcessLogger [(null)] - 界面3  190432-166   04/11/2018 19:58:00
2018-04-11 19:58:00,421 [9] FATAL ProcessLogger [(null)] - 界面3  190321-166   04/11/2018 19:58:00
2018-04-11 19:58:00,422 [9] FATAL ProcessLogger [(null)] - 界面3  190432-166   04/11/2018 19:58:00
2018-04-11 19:58:00,422 [9] FATAL ProcessLogger [(null)] - 界面3  190321-166   04/11/2018 19:58:00
2018-04-11 19:58:00,423 [9] FATAL ProcessLogger [(null)] - 界面3  190432-166   04/11/2018 19:58:00
2018-04-11 19:58:00,423 [9] FATAL ProcessLogger [(null)] - 界面3  190321-166   04/11/2018 19:58:00
2018-04-11 19:58:00,622 [9] FATAL ProcessLogger [(null)] - 界面3  190432-166   04/11/2018 19:58:00
2018-04-11 19:58:00,622 [9] FATAL ProcessLogger [(null)] - 界面3  190321-166   04/11/2018 19:58:00
2018-04-11 19:58:00,627 [9] FATAL ProcessLogger [(null)] - 界面3  190432-166   04/11/2018 19:58:00
2018-04-11 19:58:00,627 [9] FATAL ProcessLogger [(null)] - 界面3  190321-166   04/11/2018 19:58:00
2018-04-11 19:58:00,630 [9] FATAL ProcessLogger [(null)] - 界面3  190432-166   04/11/2018 19:58:00
2018-04-11 19:58:00,630 [9] FATAL ProcessLogger [(null)] - 界面3  190321-166   04/11/2018 19:58:00
2018-04-11 19:58:00,632 [9] FATAL ProcessLogger [(null)] - 界面3  190432-166   04/11/2018 19:58:00
2018-04-11 19:58:00,632 [9] FATAL ProcessLogger [(null)] - 界面3  190321-166   04/11/2018 19:58:00
2018-04-11 19:58:00,635 [9] FATAL ProcessLogger [(null)] - 界面3  190432-166   04/11/2018 19:58:00
2018-04-11 19:58:00,820 [9] FATAL ProcessLogger [(null)] - 界面3  190321-166   04/11/2018 19:58:00
2018-04-11 19:58:00,833 [9] FATAL ProcessLogger [(null)] - 界面3  190432-166   04/11/2018 19:58:00
2018-04-11 19:58:00,833 [9] FATAL ProcessLogger [(null)] - 界面3  190321-166   04/11/2018 19:58:00
2018-04-11 19:58:00,833 [9] FATAL ProcessLogger [(null)] - 界面3  190432-166   04/11/2018 19:58:00
2018-04-11 19:58:00,833 [9] FATAL ProcessLogger [(null)] - 界面3  190321-166   04/11/2018 19:58:00
2018-04-11 19:58:00,834 [9] FATAL ProcessLogger [(null)] - 界面3  190432-166   04/11/2018 19:58:00
2018-04-11 19:58:00,834 [9] FATAL ProcessLogger [(null)] - 界面3  190321-166   04/11/2018 19:58:00
2018-04-11 19:58:00,835 [9] FATAL ProcessLogger [(null)] - 界面3  190432-166   04/11/2018 19:58:00
2018-04-11 19:58:00,835 [9] FATAL ProcessLogger [(null)] - 界面3  190321-166   04/11/2018 19:58:00
2018-04-11 19:58:00,835 [9] FATAL ProcessLogger [(null)] - 界面3  190432-166   04/11/2018 19:58:00
2018-04-11 19:58:01,020 [9] FATAL ProcessLogger [(null)] - 界面3  190321-166   04/11/2018 19:58:01
2018-04-11 19:58:01,022 [9] FATAL ProcessLogger [(null)] - 界面3  190432-166   04/11/2018 19:58:01
2018-04-11 19:58:01,022 [9] FATAL ProcessLogger [(null)] - 界面3  190321-166   04/11/2018 19:58:01
2018-04-11 19:58:01,025 [9] FATAL ProcessLogger [(null)] - 界面3  190432-166   04/11/2018 19:58:01
2018-04-11 19:58:01,025 [9] FATAL ProcessLogger [(null)] - 界面3  190321-166   04/11/2018 19:58:01
2018-04-11 19:58:01,027 [9] FATAL ProcessLogger [(null)] - 界面3  190432-166   04/11/2018 19:58:01
2018-04-11 19:58:01,027 [9] FATAL ProcessLogger [(null)] - 界面3  190321-166   04/11/2018 19:58:01
2018-04-11 19:58:01,030 [9] FATAL ProcessLogger [(null)] - 界面3  190432-166   04/11/2018 19:58:01
2018-04-11 19:58:01,030 [9] FATAL ProcessLogger [(null)] - 界面3  190321-166   04/11/2018 19:58:01
2018-04-11 19:58:01,222 [9] FATAL ProcessLogger [(null)] - 界面3  190432-166   04/11/2018 19:58:01
2018-04-11 19:58:01,222 [9] FATAL ProcessLogger [(null)] - 界面3  190321-166   04/11/2018 19:58:01
2018-04-11 19:58:01,224 [9] FATAL ProcessLogger [(null)] - 界面3  190432-166   04/11/2018 19:58:01
2018-04-11 19:58:01,225 [9] FATAL ProcessLogger [(null)] - 界面3  190321-166   04/11/2018 19:58:01
2018-04-11 19:58:01,227 [9] FATAL ProcessLogger [(null)] - 界面3  190432-166   04/11/2018 19:58:01
2018-04-11 19:58:01,227 [9] FATAL ProcessLogger [(null)] - 界面3  190321-166   04/11/2018 19:58:01
2018-04-11 19:58:01,229 [9] FATAL ProcessLogger [(null)] - 界面3  190432-166   04/11/2018 19:58:01
2018-04-11 19:58:01,229 [9] FATAL ProcessLogger [(null)] - 界面3  190321-166   04/11/2018 19:58:01
2018-04-11 19:58:01,231 [9] FATAL ProcessLogger [(null)] - 界面3  190432-166   04/11/2018 19:58:01
2018-04-11 19:58:01,231 [9] FATAL ProcessLogger [(null)] - 界面3  190321-166   04/11/2018 19:58:01
2018-04-11 19:58:01,423 [9] FATAL ProcessLogger [(null)] - 界面3  190432-166   04/11/2018 19:58:01
2018-04-11 19:58:01,423 [9] FATAL ProcessLogger [(null)] - 界面3  190321-166   04/11/2018 19:58:01
2018-04-11 19:58:01,425 [9] FATAL ProcessLogger [(null)] - 界面3  190432-166   04/11/2018 19:58:01
2018-04-11 19:58:01,425 [9] FATAL ProcessLogger [(null)] - 界面3  190321-166   04/11/2018 19:58:01
2018-04-11 19:58:01,427 [9] FATAL ProcessLogger [(null)] - 界面3  190432-166   04/11/2018 19:58:01
2018-04-11 19:58:01,427 [9] FATAL ProcessLogger [(null)] - 界面3  190321-166   04/11/2018 19:58:01
2018-04-11 19:58:01,430 [9] FATAL ProcessLogger [(null)] - 界面3  190432-166   04/11/2018 19:58:01
2018-04-11 19:58:01,430 [9] FATAL ProcessLogger [(null)] - 界面3  190321-166   04/11/2018 19:58:01
2018-04-11 19:58:01,432 [9] FATAL ProcessLogger [(null)] - 界面3  190432-166   04/11/2018 19:58:01
2018-04-11 19:58:01,620 [9] FATAL ProcessLogger [(null)] - 界面3  190321-166   04/11/2018 19:58:01
2018-04-11 19:58:01,623 [9] FATAL ProcessLogger [(null)] - 界面3  190432-166   04/11/2018 19:58:01
2018-04-11 19:58:01,623 [9] FATAL ProcessLogger [(null)] - 界面3  190321-166   04/11/2018 19:58:01
2018-04-11 19:58:01,626 [9] FATAL ProcessLogger [(null)] - 界面3  190432-166   04/11/2018 19:58:01
2018-04-11 19:58:01,626 [9] FATAL ProcessLogger [(null)] - 界面3  190321-166   04/11/2018 19:58:01
2018-04-11 19:58:01,629 [9] FATAL ProcessLogger [(null)] - 界面3  190432-166   04/11/2018 19:58:01
2018-04-11 19:58:01,629 [9] FATAL ProcessLogger [(null)] - 界面3  190321-166   04/11/2018 19:58:01
2018-04-11 19:58:01,631 [9] FATAL ProcessLogger [(null)] - 界面3  190432-166   04/11/2018 19:58:01
2018-04-11 19:58:01,632 [9] FATAL ProcessLogger [(null)] - 界面3  190321-166   04/11/2018 19:58:01
2018-04-11 19:58:01,822 [9] FATAL ProcessLogger [(null)] - 界面3  190432-166   04/11/2018 19:58:01
2018-04-11 19:58:01,822 [9] FATAL ProcessLogger [(null)] - 界面3  190321-166   04/11/2018 19:58:01
2018-04-11 19:58:01,824 [9] FATAL ProcessLogger [(null)] - 界面3  190432-166   04/11/2018 19:58:01
2018-04-11 19:58:01,824 [9] FATAL ProcessLogger [(null)] - 界面3  190321-166   04/11/2018 19:58:01
2018-04-11 19:58:01,826 [9] FATAL ProcessLogger [(null)] - 界面3  190432-166   04/11/2018 19:58:01
2018-04-11 19:58:01,826 [9] FATAL ProcessLogger [(null)] - 界面3  190321-166   04/11/2018 19:58:01
2018-04-11 19:58:01,827 [9] FATAL ProcessLogger [(null)] - 界面3  190432-166   04/11/2018 19:58:01
2018-04-11 19:58:01,827 [9] FATAL ProcessLogger [(null)] - 界面3  190321-166   04/11/2018 19:58:01
2018-04-11 19:58:01,828 [9] FATAL ProcessLogger [(null)] - 界面3  190432-166   04/11/2018 19:58:01
2018-04-11 19:58:01,828 [9] FATAL ProcessLogger [(null)] - 界面3  190321-166   04/11/2018 19:58:01
2018-04-11 19:58:02,023 [9] FATAL ProcessLogger [(null)] - 界面3  190432-166   04/11/2018 19:58:02
2018-04-11 19:58:02,023 [9] FATAL ProcessLogger [(null)] - 界面3  190321-166   04/11/2018 19:58:02
2018-04-11 19:58:02,029 [9] FATAL ProcessLogger [(null)] - 读取中奖信息  19230504/11/2018 19:58:02
2018-04-11 19:58:02,034 [9] FATAL ProcessLogger [(null)] - AnalysisWebInfo2接入 8990204/11/2018 19:58:02
2018-04-11 19:58:02,048 [9] FATAL ProcessLogger [(null)] - AnalysisWebInfo2接入 8990204/11/2018 19:58:02
2018-04-11 19:58:07,598 [9] FATAL ProcessLogger [(null)] - AnalysisWebInfo2接入 8990204/11/2018 19:58:07
2018-04-11 19:58:07,598 [9] FATAL ProcessLogger [(null)] - 获取中奖信息  190604/11/2018 19:58:07
2018-04-11 19:58:07,618 [9] FATAL ProcessLogger [(null)] - AnalysisWebInfo2接入 8990204/11/2018 19:58:07
2018-04-11 19:58:07,618 [9] FATAL ProcessLogger [(null)] - 获取中奖信息  190604/11/2018 19:58:07
2018-04-11 19:58:07,635 [9] FATAL ProcessLogger [(null)] - AnalysisWebInfo2接入 8990204/11/2018 19:58:07
2018-04-11 19:58:07,636 [9] FATAL ProcessLogger [(null)] - 获取中奖信息  190604/11/2018 19:58:07
2018-04-11 19:58:31,124 [9] FATAL ProcessLogger [(null)] - 超出时间 8901104/11/2018 19:58:31
2018-04-11 19:58:31,261 [9] FATAL ProcessLogger [(null)] - 读取中 2345 04/11/2018 19:58:31
2018-04-11 19:58:36,123 [9] FATAL ProcessLogger [(null)] - AnalysisWebInfo_Zhongjiang接入 001304/11/2018 19:58:36
2018-04-11 19:58:36,127 [9] FATAL ProcessLogger [(null)] - AnalysisWebInfo_Zhongjiang接入 001304/11/2018 19:58:36
2018-04-11 19:58:36,129 [9] FATAL ProcessLogger [(null)] - AnalysisWebInfo_Zhongjiang接入 001304/11/2018 19:58:36
2018-04-11 19:58:37,424 [9] FATAL ProcessLogger [(null)] - 获取中奖信息  191004/11/2018 19:58:37
2018-04-11 19:58:37,451 [9] FATAL ProcessLogger [(null)] - 获取中奖信息  191004/11/2018 19:58:37
2018-04-11 19:58:37,581 [9] FATAL ProcessLogger [(null)] - ReadServer_tuijanhaoma open04/11/2018 19:58:37
2018-04-11 19:58:37,696 [9] FATAL ProcessLogger [(null)] - ReadServer_tuijanhaoma open 104/11/2018 19:58:37
2018-04-11 19:58:37,697 [9] FATAL ProcessLogger [(null)] - ReadServer_tuijanhaoma open 204/11/2018 19:58:37
2018-04-11 19:58:37,698 [9] FATAL ProcessLogger [(null)] - ReadServer_tuijanhaoma open 304/11/2018 19:58:37
2018-04-11 19:58:37,699 [9] FATAL ProcessLogger [(null)] - ReadServer_lishizhongjian 104/11/2018 19:58:37
2018-04-11 19:58:37,867 [9] FATAL ProcessLogger [(null)] - ReadHistroy 991204/11/2018 19:58:37
2018-04-11 21:36:54,827 [9] FATAL ProcessLogger [(null)] - System Start 04/11/2018 21:36:54
2018-04-11 21:36:54,880 [9] FATAL ProcessLogger [(null)] - login04/11/2018 21:36:54
