2017-12-20 12:39:48,404 [7] FATAL ProcessLogger [(null)] - System Start 12/20/2017 12:39:48
2017-12-20 12:39:48,459 [7] FATAL ProcessLogger [(null)] - login12/20/2017 12:39:48
2017-12-20 12:39:48,461 [7] FATAL ProcessLogger [(null)] - System Start 12/20/2017 12:39:48
2017-12-20 12:51:57,101 [8] FATAL ProcessLogger [(null)] - System Start 12/20/2017 12:51:57
2017-12-20 12:51:57,155 [8] FATAL ProcessLogger [(null)] - login12/20/2017 12:51:57
2017-12-20 12:51:57,158 [8] FATAL ProcessLogger [(null)] - System Start 12/20/2017 12:51:57
2017-12-20 12:52:04,841 [8] FATAL ProcessLogger [(null)] - System Start 12/20/2017 12:52:04
2017-12-20 12:52:47,458 [9] FATAL ProcessLogger [(null)] - System Start 12/20/2017 12:52:47
2017-12-20 12:52:47,507 [9] FATAL ProcessLogger [(null)] - login12/20/2017 12:52:47
2017-12-20 12:52:47,510 [9] FATAL ProcessLogger [(null)] - System Start 12/20/2017 12:52:47
2017-12-20 12:52:51,708 [9] FATAL ProcessLogger [(null)] - System Start 12/20/2017 12:52:51
2017-12-20 12:52:54,830 [9] FATAL ProcessLogger [(null)] - System Start 12/20/2017 12:52:54
2017-12-20 12:52:57,212 [9] FATAL ProcessLogger [(null)] - 读取NewMethod12/20/2017 12:52:57
2017-12-20 12:53:34,249 [9] FATAL ProcessLogger [(null)] - System Start 12/20/2017 12:53:34
2017-12-20 12:53:34,249 [9] FATAL ProcessLogger [(null)] - 读取NewMethod12/20/2017 12:53:34
2017-12-20 12:55:18,502 [9] FATAL ProcessLogger [(null)] - System Start 12/20/2017 12:55:18
2017-12-20 12:55:18,502 [9] FATAL ProcessLogger [(null)] - 读取NewMethod12/20/2017 12:55:18
2017-12-20 12:55:46,084 [9] FATAL ProcessLogger [(null)] - System Start 12/20/2017 12:55:46
2017-12-20 12:55:46,084 [9] FATAL ProcessLogger [(null)] - 读取NewMethod12/20/2017 12:55:46
2017-12-20 12:58:20,707 [9] FATAL ProcessLogger [(null)] - System Start 12/20/2017 12:58:20
2017-12-20 12:58:20,765 [9] FATAL ProcessLogger [(null)] - login12/20/2017 12:58:20
2017-12-20 12:58:20,768 [9] FATAL ProcessLogger [(null)] - System Start 12/20/2017 12:58:20
2017-12-20 12:58:24,607 [9] FATAL ProcessLogger [(null)] - System Start 12/20/2017 12:58:24
2017-12-20 12:58:28,306 [9] FATAL ProcessLogger [(null)] - System Start 12/20/2017 12:58:28
2017-12-20 12:58:28,306 [9] FATAL ProcessLogger [(null)] - 读取NewMethod12/20/2017 12:58:28
2017-12-20 12:59:21,060 [9] FATAL ProcessLogger [(null)] - System Start 12/20/2017 12:59:21
2017-12-20 12:59:21,127 [9] FATAL ProcessLogger [(null)] - login12/20/2017 12:59:21
2017-12-20 13:02:57,371 [8] FATAL ProcessLogger [(null)] - System Start 12/20/2017 13:02:57
2017-12-20 13:02:57,424 [8] FATAL ProcessLogger [(null)] - login12/20/2017 13:02:57
2017-12-20 13:03:01,546 [8] FATAL ProcessLogger [(null)] - System Start 12/20/2017 13:03:01
2017-12-20 13:03:05,711 [8] FATAL ProcessLogger [(null)] - 读取NewMethod12/20/2017 13:03:05
2017-12-20 13:04:00,474 [8] FATAL ProcessLogger [(null)] - 读取NewMethod12/20/2017 13:04:00
2017-12-20 13:04:26,568 [10] FATAL ProcessLogger [(null)] - System Start 12/20/2017 13:04:26
2017-12-20 13:04:26,618 [10] FATAL ProcessLogger [(null)] - login12/20/2017 13:04:26
2017-12-20 13:04:30,586 [10] FATAL ProcessLogger [(null)] - System Start 12/20/2017 13:04:30
2017-12-20 13:04:33,933 [10] FATAL ProcessLogger [(null)] - 读取NewMethod12/20/2017 13:04:33
2017-12-20 13:08:18,907 [9] FATAL ProcessLogger [(null)] - System Start 12/20/2017 13:08:18
2017-12-20 13:08:18,964 [9] FATAL ProcessLogger [(null)] - login12/20/2017 13:08:18
2017-12-20 13:08:22,927 [9] FATAL ProcessLogger [(null)] - System Start 12/20/2017 13:08:22
2017-12-20 13:08:26,255 [9] FATAL ProcessLogger [(null)] - 读取NewMethod12/20/2017 13:08:26
2017-12-20 13:15:23,268 [9] FATAL ProcessLogger [(null)] - System Start 12/20/2017 13:15:23
2017-12-20 13:15:23,331 [9] FATAL ProcessLogger [(null)] - login12/20/2017 13:15:23
2017-12-20 13:16:41,249 [9] FATAL ProcessLogger [(null)] - System Start 12/20/2017 13:16:41
2017-12-20 13:16:41,314 [9] FATAL ProcessLogger [(null)] - login12/20/2017 13:16:41
2017-12-20 13:16:46,186 [9] FATAL ProcessLogger [(null)] - System Start 12/20/2017 13:16:46
2017-12-20 13:16:49,610 [9] FATAL ProcessLogger [(null)] - 读取NewMethod12/20/2017 13:16:49
2017-12-20 13:17:02,524 [9] FATAL ProcessLogger [(null)] - ReadServer_tuijanhaoma open12/20/2017 13:17:02
2017-12-20 13:17:03,887 [9] FATAL ProcessLogger [(null)] - ReadServer_tuijanhaoma open 112/20/2017 13:17:03
2017-12-20 13:17:04,888 [9] FATAL ProcessLogger [(null)] - ReadServer_tuijanhaoma open 212/20/2017 13:17:04
2017-12-20 13:17:05,535 [9] FATAL ProcessLogger [(null)] - ReadServer_tuijanhaoma open 312/20/2017 13:17:05
2017-12-20 13:17:10,955 [9] FATAL ProcessLogger [(null)] - ReadServer_lishizhongjian 112/20/2017 13:17:10
2017-12-20 13:20:58,623 [9] FATAL ProcessLogger [(null)] - System Start 12/20/2017 13:20:58
2017-12-20 13:20:58,682 [9] FATAL ProcessLogger [(null)] - login12/20/2017 13:20:58
