2018-01-04 08:52:07,789 [10] FATAL ProcessLogger [(null)] - System Start 01/04/2018 8:52:07
2018-01-04 08:52:07,865 [10] FATAL ProcessLogger [(null)] - login01/04/2018 8:52:07
2018-01-04 08:52:11,417 [10] FATAL ProcessLogger [(null)] - System Start 01/04/2018 8:52:11
2018-01-04 08:52:16,417 [10] FATAL ProcessLogger [(null)] - 读取NewMethod01/04/2018 8:52:16
2018-01-04 08:52:16,424 [10] FATAL ProcessLogger [(null)] - 读取中 090101/04/2018 8:52:16
2018-01-04 08:52:16,565 [10] FATAL ProcessLogger [(null)] - 读取中 09010 01/04/2018 8:52:16
2018-01-04 08:52:16,620 [10] FATAL ProcessLogger [(null)] - 接入 前 091101 01/04/2018 8:52:16
2018-01-04 08:52:16,620 [10] FATAL ProcessLogger [(null)] - 接入 前 091102 01/04/2018 8:52:16
2018-01-04 08:52:17,063 [10] FATAL ProcessLogger [(null)] - AnalysisWebInfo2接入 8990201/04/2018 8:52:17
2018-01-04 08:52:17,064 [10] FATAL ProcessLogger [(null)] - 接入界面01/04/2018 8:52:17
2018-01-04 08:52:17,123 [10] FATAL ProcessLogger [(null)] - 接入界面 00201/04/2018 8:52:17
2018-01-04 08:53:30,435 [10] FATAL ProcessLogger [(null)] - System Start 01/04/2018 8:53:30
2018-01-04 08:53:30,487 [10] FATAL ProcessLogger [(null)] - login01/04/2018 8:53:30
2018-01-04 08:53:33,737 [10] FATAL ProcessLogger [(null)] - System Start 01/04/2018 8:53:33
2018-01-04 08:53:37,052 [10] FATAL ProcessLogger [(null)] - 读取NewMethod01/04/2018 8:53:37
2018-01-04 08:53:37,066 [10] FATAL ProcessLogger [(null)] - 读取中 090101/04/2018 8:53:37
2018-01-04 08:53:37,208 [10] FATAL ProcessLogger [(null)] - 读取中 09010 01/04/2018 8:53:37
2018-01-04 08:54:32,175 [9] FATAL ProcessLogger [(null)] - System Start 01/04/2018 8:54:32
2018-01-04 08:54:32,230 [9] FATAL ProcessLogger [(null)] - login01/04/2018 8:54:32
2018-01-04 08:54:59,553 [9] FATAL ProcessLogger [(null)] - System Start 01/04/2018 8:54:59
2018-01-04 08:54:59,609 [9] FATAL ProcessLogger [(null)] - login01/04/2018 8:54:59
2018-01-04 08:55:03,523 [9] FATAL ProcessLogger [(null)] - System Start 01/04/2018 8:55:03
2018-01-04 08:55:06,487 [9] FATAL ProcessLogger [(null)] - 读取NewMethod01/04/2018 8:55:06
2018-01-04 08:55:06,496 [9] FATAL ProcessLogger [(null)] - 读取中 090101/04/2018 8:55:06
2018-01-04 08:55:06,639 [9] FATAL ProcessLogger [(null)] - 读取中 09010 01/04/2018 8:55:06
2018-01-04 08:55:06,685 [9] FATAL ProcessLogger [(null)] - 接入 前 091101 01/04/2018 8:55:06
2018-01-04 08:55:06,686 [9] FATAL ProcessLogger [(null)] - 接入 前 091102 01/04/2018 8:55:06
2018-01-04 08:55:07,317 [9] FATAL ProcessLogger [(null)] - AnalysisWebInfo2接入 8990201/04/2018 8:55:07
2018-01-04 09:31:55,285 [9] FATAL ProcessLogger [(null)] - System Start 01/04/2018 9:31:55
2018-01-04 09:31:55,354 [9] FATAL ProcessLogger [(null)] - login01/04/2018 9:31:55
2018-01-04 09:31:58,606 [9] FATAL ProcessLogger [(null)] - System Start 01/04/2018 9:31:58
2018-01-04 09:32:01,398 [9] FATAL ProcessLogger [(null)] - 读取NewMethod01/04/2018 9:32:01
2018-01-04 09:32:01,408 [9] FATAL ProcessLogger [(null)] - 读取中 090101/04/2018 9:32:01
2018-01-04 09:32:01,563 [9] FATAL ProcessLogger [(null)] - 读取中 09010 01/04/2018 9:32:01
2018-01-04 09:32:01,614 [9] FATAL ProcessLogger [(null)] - 接入 前 091101 01/04/2018 9:32:01
2018-01-04 09:32:01,614 [9] FATAL ProcessLogger [(null)] - 接入 前 091102 01/04/2018 9:32:01
2018-01-04 09:32:03,318 [9] FATAL ProcessLogger [(null)] - AnalysisWebInfo2接入 8990201/04/2018 9:32:03
2018-01-04 09:32:03,318 [9] FATAL ProcessLogger [(null)] - 接入界面01/04/2018 9:32:03
2018-01-04 09:32:03,410 [9] FATAL ProcessLogger [(null)] - 接入界面 00201/04/2018 9:32:03
2018-01-04 09:32:03,412 [9] FATAL ProcessLogger [(null)] - AnalysisWebInfo2接入 8990201/04/2018 9:32:03
2018-01-04 09:32:03,412 [9] FATAL ProcessLogger [(null)] - 界面2  190101/04/2018 9:32:03
2018-01-04 09:32:06,090 [9] FATAL ProcessLogger [(null)] - AnalysisWebInfo2接入 8990201/04/2018 9:32:06
2018-01-04 09:32:06,090 [9] FATAL ProcessLogger [(null)] - 界面2  190101/04/2018 9:32:06
2018-01-04 09:32:06,091 [9] FATAL ProcessLogger [(null)] - AnalysisWebInfo2接入 8990201/04/2018 9:32:06
2018-01-04 09:32:06,099 [9] FATAL ProcessLogger [(null)] - AnalysisWebInfo2接入 8990201/04/2018 9:32:06
2018-01-04 09:32:19,251 [9] FATAL ProcessLogger [(null)] - AnalysisWebInfo2接入 8990201/04/2018 9:32:19
2018-01-04 09:32:19,251 [9] FATAL ProcessLogger [(null)] - 界面3  190201/04/2018 9:32:19
2018-01-04 09:32:19,252 [9] FATAL ProcessLogger [(null)] - 界面3  190301/04/2018 9:32:19
2018-01-04 09:32:19,408 [9] FATAL ProcessLogger [(null)] - 界面3  19001201/04/2018 9:32:19
2018-01-04 09:32:22,443 [9] FATAL ProcessLogger [(null)] - 界面3  1904-166   01/04/2018 9:32:22
2018-01-04 09:32:22,444 [9] FATAL ProcessLogger [(null)] - 界面3  190432-166   01/04/2018 9:32:22
2018-01-04 09:32:22,444 [9] FATAL ProcessLogger [(null)] - 界面3  190321-166   01/04/2018 9:32:22
2018-01-04 09:32:22,466 [9] FATAL ProcessLogger [(null)] - 界面3  190432-166   01/04/2018 9:32:22
2018-01-04 09:32:22,466 [9] FATAL ProcessLogger [(null)] - 界面3  190321-166   01/04/2018 9:32:22
2018-01-04 09:32:22,467 [9] FATAL ProcessLogger [(null)] - 界面3  190432-166   01/04/2018 9:32:22
2018-01-04 09:32:22,467 [9] FATAL ProcessLogger [(null)] - 界面3  190321-166   01/04/2018 9:32:22
2018-01-04 09:32:22,468 [9] FATAL ProcessLogger [(null)] - 界面3  190432-166   01/04/2018 9:32:22
2018-01-04 09:32:22,468 [9] FATAL ProcessLogger [(null)] - 界面3  190321-166   01/04/2018 9:32:22
2018-01-04 09:32:22,468 [9] FATAL ProcessLogger [(null)] - 界面3  190432-166   01/04/2018 9:32:22
2018-01-04 09:32:22,471 [9] FATAL ProcessLogger [(null)] - 界面3  190321-166   01/04/2018 9:32:22
2018-01-04 09:32:22,472 [9] FATAL ProcessLogger [(null)] - 界面3  190432-166   01/04/2018 9:32:22
2018-01-04 09:32:22,472 [9] FATAL ProcessLogger [(null)] - 界面3  190321-166   01/04/2018 9:32:22
2018-01-04 09:32:22,472 [9] FATAL ProcessLogger [(null)] - 界面3  190432-166   01/04/2018 9:32:22
2018-01-04 09:32:22,472 [9] FATAL ProcessLogger [(null)] - 界面3  190321-166   01/04/2018 9:32:22
2018-01-04 09:32:22,473 [9] FATAL ProcessLogger [(null)] - 界面3  190432-166   01/04/2018 9:32:22
2018-01-04 09:32:22,473 [9] FATAL ProcessLogger [(null)] - 界面3  190321-166   01/04/2018 9:32:22
2018-01-04 09:32:22,474 [9] FATAL ProcessLogger [(null)] - 界面3  190432-166   01/04/2018 9:32:22
2018-01-04 09:32:22,474 [9] FATAL ProcessLogger [(null)] - 界面3  190321-166   01/04/2018 9:32:22
2018-01-04 09:32:22,672 [9] FATAL ProcessLogger [(null)] - 界面3  190432-166   01/04/2018 9:32:22
2018-01-04 09:32:22,672 [9] FATAL ProcessLogger [(null)] - 界面3  190321-166   01/04/2018 9:32:22
2018-01-04 09:32:22,674 [9] FATAL ProcessLogger [(null)] - 界面3  190432-166   01/04/2018 9:32:22
2018-01-04 09:32:22,674 [9] FATAL ProcessLogger [(null)] - 界面3  190321-166   01/04/2018 9:32:22
2018-01-04 09:32:22,675 [9] FATAL ProcessLogger [(null)] - 界面3  190432-166   01/04/2018 9:32:22
2018-01-04 09:32:22,675 [9] FATAL ProcessLogger [(null)] - 界面3  190321-166   01/04/2018 9:32:22
2018-01-04 09:32:22,676 [9] FATAL ProcessLogger [(null)] - 界面3  190432-166   01/04/2018 9:32:22
2018-01-04 09:32:22,676 [9] FATAL ProcessLogger [(null)] - 界面3  190321-166   01/04/2018 9:32:22
2018-01-04 09:32:22,678 [9] FATAL ProcessLogger [(null)] - 界面3  190432-166   01/04/2018 9:32:22
2018-01-04 09:32:22,678 [9] FATAL ProcessLogger [(null)] - 界面3  190321-166   01/04/2018 9:32:22
2018-01-04 09:32:22,872 [9] FATAL ProcessLogger [(null)] - 界面3  190432-166   01/04/2018 9:32:22
2018-01-04 09:32:22,873 [9] FATAL ProcessLogger [(null)] - 界面3  190321-166   01/04/2018 9:32:22
2018-01-04 09:32:22,875 [9] FATAL ProcessLogger [(null)] - 界面3  190432-166   01/04/2018 9:32:22
2018-01-04 09:32:22,875 [9] FATAL ProcessLogger [(null)] - 界面3  190321-166   01/04/2018 9:32:22
2018-01-04 09:32:22,876 [9] FATAL ProcessLogger [(null)] - 界面3  190432-166   01/04/2018 9:32:22
2018-01-04 09:32:22,876 [9] FATAL ProcessLogger [(null)] - 界面3  190321-166   01/04/2018 9:32:22
2018-01-04 09:32:22,877 [9] FATAL ProcessLogger [(null)] - 界面3  190432-166   01/04/2018 9:32:22
2018-01-04 09:32:22,877 [9] FATAL ProcessLogger [(null)] - 界面3  190321-166   01/04/2018 9:32:22
2018-01-04 09:32:22,879 [9] FATAL ProcessLogger [(null)] - 界面3  190432-166   01/04/2018 9:32:22
2018-01-04 09:32:23,071 [9] FATAL ProcessLogger [(null)] - 界面3  190321-166   01/04/2018 9:32:23
2018-01-04 09:32:23,073 [9] FATAL ProcessLogger [(null)] - 界面3  190432-166   01/04/2018 9:32:23
2018-01-04 09:32:23,074 [9] FATAL ProcessLogger [(null)] - 界面3  190321-166   01/04/2018 9:32:23
2018-01-04 09:32:23,075 [9] FATAL ProcessLogger [(null)] - 界面3  190432-166   01/04/2018 9:32:23
2018-01-04 09:32:23,075 [9] FATAL ProcessLogger [(null)] - 界面3  190321-166   01/04/2018 9:32:23
2018-01-04 09:32:23,076 [9] FATAL ProcessLogger [(null)] - 界面3  190432-166   01/04/2018 9:32:23
2018-01-04 09:32:23,076 [9] FATAL ProcessLogger [(null)] - 界面3  190321-166   01/04/2018 9:32:23
2018-01-04 09:32:23,078 [9] FATAL ProcessLogger [(null)] - 界面3  190432-166   01/04/2018 9:32:23
2018-01-04 09:32:23,078 [9] FATAL ProcessLogger [(null)] - 界面3  190321-166   01/04/2018 9:32:23
2018-01-04 09:32:23,079 [9] FATAL ProcessLogger [(null)] - 界面3  190432-166   01/04/2018 9:32:23
2018-01-04 09:32:23,271 [9] FATAL ProcessLogger [(null)] - 界面3  190321-166   01/04/2018 9:32:23
2018-01-04 09:32:23,272 [9] FATAL ProcessLogger [(null)] - 界面3  190432-166   01/04/2018 9:32:23
2018-01-04 09:32:23,272 [9] FATAL ProcessLogger [(null)] - 界面3  190321-166   01/04/2018 9:32:23
2018-01-04 09:32:23,273 [9] FATAL ProcessLogger [(null)] - 界面3  190432-166   01/04/2018 9:32:23
2018-01-04 09:32:23,273 [9] FATAL ProcessLogger [(null)] - 界面3  190321-166   01/04/2018 9:32:23
2018-01-04 09:32:23,273 [9] FATAL ProcessLogger [(null)] - 界面3  190432-166   01/04/2018 9:32:23
2018-01-04 09:32:23,273 [9] FATAL ProcessLogger [(null)] - 界面3  190321-166   01/04/2018 9:32:23
2018-01-04 09:32:23,274 [9] FATAL ProcessLogger [(null)] - 界面3  190432-166   01/04/2018 9:32:23
2018-01-04 09:32:23,274 [9] FATAL ProcessLogger [(null)] - 界面3  190321-166   01/04/2018 9:32:23
2018-01-04 09:32:23,471 [9] FATAL ProcessLogger [(null)] - 界面3  190432-166   01/04/2018 9:32:23
2018-01-04 09:32:23,472 [9] FATAL ProcessLogger [(null)] - 界面3  190321-166   01/04/2018 9:32:23
2018-01-04 09:32:23,472 [9] FATAL ProcessLogger [(null)] - 界面3  190432-166   01/04/2018 9:32:23
2018-01-04 09:32:23,472 [9] FATAL ProcessLogger [(null)] - 界面3  190321-166   01/04/2018 9:32:23
2018-01-04 09:32:23,474 [9] FATAL ProcessLogger [(null)] - 界面3  190432-166   01/04/2018 9:32:23
2018-01-04 09:32:23,474 [9] FATAL ProcessLogger [(null)] - 界面3  190321-166   01/04/2018 9:32:23
2018-01-04 09:32:23,474 [9] FATAL ProcessLogger [(null)] - 界面3  190432-166   01/04/2018 9:32:23
2018-01-04 09:32:23,474 [9] FATAL ProcessLogger [(null)] - 界面3  190321-166   01/04/2018 9:32:23
2018-01-04 09:32:23,475 [9] FATAL ProcessLogger [(null)] - 界面3  190432-166   01/04/2018 9:32:23
2018-01-04 09:32:23,475 [9] FATAL ProcessLogger [(null)] - 界面3  190321-166   01/04/2018 9:32:23
2018-01-04 09:32:23,679 [9] FATAL ProcessLogger [(null)] - 界面3  190432-166   01/04/2018 9:32:23
2018-01-04 09:32:23,680 [9] FATAL ProcessLogger [(null)] - 界面3  190321-166   01/04/2018 9:32:23
2018-01-04 09:32:23,682 [9] FATAL ProcessLogger [(null)] - 界面3  190432-166   01/04/2018 9:32:23
2018-01-04 09:32:23,682 [9] FATAL ProcessLogger [(null)] - 界面3  190321-166   01/04/2018 9:32:23
2018-01-04 09:32:23,684 [9] FATAL ProcessLogger [(null)] - 界面3  190432-166   01/04/2018 9:32:23
2018-01-04 09:32:23,684 [9] FATAL ProcessLogger [(null)] - 界面3  190321-166   01/04/2018 9:32:23
2018-01-04 09:32:23,687 [9] FATAL ProcessLogger [(null)] - 界面3  190432-166   01/04/2018 9:32:23
2018-01-04 09:32:23,687 [9] FATAL ProcessLogger [(null)] - 界面3  190321-166   01/04/2018 9:32:23
2018-01-04 09:32:23,689 [9] FATAL ProcessLogger [(null)] - 界面3  190432-166   01/04/2018 9:32:23
2018-01-04 09:32:23,889 [9] FATAL ProcessLogger [(null)] - 界面3  190321-166   01/04/2018 9:32:23
2018-01-04 09:32:23,891 [9] FATAL ProcessLogger [(null)] - 界面3  190432-166   01/04/2018 9:32:23
2018-01-04 09:32:23,891 [9] FATAL ProcessLogger [(null)] - 界面3  190321-166   01/04/2018 9:32:23
2018-01-04 09:32:23,894 [9] FATAL ProcessLogger [(null)] - 界面3  190432-166   01/04/2018 9:32:23
2018-01-04 09:32:23,894 [9] FATAL ProcessLogger [(null)] - 界面3  190321-166   01/04/2018 9:32:23
2018-01-04 09:32:23,896 [9] FATAL ProcessLogger [(null)] - 界面3  190432-166   01/04/2018 9:32:23
2018-01-04 09:32:23,896 [9] FATAL ProcessLogger [(null)] - 界面3  190321-166   01/04/2018 9:32:23
2018-01-04 09:32:23,899 [9] FATAL ProcessLogger [(null)] - 界面3  190432-166   01/04/2018 9:32:23
2018-01-04 09:32:23,899 [9] FATAL ProcessLogger [(null)] - 界面3  190321-166   01/04/2018 9:32:23
2018-01-04 09:32:23,901 [9] FATAL ProcessLogger [(null)] - 界面3  190432-166   01/04/2018 9:32:23
2018-01-04 09:32:24,089 [9] FATAL ProcessLogger [(null)] - 界面3  190321-166   01/04/2018 9:32:24
2018-01-04 09:32:24,090 [9] FATAL ProcessLogger [(null)] - 界面3  190432-166   01/04/2018 9:32:24
2018-01-04 09:32:24,090 [9] FATAL ProcessLogger [(null)] - 界面3  190321-166   01/04/2018 9:32:24
2018-01-04 09:32:24,091 [9] FATAL ProcessLogger [(null)] - 界面3  190432-166   01/04/2018 9:32:24
2018-01-04 09:32:24,091 [9] FATAL ProcessLogger [(null)] - 界面3  190321-166   01/04/2018 9:32:24
2018-01-04 09:32:24,091 [9] FATAL ProcessLogger [(null)] - 界面3  190432-166   01/04/2018 9:32:24
2018-01-04 09:32:24,091 [9] FATAL ProcessLogger [(null)] - 界面3  190321-166   01/04/2018 9:32:24
2018-01-04 09:32:24,092 [9] FATAL ProcessLogger [(null)] - 界面3  190432-166   01/04/2018 9:32:24
2018-01-04 09:32:24,092 [9] FATAL ProcessLogger [(null)] - 界面3  190321-166   01/04/2018 9:32:24
2018-01-04 09:32:24,290 [9] FATAL ProcessLogger [(null)] - 界面3  190432-166   01/04/2018 9:32:24
2018-01-04 09:32:24,290 [9] FATAL ProcessLogger [(null)] - 界面3  190321-166   01/04/2018 9:32:24
2018-01-04 09:32:24,290 [9] FATAL ProcessLogger [(null)] - 界面3  190432-166   01/04/2018 9:32:24
2018-01-04 09:32:24,291 [9] FATAL ProcessLogger [(null)] - 界面3  190321-166   01/04/2018 9:32:24
2018-01-04 09:32:24,291 [9] FATAL ProcessLogger [(null)] - 界面3  190432-166   01/04/2018 9:32:24
2018-01-04 09:32:24,291 [9] FATAL ProcessLogger [(null)] - 界面3  190321-166   01/04/2018 9:32:24
2018-01-04 09:32:24,292 [9] FATAL ProcessLogger [(null)] - 界面3  190432-166   01/04/2018 9:32:24
2018-01-04 09:32:24,292 [9] FATAL ProcessLogger [(null)] - 界面3  190321-166   01/04/2018 9:32:24
2018-01-04 09:32:24,293 [9] FATAL ProcessLogger [(null)] - 界面3  190432-166   01/04/2018 9:32:24
2018-01-04 09:32:24,293 [9] FATAL ProcessLogger [(null)] - 界面3  190321-166   01/04/2018 9:32:24
2018-01-04 09:32:24,490 [9] FATAL ProcessLogger [(null)] - 界面3  190432-166   01/04/2018 9:32:24
2018-01-04 09:32:24,490 [9] FATAL ProcessLogger [(null)] - 界面3  190321-166   01/04/2018 9:32:24
2018-01-04 09:32:24,491 [9] FATAL ProcessLogger [(null)] - 界面3  190432-166   01/04/2018 9:32:24
2018-01-04 09:32:24,491 [9] FATAL ProcessLogger [(null)] - 界面3  190321-166   01/04/2018 9:32:24
2018-01-04 09:32:24,492 [9] FATAL ProcessLogger [(null)] - 界面3  190432-166   01/04/2018 9:32:24
2018-01-04 09:32:24,492 [9] FATAL ProcessLogger [(null)] - 界面3  190321-166   01/04/2018 9:32:24
2018-01-04 09:32:24,494 [9] FATAL ProcessLogger [(null)] - 界面3  190432-166   01/04/2018 9:32:24
2018-01-04 09:32:24,495 [9] FATAL ProcessLogger [(null)] - 界面3  190321-166   01/04/2018 9:32:24
2018-01-04 09:32:24,496 [9] FATAL ProcessLogger [(null)] - 界面3  190432-166   01/04/2018 9:32:24
2018-01-04 09:32:24,689 [9] FATAL ProcessLogger [(null)] - 界面3  190321-166   01/04/2018 9:32:24
2018-01-04 09:32:24,691 [9] FATAL ProcessLogger [(null)] - 界面3  190432-166   01/04/2018 9:32:24
2018-01-04 09:32:24,692 [9] FATAL ProcessLogger [(null)] - 界面3  190321-166   01/04/2018 9:32:24
2018-01-04 09:32:24,693 [9] FATAL ProcessLogger [(null)] - 界面3  190432-166   01/04/2018 9:32:24
2018-01-04 09:32:24,694 [9] FATAL ProcessLogger [(null)] - 界面3  190321-166   01/04/2018 9:32:24
2018-01-04 09:32:24,695 [9] FATAL ProcessLogger [(null)] - 界面3  190432-166   01/04/2018 9:32:24
2018-01-04 09:32:24,695 [9] FATAL ProcessLogger [(null)] - 界面3  190321-166   01/04/2018 9:32:24
2018-01-04 09:32:24,697 [9] FATAL ProcessLogger [(null)] - 界面3  190432-166   01/04/2018 9:32:24
2018-01-04 09:32:24,697 [9] FATAL ProcessLogger [(null)] - 界面3  190321-166   01/04/2018 9:32:24
2018-01-04 09:32:24,698 [9] FATAL ProcessLogger [(null)] - 界面3  190432-166   01/04/2018 9:32:24
2018-01-04 09:32:24,889 [9] FATAL ProcessLogger [(null)] - 界面3  190321-166   01/04/2018 9:32:24
2018-01-04 09:32:24,891 [9] FATAL ProcessLogger [(null)] - 界面3  190432-166   01/04/2018 9:32:24
2018-01-04 09:32:24,892 [9] FATAL ProcessLogger [(null)] - 界面3  190321-166   01/04/2018 9:32:24
2018-01-04 09:32:24,894 [9] FATAL ProcessLogger [(null)] - 界面3  190432-166   01/04/2018 9:32:24
2018-01-04 09:32:24,894 [9] FATAL ProcessLogger [(null)] - 界面3  190321-166   01/04/2018 9:32:24
2018-01-04 09:32:24,896 [9] FATAL ProcessLogger [(null)] - 界面3  190432-166   01/04/2018 9:32:24
2018-01-04 09:32:24,896 [9] FATAL ProcessLogger [(null)] - 界面3  190321-166   01/04/2018 9:32:24
2018-01-04 09:32:24,898 [9] FATAL ProcessLogger [(null)] - 界面3  190432-166   01/04/2018 9:32:24
2018-01-04 09:32:24,898 [9] FATAL ProcessLogger [(null)] - 界面3  190321-166   01/04/2018 9:32:24
2018-01-04 09:32:25,090 [9] FATAL ProcessLogger [(null)] - 界面3  190432-166   01/04/2018 9:32:25
2018-01-04 09:32:25,090 [9] FATAL ProcessLogger [(null)] - 界面3  190321-166   01/04/2018 9:32:25
2018-01-04 09:32:25,091 [9] FATAL ProcessLogger [(null)] - 界面3  190432-166   01/04/2018 9:32:25
2018-01-04 09:32:25,091 [9] FATAL ProcessLogger [(null)] - 界面3  190321-166   01/04/2018 9:32:25
2018-01-04 09:32:25,093 [9] FATAL ProcessLogger [(null)] - 界面3  190432-166   01/04/2018 9:32:25
2018-01-04 09:32:25,093 [9] FATAL ProcessLogger [(null)] - 界面3  190321-166   01/04/2018 9:32:25
2018-01-04 09:32:25,094 [9] FATAL ProcessLogger [(null)] - 界面3  190432-166   01/04/2018 9:32:25
2018-01-04 09:32:25,094 [9] FATAL ProcessLogger [(null)] - 界面3  190321-166   01/04/2018 9:32:25
2018-01-04 09:32:25,096 [9] FATAL ProcessLogger [(null)] - 界面3  190432-166   01/04/2018 9:32:25
2018-01-04 09:32:25,289 [9] FATAL ProcessLogger [(null)] - 界面3  190321-166   01/04/2018 9:32:25
2018-01-04 09:32:25,290 [9] FATAL ProcessLogger [(null)] - 界面3  190432-166   01/04/2018 9:32:25
2018-01-04 09:32:25,290 [9] FATAL ProcessLogger [(null)] - 界面3  190321-166   01/04/2018 9:32:25
2018-01-04 09:32:25,292 [9] FATAL ProcessLogger [(null)] - 界面3  190432-166   01/04/2018 9:32:25
2018-01-04 09:32:25,292 [9] FATAL ProcessLogger [(null)] - 界面3  190321-166   01/04/2018 9:32:25
2018-01-04 09:32:25,294 [9] FATAL ProcessLogger [(null)] - 界面3  190432-166   01/04/2018 9:32:25
2018-01-04 09:32:25,294 [9] FATAL ProcessLogger [(null)] - 界面3  190321-166   01/04/2018 9:32:25
2018-01-04 09:32:25,296 [9] FATAL ProcessLogger [(null)] - 界面3  190432-166   01/04/2018 9:32:25
2018-01-04 09:32:25,296 [9] FATAL ProcessLogger [(null)] - 界面3  190321-166   01/04/2018 9:32:25
2018-01-04 09:32:25,297 [9] FATAL ProcessLogger [(null)] - 界面3  190432-166   01/04/2018 9:32:25
2018-01-04 09:32:25,489 [9] FATAL ProcessLogger [(null)] - 界面3  190321-166   01/04/2018 9:32:25
2018-01-04 09:32:25,490 [9] FATAL ProcessLogger [(null)] - 界面3  190432-166   01/04/2018 9:32:25
2018-01-04 09:32:25,490 [9] FATAL ProcessLogger [(null)] - 界面3  190321-166   01/04/2018 9:32:25
2018-01-04 09:32:25,491 [9] FATAL ProcessLogger [(null)] - 界面3  190432-166   01/04/2018 9:32:25
2018-01-04 09:32:25,491 [9] FATAL ProcessLogger [(null)] - 界面3  190321-166   01/04/2018 9:32:25
2018-01-04 09:32:25,492 [9] FATAL ProcessLogger [(null)] - 界面3  190432-166   01/04/2018 9:32:25
2018-01-04 09:32:25,492 [9] FATAL ProcessLogger [(null)] - 界面3  190321-166   01/04/2018 9:32:25
2018-01-04 09:32:25,493 [9] FATAL ProcessLogger [(null)] - 界面3  190432-166   01/04/2018 9:32:25
2018-01-04 09:32:25,493 [9] FATAL ProcessLogger [(null)] - 界面3  190321-166   01/04/2018 9:32:25
2018-01-04 09:32:25,691 [9] FATAL ProcessLogger [(null)] - 界面3  190432-166   01/04/2018 9:32:25
2018-01-04 09:32:25,691 [9] FATAL ProcessLogger [(null)] - 界面3  190321-166   01/04/2018 9:32:25
2018-01-04 09:32:25,781 [9] FATAL ProcessLogger [(null)] - 界面3  190432-166   01/04/2018 9:32:25
2018-01-04 09:32:25,781 [9] FATAL ProcessLogger [(null)] - 界面3  190321-166   01/04/2018 9:32:25
2018-01-04 09:32:25,782 [9] FATAL ProcessLogger [(null)] - 界面3  190432-166   01/04/2018 9:32:25
2018-01-04 09:32:25,782 [9] FATAL ProcessLogger [(null)] - 界面3  190321-166   01/04/2018 9:32:25
2018-01-04 09:32:25,783 [9] FATAL ProcessLogger [(null)] - 界面3  190432-166   01/04/2018 9:32:25
2018-01-04 09:32:25,783 [9] FATAL ProcessLogger [(null)] - 界面3  190321-166   01/04/2018 9:32:25
2018-01-04 09:32:25,784 [9] FATAL ProcessLogger [(null)] - 界面3  190432-166   01/04/2018 9:32:25
2018-01-04 09:32:25,784 [9] FATAL ProcessLogger [(null)] - 界面3  190321-166   01/04/2018 9:32:25
2018-01-04 09:32:25,890 [9] FATAL ProcessLogger [(null)] - 界面3  190432-166   01/04/2018 9:32:25
2018-01-04 09:32:25,890 [9] FATAL ProcessLogger [(null)] - 界面3  190321-166   01/04/2018 9:32:25
2018-01-04 09:32:25,891 [9] FATAL ProcessLogger [(null)] - 界面3  190432-166   01/04/2018 9:32:25
2018-01-04 09:32:25,891 [9] FATAL ProcessLogger [(null)] - 界面3  190321-166   01/04/2018 9:32:25
2018-01-04 09:32:25,892 [9] FATAL ProcessLogger [(null)] - 界面3  190432-166   01/04/2018 9:32:25
2018-01-04 09:32:25,892 [9] FATAL ProcessLogger [(null)] - 界面3  190321-166   01/04/2018 9:32:25
2018-01-04 09:32:25,893 [9] FATAL ProcessLogger [(null)] - 界面3  190432-166   01/04/2018 9:32:25
2018-01-04 09:32:25,893 [9] FATAL ProcessLogger [(null)] - 界面3  190321-166   01/04/2018 9:32:25
2018-01-04 09:32:25,894 [9] FATAL ProcessLogger [(null)] - 界面3  190432-166   01/04/2018 9:32:25
2018-01-04 09:32:26,089 [9] FATAL ProcessLogger [(null)] - 界面3  190321-166   01/04/2018 9:32:26
2018-01-04 09:32:26,089 [9] FATAL ProcessLogger [(null)] - 界面3  190432-166   01/04/2018 9:32:26
2018-01-04 09:32:26,089 [9] FATAL ProcessLogger [(null)] - 界面3  190321-166   01/04/2018 9:32:26
2018-01-04 09:32:26,090 [9] FATAL ProcessLogger [(null)] - 界面3  190432-166   01/04/2018 9:32:26
2018-01-04 09:32:26,090 [9] FATAL ProcessLogger [(null)] - 界面3  190321-166   01/04/2018 9:32:26
2018-01-04 09:32:26,091 [9] FATAL ProcessLogger [(null)] - 界面3  190432-166   01/04/2018 9:32:26
2018-01-04 09:32:26,091 [9] FATAL ProcessLogger [(null)] - 界面3  190321-166   01/04/2018 9:32:26
2018-01-04 09:32:26,091 [9] FATAL ProcessLogger [(null)] - 界面3  190432-166   01/04/2018 9:32:26
2018-01-04 09:32:26,091 [9] FATAL ProcessLogger [(null)] - 界面3  190321-166   01/04/2018 9:32:26
2018-01-04 09:32:26,092 [9] FATAL ProcessLogger [(null)] - 界面3  190432-166   01/04/2018 9:32:26
2018-01-04 09:32:26,292 [9] FATAL ProcessLogger [(null)] - 界面3  190321-166   01/04/2018 9:32:26
2018-01-04 09:32:26,293 [9] FATAL ProcessLogger [(null)] - 界面3  190432-166   01/04/2018 9:32:26
2018-01-04 09:32:26,293 [9] FATAL ProcessLogger [(null)] - 界面3  190321-166   01/04/2018 9:32:26
2018-01-04 09:32:26,293 [9] FATAL ProcessLogger [(null)] - 界面3  190432-166   01/04/2018 9:32:26
2018-01-04 09:32:26,293 [9] FATAL ProcessLogger [(null)] - 界面3  190321-166   01/04/2018 9:32:26
2018-01-04 09:32:26,294 [9] FATAL ProcessLogger [(null)] - 界面3  190432-166   01/04/2018 9:32:26
2018-01-04 09:32:26,294 [9] FATAL ProcessLogger [(null)] - 界面3  190321-166   01/04/2018 9:32:26
2018-01-04 09:32:26,295 [9] FATAL ProcessLogger [(null)] - 界面3  190432-166   01/04/2018 9:32:26
2018-01-04 09:32:26,295 [9] FATAL ProcessLogger [(null)] - 界面3  190321-166   01/04/2018 9:32:26
2018-01-04 09:32:26,493 [9] FATAL ProcessLogger [(null)] - 界面3  190432-166   01/04/2018 9:32:26
2018-01-04 09:32:26,493 [9] FATAL ProcessLogger [(null)] - 界面3  190321-166   01/04/2018 9:32:26
2018-01-04 09:32:26,494 [9] FATAL ProcessLogger [(null)] - 界面3  190432-166   01/04/2018 9:32:26
2018-01-04 09:32:26,494 [9] FATAL ProcessLogger [(null)] - 界面3  190321-166   01/04/2018 9:32:26
2018-01-04 09:32:26,495 [9] FATAL ProcessLogger [(null)] - 界面3  190432-166   01/04/2018 9:32:26
2018-01-04 09:32:26,495 [9] FATAL ProcessLogger [(null)] - 界面3  190321-166   01/04/2018 9:32:26
2018-01-04 09:32:26,496 [9] FATAL ProcessLogger [(null)] - 界面3  190432-166   01/04/2018 9:32:26
2018-01-04 09:32:26,496 [9] FATAL ProcessLogger [(null)] - 界面3  190321-166   01/04/2018 9:32:26
2018-01-04 09:32:26,497 [9] FATAL ProcessLogger [(null)] - 界面3  190432-166   01/04/2018 9:32:26
2018-01-04 09:32:26,497 [9] FATAL ProcessLogger [(null)] - 界面3  190321-166   01/04/2018 9:32:26
2018-01-04 09:32:26,693 [9] FATAL ProcessLogger [(null)] - 界面3  190432-166   01/04/2018 9:32:26
2018-01-04 09:32:26,693 [9] FATAL ProcessLogger [(null)] - 界面3  190321-166   01/04/2018 9:32:26
2018-01-04 09:32:26,693 [9] FATAL ProcessLogger [(null)] - 界面3  190432-166   01/04/2018 9:32:26
2018-01-04 09:32:26,693 [9] FATAL ProcessLogger [(null)] - 界面3  190321-166   01/04/2018 9:32:26
2018-01-04 09:32:26,695 [9] FATAL ProcessLogger [(null)] - 界面3  190432-166   01/04/2018 9:32:26
2018-01-04 09:32:26,695 [9] FATAL ProcessLogger [(null)] - 界面3  190321-166   01/04/2018 9:32:26
2018-01-04 09:32:26,696 [9] FATAL ProcessLogger [(null)] - 界面3  190432-166   01/04/2018 9:32:26
2018-01-04 09:32:26,696 [9] FATAL ProcessLogger [(null)] - 界面3  190321-166   01/04/2018 9:32:26
2018-01-04 09:32:26,697 [9] FATAL ProcessLogger [(null)] - 界面3  190432-166   01/04/2018 9:32:26
2018-01-04 09:32:26,892 [9] FATAL ProcessLogger [(null)] - 界面3  190321-166   01/04/2018 9:32:26
2018-01-04 09:32:26,893 [9] FATAL ProcessLogger [(null)] - 界面3  190432-166   01/04/2018 9:32:26
2018-01-04 09:32:26,893 [9] FATAL ProcessLogger [(null)] - 界面3  190321-166   01/04/2018 9:32:26
2018-01-04 09:32:26,894 [9] FATAL ProcessLogger [(null)] - 界面3  190432-166   01/04/2018 9:32:26
2018-01-04 09:32:26,894 [9] FATAL ProcessLogger [(null)] - 界面3  190321-166   01/04/2018 9:32:26
2018-01-04 09:32:26,894 [9] FATAL ProcessLogger [(null)] - 界面3  190432-166   01/04/2018 9:32:26
2018-01-04 09:32:26,894 [9] FATAL ProcessLogger [(null)] - 界面3  190321-166   01/04/2018 9:32:26
2018-01-04 09:32:26,895 [9] FATAL ProcessLogger [(null)] - 界面3  190432-166   01/04/2018 9:32:26
2018-01-04 09:32:26,895 [9] FATAL ProcessLogger [(null)] - 界面3  190321-166   01/04/2018 9:32:26
2018-01-04 09:32:26,896 [9] FATAL ProcessLogger [(null)] - 界面3  190432-166   01/04/2018 9:32:26
2018-01-04 09:32:27,092 [9] FATAL ProcessLogger [(null)] - 界面3  190321-166   01/04/2018 9:32:27
2018-01-04 09:32:27,093 [9] FATAL ProcessLogger [(null)] - 界面3  190432-166   01/04/2018 9:32:27
2018-01-04 09:32:27,093 [9] FATAL ProcessLogger [(null)] - 界面3  190321-166   01/04/2018 9:32:27
2018-01-04 09:32:27,094 [9] FATAL ProcessLogger [(null)] - 界面3  190432-166   01/04/2018 9:32:27
2018-01-04 09:32:27,094 [9] FATAL ProcessLogger [(null)] - 界面3  190321-166   01/04/2018 9:32:27
2018-01-04 09:32:27,095 [9] FATAL ProcessLogger [(null)] - 界面3  190432-166   01/04/2018 9:32:27
2018-01-04 09:32:27,095 [9] FATAL ProcessLogger [(null)] - 界面3  190321-166   01/04/2018 9:32:27
2018-01-04 09:32:27,096 [9] FATAL ProcessLogger [(null)] - 界面3  190432-166   01/04/2018 9:32:27
2018-01-04 09:32:27,096 [9] FATAL ProcessLogger [(null)] - 界面3  190321-166   01/04/2018 9:32:27
2018-01-04 09:32:27,295 [9] FATAL ProcessLogger [(null)] - 界面3  190432-166   01/04/2018 9:32:27
2018-01-04 09:32:27,296 [9] FATAL ProcessLogger [(null)] - 界面3  190321-166   01/04/2018 9:32:27
2018-01-04 09:32:27,296 [9] FATAL ProcessLogger [(null)] - 界面3  190432-166   01/04/2018 9:32:27
2018-01-04 09:32:27,296 [9] FATAL ProcessLogger [(null)] - 界面3  190321-166   01/04/2018 9:32:27
2018-01-04 09:32:27,297 [9] FATAL ProcessLogger [(null)] - 界面3  190432-166   01/04/2018 9:32:27
2018-01-04 09:32:27,297 [9] FATAL ProcessLogger [(null)] - 界面3  190321-166   01/04/2018 9:32:27
2018-01-04 09:32:27,298 [9] FATAL ProcessLogger [(null)] - 界面3  190432-166   01/04/2018 9:32:27
2018-01-04 09:32:27,298 [9] FATAL ProcessLogger [(null)] - 界面3  190321-166   01/04/2018 9:32:27
2018-01-04 09:32:27,298 [9] FATAL ProcessLogger [(null)] - 界面3  190432-166   01/04/2018 9:32:27
2018-01-04 09:32:27,298 [9] FATAL ProcessLogger [(null)] - 界面3  190321-166   01/04/2018 9:32:27
2018-01-04 09:32:27,497 [9] FATAL ProcessLogger [(null)] - 界面3  190432-166   01/04/2018 9:32:27
2018-01-04 09:32:27,497 [9] FATAL ProcessLogger [(null)] - 界面3  190321-166   01/04/2018 9:32:27
2018-01-04 09:32:27,499 [9] FATAL ProcessLogger [(null)] - 界面3  190432-166   01/04/2018 9:32:27
2018-01-04 09:32:27,500 [9] FATAL ProcessLogger [(null)] - 界面3  190321-166   01/04/2018 9:32:27
2018-01-04 09:32:27,502 [9] FATAL ProcessLogger [(null)] - 界面3  190432-166   01/04/2018 9:32:27
2018-01-04 09:32:27,502 [9] FATAL ProcessLogger [(null)] - 界面3  190321-166   01/04/2018 9:32:27
2018-01-04 09:32:27,504 [9] FATAL ProcessLogger [(null)] - 界面3  190432-166   01/04/2018 9:32:27
2018-01-04 09:32:27,504 [9] FATAL ProcessLogger [(null)] - 界面3  190321-166   01/04/2018 9:32:27
2018-01-04 09:32:27,506 [9] FATAL ProcessLogger [(null)] - 界面3  190432-166   01/04/2018 9:32:27
2018-01-04 09:32:27,695 [9] FATAL ProcessLogger [(null)] - 界面3  190321-166   01/04/2018 9:32:27
2018-01-04 09:32:27,696 [9] FATAL ProcessLogger [(null)] - 界面3  190432-166   01/04/2018 9:32:27
2018-01-04 09:32:27,697 [9] FATAL ProcessLogger [(null)] - 界面3  190321-166   01/04/2018 9:32:27
2018-01-04 09:32:27,698 [9] FATAL ProcessLogger [(null)] - 界面3  190432-166   01/04/2018 9:32:27
2018-01-04 09:32:27,698 [9] FATAL ProcessLogger [(null)] - 界面3  190321-166   01/04/2018 9:32:27
2018-01-04 09:32:27,700 [9] FATAL ProcessLogger [(null)] - 界面3  190432-166   01/04/2018 9:32:27
2018-01-04 09:32:27,700 [9] FATAL ProcessLogger [(null)] - 界面3  190321-166   01/04/2018 9:32:27
2018-01-04 09:32:27,702 [9] FATAL ProcessLogger [(null)] - 界面3  190432-166   01/04/2018 9:32:27
2018-01-04 09:32:27,702 [9] FATAL ProcessLogger [(null)] - 界面3  190321-166   01/04/2018 9:32:27
2018-01-04 09:32:27,704 [9] FATAL ProcessLogger [(null)] - 界面3  190432-166   01/04/2018 9:32:27
2018-01-04 09:32:27,900 [9] FATAL ProcessLogger [(null)] - 界面3  190321-166   01/04/2018 9:32:27
2018-01-04 09:32:27,902 [9] FATAL ProcessLogger [(null)] - 界面3  190432-166   01/04/2018 9:32:27
2018-01-04 09:32:27,902 [9] FATAL ProcessLogger [(null)] - 界面3  190321-166   01/04/2018 9:32:27
2018-01-04 09:32:27,905 [9] FATAL ProcessLogger [(null)] - 界面3  190432-166   01/04/2018 9:32:27
2018-01-04 09:32:27,905 [9] FATAL ProcessLogger [(null)] - 界面3  190321-166   01/04/2018 9:32:27
2018-01-04 09:32:27,907 [9] FATAL ProcessLogger [(null)] - 界面3  190432-166   01/04/2018 9:32:27
2018-01-04 09:32:27,907 [9] FATAL ProcessLogger [(null)] - 界面3  190321-166   01/04/2018 9:32:27
2018-01-04 09:32:27,909 [9] FATAL ProcessLogger [(null)] - 界面3  190432-166   01/04/2018 9:32:27
2018-01-04 09:32:27,909 [9] FATAL ProcessLogger [(null)] - 界面3  190321-166   01/04/2018 9:32:27
2018-01-04 09:32:28,102 [9] FATAL ProcessLogger [(null)] - 界面3  190432-166   01/04/2018 9:32:28
2018-01-04 09:32:28,102 [9] FATAL ProcessLogger [(null)] - 界面3  190321-166   01/04/2018 9:32:28
2018-01-04 09:32:28,104 [9] FATAL ProcessLogger [(null)] - 界面3  190432-166   01/04/2018 9:32:28
2018-01-04 09:32:28,105 [9] FATAL ProcessLogger [(null)] - 界面3  190321-166   01/04/2018 9:32:28
2018-01-04 09:32:28,107 [9] FATAL ProcessLogger [(null)] - 界面3  190432-166   01/04/2018 9:32:28
2018-01-04 09:32:28,107 [9] FATAL ProcessLogger [(null)] - 界面3  190321-166   01/04/2018 9:32:28
2018-01-04 09:32:28,110 [9] FATAL ProcessLogger [(null)] - 界面3  190432-166   01/04/2018 9:32:28
2018-01-04 09:32:28,110 [9] FATAL ProcessLogger [(null)] - 界面3  190321-166   01/04/2018 9:32:28
2018-01-04 09:32:28,113 [9] FATAL ProcessLogger [(null)] - 界面3  190432-166   01/04/2018 9:32:28
2018-01-04 09:32:28,301 [9] FATAL ProcessLogger [(null)] - 界面3  190321-166   01/04/2018 9:32:28
2018-01-04 09:32:28,302 [9] FATAL ProcessLogger [(null)] - 界面3  190432-166   01/04/2018 9:32:28
2018-01-04 09:32:28,302 [9] FATAL ProcessLogger [(null)] - 界面3  190321-166   01/04/2018 9:32:28
2018-01-04 09:32:28,302 [9] FATAL ProcessLogger [(null)] - 界面3  190432-166   01/04/2018 9:32:28
2018-01-04 09:32:28,302 [9] FATAL ProcessLogger [(null)] - 界面3  190321-166   01/04/2018 9:32:28
2018-01-04 09:32:28,303 [9] FATAL ProcessLogger [(null)] - 界面3  190432-166   01/04/2018 9:32:28
2018-01-04 09:32:28,303 [9] FATAL ProcessLogger [(null)] - 界面3  190321-166   01/04/2018 9:32:28
2018-01-04 09:32:28,304 [9] FATAL ProcessLogger [(null)] - 界面3  190432-166   01/04/2018 9:32:28
2018-01-04 09:32:28,304 [9] FATAL ProcessLogger [(null)] - 界面3  190321-166   01/04/2018 9:32:28
2018-01-04 09:32:28,304 [9] FATAL ProcessLogger [(null)] - 界面3  190432-166   01/04/2018 9:32:28
2018-01-04 09:32:28,501 [9] FATAL ProcessLogger [(null)] - 界面3  190321-166   01/04/2018 9:32:28
2018-01-04 09:32:28,502 [9] FATAL ProcessLogger [(null)] - 界面3  190432-166   01/04/2018 9:32:28
2018-01-04 09:32:28,502 [9] FATAL ProcessLogger [(null)] - 界面3  190321-166   01/04/2018 9:32:28
2018-01-04 09:32:28,503 [9] FATAL ProcessLogger [(null)] - 界面3  190432-166   01/04/2018 9:32:28
2018-01-04 09:32:28,504 [9] FATAL ProcessLogger [(null)] - 界面3  190321-166   01/04/2018 9:32:28
2018-01-04 09:32:28,505 [9] FATAL ProcessLogger [(null)] - 界面3  190432-166   01/04/2018 9:32:28
2018-01-04 09:32:28,505 [9] FATAL ProcessLogger [(null)] - 界面3  190321-166   01/04/2018 9:32:28
2018-01-04 09:32:28,506 [9] FATAL ProcessLogger [(null)] - 界面3  190432-166   01/04/2018 9:32:28
2018-01-04 09:32:28,506 [9] FATAL ProcessLogger [(null)] - 界面3  190321-166   01/04/2018 9:32:28
2018-01-04 09:32:28,702 [9] FATAL ProcessLogger [(null)] - 界面3  190432-166   01/04/2018 9:32:28
2018-01-04 09:32:28,702 [9] FATAL ProcessLogger [(null)] - 界面3  190321-166   01/04/2018 9:32:28
2018-01-04 09:32:28,703 [9] FATAL ProcessLogger [(null)] - 界面3  190432-166   01/04/2018 9:32:28
2018-01-04 09:32:28,703 [9] FATAL ProcessLogger [(null)] - 界面3  190321-166   01/04/2018 9:32:28
2018-01-04 09:32:28,704 [9] FATAL ProcessLogger [(null)] - 界面3  190432-166   01/04/2018 9:32:28
2018-01-04 09:32:28,704 [9] FATAL ProcessLogger [(null)] - 界面3  190321-166   01/04/2018 9:32:28
2018-01-04 09:32:28,705 [9] FATAL ProcessLogger [(null)] - 界面3  190432-166   01/04/2018 9:32:28
2018-01-04 09:32:28,706 [9] FATAL ProcessLogger [(null)] - 界面3  190321-166   01/04/2018 9:32:28
2018-01-04 09:32:28,707 [9] FATAL ProcessLogger [(null)] - 界面3  190432-166   01/04/2018 9:32:28
2018-01-04 09:32:28,707 [9] FATAL ProcessLogger [(null)] - 界面3  190321-166   01/04/2018 9:32:28
2018-01-04 09:32:28,903 [9] FATAL ProcessLogger [(null)] - 界面3  190432-166   01/04/2018 9:32:28
2018-01-04 09:32:28,903 [9] FATAL ProcessLogger [(null)] - 界面3  190321-166   01/04/2018 9:32:28
2018-01-04 09:32:28,906 [9] FATAL ProcessLogger [(null)] - 界面3  190432-166   01/04/2018 9:32:28
2018-01-04 09:32:28,906 [9] FATAL ProcessLogger [(null)] - 界面3  190321-166   01/04/2018 9:32:28
2018-01-04 09:32:28,908 [9] FATAL ProcessLogger [(null)] - 界面3  190432-166   01/04/2018 9:32:28
2018-01-04 09:32:28,908 [9] FATAL ProcessLogger [(null)] - 界面3  190321-166   01/04/2018 9:32:28
2018-01-04 09:32:28,910 [9] FATAL ProcessLogger [(null)] - 界面3  190432-166   01/04/2018 9:32:28
2018-01-04 09:32:28,910 [9] FATAL ProcessLogger [(null)] - 界面3  190321-166   01/04/2018 9:32:28
2018-01-04 09:32:28,913 [9] FATAL ProcessLogger [(null)] - 界面3  190432-166   01/04/2018 9:32:28
2018-01-04 09:32:29,101 [9] FATAL ProcessLogger [(null)] - 界面3  190321-166   01/04/2018 9:32:29
2018-01-04 09:32:29,103 [9] FATAL ProcessLogger [(null)] - 界面3  190432-166   01/04/2018 9:32:29
2018-01-04 09:32:29,103 [9] FATAL ProcessLogger [(null)] - 界面3  190321-166   01/04/2018 9:32:29
2018-01-04 09:32:29,104 [9] FATAL ProcessLogger [(null)] - 界面3  190432-166   01/04/2018 9:32:29
2018-01-04 09:32:29,104 [9] FATAL ProcessLogger [(null)] - 界面3  190321-166   01/04/2018 9:32:29
2018-01-04 09:32:29,106 [9] FATAL ProcessLogger [(null)] - 界面3  190432-166   01/04/2018 9:32:29
2018-01-04 09:32:29,107 [9] FATAL ProcessLogger [(null)] - 界面3  190321-166   01/04/2018 9:32:29
2018-01-04 09:32:29,109 [9] FATAL ProcessLogger [(null)] - 界面3  190432-166   01/04/2018 9:32:29
2018-01-04 09:32:29,109 [9] FATAL ProcessLogger [(null)] - 界面3  190321-166   01/04/2018 9:32:29
2018-01-04 09:32:29,112 [9] FATAL ProcessLogger [(null)] - 读取中奖信息  19230501/04/2018 9:32:29
2018-01-04 09:32:29,304 [9] FATAL ProcessLogger [(null)] - AnalysisWebInfo2接入 8990201/04/2018 9:32:29
2018-01-04 09:32:29,314 [9] FATAL ProcessLogger [(null)] - AnalysisWebInfo2接入 8990201/04/2018 9:32:29
2018-01-04 09:32:32,835 [9] FATAL ProcessLogger [(null)] - AnalysisWebInfo2接入 8990201/04/2018 9:32:32
2018-01-04 09:32:32,836 [9] FATAL ProcessLogger [(null)] - 获取中奖信息  190601/04/2018 9:32:32
2018-01-04 09:32:32,837 [9] FATAL ProcessLogger [(null)] - AnalysisWebInfo2接入 8990201/04/2018 9:32:32
2018-01-04 09:32:32,838 [9] FATAL ProcessLogger [(null)] - 获取中奖信息  190601/04/2018 9:32:32
2018-01-04 09:32:32,841 [9] FATAL ProcessLogger [(null)] - AnalysisWebInfo2接入 8990201/04/2018 9:32:32
2018-01-04 09:32:32,844 [9] FATAL ProcessLogger [(null)] - 获取中奖信息  190601/04/2018 9:32:32
2018-01-04 09:32:32,844 [9] FATAL ProcessLogger [(null)] - 获取中奖信息  190701/04/2018 9:32:32
2018-01-04 09:32:33,202 [9] FATAL ProcessLogger [(null)] - 获取中奖信息  191001/04/2018 9:32:33
2018-01-04 09:32:33,207 [9] FATAL ProcessLogger [(null)] - 获取中奖信息  191001/04/2018 9:32:33
2018-01-04 09:32:33,207 [9] FATAL ProcessLogger [(null)] - 获取中奖信息结束  190901/04/2018 9:32:33
2018-01-04 09:32:35,727 [9] FATAL ProcessLogger [(null)] - ReadServer_tuijanhaoma open01/04/2018 9:32:35
2018-01-04 09:32:35,861 [9] FATAL ProcessLogger [(null)] - ReadServer_tuijanhaoma open 101/04/2018 9:32:35
2018-01-04 09:32:35,861 [9] FATAL ProcessLogger [(null)] - ReadServer_tuijanhaoma open 201/04/2018 9:32:35
2018-01-04 09:32:35,863 [9] FATAL ProcessLogger [(null)] - ReadServer_tuijanhaoma open 301/04/2018 9:32:35
2018-01-04 09:32:35,863 [9] FATAL ProcessLogger [(null)] - ReadServer_lishizhongjian 101/04/2018 9:32:35
2018-01-04 09:32:35,941 [9] FATAL ProcessLogger [(null)] - ReadHistroy 991201/04/2018 9:32:35
2018-01-04 09:36:19,349 [9] FATAL ProcessLogger [(null)] - System Start 01/04/2018 9:36:19
2018-01-04 09:36:19,409 [9] FATAL ProcessLogger [(null)] - login01/04/2018 9:36:19
2018-01-04 09:36:22,486 [9] FATAL ProcessLogger [(null)] - System Start 01/04/2018 9:36:22
2018-01-04 09:36:25,717 [9] FATAL ProcessLogger [(null)] - 读取NewMethod01/04/2018 9:36:25
2018-01-04 09:36:25,728 [9] FATAL ProcessLogger [(null)] - 读取中 090101/04/2018 9:36:25
2018-01-04 09:36:25,874 [9] FATAL ProcessLogger [(null)] - 读取中 09010 01/04/2018 9:36:25
2018-01-04 09:36:25,914 [9] FATAL ProcessLogger [(null)] - 接入 前 091101 01/04/2018 9:36:25
2018-01-04 09:36:25,914 [9] FATAL ProcessLogger [(null)] - 接入 前 091102 01/04/2018 9:36:25
2018-01-04 09:36:26,323 [9] FATAL ProcessLogger [(null)] - AnalysisWebInfo2接入 8990201/04/2018 9:36:26
2018-01-04 09:36:26,323 [9] FATAL ProcessLogger [(null)] - 接入界面01/04/2018 9:36:26
2018-01-04 09:36:26,373 [9] FATAL ProcessLogger [(null)] - 接入界面 00201/04/2018 9:36:26
2018-01-04 09:37:25,702 [10] FATAL ProcessLogger [(null)] - System Start 01/04/2018 9:37:25
2018-01-04 09:37:25,758 [10] FATAL ProcessLogger [(null)] - login01/04/2018 9:37:25
2018-01-04 13:57:17,829 [9] FATAL ProcessLogger [(null)] - System Start 01/04/2018 13:57:17
2018-01-04 13:57:17,896 [9] FATAL ProcessLogger [(null)] - login01/04/2018 13:57:17
2018-01-04 13:57:23,946 [9] FATAL ProcessLogger [(null)] - System Start 01/04/2018 13:57:23
2018-01-04 13:57:28,029 [9] FATAL ProcessLogger [(null)] - 读取NewMethod01/04/2018 13:57:28
2018-01-04 13:57:28,038 [9] FATAL ProcessLogger [(null)] - 读取中 090101/04/2018 13:57:28
2018-01-04 13:57:28,189 [9] FATAL ProcessLogger [(null)] - 读取中 09010 01/04/2018 13:57:28
2018-01-04 13:57:28,249 [9] FATAL ProcessLogger [(null)] - 接入 前 091101 01/04/2018 13:57:28
2018-01-04 13:57:28,264 [9] FATAL ProcessLogger [(null)] - 接入 前 091102 01/04/2018 13:57:28
2018-01-04 13:57:28,806 [9] FATAL ProcessLogger [(null)] - AnalysisWebInfo2接入 8990201/04/2018 13:57:28
2018-01-04 13:57:28,806 [9] FATAL ProcessLogger [(null)] - 接入界面01/04/2018 13:57:28
2018-01-04 13:57:28,806 [9] FATAL ProcessLogger [(null)] - 接入界面 00101/04/2018 13:57:28
2018-01-04 13:58:28,042 [9] FATAL ProcessLogger [(null)] - 超出时间 8901101/04/2018 13:58:28
2018-01-04 13:59:20,397 [9] FATAL ProcessLogger [(null)] - 读取中 090101/04/2018 13:59:20
2018-01-04 13:59:20,504 [9] FATAL ProcessLogger [(null)] - 读取中 09010 01/04/2018 13:59:20
2018-01-04 13:59:20,510 [9] FATAL ProcessLogger [(null)] - 接入 前 091101 01/04/2018 13:59:20
2018-01-04 13:59:20,527 [9] FATAL ProcessLogger [(null)] - 接入 前 091102 01/04/2018 13:59:20
2018-01-04 13:59:20,882 [9] FATAL ProcessLogger [(null)] - AnalysisWebInfo2接入 8990201/04/2018 13:59:20
2018-01-04 13:59:20,882 [9] FATAL ProcessLogger [(null)] - 接入界面01/04/2018 13:59:20
2018-01-04 13:59:20,882 [9] FATAL ProcessLogger [(null)] - 接入界面 00101/04/2018 13:59:20
2018-01-04 13:59:29,567 [9] FATAL ProcessLogger [(null)] - 读取NewMethod01/04/2018 13:59:29
2018-01-04 13:59:29,567 [9] FATAL ProcessLogger [(null)] - 读取中 090101/04/2018 13:59:29
2018-01-04 13:59:29,684 [9] FATAL ProcessLogger [(null)] - 读取中 09010 01/04/2018 13:59:29
2018-01-04 13:59:29,687 [9] FATAL ProcessLogger [(null)] - 接入 前 091101 01/04/2018 13:59:29
2018-01-04 13:59:29,690 [9] FATAL ProcessLogger [(null)] - 接入 前 091102 01/04/2018 13:59:29
2018-01-04 13:59:30,448 [9] FATAL ProcessLogger [(null)] - AnalysisWebInfo2接入 8990201/04/2018 13:59:30
2018-01-04 13:59:30,448 [9] FATAL ProcessLogger [(null)] - 接入界面01/04/2018 13:59:30
2018-01-04 13:59:30,448 [9] FATAL ProcessLogger [(null)] - 接入界面 00101/04/2018 13:59:30
2018-01-04 21:35:42,896 [9] FATAL ProcessLogger [(null)] - System Start 01/04/2018 21:35:42
2018-01-04 21:35:42,998 [9] FATAL ProcessLogger [(null)] - login01/04/2018 21:35:42
2018-01-04 21:35:49,537 [9] FATAL ProcessLogger [(null)] - System Start 01/04/2018 21:35:49
2018-01-04 21:35:56,581 [9] FATAL ProcessLogger [(null)] - 读取NewMethod01/04/2018 21:35:56
2018-01-04 21:35:56,594 [9] FATAL ProcessLogger [(null)] - 读取中 090101/04/2018 21:35:56
2018-01-04 21:35:56,796 [9] FATAL ProcessLogger [(null)] - 读取中 09010 01/04/2018 21:35:56
2018-01-04 21:35:56,867 [9] FATAL ProcessLogger [(null)] - 接入 前 091101 01/04/2018 21:35:56
2018-01-04 21:35:56,867 [9] FATAL ProcessLogger [(null)] - 接入 前 091102 01/04/2018 21:35:56
2018-01-04 21:35:57,319 [9] FATAL ProcessLogger [(null)] - AnalysisWebInfo2接入 8990201/04/2018 21:35:57
2018-01-04 21:35:57,320 [9] FATAL ProcessLogger [(null)] - 接入界面01/04/2018 21:35:57
2018-01-04 21:35:57,365 [9] FATAL ProcessLogger [(null)] - 接入界面 00201/04/2018 21:35:57
2018-01-04 21:36:13,751 [9] FATAL ProcessLogger [(null)] - 读取NewMethod01/04/2018 21:36:13
2018-01-04 21:36:13,752 [9] FATAL ProcessLogger [(null)] - 读取中 090101/04/2018 21:36:13
2018-01-04 21:36:13,894 [9] FATAL ProcessLogger [(null)] - 读取中 09010 01/04/2018 21:36:13
2018-01-04 21:36:13,898 [9] FATAL ProcessLogger [(null)] - 接入 前 091101 01/04/2018 21:36:13
2018-01-04 21:36:13,899 [9] FATAL ProcessLogger [(null)] - 接入 前 091102 01/04/2018 21:36:13
2018-01-04 21:36:14,063 [9] FATAL ProcessLogger [(null)] - AnalysisWebInfo2接入 8990201/04/2018 21:36:14
2018-01-04 21:36:14,064 [9] FATAL ProcessLogger [(null)] - 接入界面01/04/2018 21:36:14
2018-01-04 21:36:14,065 [9] FATAL ProcessLogger [(null)] - 接入界面 00201/04/2018 21:36:14
2018-01-04 21:51:41,667 [8] FATAL ProcessLogger [(null)] - System Start 01/04/2018 21:51:41
2018-01-04 21:51:41,726 [8] FATAL ProcessLogger [(null)] - login01/04/2018 21:51:41
2018-01-04 21:51:46,920 [8] FATAL ProcessLogger [(null)] - System Start 01/04/2018 21:51:46
2018-01-04 21:51:51,683 [8] FATAL ProcessLogger [(null)] - 读取NewMethod01/04/2018 21:51:51
2018-01-04 21:51:51,699 [8] FATAL ProcessLogger [(null)] - 读取中 090101/04/2018 21:51:51
2018-01-04 21:51:51,844 [8] FATAL ProcessLogger [(null)] - 读取中 09010 01/04/2018 21:51:51
2018-01-04 21:52:19,676 [8] FATAL ProcessLogger [(null)] - 接入 前 091101 01/04/2018 21:52:19
2018-01-04 21:52:19,676 [8] FATAL ProcessLogger [(null)] - 接入 前 091102 01/04/2018 21:52:19
2018-01-04 21:52:20,296 [8] FATAL ProcessLogger [(null)] - AnalysisWebInfo2接入 8990201/04/2018 21:52:20
2018-01-04 21:52:20,506 [8] FATAL ProcessLogger [(null)] - AnalysisWebInfo2接入 8990201/04/2018 21:52:20
2018-01-04 21:52:51,707 [8] FATAL ProcessLogger [(null)] - 超出时间 8901101/04/2018 21:52:51
2018-01-04 22:08:16,597 [10] FATAL ProcessLogger [(null)] - System Start 01/04/2018 22:08:16
2018-01-04 22:08:16,651 [10] FATAL ProcessLogger [(null)] - login01/04/2018 22:08:16
2018-01-04 22:08:22,981 [10] FATAL ProcessLogger [(null)] - System Start 01/04/2018 22:08:22
2018-01-04 22:08:27,712 [10] FATAL ProcessLogger [(null)] - 读取NewMethod01/04/2018 22:08:27
2018-01-04 22:08:27,730 [10] FATAL ProcessLogger [(null)] - 读取中 090101/04/2018 22:08:27
2018-01-04 22:08:27,925 [10] FATAL ProcessLogger [(null)] - 读取中 09010 01/04/2018 22:08:27
2018-01-04 22:08:36,857 [10] FATAL ProcessLogger [(null)] - 接入 前 091101 01/04/2018 22:08:36
2018-01-04 22:08:39,730 [10] FATAL ProcessLogger [(null)] - 接入 前 091102 01/04/2018 22:08:39
2018-01-04 22:08:43,476 [10] FATAL ProcessLogger [(null)] - AnalysisWebInfo2接入 8990201/04/2018 22:08:43
2018-01-04 22:08:48,221 [10] FATAL ProcessLogger [(null)] - AnalysisWebInfo2接入 8990201/04/2018 22:08:48
2018-01-04 22:11:00,660 [9] FATAL ProcessLogger [(null)] - System Start 01/04/2018 22:11:00
2018-01-04 22:11:00,720 [9] FATAL ProcessLogger [(null)] - login01/04/2018 22:11:00
2018-01-04 22:11:09,950 [9] FATAL ProcessLogger [(null)] - System Start 01/04/2018 22:11:09
2018-01-04 22:11:14,633 [9] FATAL ProcessLogger [(null)] - 读取NewMethod01/04/2018 22:11:14
2018-01-04 22:11:14,645 [9] FATAL ProcessLogger [(null)] - 读取中 090101/04/2018 22:11:14
2018-01-04 22:11:14,777 [9] FATAL ProcessLogger [(null)] - 读取中 09010 01/04/2018 22:11:14
2018-01-04 22:11:23,092 [9] FATAL ProcessLogger [(null)] - 接入 前 091101 01/04/2018 22:11:23
2018-01-04 22:11:23,092 [9] FATAL ProcessLogger [(null)] - 接入 前 091102 01/04/2018 22:11:23
2018-01-04 22:11:23,432 [9] FATAL ProcessLogger [(null)] - AnalysisWebInfo2接入 8990201/04/2018 22:11:23
2018-01-04 22:11:23,432 [9] FATAL ProcessLogger [(null)] - 接入界面01/04/2018 22:11:23
2018-01-04 22:11:23,452 [9] FATAL ProcessLogger [(null)] - 接入界面 00201/04/2018 22:11:23
2018-01-04 22:12:14,650 [9] FATAL ProcessLogger [(null)] - 超出时间 8901101/04/2018 22:12:14
2018-01-04 22:18:11,754 [9] FATAL ProcessLogger [(null)] - System Start 01/04/2018 22:18:11
2018-01-04 22:18:11,829 [9] FATAL ProcessLogger [(null)] - login01/04/2018 22:18:11
2018-01-04 22:18:18,281 [9] FATAL ProcessLogger [(null)] - System Start 01/04/2018 22:18:18
2018-01-04 22:18:24,316 [9] FATAL ProcessLogger [(null)] - 读取NewMethod01/04/2018 22:18:24
2018-01-04 22:18:24,325 [9] FATAL ProcessLogger [(null)] - 读取中 090101/04/2018 22:18:24
2018-01-04 22:18:24,473 [9] FATAL ProcessLogger [(null)] - 读取中 09010 01/04/2018 22:18:24
2018-01-04 22:18:24,533 [9] FATAL ProcessLogger [(null)] - 接入 前 091101 01/04/2018 22:18:24
2018-01-04 22:18:24,533 [9] FATAL ProcessLogger [(null)] - 接入 前 091102 01/04/2018 22:18:24
2018-01-04 22:18:25,105 [9] FATAL ProcessLogger [(null)] - AnalysisWebInfo2接入 8990201/04/2018 22:18:25
2018-01-04 22:18:25,244 [9] FATAL ProcessLogger [(null)] - AnalysisWebInfo2接入 8990201/04/2018 22:18:25
2018-01-04 22:19:24,328 [9] FATAL ProcessLogger [(null)] - 超出时间 8901101/04/2018 22:19:24
2018-01-04 22:21:34,903 [9] FATAL ProcessLogger [(null)] - System Start 01/04/2018 22:21:34
2018-01-04 22:21:34,957 [9] FATAL ProcessLogger [(null)] - login01/04/2018 22:21:34
2018-01-04 22:22:07,694 [9] FATAL ProcessLogger [(null)] - System Start 01/04/2018 22:22:07
2018-01-04 22:22:13,675 [9] FATAL ProcessLogger [(null)] - 读取NewMethod01/04/2018 22:22:13
2018-01-04 22:22:13,686 [9] FATAL ProcessLogger [(null)] - 读取中 090101/04/2018 22:22:13
2018-01-04 22:22:13,820 [9] FATAL ProcessLogger [(null)] - 读取中 09010 01/04/2018 22:22:13
2018-01-04 22:22:13,863 [9] FATAL ProcessLogger [(null)] - 接入 前 091101 01/04/2018 22:22:13
2018-01-04 22:22:13,863 [9] FATAL ProcessLogger [(null)] - 接入 前 091102 01/04/2018 22:22:13
2018-01-04 22:22:14,291 [9] FATAL ProcessLogger [(null)] - AnalysisWebInfo2接入 8990201/04/2018 22:22:14
2018-01-04 22:22:14,403 [9] FATAL ProcessLogger [(null)] - AnalysisWebInfo2接入 8990201/04/2018 22:22:14
2018-01-04 22:23:13,690 [9] FATAL ProcessLogger [(null)] - 超出时间 8901101/04/2018 22:23:13
2018-01-04 22:24:56,306 [9] FATAL ProcessLogger [(null)] - System Start 01/04/2018 22:24:56
2018-01-04 22:24:56,391 [9] FATAL ProcessLogger [(null)] - login01/04/2018 22:24:56
2018-01-04 22:25:03,434 [9] FATAL ProcessLogger [(null)] - System Start 01/04/2018 22:25:03
2018-01-04 22:25:08,982 [9] FATAL ProcessLogger [(null)] - 读取NewMethod01/04/2018 22:25:08
2018-01-04 22:25:08,990 [9] FATAL ProcessLogger [(null)] - 读取中 090101/04/2018 22:25:08
2018-01-04 22:25:09,142 [9] FATAL ProcessLogger [(null)] - 读取中 09010 01/04/2018 22:25:09
2018-01-04 22:25:09,190 [9] FATAL ProcessLogger [(null)] - 接入 前 091101 01/04/2018 22:25:09
2018-01-04 22:25:09,190 [9] FATAL ProcessLogger [(null)] - 接入 前 091102 01/04/2018 22:25:09
2018-01-04 22:25:09,595 [9] FATAL ProcessLogger [(null)] - AnalysisWebInfo2接入 8990201/04/2018 22:25:09
2018-01-04 22:34:13,729 [8] FATAL ProcessLogger [(null)] - System Start 01/04/2018 22:34:13
2018-01-04 22:34:13,781 [8] FATAL ProcessLogger [(null)] - login01/04/2018 22:34:13
2018-01-04 22:34:52,195 [9] FATAL ProcessLogger [(null)] - System Start 01/04/2018 22:34:52
2018-01-04 22:34:52,252 [9] FATAL ProcessLogger [(null)] - login01/04/2018 22:34:52
2018-01-04 22:37:47,863 [9] FATAL ProcessLogger [(null)] - System Start 01/04/2018 22:37:47
2018-01-04 22:37:52,754 [9] FATAL ProcessLogger [(null)] - 读取NewMethod01/04/2018 22:37:52
2018-01-04 22:37:52,761 [9] FATAL ProcessLogger [(null)] - 读取中 090101/04/2018 22:37:52
2018-01-04 22:37:52,886 [9] FATAL ProcessLogger [(null)] - 读取中 09010 01/04/2018 22:37:52
2018-01-04 22:37:52,930 [9] FATAL ProcessLogger [(null)] - 接入 前 091101 01/04/2018 22:37:52
2018-01-04 22:37:52,931 [9] FATAL ProcessLogger [(null)] - 接入 前 091102 01/04/2018 22:37:52
2018-01-04 22:37:53,683 [9] FATAL ProcessLogger [(null)] - AnalysisWebInfo2接入 8990201/04/2018 22:37:53
2018-01-04 22:37:53,683 [9] FATAL ProcessLogger [(null)] - AnalysisWebInfo2接入 8990201/04/2018 22:37:53
2018-01-04 22:38:52,764 [9] FATAL ProcessLogger [(null)] - 超出时间 8901101/04/2018 22:38:52
2018-01-04 22:46:51,914 [9] FATAL ProcessLogger [(null)] - ReadServer_tuijanhaoma open01/04/2018 22:46:51
2018-01-04 22:46:51,995 [9] FATAL ProcessLogger [(null)] - ReadServer_tuijanhaoma open 101/04/2018 22:46:51
2018-01-04 22:46:51,995 [9] FATAL ProcessLogger [(null)] - ReadServer_tuijanhaoma open 201/04/2018 22:46:51
2018-01-04 22:46:51,998 [9] FATAL ProcessLogger [(null)] - ReadServer_tuijanhaoma open 301/04/2018 22:46:51
2018-01-04 22:46:52,003 [9] FATAL ProcessLogger [(null)] - ReadServer_lishizhongjian 101/04/2018 22:46:52
2018-01-04 22:46:58,399 [9] FATAL ProcessLogger [(null)] - 读取NewMethod01/04/2018 22:46:58
2018-01-04 22:46:58,400 [9] FATAL ProcessLogger [(null)] - 读取中 090101/04/2018 22:46:58
2018-01-04 22:46:58,529 [9] FATAL ProcessLogger [(null)] - 读取中 09010 01/04/2018 22:46:58
2018-01-04 22:46:58,537 [9] FATAL ProcessLogger [(null)] - 接入 前 091101 01/04/2018 22:46:58
2018-01-04 22:46:58,537 [9] FATAL ProcessLogger [(null)] - 接入 前 091102 01/04/2018 22:46:58
2018-01-04 22:47:01,974 [9] FATAL ProcessLogger [(null)] - AnalysisWebInfo2接入 8990201/04/2018 22:47:01
2018-01-04 22:47:01,986 [9] FATAL ProcessLogger [(null)] - AnalysisWebInfo2接入 8990201/04/2018 22:47:01
2018-01-04 22:47:58,402 [9] FATAL ProcessLogger [(null)] - 超出时间 8901101/04/2018 22:47:58
2018-01-04 22:48:39,762 [9] FATAL ProcessLogger [(null)] - ReadServer_tuijanhaoma open01/04/2018 22:48:39
2018-01-04 22:48:39,764 [9] FATAL ProcessLogger [(null)] - ReadServer_tuijanhaoma open 101/04/2018 22:48:39
2018-01-04 22:48:39,764 [9] FATAL ProcessLogger [(null)] - ReadServer_tuijanhaoma open 201/04/2018 22:48:39
2018-01-04 22:48:39,766 [9] FATAL ProcessLogger [(null)] - ReadServer_tuijanhaoma open 301/04/2018 22:48:39
2018-01-04 22:48:39,766 [9] FATAL ProcessLogger [(null)] - ReadServer_lishizhongjian 101/04/2018 22:48:39
2018-01-04 22:48:53,588 [9] FATAL ProcessLogger [(null)] - 读取NewMethod01/04/2018 22:48:53
2018-01-04 22:48:53,591 [9] FATAL ProcessLogger [(null)] - 读取中 090101/04/2018 22:48:53
2018-01-04 22:48:53,719 [9] FATAL ProcessLogger [(null)] - 读取中 09010 01/04/2018 22:48:53
