2017-12-21 21:13:04,093 [8] FATAL ProcessLogger [(null)] - System Start 12/21/2017 21:13:04
2017-12-21 21:13:04,171 [8] FATAL ProcessLogger [(null)] - login12/21/2017 21:13:04
2017-12-21 21:13:08,612 [8] FATAL ProcessLogger [(null)] - System Start 12/21/2017 21:13:08
2017-12-21 21:13:30,366 [8] FATAL ProcessLogger [(null)] - 读取NewMethod12/21/2017 21:13:30
2017-12-21 21:13:57,513 [8] FATAL ProcessLogger [(null)] - ReadServer_tuijanhaoma open12/21/2017 21:13:57
2017-12-21 21:13:57,515 [8] FATAL ProcessLogger [(null)] - ReadServer_tuijanhaoma open 112/21/2017 21:13:57
2017-12-21 21:13:57,516 [8] FATAL ProcessLogger [(null)] - ReadServer_tuijanhaoma open 212/21/2017 21:13:57
2017-12-21 21:13:57,517 [8] FATAL ProcessLogger [(null)] - ReadServer_tuijanhaoma open 312/21/2017 21:13:57
2017-12-21 21:13:57,875 [8] FATAL ProcessLogger [(null)] - ReadServer_lishizhongjian 112/21/2017 21:13:57
2017-12-21 21:28:41,067 [8] FATAL ProcessLogger [(null)] - 读取NewMethod12/21/2017 21:28:41
2017-12-21 21:28:56,699 [8] FATAL ProcessLogger [(null)] - ReadServer_tuijanhaoma open12/21/2017 21:28:56
2017-12-21 21:28:56,700 [8] FATAL ProcessLogger [(null)] - ReadServer_tuijanhaoma open 112/21/2017 21:28:56
2017-12-21 21:28:56,700 [8] FATAL ProcessLogger [(null)] - ReadServer_tuijanhaoma open 212/21/2017 21:28:56
2017-12-21 21:28:56,701 [8] FATAL ProcessLogger [(null)] - ReadServer_tuijanhaoma open 312/21/2017 21:28:56
2017-12-21 21:28:56,701 [8] FATAL ProcessLogger [(null)] - ReadServer_lishizhongjian 112/21/2017 21:28:56
2017-12-21 21:47:02,873 [8] FATAL ProcessLogger [(null)] - 读取NewMethod12/21/2017 21:47:02
2017-12-21 21:50:58,239 [8] FATAL ProcessLogger [(null)] - ReadServer_tuijanhaoma open12/21/2017 21:50:58
2017-12-21 21:50:58,241 [8] FATAL ProcessLogger [(null)] - ReadServer_tuijanhaoma open 112/21/2017 21:50:58
2017-12-21 21:50:58,242 [8] FATAL ProcessLogger [(null)] - ReadServer_tuijanhaoma open 212/21/2017 21:50:58
2017-12-21 21:50:58,243 [8] FATAL ProcessLogger [(null)] - ReadServer_tuijanhaoma open 312/21/2017 21:50:58
2017-12-21 21:50:58,243 [8] FATAL ProcessLogger [(null)] - ReadServer_lishizhongjian 112/21/2017 21:50:58
2017-12-21 21:53:39,377 [8] FATAL ProcessLogger [(null)] - 读取NewMethod12/21/2017 21:53:39
2017-12-21 21:54:14,600 [8] FATAL ProcessLogger [(null)] - 读取NewMethod12/21/2017 21:54:14
2017-12-21 21:54:53,775 [8] FATAL ProcessLogger [(null)] - ReadServer_tuijanhaoma open12/21/2017 21:54:53
2017-12-21 21:54:53,776 [8] FATAL ProcessLogger [(null)] - ReadServer_tuijanhaoma open 112/21/2017 21:54:53
2017-12-21 21:54:53,776 [8] FATAL ProcessLogger [(null)] - ReadServer_tuijanhaoma open 212/21/2017 21:54:53
2017-12-21 21:54:53,777 [8] FATAL ProcessLogger [(null)] - ReadServer_tuijanhaoma open 312/21/2017 21:54:53
2017-12-21 21:54:53,777 [8] FATAL ProcessLogger [(null)] - ReadServer_lishizhongjian 112/21/2017 21:54:53
2017-12-21 21:55:04,034 [8] FATAL ProcessLogger [(null)] - ReadServer_tuijanhaoma open12/21/2017 21:55:04
2017-12-21 21:55:04,035 [8] FATAL ProcessLogger [(null)] - ReadServer_tuijanhaoma open 112/21/2017 21:55:04
2017-12-21 21:55:04,035 [8] FATAL ProcessLogger [(null)] - ReadServer_tuijanhaoma open 212/21/2017 21:55:04
2017-12-21 21:55:04,037 [8] FATAL ProcessLogger [(null)] - ReadServer_tuijanhaoma open 312/21/2017 21:55:04
2017-12-21 21:55:04,037 [8] FATAL ProcessLogger [(null)] - ReadServer_lishizhongjian 112/21/2017 21:55:04
2017-12-21 22:06:19,666 [8] FATAL ProcessLogger [(null)] - System Start 12/21/2017 22:06:19
2017-12-21 22:06:19,731 [8] FATAL ProcessLogger [(null)] - login12/21/2017 22:06:19
2017-12-21 22:06:25,002 [8] FATAL ProcessLogger [(null)] - System Start 12/21/2017 22:06:25
