2018-01-02 09:25:13,076 [9] FATAL ProcessLogger [(null)] - System Start 01/02/2018 9:25:13
2018-01-02 09:25:13,143 [9] FATAL ProcessLogger [(null)] - login01/02/2018 9:25:13
2018-01-02 09:25:19,011 [9] FATAL ProcessLogger [(null)] - System Start 01/02/2018 9:25:19
2018-01-02 09:25:22,763 [9] FATAL ProcessLogger [(null)] - 读取NewMethod01/02/2018 9:25:22
2018-01-02 09:25:22,787 [9] FATAL ProcessLogger [(null)] - 读取中 090101/02/2018 9:25:22
2018-01-02 09:25:22,893 [9] FATAL ProcessLogger [(null)] - 读取中 09010 01/02/2018 9:25:22
2018-01-02 09:25:22,994 [9] FATAL ProcessLogger [(null)] - 接入 前 091101 01/02/2018 9:25:22
2018-01-02 09:25:22,994 [9] FATAL ProcessLogger [(null)] - 接入 前 091102 01/02/2018 9:25:22
2018-01-02 09:25:23,983 [9] FATAL ProcessLogger [(null)] - AnalysisWebInfo2接入 8990201/02/2018 9:25:23
2018-01-02 09:25:24,289 [9] FATAL ProcessLogger [(null)] - AnalysisWebInfo2接入 8990201/02/2018 9:25:24
2018-01-02 09:26:36,377 [9] FATAL ProcessLogger [(null)] - System Start 01/02/2018 9:26:36
2018-01-02 09:26:36,432 [9] FATAL ProcessLogger [(null)] - login01/02/2018 9:26:36
2018-01-02 09:28:44,710 [9] FATAL ProcessLogger [(null)] - System Start 01/02/2018 9:28:44
2018-01-02 09:28:49,396 [9] FATAL ProcessLogger [(null)] - 读取NewMethod01/02/2018 9:28:49
2018-01-02 09:28:49,424 [9] FATAL ProcessLogger [(null)] - 读取中 090101/02/2018 9:28:49
2018-01-02 09:28:49,516 [9] FATAL ProcessLogger [(null)] - 读取中 09010 01/02/2018 9:28:49
2018-01-02 09:28:49,629 [9] FATAL ProcessLogger [(null)] - 接入 前 091101 01/02/2018 9:28:49
2018-01-02 09:28:49,629 [9] FATAL ProcessLogger [(null)] - 接入 前 091102 01/02/2018 9:28:49
2018-01-02 09:28:50,182 [9] FATAL ProcessLogger [(null)] - AnalysisWebInfo2接入 8990201/02/2018 9:28:50
2018-01-02 09:28:50,276 [9] FATAL ProcessLogger [(null)] - AnalysisWebInfo2接入 8990201/02/2018 9:28:50
2018-01-02 09:29:53,136 [9] FATAL ProcessLogger [(null)] - System Start 01/02/2018 9:29:53
2018-01-02 09:29:53,195 [9] FATAL ProcessLogger [(null)] - login01/02/2018 9:29:53
2018-01-02 09:29:58,614 [9] FATAL ProcessLogger [(null)] - System Start 01/02/2018 9:29:58
2018-01-02 09:30:02,025 [9] FATAL ProcessLogger [(null)] - 读取NewMethod01/02/2018 9:30:02
2018-01-02 09:30:02,049 [9] FATAL ProcessLogger [(null)] - 读取中 090101/02/2018 9:30:02
2018-01-02 09:30:02,226 [9] FATAL ProcessLogger [(null)] - 读取中 09010 01/02/2018 9:30:02
2018-01-02 09:30:02,291 [9] FATAL ProcessLogger [(null)] - 接入 前 091101 01/02/2018 9:30:02
2018-01-02 09:30:02,291 [9] FATAL ProcessLogger [(null)] - 接入 前 091102 01/02/2018 9:30:02
2018-01-02 09:30:02,679 [9] FATAL ProcessLogger [(null)] - AnalysisWebInfo2接入 8990201/02/2018 9:30:02
2018-01-02 09:30:02,870 [9] FATAL ProcessLogger [(null)] - AnalysisWebInfo2接入 8990201/02/2018 9:30:02
2018-01-02 09:31:59,593 [10] FATAL ProcessLogger [(null)] - System Start 01/02/2018 9:31:59
2018-01-02 09:31:59,646 [10] FATAL ProcessLogger [(null)] - login01/02/2018 9:31:59
2018-01-02 09:32:03,568 [10] FATAL ProcessLogger [(null)] - System Start 01/02/2018 9:32:03
2018-01-02 09:32:07,217 [10] FATAL ProcessLogger [(null)] - 读取NewMethod01/02/2018 9:32:07
2018-01-02 09:32:07,244 [10] FATAL ProcessLogger [(null)] - 读取中 090101/02/2018 9:32:07
2018-01-02 09:32:07,492 [10] FATAL ProcessLogger [(null)] - 读取中 09010 01/02/2018 9:32:07
2018-01-02 09:32:07,581 [10] FATAL ProcessLogger [(null)] - 接入 前 091101 01/02/2018 9:32:07
2018-01-02 09:32:07,581 [10] FATAL ProcessLogger [(null)] - 接入 前 091102 01/02/2018 9:32:07
2018-01-02 09:32:15,247 [10] FATAL ProcessLogger [(null)] - AnalysisWebInfo2接入 8990201/02/2018 9:32:15
2018-01-02 09:33:13,881 [10] FATAL ProcessLogger [(null)] - AnalysisWebInfo2接入 8990201/02/2018 9:33:13
2018-01-02 09:33:15,184 [10] FATAL ProcessLogger [(null)] - 超出时间 8901101/02/2018 9:33:15
2018-01-02 09:33:17,471 [10] FATAL ProcessLogger [(null)] - ReadServer_tuijanhaoma open01/02/2018 9:33:17
2018-01-02 09:33:17,696 [10] FATAL ProcessLogger [(null)] - ReadServer_tuijanhaoma open 101/02/2018 9:33:17
2018-01-02 09:33:17,696 [10] FATAL ProcessLogger [(null)] - ReadServer_tuijanhaoma open 201/02/2018 9:33:17
2018-01-02 09:33:17,700 [10] FATAL ProcessLogger [(null)] - ReadServer_tuijanhaoma open 301/02/2018 9:33:17
2018-01-02 09:33:17,701 [10] FATAL ProcessLogger [(null)] - ReadServer_lishizhongjian 101/02/2018 9:33:17
2018-01-02 09:33:17,712 [10] FATAL ProcessLogger [(null)] - ReadHistroy 991201/02/2018 9:33:17
2018-01-02 09:33:22,515 [10] FATAL ProcessLogger [(null)] - 读取NewMethod01/02/2018 9:33:22
2018-01-02 09:33:22,518 [10] FATAL ProcessLogger [(null)] - 读取中 090101/02/2018 9:33:22
2018-01-02 09:33:22,692 [10] FATAL ProcessLogger [(null)] - 读取中 09010 01/02/2018 9:33:22
2018-01-02 09:33:26,482 [10] FATAL ProcessLogger [(null)] - 接入 前 091101 01/02/2018 9:33:26
2018-01-02 09:33:28,802 [10] FATAL ProcessLogger [(null)] - 接入 前 091102 01/02/2018 9:33:28
2018-01-02 09:33:33,451 [10] FATAL ProcessLogger [(null)] - AnalysisWebInfo2接入 8990201/02/2018 9:33:33
2018-01-02 09:33:36,021 [10] FATAL ProcessLogger [(null)] - AnalysisWebInfo2接入 8990201/02/2018 9:33:36
2018-01-02 10:29:38,572 [8] FATAL ProcessLogger [(null)] - System Start 01/02/2018 10:29:38
2018-01-02 10:29:38,674 [8] FATAL ProcessLogger [(null)] - login01/02/2018 10:29:38
