2017-12-22 11:30:04,499 [9] FATAL ProcessLogger [(null)] - System Start 12/22/2017 11:30:04
2017-12-22 11:30:04,563 [9] FATAL ProcessLogger [(null)] - login12/22/2017 11:30:04
2017-12-22 11:30:08,422 [9] FATAL ProcessLogger [(null)] - System Start 12/22/2017 11:30:08
2017-12-22 11:30:12,867 [9] FATAL ProcessLogger [(null)] - 读取NewMethod12/22/2017 11:30:12
2017-12-22 11:30:25,779 [9] FATAL ProcessLogger [(null)] - ReadServer_tuijanhaoma open12/22/2017 11:30:25
2017-12-22 11:30:25,908 [9] FATAL ProcessLogger [(null)] - ReadServer_tuijanhaoma open 112/22/2017 11:30:25
2017-12-22 11:30:25,908 [9] FATAL ProcessLogger [(null)] - ReadServer_tuijanhaoma open 212/22/2017 11:30:25
2017-12-22 11:30:25,910 [9] FATAL ProcessLogger [(null)] - ReadServer_tuijanhaoma open 312/22/2017 11:30:25
2017-12-22 11:30:25,910 [9] FATAL ProcessLogger [(null)] - ReadServer_lishizhongjian 112/22/2017 11:30:25
2017-12-22 11:31:32,389 [9] FATAL ProcessLogger [(null)] - System Start 12/22/2017 11:31:32
2017-12-22 11:31:32,442 [9] FATAL ProcessLogger [(null)] - login12/22/2017 11:31:32
2017-12-22 11:31:56,412 [9] FATAL ProcessLogger [(null)] - System Start 12/22/2017 11:31:56
2017-12-22 11:32:01,462 [9] FATAL ProcessLogger [(null)] - 读取NewMethod12/22/2017 11:32:01
2017-12-22 11:32:11,201 [9] FATAL ProcessLogger [(null)] - ReadServer_tuijanhaoma open12/22/2017 11:32:11
2017-12-22 11:32:11,290 [9] FATAL ProcessLogger [(null)] - ReadServer_tuijanhaoma open 112/22/2017 11:32:11
2017-12-22 11:32:11,290 [9] FATAL ProcessLogger [(null)] - ReadServer_tuijanhaoma open 212/22/2017 11:32:11
2017-12-22 11:32:11,292 [9] FATAL ProcessLogger [(null)] - ReadServer_tuijanhaoma open 312/22/2017 11:32:11
2017-12-22 11:32:11,295 [9] FATAL ProcessLogger [(null)] - ReadServer_lishizhongjian 112/22/2017 11:32:11
2017-12-22 11:36:34,944 [9] FATAL ProcessLogger [(null)] - 读取NewMethod12/22/2017 11:36:34
2017-12-22 11:36:45,630 [9] FATAL ProcessLogger [(null)] - ReadServer_tuijanhaoma open12/22/2017 11:36:45
2017-12-22 11:36:45,632 [9] FATAL ProcessLogger [(null)] - ReadServer_tuijanhaoma open 112/22/2017 11:36:45
2017-12-22 11:36:45,632 [9] FATAL ProcessLogger [(null)] - ReadServer_tuijanhaoma open 212/22/2017 11:36:45
2017-12-22 11:36:45,633 [9] FATAL ProcessLogger [(null)] - ReadServer_tuijanhaoma open 312/22/2017 11:36:45
2017-12-22 11:36:45,633 [9] FATAL ProcessLogger [(null)] - ReadServer_lishizhongjian 112/22/2017 11:36:45
2017-12-22 13:38:02,270 [9] FATAL ProcessLogger [(null)] - System Start 12/22/2017 13:38:02
2017-12-22 13:38:02,329 [9] FATAL ProcessLogger [(null)] - login12/22/2017 13:38:02
2017-12-22 13:38:06,140 [9] FATAL ProcessLogger [(null)] - System Start 12/22/2017 13:38:06
2017-12-22 13:38:13,291 [9] FATAL ProcessLogger [(null)] - 读取NewMethod12/22/2017 13:38:13
2017-12-22 13:38:33,091 [9] FATAL ProcessLogger [(null)] - ReadServer_tuijanhaoma open12/22/2017 13:38:33
2017-12-22 13:38:33,219 [9] FATAL ProcessLogger [(null)] - ReadServer_tuijanhaoma open 112/22/2017 13:38:33
2017-12-22 13:38:33,220 [9] FATAL ProcessLogger [(null)] - ReadServer_tuijanhaoma open 212/22/2017 13:38:33
2017-12-22 13:38:33,224 [9] FATAL ProcessLogger [(null)] - ReadServer_tuijanhaoma open 312/22/2017 13:38:33
2017-12-22 13:38:33,232 [9] FATAL ProcessLogger [(null)] - ReadServer_lishizhongjian 112/22/2017 13:38:33
2017-12-22 13:41:49,558 [10] FATAL ProcessLogger [(null)] - System Start 12/22/2017 13:41:49
2017-12-22 13:41:49,619 [10] FATAL ProcessLogger [(null)] - login12/22/2017 13:41:49
2017-12-22 13:45:57,216 [10] FATAL ProcessLogger [(null)] - System Start 12/22/2017 13:45:57
2017-12-22 13:46:13,161 [10] FATAL ProcessLogger [(null)] - 读取NewMethod12/22/2017 13:46:13
2017-12-22 13:46:39,238 [10] FATAL ProcessLogger [(null)] - ReadServer_tuijanhaoma open12/22/2017 13:46:39
2017-12-22 13:46:39,361 [10] FATAL ProcessLogger [(null)] - ReadServer_tuijanhaoma open 112/22/2017 13:46:39
2017-12-22 13:46:39,361 [10] FATAL ProcessLogger [(null)] - ReadServer_tuijanhaoma open 212/22/2017 13:46:39
2017-12-22 13:46:39,365 [10] FATAL ProcessLogger [(null)] - ReadServer_tuijanhaoma open 312/22/2017 13:46:39
2017-12-22 13:46:39,373 [10] FATAL ProcessLogger [(null)] - ReadServer_lishizhongjian 112/22/2017 13:46:39
2017-12-22 13:47:28,502 [10] FATAL ProcessLogger [(null)] - 读取NewMethod12/22/2017 13:47:28
2017-12-22 13:47:46,127 [10] FATAL ProcessLogger [(null)] - ReadServer_tuijanhaoma open12/22/2017 13:47:46
2017-12-22 13:47:46,130 [10] FATAL ProcessLogger [(null)] - ReadServer_tuijanhaoma open 112/22/2017 13:47:46
2017-12-22 13:47:46,130 [10] FATAL ProcessLogger [(null)] - ReadServer_tuijanhaoma open 212/22/2017 13:47:46
2017-12-22 13:47:46,132 [10] FATAL ProcessLogger [(null)] - ReadServer_tuijanhaoma open 312/22/2017 13:47:46
2017-12-22 13:47:46,132 [10] FATAL ProcessLogger [(null)] - ReadServer_lishizhongjian 112/22/2017 13:47:46
2017-12-22 13:49:46,395 [10] FATAL ProcessLogger [(null)] - 读取NewMethod12/22/2017 13:49:46
2017-12-22 13:50:03,856 [10] FATAL ProcessLogger [(null)] - ReadServer_tuijanhaoma open12/22/2017 13:50:03
2017-12-22 13:50:03,857 [10] FATAL ProcessLogger [(null)] - ReadServer_tuijanhaoma open 112/22/2017 13:50:03
2017-12-22 13:50:03,857 [10] FATAL ProcessLogger [(null)] - ReadServer_tuijanhaoma open 212/22/2017 13:50:03
2017-12-22 13:50:03,858 [10] FATAL ProcessLogger [(null)] - ReadServer_tuijanhaoma open 312/22/2017 13:50:03
2017-12-22 13:50:03,858 [10] FATAL ProcessLogger [(null)] - ReadServer_lishizhongjian 112/22/2017 13:50:03
2017-12-22 20:06:27,464 [9] FATAL ProcessLogger [(null)] - System Start 12/22/2017 20:06:27
2017-12-22 20:06:27,551 [9] FATAL ProcessLogger [(null)] - login12/22/2017 20:06:27
2017-12-22 20:07:39,323 [9] FATAL ProcessLogger [(null)] - System Start 12/22/2017 20:07:39
2017-12-22 20:07:43,678 [9] FATAL ProcessLogger [(null)] - 读取NewMethod12/22/2017 20:07:43
2017-12-22 20:08:17,336 [9] FATAL ProcessLogger [(null)] - ReadServer_tuijanhaoma open12/22/2017 20:08:17
2017-12-22 20:08:17,410 [9] FATAL ProcessLogger [(null)] - ReadServer_tuijanhaoma open 112/22/2017 20:08:17
2017-12-22 20:08:17,410 [9] FATAL ProcessLogger [(null)] - ReadServer_tuijanhaoma open 212/22/2017 20:08:17
2017-12-22 20:08:17,414 [9] FATAL ProcessLogger [(null)] - ReadServer_tuijanhaoma open 312/22/2017 20:08:17
2017-12-22 20:08:17,418 [9] FATAL ProcessLogger [(null)] - ReadServer_lishizhongjian 112/22/2017 20:08:17
2017-12-22 20:14:33,669 [11] FATAL ProcessLogger [(null)] - System Start 12/22/2017 20:14:33
2017-12-22 20:14:33,746 [11] FATAL ProcessLogger [(null)] - login12/22/2017 20:14:33
2017-12-22 20:15:09,705 [11] FATAL ProcessLogger [(null)] - System Start 12/22/2017 20:15:09
2017-12-22 20:15:13,853 [11] FATAL ProcessLogger [(null)] - 读取NewMethod12/22/2017 20:15:13
2017-12-22 20:15:33,099 [11] FATAL ProcessLogger [(null)] - ReadServer_tuijanhaoma open12/22/2017 20:15:33
2017-12-22 20:15:33,144 [11] FATAL ProcessLogger [(null)] - ReadServer_tuijanhaoma open 112/22/2017 20:15:33
2017-12-22 20:15:33,145 [11] FATAL ProcessLogger [(null)] - ReadServer_tuijanhaoma open 212/22/2017 20:15:33
2017-12-22 20:15:33,147 [11] FATAL ProcessLogger [(null)] - ReadServer_tuijanhaoma open 312/22/2017 20:15:33
2017-12-22 20:15:33,150 [11] FATAL ProcessLogger [(null)] - ReadServer_lishizhongjian 112/22/2017 20:15:33
2017-12-22 20:18:40,620 [9] FATAL ProcessLogger [(null)] - System Start 12/22/2017 20:18:40
2017-12-22 20:18:40,674 [9] FATAL ProcessLogger [(null)] - login12/22/2017 20:18:40
2017-12-22 20:18:46,549 [9] FATAL ProcessLogger [(null)] - System Start 12/22/2017 20:18:46
2017-12-22 20:18:52,239 [9] FATAL ProcessLogger [(null)] - 读取NewMethod12/22/2017 20:18:52
2017-12-22 20:19:11,902 [9] FATAL ProcessLogger [(null)] - ReadServer_tuijanhaoma open12/22/2017 20:19:11
2017-12-22 20:19:11,946 [9] FATAL ProcessLogger [(null)] - ReadServer_tuijanhaoma open 112/22/2017 20:19:11
2017-12-22 20:19:11,946 [9] FATAL ProcessLogger [(null)] - ReadServer_tuijanhaoma open 212/22/2017 20:19:11
2017-12-22 20:19:11,948 [9] FATAL ProcessLogger [(null)] - ReadServer_tuijanhaoma open 312/22/2017 20:19:11
2017-12-22 20:19:11,951 [9] FATAL ProcessLogger [(null)] - ReadServer_lishizhongjian 112/22/2017 20:19:11
2017-12-22 20:19:50,755 [9] FATAL ProcessLogger [(null)] - System Start 12/22/2017 20:19:50
2017-12-22 20:19:50,816 [9] FATAL ProcessLogger [(null)] - login12/22/2017 20:19:50
2017-12-22 20:19:54,291 [9] FATAL ProcessLogger [(null)] - System Start 12/22/2017 20:19:54
2017-12-22 20:20:18,668 [9] FATAL ProcessLogger [(null)] - 读取NewMethod12/22/2017 20:20:18
2017-12-22 20:20:48,802 [9] FATAL ProcessLogger [(null)] - ReadServer_tuijanhaoma open12/22/2017 20:20:48
2017-12-22 20:20:48,847 [9] FATAL ProcessLogger [(null)] - ReadServer_tuijanhaoma open 112/22/2017 20:20:48
2017-12-22 20:20:48,848 [9] FATAL ProcessLogger [(null)] - ReadServer_tuijanhaoma open 212/22/2017 20:20:48
2017-12-22 20:20:48,850 [9] FATAL ProcessLogger [(null)] - ReadServer_tuijanhaoma open 312/22/2017 20:20:48
2017-12-22 20:20:49,071 [9] FATAL ProcessLogger [(null)] - ReadServer_lishizhongjian 112/22/2017 20:20:49
2017-12-22 20:27:32,657 [9] FATAL ProcessLogger [(null)] - 读取NewMethod12/22/2017 20:27:32
2017-12-22 20:28:41,287 [9] FATAL ProcessLogger [(null)] - ReadServer_tuijanhaoma open12/22/2017 20:28:41
2017-12-22 20:28:41,288 [9] FATAL ProcessLogger [(null)] - ReadServer_tuijanhaoma open 112/22/2017 20:28:41
2017-12-22 20:28:41,288 [9] FATAL ProcessLogger [(null)] - ReadServer_tuijanhaoma open 212/22/2017 20:28:41
2017-12-22 20:28:41,289 [9] FATAL ProcessLogger [(null)] - ReadServer_tuijanhaoma open 312/22/2017 20:28:41
2017-12-22 20:28:41,289 [9] FATAL ProcessLogger [(null)] - ReadServer_lishizhongjian 112/22/2017 20:28:41
2017-12-22 20:35:37,794 [9] FATAL ProcessLogger [(null)] - System Start 12/22/2017 20:35:37
2017-12-22 20:35:37,867 [9] FATAL ProcessLogger [(null)] - login12/22/2017 20:35:37
2017-12-22 20:35:41,445 [9] FATAL ProcessLogger [(null)] - System Start 12/22/2017 20:35:41
2017-12-22 20:35:46,154 [9] FATAL ProcessLogger [(null)] - 读取NewMethod12/22/2017 20:35:46
2017-12-22 20:36:06,902 [9] FATAL ProcessLogger [(null)] - ReadServer_tuijanhaoma open12/22/2017 20:36:06
2017-12-22 20:36:06,951 [9] FATAL ProcessLogger [(null)] - ReadServer_tuijanhaoma open 112/22/2017 20:36:06
2017-12-22 20:36:06,951 [9] FATAL ProcessLogger [(null)] - ReadServer_tuijanhaoma open 212/22/2017 20:36:06
2017-12-22 20:36:06,953 [9] FATAL ProcessLogger [(null)] - ReadServer_tuijanhaoma open 312/22/2017 20:36:06
2017-12-22 20:36:06,957 [9] FATAL ProcessLogger [(null)] - ReadServer_lishizhongjian 112/22/2017 20:36:06
2017-12-22 20:47:31,889 [9] FATAL ProcessLogger [(null)] - System Start 12/22/2017 20:47:31
2017-12-22 20:47:31,943 [9] FATAL ProcessLogger [(null)] - login12/22/2017 20:47:31
2017-12-22 20:47:35,774 [9] FATAL ProcessLogger [(null)] - System Start 12/22/2017 20:47:35
2017-12-22 20:47:40,497 [9] FATAL ProcessLogger [(null)] - 读取NewMethod12/22/2017 20:47:40
2017-12-22 20:48:06,094 [9] FATAL ProcessLogger [(null)] - ReadServer_tuijanhaoma open12/22/2017 20:48:06
2017-12-22 20:48:06,140 [9] FATAL ProcessLogger [(null)] - ReadServer_tuijanhaoma open 112/22/2017 20:48:06
2017-12-22 20:48:06,140 [9] FATAL ProcessLogger [(null)] - ReadServer_tuijanhaoma open 212/22/2017 20:48:06
2017-12-22 20:48:06,142 [9] FATAL ProcessLogger [(null)] - ReadServer_tuijanhaoma open 312/22/2017 20:48:06
2017-12-22 20:48:06,145 [9] FATAL ProcessLogger [(null)] - ReadServer_lishizhongjian 112/22/2017 20:48:06
2017-12-22 20:49:09,928 [9] FATAL ProcessLogger [(null)] - 读取NewMethod12/22/2017 20:49:09
2017-12-22 20:49:30,603 [9] FATAL ProcessLogger [(null)] - ReadServer_tuijanhaoma open12/22/2017 20:49:30
2017-12-22 20:49:30,603 [9] FATAL ProcessLogger [(null)] - ReadServer_tuijanhaoma open 112/22/2017 20:49:30
2017-12-22 20:49:30,603 [9] FATAL ProcessLogger [(null)] - ReadServer_tuijanhaoma open 212/22/2017 20:49:30
2017-12-22 20:49:30,604 [9] FATAL ProcessLogger [(null)] - ReadServer_tuijanhaoma open 312/22/2017 20:49:30
2017-12-22 20:49:30,604 [9] FATAL ProcessLogger [(null)] - ReadServer_lishizhongjian 112/22/2017 20:49:30
2017-12-22 20:50:26,192 [9] FATAL ProcessLogger [(null)] - 读取NewMethod12/22/2017 20:50:26
2017-12-22 20:50:53,623 [9] FATAL ProcessLogger [(null)] - ReadServer_tuijanhaoma open12/22/2017 20:50:53
2017-12-22 20:50:53,624 [9] FATAL ProcessLogger [(null)] - ReadServer_tuijanhaoma open 112/22/2017 20:50:53
2017-12-22 20:50:53,624 [9] FATAL ProcessLogger [(null)] - ReadServer_tuijanhaoma open 212/22/2017 20:50:53
2017-12-22 20:50:53,625 [9] FATAL ProcessLogger [(null)] - ReadServer_tuijanhaoma open 312/22/2017 20:50:53
2017-12-22 20:50:53,625 [9] FATAL ProcessLogger [(null)] - ReadServer_lishizhongjian 112/22/2017 20:50:53
2017-12-22 20:59:49,061 [9] FATAL ProcessLogger [(null)] - System Start 12/22/2017 20:59:49
2017-12-22 20:59:49,115 [9] FATAL ProcessLogger [(null)] - login12/22/2017 20:59:49
2017-12-22 20:59:52,719 [9] FATAL ProcessLogger [(null)] - System Start 12/22/2017 20:59:52
2017-12-22 20:59:56,825 [9] FATAL ProcessLogger [(null)] - 读取NewMethod12/22/2017 20:59:56
2017-12-22 21:00:16,957 [9] FATAL ProcessLogger [(null)] - ReadServer_tuijanhaoma open12/22/2017 21:00:16
2017-12-22 21:00:17,003 [9] FATAL ProcessLogger [(null)] - ReadServer_tuijanhaoma open 112/22/2017 21:00:17
2017-12-22 21:00:17,003 [9] FATAL ProcessLogger [(null)] - ReadServer_tuijanhaoma open 212/22/2017 21:00:17
2017-12-22 21:00:17,005 [9] FATAL ProcessLogger [(null)] - ReadServer_tuijanhaoma open 312/22/2017 21:00:17
2017-12-22 21:00:17,008 [9] FATAL ProcessLogger [(null)] - ReadServer_lishizhongjian 112/22/2017 21:00:17
2017-12-22 21:01:21,046 [9] FATAL ProcessLogger [(null)] - System Start 12/22/2017 21:01:21
2017-12-22 21:01:21,098 [9] FATAL ProcessLogger [(null)] - login12/22/2017 21:01:21
2017-12-22 21:01:29,456 [9] FATAL ProcessLogger [(null)] - System Start 12/22/2017 21:01:29
2017-12-22 21:01:35,734 [9] FATAL ProcessLogger [(null)] - 读取NewMethod12/22/2017 21:01:35
2017-12-22 21:02:02,258 [9] FATAL ProcessLogger [(null)] - ReadServer_tuijanhaoma open12/22/2017 21:02:02
2017-12-22 21:02:02,307 [9] FATAL ProcessLogger [(null)] - ReadServer_tuijanhaoma open 112/22/2017 21:02:02
2017-12-22 21:02:02,307 [9] FATAL ProcessLogger [(null)] - ReadServer_tuijanhaoma open 212/22/2017 21:02:02
2017-12-22 21:02:02,310 [9] FATAL ProcessLogger [(null)] - ReadServer_tuijanhaoma open 312/22/2017 21:02:02
2017-12-22 21:02:02,315 [9] FATAL ProcessLogger [(null)] - ReadServer_lishizhongjian 112/22/2017 21:02:02
2017-12-22 21:13:05,359 [9] FATAL ProcessLogger [(null)] - System Start 12/22/2017 21:13:05
2017-12-22 21:13:05,428 [9] FATAL ProcessLogger [(null)] - login12/22/2017 21:13:05
2017-12-22 21:14:53,396 [9] FATAL ProcessLogger [(null)] - System Start 12/22/2017 21:14:53
2017-12-22 21:14:58,039 [9] FATAL ProcessLogger [(null)] - 读取NewMethod12/22/2017 21:14:58
2017-12-22 21:15:28,715 [9] FATAL ProcessLogger [(null)] - ReadServer_tuijanhaoma open12/22/2017 21:15:28
2017-12-22 21:15:28,773 [9] FATAL ProcessLogger [(null)] - ReadServer_tuijanhaoma open 112/22/2017 21:15:28
2017-12-22 21:15:28,773 [9] FATAL ProcessLogger [(null)] - ReadServer_tuijanhaoma open 212/22/2017 21:15:28
2017-12-22 21:15:28,775 [9] FATAL ProcessLogger [(null)] - ReadServer_tuijanhaoma open 312/22/2017 21:15:28
2017-12-22 21:15:28,780 [9] FATAL ProcessLogger [(null)] - ReadServer_lishizhongjian 112/22/2017 21:15:28
2017-12-22 21:18:42,760 [9] FATAL ProcessLogger [(null)] - System Start 12/22/2017 21:18:42
2017-12-22 21:18:42,836 [9] FATAL ProcessLogger [(null)] - login12/22/2017 21:18:42
2017-12-22 21:18:49,518 [9] FATAL ProcessLogger [(null)] - System Start 12/22/2017 21:18:49
2017-12-22 21:18:54,817 [9] FATAL ProcessLogger [(null)] - 读取NewMethod12/22/2017 21:18:54
2017-12-22 21:19:28,397 [9] FATAL ProcessLogger [(null)] - ReadServer_tuijanhaoma open12/22/2017 21:19:28
2017-12-22 21:19:28,448 [9] FATAL ProcessLogger [(null)] - ReadServer_tuijanhaoma open 112/22/2017 21:19:28
2017-12-22 21:19:28,448 [9] FATAL ProcessLogger [(null)] - ReadServer_tuijanhaoma open 212/22/2017 21:19:28
2017-12-22 21:19:28,450 [9] FATAL ProcessLogger [(null)] - ReadServer_tuijanhaoma open 312/22/2017 21:19:28
2017-12-22 21:19:28,453 [9] FATAL ProcessLogger [(null)] - ReadServer_lishizhongjian 112/22/2017 21:19:28
2017-12-22 21:21:11,981 [9] FATAL ProcessLogger [(null)] - System Start 12/22/2017 21:21:11
2017-12-22 21:21:12,054 [9] FATAL ProcessLogger [(null)] - login12/22/2017 21:21:12
2017-12-22 21:21:15,890 [9] FATAL ProcessLogger [(null)] - System Start 12/22/2017 21:21:15
2017-12-22 21:21:20,519 [9] FATAL ProcessLogger [(null)] - 读取NewMethod12/22/2017 21:21:20
2017-12-22 21:21:45,220 [9] FATAL ProcessLogger [(null)] - ReadServer_tuijanhaoma open12/22/2017 21:21:45
2017-12-22 21:21:45,276 [9] FATAL ProcessLogger [(null)] - ReadServer_tuijanhaoma open 112/22/2017 21:21:45
2017-12-22 21:21:45,277 [9] FATAL ProcessLogger [(null)] - ReadServer_tuijanhaoma open 212/22/2017 21:21:45
2017-12-22 21:21:45,279 [9] FATAL ProcessLogger [(null)] - ReadServer_tuijanhaoma open 312/22/2017 21:21:45
2017-12-22 21:21:45,282 [9] FATAL ProcessLogger [(null)] - ReadServer_lishizhongjian 112/22/2017 21:21:45
2017-12-22 21:23:16,935 [9] FATAL ProcessLogger [(null)] - System Start 12/22/2017 21:23:16
2017-12-22 21:23:17,060 [9] FATAL ProcessLogger [(null)] - login12/22/2017 21:23:17
2017-12-22 21:23:56,658 [9] FATAL ProcessLogger [(null)] - System Start 12/22/2017 21:23:56
2017-12-22 21:24:02,706 [9] FATAL ProcessLogger [(null)] - 读取NewMethod12/22/2017 21:24:02
2017-12-22 21:24:26,951 [9] FATAL ProcessLogger [(null)] - ReadServer_tuijanhaoma open12/22/2017 21:24:26
2017-12-22 21:24:26,998 [9] FATAL ProcessLogger [(null)] - ReadServer_tuijanhaoma open 112/22/2017 21:24:26
2017-12-22 21:24:26,999 [9] FATAL ProcessLogger [(null)] - ReadServer_tuijanhaoma open 212/22/2017 21:24:26
2017-12-22 21:24:27,000 [9] FATAL ProcessLogger [(null)] - ReadServer_tuijanhaoma open 312/22/2017 21:24:27
2017-12-22 21:24:27,004 [9] FATAL ProcessLogger [(null)] - ReadServer_lishizhongjian 112/22/2017 21:24:27
2017-12-22 21:31:30,706 [10] FATAL ProcessLogger [(null)] - System Start 12/22/2017 21:31:30
2017-12-22 21:31:30,774 [10] FATAL ProcessLogger [(null)] - login12/22/2017 21:31:30
2017-12-22 21:31:34,400 [10] FATAL ProcessLogger [(null)] - System Start 12/22/2017 21:31:34
2017-12-22 21:31:38,438 [10] FATAL ProcessLogger [(null)] - 读取NewMethod12/22/2017 21:31:38
2017-12-22 21:32:17,121 [10] FATAL ProcessLogger [(null)] - ReadServer_tuijanhaoma open12/22/2017 21:32:17
2017-12-22 21:32:17,163 [10] FATAL ProcessLogger [(null)] - ReadServer_tuijanhaoma open 112/22/2017 21:32:17
2017-12-22 21:32:17,164 [10] FATAL ProcessLogger [(null)] - ReadServer_tuijanhaoma open 212/22/2017 21:32:17
2017-12-22 21:32:17,165 [10] FATAL ProcessLogger [(null)] - ReadServer_tuijanhaoma open 312/22/2017 21:32:17
2017-12-22 21:32:17,169 [10] FATAL ProcessLogger [(null)] - ReadServer_lishizhongjian 112/22/2017 21:32:17
2017-12-22 21:37:38,200 [9] FATAL ProcessLogger [(null)] - System Start 12/22/2017 21:37:38
2017-12-22 21:37:38,255 [9] FATAL ProcessLogger [(null)] - login12/22/2017 21:37:38
2017-12-22 21:45:16,842 [9] FATAL ProcessLogger [(null)] - System Start 12/22/2017 21:45:16
2017-12-22 21:45:21,648 [9] FATAL ProcessLogger [(null)] - 读取NewMethod12/22/2017 21:45:21
2017-12-22 21:45:45,573 [9] FATAL ProcessLogger [(null)] - ReadServer_tuijanhaoma open12/22/2017 21:45:45
2017-12-22 21:45:45,639 [9] FATAL ProcessLogger [(null)] - ReadServer_tuijanhaoma open 112/22/2017 21:45:45
2017-12-22 21:45:45,640 [9] FATAL ProcessLogger [(null)] - ReadServer_tuijanhaoma open 212/22/2017 21:45:45
2017-12-22 21:45:45,645 [9] FATAL ProcessLogger [(null)] - ReadServer_tuijanhaoma open 312/22/2017 21:45:45
2017-12-22 21:45:45,650 [9] FATAL ProcessLogger [(null)] - ReadServer_lishizhongjian 112/22/2017 21:45:45
2017-12-22 22:23:50,889 [9] FATAL ProcessLogger [(null)] - System Start 12/22/2017 22:23:50
2017-12-22 22:23:50,953 [9] FATAL ProcessLogger [(null)] - login12/22/2017 22:23:50
2017-12-22 22:23:55,722 [9] FATAL ProcessLogger [(null)] - System Start 12/22/2017 22:23:55
2017-12-22 22:23:59,659 [9] FATAL ProcessLogger [(null)] - 读取NewMethod12/22/2017 22:23:59
2017-12-22 22:24:21,909 [9] FATAL ProcessLogger [(null)] - ReadServer_tuijanhaoma open12/22/2017 22:24:21
2017-12-22 22:24:21,953 [9] FATAL ProcessLogger [(null)] - ReadServer_tuijanhaoma open 112/22/2017 22:24:21
2017-12-22 22:24:21,953 [9] FATAL ProcessLogger [(null)] - ReadServer_tuijanhaoma open 212/22/2017 22:24:21
2017-12-22 22:24:21,955 [9] FATAL ProcessLogger [(null)] - ReadServer_tuijanhaoma open 312/22/2017 22:24:21
2017-12-22 22:24:21,959 [9] FATAL ProcessLogger [(null)] - ReadServer_lishizhongjian 112/22/2017 22:24:21
2017-12-22 23:01:31,885 [8] FATAL ProcessLogger [(null)] - System Start 12/22/2017 23:01:31
2017-12-22 23:01:31,946 [8] FATAL ProcessLogger [(null)] - login12/22/2017 23:01:31
2017-12-22 23:01:35,914 [8] FATAL ProcessLogger [(null)] - System Start 12/22/2017 23:01:35
2017-12-22 23:01:41,084 [8] FATAL ProcessLogger [(null)] - 读取NewMethod12/22/2017 23:01:41
2017-12-22 23:02:01,523 [8] FATAL ProcessLogger [(null)] - ReadServer_tuijanhaoma open12/22/2017 23:02:01
2017-12-22 23:02:01,571 [8] FATAL ProcessLogger [(null)] - ReadServer_tuijanhaoma open 112/22/2017 23:02:01
2017-12-22 23:02:01,571 [8] FATAL ProcessLogger [(null)] - ReadServer_tuijanhaoma open 212/22/2017 23:02:01
2017-12-22 23:02:01,572 [8] FATAL ProcessLogger [(null)] - ReadServer_tuijanhaoma open 312/22/2017 23:02:01
2017-12-22 23:02:01,577 [8] FATAL ProcessLogger [(null)] - ReadServer_lishizhongjian 112/22/2017 23:02:01
2017-12-22 23:05:11,467 [8] FATAL ProcessLogger [(null)] - 读取NewMethod12/22/2017 23:05:11
2017-12-22 23:05:32,969 [8] FATAL ProcessLogger [(null)] - ReadServer_tuijanhaoma open12/22/2017 23:05:32
2017-12-22 23:05:32,969 [8] FATAL ProcessLogger [(null)] - ReadServer_tuijanhaoma open 112/22/2017 23:05:32
2017-12-22 23:05:32,969 [8] FATAL ProcessLogger [(null)] - ReadServer_tuijanhaoma open 212/22/2017 23:05:32
2017-12-22 23:05:32,970 [8] FATAL ProcessLogger [(null)] - ReadServer_tuijanhaoma open 312/22/2017 23:05:32
2017-12-22 23:05:32,970 [8] FATAL ProcessLogger [(null)] - ReadServer_lishizhongjian 112/22/2017 23:05:32
2017-12-22 23:07:11,464 [8] FATAL ProcessLogger [(null)] - 读取NewMethod12/22/2017 23:07:11
2017-12-22 23:07:30,937 [8] FATAL ProcessLogger [(null)] - ReadServer_tuijanhaoma open12/22/2017 23:07:30
2017-12-22 23:07:30,938 [8] FATAL ProcessLogger [(null)] - ReadServer_tuijanhaoma open 112/22/2017 23:07:30
2017-12-22 23:07:30,938 [8] FATAL ProcessLogger [(null)] - ReadServer_tuijanhaoma open 212/22/2017 23:07:30
2017-12-22 23:07:30,939 [8] FATAL ProcessLogger [(null)] - ReadServer_tuijanhaoma open 312/22/2017 23:07:30
2017-12-22 23:07:30,939 [8] FATAL ProcessLogger [(null)] - ReadServer_lishizhongjian 112/22/2017 23:07:30
2017-12-22 23:30:17,150 [9] FATAL ProcessLogger [(null)] - System Start 12/22/2017 23:30:17
2017-12-22 23:30:17,206 [9] FATAL ProcessLogger [(null)] - login12/22/2017 23:30:17
2017-12-22 23:30:21,387 [9] FATAL ProcessLogger [(null)] - System Start 12/22/2017 23:30:21
